RUN	computerdatabase.ComputerDatabaseSimulation	computerdatabasesimulation	1699553011079	socket load	3.9.5
USER	WebSocket Scenario	START	1699553012672
USER	WebSocket Scenario	START	1699553012672
USER	WebSocket Scenario	START	1699553012672
USER	WebSocket Scenario	START	1699553012673
USER	WebSocket Scenario	START	1699553012674
USER	WebSocket Scenario	START	1699553012674
USER	WebSocket Scenario	START	1699553012674
USER	WebSocket Scenario	START	1699553012674
USER	WebSocket Scenario	START	1699553012674
USER	WebSocket Scenario	START	1699553012674
USER	WebSocket Scenario	START	1699553012674
USER	WebSocket Scenario	START	1699553012674
USER	WebSocket Scenario	START	1699553012674
USER	WebSocket Scenario	START	1699553012674
USER	WebSocket Scenario	START	1699553012674
USER	WebSocket Scenario	START	1699553012674
USER	WebSocket Scenario	START	1699553012675
USER	WebSocket Scenario	START	1699553012675
USER	WebSocket Scenario	START	1699553012675
USER	WebSocket Scenario	START	1699553012675
USER	WebSocket Scenario	START	1699553012675
USER	WebSocket Scenario	START	1699553012675
USER	WebSocket Scenario	START	1699553012675
USER	WebSocket Scenario	START	1699553012675
USER	WebSocket Scenario	START	1699553012675
USER	WebSocket Scenario	START	1699553012675
USER	WebSocket Scenario	START	1699553012675
USER	WebSocket Scenario	START	1699553012675
USER	WebSocket Scenario	START	1699553012675
USER	WebSocket Scenario	START	1699553012675
USER	WebSocket Scenario	START	1699553012675
USER	WebSocket Scenario	START	1699553012675
USER	WebSocket Scenario	START	1699553012675
USER	WebSocket Scenario	START	1699553012675
USER	WebSocket Scenario	START	1699553012676
USER	WebSocket Scenario	START	1699553012676
USER	WebSocket Scenario	START	1699553012676
USER	WebSocket Scenario	START	1699553012676
USER	WebSocket Scenario	START	1699553012676
USER	WebSocket Scenario	START	1699553012676
USER	WebSocket Scenario	START	1699553012676
USER	WebSocket Scenario	START	1699553012676
USER	WebSocket Scenario	START	1699553012676
USER	WebSocket Scenario	START	1699553012676
USER	WebSocket Scenario	START	1699553012676
USER	WebSocket Scenario	START	1699553012676
USER	WebSocket Scenario	START	1699553012676
USER	WebSocket Scenario	START	1699553012676
USER	WebSocket Scenario	START	1699553012676
USER	WebSocket Scenario	START	1699553012676
USER	WebSocket Scenario	START	1699553012676
USER	WebSocket Scenario	START	1699553012677
USER	WebSocket Scenario	START	1699553012677
USER	WebSocket Scenario	START	1699553012677
USER	WebSocket Scenario	START	1699553012677
USER	WebSocket Scenario	START	1699553012677
USER	WebSocket Scenario	START	1699553012677
USER	WebSocket Scenario	START	1699553012677
USER	WebSocket Scenario	START	1699553012677
USER	WebSocket Scenario	START	1699553012677
USER	WebSocket Scenario	START	1699553012677
USER	WebSocket Scenario	START	1699553012678
USER	WebSocket Scenario	START	1699553012678
USER	WebSocket Scenario	START	1699553012678
USER	WebSocket Scenario	START	1699553012678
USER	WebSocket Scenario	START	1699553012678
USER	WebSocket Scenario	START	1699553012678
USER	WebSocket Scenario	START	1699553012679
USER	WebSocket Scenario	START	1699553012679
USER	WebSocket Scenario	START	1699553012679
USER	WebSocket Scenario	START	1699553012679
USER	WebSocket Scenario	START	1699553012679
USER	WebSocket Scenario	START	1699553012679
USER	WebSocket Scenario	START	1699553012679
USER	WebSocket Scenario	START	1699553012679
USER	WebSocket Scenario	START	1699553012680
USER	WebSocket Scenario	START	1699553012681
USER	WebSocket Scenario	START	1699553012682
USER	WebSocket Scenario	START	1699553012685
USER	WebSocket Scenario	START	1699553012685
USER	WebSocket Scenario	START	1699553012686
USER	WebSocket Scenario	START	1699553012686
USER	WebSocket Scenario	START	1699553012676
USER	WebSocket Scenario	START	1699553012686
USER	WebSocket Scenario	START	1699553012686
USER	WebSocket Scenario	START	1699553012686
USER	WebSocket Scenario	START	1699553012687
USER	WebSocket Scenario	START	1699553012687
USER	WebSocket Scenario	START	1699553012687
USER	WebSocket Scenario	START	1699553012687
USER	WebSocket Scenario	START	1699553012687
USER	WebSocket Scenario	START	1699553012689
USER	WebSocket Scenario	START	1699553012690
USER	WebSocket Scenario	START	1699553012690
USER	WebSocket Scenario	START	1699553012690
USER	WebSocket Scenario	START	1699553012691
USER	WebSocket Scenario	START	1699553012691
USER	WebSocket Scenario	START	1699553012691
USER	WebSocket Scenario	START	1699553012691
USER	WebSocket Scenario	START	1699553012691
USER	WebSocket Scenario	START	1699553012691
USER	WebSocket Scenario	START	1699553012691
USER	WebSocket Scenario	START	1699553012692
USER	WebSocket Scenario	START	1699553012692
USER	WebSocket Scenario	START	1699553012692
USER	WebSocket Scenario	START	1699553012692
USER	WebSocket Scenario	START	1699553012692
USER	WebSocket Scenario	START	1699553012697
USER	WebSocket Scenario	START	1699553012697
USER	WebSocket Scenario	START	1699553012697
USER	WebSocket Scenario	START	1699553012697
USER	WebSocket Scenario	START	1699553012697
USER	WebSocket Scenario	START	1699553012704
USER	WebSocket Scenario	START	1699553012704
USER	WebSocket Scenario	START	1699553012705
USER	WebSocket Scenario	START	1699553012705
USER	WebSocket Scenario	START	1699553012705
USER	WebSocket Scenario	START	1699553012705
USER	WebSocket Scenario	START	1699553012705
USER	WebSocket Scenario	START	1699553012706
USER	WebSocket Scenario	START	1699553012706
USER	WebSocket Scenario	START	1699553012707
USER	WebSocket Scenario	START	1699553012707
USER	WebSocket Scenario	START	1699553012711
USER	WebSocket Scenario	START	1699553012712
USER	WebSocket Scenario	START	1699553012711
USER	WebSocket Scenario	START	1699553012712
USER	WebSocket Scenario	START	1699553012712
USER	WebSocket Scenario	START	1699553012712
USER	WebSocket Scenario	START	1699553012712
USER	WebSocket Scenario	START	1699553012712
USER	WebSocket Scenario	START	1699553012713
USER	WebSocket Scenario	START	1699553012713
USER	WebSocket Scenario	START	1699553012713
USER	WebSocket Scenario	START	1699553012713
USER	WebSocket Scenario	START	1699553012713
USER	WebSocket Scenario	START	1699553012713
USER	WebSocket Scenario	START	1699553012713
USER	WebSocket Scenario	START	1699553012713
USER	WebSocket Scenario	START	1699553012713
USER	WebSocket Scenario	START	1699553012713
USER	WebSocket Scenario	START	1699553012713
USER	WebSocket Scenario	START	1699553012714
USER	WebSocket Scenario	START	1699553012714
USER	WebSocket Scenario	START	1699553012714
USER	WebSocket Scenario	START	1699553012714
USER	WebSocket Scenario	START	1699553012714
USER	WebSocket Scenario	START	1699553012714
USER	WebSocket Scenario	START	1699553012714
USER	WebSocket Scenario	START	1699553012714
USER	WebSocket Scenario	START	1699553012715
USER	WebSocket Scenario	START	1699553012715
REQUEST		WebSocket Connect	1699553012730	1699553013002	OK	 
REQUEST		WebSocket Connect	1699553012763	1699553013002	OK	 
REQUEST		WebSocket Connect	1699553012736	1699553013002	OK	 
REQUEST		WebSocket Connect	1699553012735	1699553013011	OK	 
REQUEST		WebSocket Connect	1699553012725	1699553013027	OK	 
REQUEST		WebSocket Connect	1699553012759	1699553013034	OK	 
REQUEST		WebSocket Connect	1699553012766	1699553013035	OK	 
REQUEST		WebSocket Connect	1699553012759	1699553013045	OK	 
REQUEST		WebSocket Connect	1699553012764	1699553013053	OK	 
REQUEST		WebSocket Connect	1699553012761	1699553013055	OK	 
REQUEST		WebSocket Connect	1699553012764	1699553013830	OK	 
REQUEST		WebSocket Connect	1699553012764	1699553014771	OK	 
REQUEST		WebSocket Connect	1699553012763	1699553014781	OK	 
REQUEST		WebSocket Connect	1699553012766	1699553015792	OK	 
REQUEST		WebSocket Connect	1699553012765	1699553015806	OK	 
REQUEST		WebSocket Connect	1699553012780	1699553015816	OK	 
REQUEST		WebSocket Connect	1699553012736	1699553015818	OK	 
REQUEST		WebSocket Connect	1699553012768	1699553016788	OK	 
REQUEST		WebSocket Connect	1699553012767	1699553016798	OK	 
REQUEST		WebSocket Connect	1699553012785	1699553016817	OK	 
REQUEST		WebSocket Connect	1699553012774	1699553016825	OK	 
REQUEST		WebSocket Connect	1699553012773	1699553016841	OK	 
REQUEST		WebSocket Connect	1699553012770	1699553016845	OK	 
REQUEST		WebSocket Connect	1699553012774	1699553016853	OK	 
REQUEST		WebSocket Connect	1699553012771	1699553016856	OK	 
REQUEST		WebSocket Connect	1699553012775	1699553017825	OK	 
REQUEST		WebSocket Connect	1699553012786	1699553017843	OK	 
REQUEST		WebSocket Connect	1699553012778	1699553017853	OK	 
REQUEST		WebSocket Connect	1699553012777	1699553017863	OK	 
REQUEST		WebSocket Connect	1699553012795	1699553017881	OK	 
REQUEST		WebSocket Connect	1699553012797	1699553017900	OK	 
REQUEST		WebSocket Connect	1699553012780	1699553017919	OK	 
REQUEST		WebSocket Connect	1699553012792	1699553017944	OK	 
REQUEST		WebSocket Connect	1699553012789	1699553017952	OK	 
REQUEST		WebSocket Connect	1699553012786	1699553017965	OK	 
REQUEST		WebSocket Connect	1699553012779	1699553017972	OK	 
REQUEST		WebSocket Connect	1699553012791	1699553017982	OK	 
REQUEST		WebSocket Connect	1699553012777	1699553017989	OK	 
REQUEST		WebSocket Connect	1699553012779	1699553017997	OK	 
REQUEST		WebSocket Connect	1699553012770	1699553018005	OK	 
REQUEST		WebSocket Connect	1699553012781	1699553018008	OK	 
REQUEST		WebSocket Connect	1699553012763	1699553018961	OK	 
REQUEST		WebSocket Connect	1699553012782	1699553018982	OK	 
REQUEST		WebSocket Connect	1699553012739	1699553018995	OK	 
REQUEST		WebSocket Connect	1699553012759	1699553019016	OK	 
REQUEST		WebSocket Connect	1699553012783	1699553019021	OK	 
REQUEST		WebSocket Connect	1699553012768	1699553019028	OK	 
REQUEST		WebSocket Connect	1699553012740	1699553019056	OK	 
REQUEST		WebSocket Connect	1699553012783	1699553019064	OK	 
REQUEST		WebSocket Connect	1699553012733	1699553019071	OK	 
REQUEST		WebSocket Connect	1699553012794	1699553019082	OK	 
REQUEST		WebSocket Connect	1699553012793	1699553019087	OK	 
REQUEST		WebSocket Connect	1699553012795	1699553019098	OK	 
REQUEST		WebSocket Connect	1699553012782	1699553019107	OK	 
REQUEST		WebSocket Connect	1699553012786	1699553019116	OK	 
REQUEST		WebSocket Connect	1699553012766	1699553019125	OK	 
REQUEST		WebSocket Connect	1699553012793	1699553019135	OK	 
REQUEST		WebSocket Connect	1699553012769	1699553019144	OK	 
REQUEST		WebSocket Connect	1699553012737	1699553019150	OK	 
REQUEST		WebSocket Connect	1699553012792	1699553019161	OK	 
REQUEST		WebSocket Connect	1699553012796	1699553019166	OK	 
REQUEST		WebSocket Connect	1699553012792	1699553019177	OK	 
REQUEST		WebSocket Connect	1699553012794	1699553019187	OK	 
REQUEST		WebSocket Connect	1699553012797	1699553019195	OK	 
REQUEST		WebSocket Connect	1699553012765	1699553019206	OK	 
REQUEST		WebSocket Connect	1699553012768	1699553019214	OK	 
REQUEST		WebSocket Connect	1699553012769	1699553019219	OK	 
REQUEST		WebSocket Connect	1699553012799	1699553019229	OK	 
REQUEST		WebSocket Connect	1699553012771	1699553019238	OK	 
REQUEST		WebSocket Connect	1699553012794	1699553019248	OK	 
REQUEST		WebSocket Connect	1699553012795	1699553019260	OK	 
REQUEST		WebSocket Connect	1699553012798	1699553019272	OK	 
REQUEST		WebSocket Connect	1699553012800	1699553019272	OK	 
REQUEST		WebSocket Connect	1699553012800	1699553020113	OK	 
REQUEST		WebSocket Connect	1699553012790	1699553020113	OK	 
REQUEST		WebSocket Connect	1699553012793	1699553020113	OK	 
REQUEST		WebSocket Connect	1699553012742	1699553020124	OK	 
REQUEST		WebSocket Connect	1699553012801	1699553020139	OK	 
REQUEST		WebSocket Connect	1699553012796	1699553020160	OK	 
REQUEST		WebSocket Connect	1699553012798	1699553020169	OK	 
REQUEST		WebSocket Connect	1699553012793	1699553020171	OK	 
REQUEST		WebSocket Connect	1699553012799	1699553020179	OK	 
REQUEST		WebSocket Connect	1699553012797	1699553020193	OK	 
REQUEST		WebSocket Connect	1699553012799	1699553020206	OK	 
REQUEST		WebSocket Connect	1699553012794	1699553020221	OK	 
REQUEST		WebSocket Connect	1699553012800	1699553020236	OK	 
REQUEST		WebSocket Connect	1699553012798	1699553020246	OK	 
REQUEST		WebSocket Connect	1699553012734	1699553020253	OK	 
REQUEST		WebSocket Connect	1699553012800	1699553020270	OK	 
REQUEST		WebSocket Connect	1699553012781	1699553020285	OK	 
REQUEST		WebSocket Connect	1699553012801	1699553020291	OK	 
REQUEST		WebSocket Connect	1699553012772	1699553020306	OK	 
REQUEST		WebSocket Connect	1699553012774	1699553020312	OK	 
REQUEST		WebSocket Connect	1699553012767	1699553020322	OK	 
REQUEST		WebSocket Connect	1699553012797	1699553020334	OK	 
REQUEST		WebSocket Connect	1699553012729	1699553020343	OK	 
REQUEST		WebSocket Connect	1699553012793	1699553020355	OK	 
REQUEST		WebSocket Connect	1699553012769	1699553020397	OK	 
REQUEST		WebSocket Connect	1699553012795	1699553020400	OK	 
REQUEST		WebSocket Connect	1699553012796	1699553020403	OK	 
REQUEST		WebSocket Connect	1699553012792	1699553020406	OK	 
REQUEST		WebSocket Connect	1699553012777	1699553020410	OK	 
REQUEST		WebSocket Connect	1699553012770	1699553020417	OK	 
REQUEST		WebSocket Connect	1699553012827	1699553020424	OK	 
REQUEST		WebSocket Connect	1699553012789	1699553020425	OK	 
REQUEST		WebSocket Connect	1699553012798	1699553021406	OK	 
REQUEST		WebSocket Connect	1699553012790	1699553021424	OK	 
REQUEST		WebSocket Connect	1699553012809	1699553021438	OK	 
REQUEST		WebSocket Connect	1699553012730	1699553021451	OK	 
REQUEST		WebSocket Connect	1699553012797	1699553021459	OK	 
REQUEST		WebSocket Connect	1699553012790	1699553021468	OK	 
REQUEST		WebSocket Connect	1699553012775	1699553021495	OK	 
REQUEST		WebSocket Connect	1699553012810	1699553021503	OK	 
REQUEST		WebSocket Connect	1699553012809	1699553021507	OK	 
REQUEST		WebSocket Connect	1699553012785	1699553021517	OK	 
REQUEST		WebSocket Connect	1699553012800	1699553021529	OK	 
REQUEST		WebSocket Connect	1699553012834	1699553021537	OK	 
REQUEST		WebSocket Connect	1699553012808	1699553021548	OK	 
REQUEST		WebSocket Connect	1699553012834	1699553021556	OK	 
REQUEST		WebSocket Connect	1699553012741	1699553021564	OK	 
REQUEST		WebSocket Connect	1699553012832	1699553021572	OK	 
REQUEST		WebSocket Connect	1699553012808	1699553021582	OK	 
REQUEST		WebSocket Connect	1699553012835	1699553021592	OK	 
REQUEST		WebSocket Connect	1699553012829	1699553021601	OK	 
REQUEST		WebSocket Connect	1699553012782	1699553021605	OK	 
REQUEST		WebSocket Connect	1699553012792	1699553021614	OK	 
REQUEST		WebSocket Connect	1699553012836	1699553021623	OK	 
REQUEST		WebSocket Connect	1699553012837	1699553021629	OK	 
REQUEST		WebSocket Connect	1699553012837	1699553021639	OK	 
REQUEST		WebSocket Connect	1699553012784	1699553021645	OK	 
REQUEST		WebSocket Connect	1699553012847	1699553021660	OK	 
REQUEST		WebSocket Connect	1699553012844	1699553021667	OK	 
REQUEST		WebSocket Connect	1699553012793	1699553021675	OK	 
REQUEST		WebSocket Connect	1699553012834	1699553021687	OK	 
REQUEST		WebSocket Connect	1699553012846	1699553021691	OK	 
REQUEST		WebSocket Connect	1699553012801	1699553021698	OK	 
REQUEST		WebSocket Connect	1699553012795	1699553021701	OK	 
REQUEST		WebSocket Connect	1699553012796	1699553022523	OK	 
REQUEST		WebSocket Connect	1699553012797	1699553022629	OK	 
REQUEST		WebSocket Connect	1699553012798	1699553022640	OK	 
REQUEST		WebSocket Connect	1699553012866	1699553022680	OK	 
REQUEST		WebSocket Connect	1699553012865	1699553022696	OK	 
REQUEST		WebSocket Connect	1699553012725	1699553022706	OK	 
REQUEST		WebSocket Connect	1699553012729	1699553022716	OK	 
REQUEST		WebSocket Connect	1699553012802	1699553022724	OK	 
REQUEST		WebSocket Connect	1699553012803	1699553022732	OK	 
REQUEST		WebSocket Connect	1699553012842	1699553022735	OK	 
REQUEST		WebSocket Connect	1699553012842	1699553022753	OK	 
REQUEST		WebSocket Connect	1699553012843	1699553022754	OK	 
REQUEST		WebSocket Connect	1699553012870	1699553022754	OK	 
REQUEST		WebSocket Connect	1699553012872	1699553023010	KO	i.n.h.s.SslHandshakeTimeoutException: handshake timed out after 10000ms
REQUEST		WebSocket Connect	1699553012873	1699553023015	KO	i.n.h.s.SslHandshakeTimeoutException: handshake timed out after 10000ms
USER	WebSocket Scenario	END	1699553133045
USER	WebSocket Scenario	END	1699553133045
USER	WebSocket Scenario	END	1699553133045
USER	WebSocket Scenario	END	1699553133045
USER	WebSocket Scenario	END	1699553133045
USER	WebSocket Scenario	END	1699553133045
USER	WebSocket Scenario	END	1699553133045
USER	WebSocket Scenario	END	1699553133061
USER	WebSocket Scenario	END	1699553133061
USER	WebSocket Scenario	END	1699553133061
USER	WebSocket Scenario	END	1699553133832
USER	WebSocket Scenario	END	1699553134775
USER	WebSocket Scenario	END	1699553134791
USER	WebSocket Scenario	END	1699553135805
USER	WebSocket Scenario	END	1699553135821
USER	WebSocket Scenario	END	1699553135821
USER	WebSocket Scenario	END	1699553135821
USER	WebSocket Scenario	END	1699553136798
USER	WebSocket Scenario	END	1699553136813
USER	WebSocket Scenario	END	1699553136829
USER	WebSocket Scenario	END	1699553136829
USER	WebSocket Scenario	END	1699553136845
USER	WebSocket Scenario	END	1699553136861
USER	WebSocket Scenario	END	1699553136861
USER	WebSocket Scenario	END	1699553136861
USER	WebSocket Scenario	END	1699553137836
USER	WebSocket Scenario	END	1699553137851
USER	WebSocket Scenario	END	1699553137867
USER	WebSocket Scenario	END	1699553137867
USER	WebSocket Scenario	END	1699553137883
USER	WebSocket Scenario	END	1699553137914
USER	WebSocket Scenario	END	1699553137930
USER	WebSocket Scenario	END	1699553137946
USER	WebSocket Scenario	END	1699553137961
USER	WebSocket Scenario	END	1699553137977
USER	WebSocket Scenario	END	1699553137977
USER	WebSocket Scenario	END	1699553137992
USER	WebSocket Scenario	END	1699553137993
USER	WebSocket Scenario	END	1699553138008
USER	WebSocket Scenario	END	1699553138008
USER	WebSocket Scenario	END	1699553138024
USER	WebSocket Scenario	END	1699553138967
USER	WebSocket Scenario	END	1699553138998
USER	WebSocket Scenario	END	1699553138998
USER	WebSocket Scenario	END	1699553139029
USER	WebSocket Scenario	END	1699553139029
USER	WebSocket Scenario	END	1699553139029
USER	WebSocket Scenario	END	1699553139060
USER	WebSocket Scenario	END	1699553139076
USER	WebSocket Scenario	END	1699553139076
USER	WebSocket Scenario	END	1699553139092
USER	WebSocket Scenario	END	1699553139092
USER	WebSocket Scenario	END	1699553139108
USER	WebSocket Scenario	END	1699553139124
USER	WebSocket Scenario	END	1699553139124
USER	WebSocket Scenario	END	1699553139140
USER	WebSocket Scenario	END	1699553139140
USER	WebSocket Scenario	END	1699553139155
USER	WebSocket Scenario	END	1699553139155
USER	WebSocket Scenario	END	1699553139171
USER	WebSocket Scenario	END	1699553139171
USER	WebSocket Scenario	END	1699553139187
USER	WebSocket Scenario	END	1699553139202
USER	WebSocket Scenario	END	1699553139202
USER	WebSocket Scenario	END	1699553139218
USER	WebSocket Scenario	END	1699553139218
USER	WebSocket Scenario	END	1699553139234
USER	WebSocket Scenario	END	1699553139234
USER	WebSocket Scenario	END	1699553139250
USER	WebSocket Scenario	END	1699553139250
USER	WebSocket Scenario	END	1699553139265
USER	WebSocket Scenario	END	1699553139281
USER	WebSocket Scenario	END	1699553139281
USER	WebSocket Scenario	END	1699553140116
USER	WebSocket Scenario	END	1699553140116
USER	WebSocket Scenario	END	1699553140116
USER	WebSocket Scenario	END	1699553140132
USER	WebSocket Scenario	END	1699553140147
USER	WebSocket Scenario	END	1699553140163
USER	WebSocket Scenario	END	1699553140179
USER	WebSocket Scenario	END	1699553140179
USER	WebSocket Scenario	END	1699553140194
USER	WebSocket Scenario	END	1699553140194
USER	WebSocket Scenario	END	1699553140210
USER	WebSocket Scenario	END	1699553140226
USER	WebSocket Scenario	END	1699553140242
USER	WebSocket Scenario	END	1699553140257
USER	WebSocket Scenario	END	1699553140257
USER	WebSocket Scenario	END	1699553140273
USER	WebSocket Scenario	END	1699553140289
USER	WebSocket Scenario	END	1699553140304
USER	WebSocket Scenario	END	1699553140320
USER	WebSocket Scenario	END	1699553140320
USER	WebSocket Scenario	END	1699553140336
USER	WebSocket Scenario	END	1699553140336
USER	WebSocket Scenario	END	1699553140352
USER	WebSocket Scenario	END	1699553140367
USER	WebSocket Scenario	END	1699553140400
USER	WebSocket Scenario	END	1699553140415
USER	WebSocket Scenario	END	1699553140415
USER	WebSocket Scenario	END	1699553140415
USER	WebSocket Scenario	END	1699553140415
USER	WebSocket Scenario	END	1699553140431
USER	WebSocket Scenario	END	1699553140431
USER	WebSocket Scenario	END	1699553140431
USER	WebSocket Scenario	END	1699553141423
USER	WebSocket Scenario	END	1699553141438
USER	WebSocket Scenario	END	1699553141455
USER	WebSocket Scenario	END	1699553141455
USER	WebSocket Scenario	END	1699553141470
USER	WebSocket Scenario	END	1699553141471
USER	WebSocket Scenario	END	1699553141502
USER	WebSocket Scenario	END	1699553141518
USER	WebSocket Scenario	END	1699553141518
USER	WebSocket Scenario	END	1699553141534
USER	WebSocket Scenario	END	1699553141534
USER	WebSocket Scenario	END	1699553141550
USER	WebSocket Scenario	END	1699553141550
USER	WebSocket Scenario	END	1699553141566
USER	WebSocket Scenario	END	1699553141566
USER	WebSocket Scenario	END	1699553141581
USER	WebSocket Scenario	END	1699553141597
USER	WebSocket Scenario	END	1699553141597
USER	WebSocket Scenario	END	1699553141612
USER	WebSocket Scenario	END	1699553141613
USER	WebSocket Scenario	END	1699553141628
USER	WebSocket Scenario	END	1699553141629
USER	WebSocket Scenario	END	1699553141644
USER	WebSocket Scenario	END	1699553141644
USER	WebSocket Scenario	END	1699553141659
USER	WebSocket Scenario	END	1699553141675
USER	WebSocket Scenario	END	1699553141675
USER	WebSocket Scenario	END	1699553141691
USER	WebSocket Scenario	END	1699553141691
USER	WebSocket Scenario	END	1699553141706
USER	WebSocket Scenario	END	1699553141706
USER	WebSocket Scenario	END	1699553141707
USER	WebSocket Scenario	END	1699553142525
USER	WebSocket Scenario	END	1699553142635
USER	WebSocket Scenario	END	1699553142651
USER	WebSocket Scenario	END	1699553142684
USER	WebSocket Scenario	END	1699553142699
USER	WebSocket Scenario	END	1699553142714
USER	WebSocket Scenario	END	1699553142730
USER	WebSocket Scenario	END	1699553142730
USER	WebSocket Scenario	END	1699553142746
USER	WebSocket Scenario	END	1699553142746
USER	WebSocket Scenario	END	1699553142762
USER	WebSocket Scenario	END	1699553142762
USER	WebSocket Scenario	END	1699553142762
USER	WebSocket Scenario	END	1699553143029
USER	WebSocket Scenario	END	1699553143029
