RUN	computerdatabase.ComputerDatabaseSimulation	computerdatabasesimulation	1700818061935	Socket connect	3.9.5
USER	WebSocket Scenario	START	1700818063045
USER	WebSocket Scenario	START	1700818063045
USER	WebSocket Scenario	START	1700818063045
USER	WebSocket Scenario	START	1700818063045
USER	WebSocket Scenario	START	1700818063046
USER	WebSocket Scenario	START	1700818063046
USER	WebSocket Scenario	START	1700818063046
USER	WebSocket Scenario	START	1700818063046
USER	WebSocket Scenario	START	1700818063046
USER	WebSocket Scenario	START	1700818063046
USER	WebSocket Scenario	START	1700818063046
USER	WebSocket Scenario	START	1700818063046
USER	WebSocket Scenario	START	1700818063046
USER	WebSocket Scenario	START	1700818063046
USER	WebSocket Scenario	START	1700818063046
USER	WebSocket Scenario	START	1700818063046
USER	WebSocket Scenario	START	1700818063045
USER	WebSocket Scenario	START	1700818063046
USER	WebSocket Scenario	START	1700818063046
USER	WebSocket Scenario	START	1700818063045
USER	WebSocket Scenario	START	1700818063045
USER	WebSocket Scenario	START	1700818063045
USER	WebSocket Scenario	START	1700818063045
USER	WebSocket Scenario	START	1700818063045
USER	WebSocket Scenario	START	1700818063047
USER	WebSocket Scenario	START	1700818063047
USER	WebSocket Scenario	START	1700818063045
USER	WebSocket Scenario	START	1700818063047
USER	WebSocket Scenario	START	1700818063047
USER	WebSocket Scenario	START	1700818063047
USER	WebSocket Scenario	START	1700818063047
USER	WebSocket Scenario	START	1700818063047
USER	WebSocket Scenario	START	1700818063047
USER	WebSocket Scenario	START	1700818063047
USER	WebSocket Scenario	START	1700818063047
USER	WebSocket Scenario	START	1700818063047
USER	WebSocket Scenario	START	1700818063047
USER	WebSocket Scenario	START	1700818063047
USER	WebSocket Scenario	START	1700818063047
USER	WebSocket Scenario	START	1700818063046
USER	WebSocket Scenario	START	1700818063047
USER	WebSocket Scenario	START	1700818063047
USER	WebSocket Scenario	START	1700818063047
USER	WebSocket Scenario	START	1700818063047
USER	WebSocket Scenario	START	1700818063047
USER	WebSocket Scenario	START	1700818063047
USER	WebSocket Scenario	START	1700818063047
USER	WebSocket Scenario	START	1700818063047
USER	WebSocket Scenario	START	1700818063047
USER	WebSocket Scenario	START	1700818063047
USER	WebSocket Scenario	START	1700818063047
USER	WebSocket Scenario	START	1700818063047
USER	WebSocket Scenario	START	1700818063046
USER	WebSocket Scenario	START	1700818063048
USER	WebSocket Scenario	START	1700818063048
USER	WebSocket Scenario	START	1700818063048
USER	WebSocket Scenario	START	1700818063048
USER	WebSocket Scenario	START	1700818063048
USER	WebSocket Scenario	START	1700818063048
USER	WebSocket Scenario	START	1700818063048
USER	WebSocket Scenario	START	1700818063048
USER	WebSocket Scenario	START	1700818063048
USER	WebSocket Scenario	START	1700818063048
USER	WebSocket Scenario	START	1700818063048
USER	WebSocket Scenario	START	1700818063048
USER	WebSocket Scenario	START	1700818063048
USER	WebSocket Scenario	START	1700818063048
USER	WebSocket Scenario	START	1700818063048
USER	WebSocket Scenario	START	1700818063048
USER	WebSocket Scenario	START	1700818063048
USER	WebSocket Scenario	START	1700818063048
USER	WebSocket Scenario	START	1700818063048
USER	WebSocket Scenario	START	1700818063048
USER	WebSocket Scenario	START	1700818063048
USER	WebSocket Scenario	START	1700818063048
USER	WebSocket Scenario	START	1700818063048
USER	WebSocket Scenario	START	1700818063048
USER	WebSocket Scenario	START	1700818063050
USER	WebSocket Scenario	START	1700818063050
USER	WebSocket Scenario	START	1700818063050
USER	WebSocket Scenario	START	1700818063050
USER	WebSocket Scenario	START	1700818063050
USER	WebSocket Scenario	START	1700818063046
USER	WebSocket Scenario	START	1700818063051
USER	WebSocket Scenario	START	1700818063051
USER	WebSocket Scenario	START	1700818063051
USER	WebSocket Scenario	START	1700818063051
USER	WebSocket Scenario	START	1700818063051
USER	WebSocket Scenario	START	1700818063051
USER	WebSocket Scenario	START	1700818063051
USER	WebSocket Scenario	START	1700818063051
USER	WebSocket Scenario	START	1700818063051
USER	WebSocket Scenario	START	1700818063051
USER	WebSocket Scenario	START	1700818063051
USER	WebSocket Scenario	START	1700818063051
USER	WebSocket Scenario	START	1700818063051
USER	WebSocket Scenario	START	1700818063051
USER	WebSocket Scenario	START	1700818063047
USER	WebSocket Scenario	START	1700818063052
USER	WebSocket Scenario	START	1700818063052
USER	WebSocket Scenario	START	1700818063052
USER	WebSocket Scenario	START	1700818063052
USER	WebSocket Scenario	START	1700818063052
USER	WebSocket Scenario	START	1700818063045
USER	WebSocket Scenario	START	1700818063052
USER	WebSocket Scenario	START	1700818063052
USER	WebSocket Scenario	START	1700818063053
USER	WebSocket Scenario	START	1700818063053
USER	WebSocket Scenario	START	1700818063053
USER	WebSocket Scenario	START	1700818063053
REQUEST		WebSocket Connect	1700818063083	1700818063236	OK	 
REQUEST		WebSocket Connect	1700818063072	1700818063263	OK	 
REQUEST		WebSocket Connect	1700818063083	1700818063331	OK	 
REQUEST		WebSocket Connect	1700818063073	1700818063340	OK	 
REQUEST		WebSocket Connect	1700818063091	1700818063340	OK	 
REQUEST		WebSocket Connect	1700818063082	1700818063340	OK	 
REQUEST		WebSocket Connect	1700818063082	1700818063340	OK	 
REQUEST		WebSocket Connect	1700818063069	1700818063342	OK	 
REQUEST		WebSocket Connect	1700818063084	1700818063350	OK	 
REQUEST		WebSocket Connect	1700818063069	1700818063361	OK	 
REQUEST		WebSocket Connect	1700818063071	1700818063371	OK	 
REQUEST		WebSocket Connect	1700818063084	1700818063384	OK	 
REQUEST		WebSocket Connect	1700818063083	1700818063398	OK	 
REQUEST		WebSocket Connect	1700818063083	1700818063408	OK	 
REQUEST		WebSocket Connect	1700818063092	1700818063416	OK	 
REQUEST		WebSocket Connect	1700818063086	1700818063426	OK	 
REQUEST		WebSocket Connect	1700818063083	1700818063437	OK	 
REQUEST		WebSocket Connect	1700818063083	1700818063448	OK	 
REQUEST		WebSocket Connect	1700818063095	1700818063457	OK	 
REQUEST		WebSocket Connect	1700818063082	1700818063468	OK	 
REQUEST		WebSocket Connect	1700818063091	1700818063479	OK	 
REQUEST		WebSocket Connect	1700818063072	1700818063489	OK	 
REQUEST		WebSocket Connect	1700818063086	1700818063505	OK	 
REQUEST		WebSocket Connect	1700818063098	1700818063515	OK	 
REQUEST		WebSocket Connect	1700818063082	1700818063523	OK	 
REQUEST		WebSocket Connect	1700818063091	1700818063535	OK	 
REQUEST		WebSocket Connect	1700818063072	1700818063545	OK	 
REQUEST		WebSocket Connect	1700818063083	1700818063555	OK	 
REQUEST		WebSocket Connect	1700818063084	1700818063563	OK	 
REQUEST		WebSocket Connect	1700818063084	1700818063572	OK	 
REQUEST		WebSocket Connect	1700818063069	1700818063584	OK	 
REQUEST		WebSocket Connect	1700818063084	1700818063600	OK	 
REQUEST		WebSocket Connect	1700818063084	1700818063608	OK	 
REQUEST		WebSocket Connect	1700818063085	1700818063622	OK	 
REQUEST		WebSocket Connect	1700818063091	1700818063656	OK	 
REQUEST		WebSocket Connect	1700818063083	1700818063667	OK	 
REQUEST		WebSocket Connect	1700818063083	1700818063680	OK	 
REQUEST		WebSocket Connect	1700818063085	1700818063688	OK	 
REQUEST		WebSocket Connect	1700818063082	1700818063699	OK	 
REQUEST		WebSocket Connect	1700818063084	1700818063709	OK	 
REQUEST		WebSocket Connect	1700818063098	1700818063720	OK	 
REQUEST		WebSocket Connect	1700818063091	1700818063732	OK	 
REQUEST		WebSocket Connect	1700818063084	1700818063732	OK	 
REQUEST		WebSocket Connect	1700818063069	1700818063786	OK	 
REQUEST		WebSocket Connect	1700818063069	1700818064359	OK	 
REQUEST		WebSocket Connect	1700818063091	1700818064366	OK	 
REQUEST		WebSocket Connect	1700818063092	1700818064376	OK	 
REQUEST		WebSocket Connect	1700818063091	1700818064388	OK	 
REQUEST		WebSocket Connect	1700818063092	1700818064394	OK	 
REQUEST		WebSocket Connect	1700818063090	1700818064404	OK	 
REQUEST		WebSocket Connect	1700818063085	1700818064412	OK	 
REQUEST		WebSocket Connect	1700818063092	1700818064422	OK	 
REQUEST		WebSocket Connect	1700818063090	1700818064432	OK	 
REQUEST		WebSocket Connect	1700818063091	1700818064439	OK	 
REQUEST		WebSocket Connect	1700818063090	1700818064449	OK	 
REQUEST		WebSocket Connect	1700818063090	1700818064458	OK	 
REQUEST		WebSocket Connect	1700818063092	1700818064468	OK	 
REQUEST		WebSocket Connect	1700818063090	1700818064483	OK	 
REQUEST		WebSocket Connect	1700818063091	1700818064490	OK	 
REQUEST		WebSocket Connect	1700818063090	1700818064501	OK	 
REQUEST		WebSocket Connect	1700818063090	1700818064508	OK	 
REQUEST		WebSocket Connect	1700818063083	1700818064509	OK	 
REQUEST		WebSocket Connect	1700818063072	1700818064798	OK	 
REQUEST		WebSocket Connect	1700818063094	1700818064798	OK	 
REQUEST		WebSocket Connect	1700818063069	1700818065809	OK	 
REQUEST		WebSocket Connect	1700818063095	1700818065828	OK	 
REQUEST		WebSocket Connect	1700818063069	1700818065839	OK	 
REQUEST		WebSocket Connect	1700818063071	1700818065839	OK	 
REQUEST		WebSocket Connect	1700818063091	1700818066830	OK	 
REQUEST		WebSocket Connect	1700818063095	1700818066850	OK	 
REQUEST		WebSocket Connect	1700818063095	1700818066860	OK	 
REQUEST		WebSocket Connect	1700818063093	1700818066870	OK	 
REQUEST		WebSocket Connect	1700818063095	1700818066879	OK	 
REQUEST		WebSocket Connect	1700818063094	1700818066890	OK	 
REQUEST		WebSocket Connect	1700818063095	1700818066901	OK	 
REQUEST		WebSocket Connect	1700818063095	1700818066901	OK	 
REQUEST		WebSocket Connect	1700818063095	1700818067858	OK	 
REQUEST		WebSocket Connect	1700818063096	1700818067887	OK	 
REQUEST		WebSocket Connect	1700818063091	1700818067907	OK	 
REQUEST		WebSocket Connect	1700818063092	1700818067913	OK	 
REQUEST		WebSocket Connect	1700818063084	1700818067922	OK	 
REQUEST		WebSocket Connect	1700818063092	1700818067930	OK	 
REQUEST		WebSocket Connect	1700818063096	1700818067939	OK	 
REQUEST		WebSocket Connect	1700818063096	1700818067946	OK	 
REQUEST		WebSocket Connect	1700818063097	1700818067954	OK	 
REQUEST		WebSocket Connect	1700818063086	1700818067961	OK	 
REQUEST		WebSocket Connect	1700818063085	1700818067970	OK	 
REQUEST		WebSocket Connect	1700818063085	1700818067977	OK	 
REQUEST		WebSocket Connect	1700818063072	1700818067988	OK	 
REQUEST		WebSocket Connect	1700818063099	1700818067998	OK	 
REQUEST		WebSocket Connect	1700818063095	1700818068008	OK	 
REQUEST		WebSocket Connect	1700818063095	1700818068009	OK	 
REQUEST		WebSocket Connect	1700818063091	1700818068966	OK	 
REQUEST		WebSocket Connect	1700818063084	1700818068997	OK	 
REQUEST		WebSocket Connect	1700818063082	1700818069020	OK	 
REQUEST		WebSocket Connect	1700818063092	1700818069033	OK	 
REQUEST		WebSocket Connect	1700818063069	1700818069047	OK	 
REQUEST		WebSocket Connect	1700818063099	1700818069059	OK	 
REQUEST		WebSocket Connect	1700818063092	1700818069083	OK	 
REQUEST		WebSocket Connect	1700818063098	1700818069109	OK	 
REQUEST		WebSocket Connect	1700818063099	1700818069119	OK	 
REQUEST		WebSocket Connect	1700818063099	1700818069127	OK	 
REQUEST		WebSocket Connect	1700818063100	1700818069135	OK	 
REQUEST		WebSocket Connect	1700818063100	1700818069143	OK	 
REQUEST		WebSocket Connect	1700818063098	1700818069150	OK	 
REQUEST		WebSocket Connect	1700818063099	1700818069159	OK	 
REQUEST		WebSocket Connect	1700818063100	1700818069169	OK	 
REQUEST		WebSocket Connect	1700818063101	1700818069178	OK	 
REQUEST		WebSocket Connect	1700818063101	1700818069187	OK	 
REQUEST		WebSocket Connect	1700818063100	1700818069187	OK	 
REQUEST		Send Request type in Websocket	1700818073252	1700818073252	OK	 
REQUEST		Send Request type in Websocket	1700818073265	1700818073265	OK	 
REQUEST		Send Request type in Websocket	1700818073344	1700818073344	OK	 
REQUEST		Send Request type in Websocket	1700818073344	1700818073344	OK	 
REQUEST		Send Request type in Websocket	1700818073344	1700818073344	OK	 
REQUEST		Send Request type in Websocket	1700818073344	1700818073344	OK	 
REQUEST		Send Request type in Websocket	1700818073345	1700818073345	OK	 
REQUEST		Send Request type in Websocket	1700818073345	1700818073345	OK	 
REQUEST		Send Request type in Websocket	1700818073360	1700818073360	OK	 
REQUEST		Send Request type in Websocket	1700818073375	1700818073375	OK	 
REQUEST		Send Request type in Websocket	1700818073375	1700818073375	OK	 
REQUEST		Send Request type in Websocket	1700818073390	1700818073390	OK	 
REQUEST		Send Request type in Websocket	1700818073405	1700818073405	OK	 
REQUEST		Send Request type in Websocket	1700818073421	1700818073421	OK	 
REQUEST		Send Request type in Websocket	1700818073421	1700818073421	OK	 
REQUEST		Send Request type in Websocket	1700818073437	1700818073437	OK	 
REQUEST		Send Request type in Websocket	1700818073452	1700818073452	OK	 
REQUEST		Send Request type in Websocket	1700818073452	1700818073452	OK	 
REQUEST		Send Request type in Websocket	1700818073468	1700818073468	OK	 
REQUEST		Send Request type in Websocket	1700818073484	1700818073484	OK	 
REQUEST		Send Request type in Websocket	1700818073484	1700818073484	OK	 
REQUEST		Send Request type in Websocket	1700818073499	1700818073499	OK	 
REQUEST		Send Request type in Websocket	1700818073514	1700818073514	OK	 
REQUEST		Send Request type in Websocket	1700818073527	1700818073527	OK	 
REQUEST		Send Request type in Websocket	1700818073529	1700818073529	OK	 
REQUEST		Send Request type in Websocket	1700818073545	1700818073545	OK	 
REQUEST		Send Request type in Websocket	1700818073561	1700818073561	OK	 
REQUEST		Send Request type in Websocket	1700818073561	1700818073561	OK	 
REQUEST		Send Request type in Websocket	1700818073575	1700818073575	OK	 
REQUEST		Send Request type in Websocket	1700818073575	1700818073575	OK	 
REQUEST		Send Request type in Websocket	1700818073591	1700818073591	OK	 
REQUEST		Send Request type in Websocket	1700818073607	1700818073607	OK	 
REQUEST		Send Request type in Websocket	1700818073622	1700818073622	OK	 
REQUEST		Send Request type in Websocket	1700818073637	1700818073637	OK	 
REQUEST		Send Request type in Websocket	1700818073668	1700818073668	OK	 
REQUEST		Send Request type in Websocket	1700818073668	1700818073668	OK	 
REQUEST		Send Request type in Websocket	1700818073684	1700818073684	OK	 
REQUEST		Send Request type in Websocket	1700818073699	1700818073699	OK	 
REQUEST		Send Request type in Websocket	1700818073702	1700818073702	OK	 
REQUEST		Send Request type in Websocket	1700818073715	1700818073715	OK	 
REQUEST		Send Request type in Websocket	1700818073731	1700818073731	OK	 
REQUEST		Send Request type in Websocket	1700818073747	1700818073747	OK	 
REQUEST		Send Request type in Websocket	1700818073747	1700818073747	OK	 
REQUEST		Send Request type in Websocket	1700818073793	1700818073793	OK	 
REQUEST		Send Request type in Websocket	1700818074369	1700818074369	OK	 
REQUEST		Send Request type in Websocket	1700818074369	1700818074369	OK	 
REQUEST		Send Request type in Websocket	1700818074384	1700818074384	OK	 
REQUEST		Send Request type in Websocket	1700818074400	1700818074400	OK	 
REQUEST		Send Request type in Websocket	1700818074400	1700818074400	OK	 
REQUEST		Send Request type in Websocket	1700818074415	1700818074415	OK	 
REQUEST		Send Request type in Websocket	1700818074415	1700818074415	OK	 
REQUEST		Send Request type in Websocket	1700818074431	1700818074431	OK	 
REQUEST		Send Request type in Websocket	1700818074447	1700818074447	OK	 
REQUEST		Send Request type in Websocket	1700818074447	1700818074447	OK	 
REQUEST		Send Request type in Websocket	1700818074463	1700818074463	OK	 
REQUEST		Send Request type in Websocket	1700818074464	1700818074464	OK	 
REQUEST		Send Request type in Websocket	1700818074479	1700818074479	OK	 
REQUEST		Send Request type in Websocket	1700818074496	1700818074496	OK	 
REQUEST		Send Request type in Websocket	1700818074495	1700818074495	OK	 
REQUEST		Send Request type in Websocket	1700818074511	1700818074511	OK	 
REQUEST		Send Request type in Websocket	1700818074511	1700818074511	OK	 
REQUEST		Send Request type in Websocket	1700818074511	1700818074511	OK	 
REQUEST		Send Request type in Websocket	1700818074807	1700818074807	OK	 
REQUEST		Send Request type in Websocket	1700818074807	1700818074807	OK	 
REQUEST		Send Request type in Websocket	1700818075812	1700818075812	OK	 
REQUEST		Send Request type in Websocket	1700818075844	1700818075844	OK	 
REQUEST		Send Request type in Websocket	1700818075844	1700818075844	OK	 
REQUEST		Send Request type in Websocket	1700818075844	1700818075844	OK	 
REQUEST		Send Request type in Websocket	1700818076843	1700818076843	OK	 
REQUEST		Send Request type in Websocket	1700818076858	1700818076858	OK	 
REQUEST		Send Request type in Websocket	1700818076874	1700818076874	OK	 
REQUEST		Send Request type in Websocket	1700818076874	1700818076874	OK	 
REQUEST		Send Request type in Websocket	1700818076890	1700818076890	OK	 
REQUEST		Send Request type in Websocket	1700818076905	1700818076905	OK	 
REQUEST		Send Request type in Websocket	1700818076905	1700818076905	OK	 
REQUEST		Send Request type in Websocket	1700818076905	1700818076905	OK	 
REQUEST		Send Request type in Websocket	1700818077874	1700818077874	OK	 
REQUEST		Send Request type in Websocket	1700818077889	1700818077889	OK	 
REQUEST		Send Request type in Websocket	1700818077921	1700818077921	OK	 
REQUEST		Send Request type in Websocket	1700818077921	1700818077921	OK	 
REQUEST		Send Request type in Websocket	1700818077937	1700818077937	OK	 
REQUEST		Send Request type in Websocket	1700818077937	1700818077937	OK	 
REQUEST		Send Request type in Websocket	1700818077953	1700818077953	OK	 
REQUEST		Send Request type in Websocket	1700818077953	1700818077953	OK	 
REQUEST		Send Request type in Websocket	1700818077968	1700818077968	OK	 
REQUEST		Send Request type in Websocket	1700818077968	1700818077968	OK	 
REQUEST		Send Request type in Websocket	1700818077971	1700818077971	OK	 
REQUEST		Send Request type in Websocket	1700818077984	1700818077984	OK	 
REQUEST		Send Request type in Websocket	1700818078000	1700818078000	OK	 
REQUEST		Send Request type in Websocket	1700818078000	1700818078000	OK	 
REQUEST		Send Request type in Websocket	1700818078015	1700818078015	OK	 
REQUEST		Send Request type in Websocket	1700818078016	1700818078016	OK	 
USER	WebSocket Scenario	END	1700818078272
USER	WebSocket Scenario	END	1700818078272
USER	WebSocket Scenario	END	1700818078361
USER	WebSocket Scenario	END	1700818078361
USER	WebSocket Scenario	END	1700818078361
USER	WebSocket Scenario	END	1700818078361
USER	WebSocket Scenario	END	1700818078361
USER	WebSocket Scenario	END	1700818078361
USER	WebSocket Scenario	END	1700818078376
USER	WebSocket Scenario	END	1700818078376
USER	WebSocket Scenario	END	1700818078376
USER	WebSocket Scenario	END	1700818078392
USER	WebSocket Scenario	END	1700818078407
USER	WebSocket Scenario	END	1700818078424
USER	WebSocket Scenario	END	1700818078424
USER	WebSocket Scenario	END	1700818078440
USER	WebSocket Scenario	END	1700818078455
USER	WebSocket Scenario	END	1700818078455
USER	WebSocket Scenario	END	1700818078471
USER	WebSocket Scenario	END	1700818078486
USER	WebSocket Scenario	END	1700818078487
USER	WebSocket Scenario	END	1700818078502
USER	WebSocket Scenario	END	1700818078518
USER	WebSocket Scenario	END	1700818078533
USER	WebSocket Scenario	END	1700818078534
USER	WebSocket Scenario	END	1700818078548
USER	WebSocket Scenario	END	1700818078564
USER	WebSocket Scenario	END	1700818078564
USER	WebSocket Scenario	END	1700818078579
USER	WebSocket Scenario	END	1700818078580
USER	WebSocket Scenario	END	1700818078595
USER	WebSocket Scenario	END	1700818078611
USER	WebSocket Scenario	END	1700818078626
USER	WebSocket Scenario	END	1700818078641
USER	WebSocket Scenario	END	1700818078672
USER	WebSocket Scenario	END	1700818078672
USER	WebSocket Scenario	END	1700818078688
USER	WebSocket Scenario	END	1700818078704
USER	WebSocket Scenario	END	1700818078704
USER	WebSocket Scenario	END	1700818078719
USER	WebSocket Scenario	END	1700818078735
USER	WebSocket Scenario	END	1700818078751
USER	WebSocket Scenario	END	1700818078751
USER	WebSocket Scenario	END	1700818078798
REQUEST		Send Request type in Websocket	1700818078969	1700818078969	OK	 
REQUEST		Send Request type in Websocket	1700818079000	1700818079000	OK	 
REQUEST		Send Request type in Websocket	1700818079031	1700818079031	OK	 
REQUEST		Send Request type in Websocket	1700818079047	1700818079047	OK	 
REQUEST		Send Request type in Websocket	1700818079062	1700818079062	OK	 
REQUEST		Send Request type in Websocket	1700818079062	1700818079062	OK	 
REQUEST		Send Request type in Websocket	1700818079093	1700818079093	OK	 
REQUEST		Send Request type in Websocket	1700818079124	1700818079124	OK	 
REQUEST		Send Request type in Websocket	1700818079124	1700818079124	OK	 
REQUEST		Send Request type in Websocket	1700818079139	1700818079139	OK	 
REQUEST		Send Request type in Websocket	1700818079139	1700818079139	OK	 
REQUEST		Send Request type in Websocket	1700818079155	1700818079155	OK	 
REQUEST		Send Request type in Websocket	1700818079154	1700818079154	OK	 
REQUEST		Send Request type in Websocket	1700818079171	1700818079171	OK	 
REQUEST		Send Request type in Websocket	1700818079172	1700818079172	OK	 
REQUEST		Send Request type in Websocket	1700818079187	1700818079187	OK	 
REQUEST		Send Request type in Websocket	1700818079188	1700818079188	OK	 
REQUEST		Send Request type in Websocket	1700818079188	1700818079188	OK	 
USER	WebSocket Scenario	END	1700818079372
USER	WebSocket Scenario	END	1700818079372
USER	WebSocket Scenario	END	1700818079388
USER	WebSocket Scenario	END	1700818079403
USER	WebSocket Scenario	END	1700818079403
USER	WebSocket Scenario	END	1700818079419
USER	WebSocket Scenario	END	1700818079419
USER	WebSocket Scenario	END	1700818079434
USER	WebSocket Scenario	END	1700818079450
USER	WebSocket Scenario	END	1700818079450
USER	WebSocket Scenario	END	1700818079465
USER	WebSocket Scenario	END	1700818079465
USER	WebSocket Scenario	END	1700818079497
USER	WebSocket Scenario	END	1700818079497
USER	WebSocket Scenario	END	1700818079497
USER	WebSocket Scenario	END	1700818079512
USER	WebSocket Scenario	END	1700818079512
USER	WebSocket Scenario	END	1700818079512
USER	WebSocket Scenario	END	1700818079810
USER	WebSocket Scenario	END	1700818079810
USER	WebSocket Scenario	END	1700818080825
USER	WebSocket Scenario	END	1700818080856
USER	WebSocket Scenario	END	1700818080856
USER	WebSocket Scenario	END	1700818080856
USER	WebSocket Scenario	END	1700818081855
USER	WebSocket Scenario	END	1700818081870
USER	WebSocket Scenario	END	1700818081885
USER	WebSocket Scenario	END	1700818081885
USER	WebSocket Scenario	END	1700818081900
USER	WebSocket Scenario	END	1700818081917
USER	WebSocket Scenario	END	1700818081917
USER	WebSocket Scenario	END	1700818081917
USER	WebSocket Scenario	END	1700818082883
USER	WebSocket Scenario	END	1700818082899
USER	WebSocket Scenario	END	1700818082930
USER	WebSocket Scenario	END	1700818082930
USER	WebSocket Scenario	END	1700818082946
USER	WebSocket Scenario	END	1700818082946
USER	WebSocket Scenario	END	1700818082961
USER	WebSocket Scenario	END	1700818082961
USER	WebSocket Scenario	END	1700818082977
USER	WebSocket Scenario	END	1700818082977
USER	WebSocket Scenario	END	1700818082977
USER	WebSocket Scenario	END	1700818082993
USER	WebSocket Scenario	END	1700818083008
USER	WebSocket Scenario	END	1700818083008
USER	WebSocket Scenario	END	1700818083024
USER	WebSocket Scenario	END	1700818083024
USER	WebSocket Scenario	END	1700818083973
USER	WebSocket Scenario	END	1700818084004
USER	WebSocket Scenario	END	1700818084036
USER	WebSocket Scenario	END	1700818084051
USER	WebSocket Scenario	END	1700818084066
USER	WebSocket Scenario	END	1700818084081
USER	WebSocket Scenario	END	1700818084097
USER	WebSocket Scenario	END	1700818084129
USER	WebSocket Scenario	END	1700818084129
USER	WebSocket Scenario	END	1700818084145
USER	WebSocket Scenario	END	1700818084145
USER	WebSocket Scenario	END	1700818084160
USER	WebSocket Scenario	END	1700818084161
USER	WebSocket Scenario	END	1700818084176
USER	WebSocket Scenario	END	1700818084176
USER	WebSocket Scenario	END	1700818084192
USER	WebSocket Scenario	END	1700818084192
USER	WebSocket Scenario	END	1700818084192
