RUN	computerdatabase.ComputerDatabaseSimulation	computerdatabasesimulation	1700810138581	socket connect	3.9.5
USER	WebSocket Scenario	START	1700810140453
USER	WebSocket Scenario	START	1700810140453
USER	WebSocket Scenario	START	1700810140454
USER	WebSocket Scenario	START	1700810140454
USER	WebSocket Scenario	START	1700810140455
USER	WebSocket Scenario	START	1700810140455
USER	WebSocket Scenario	START	1700810140455
USER	WebSocket Scenario	START	1700810140455
USER	WebSocket Scenario	START	1700810140455
USER	WebSocket Scenario	START	1700810140455
USER	WebSocket Scenario	START	1700810140453
USER	WebSocket Scenario	START	1700810140453
USER	WebSocket Scenario	START	1700810140455
USER	WebSocket Scenario	START	1700810140455
USER	WebSocket Scenario	START	1700810140455
USER	WebSocket Scenario	START	1700810140455
USER	WebSocket Scenario	START	1700810140455
USER	WebSocket Scenario	START	1700810140455
USER	WebSocket Scenario	START	1700810140455
USER	WebSocket Scenario	START	1700810140455
USER	WebSocket Scenario	START	1700810140456
USER	WebSocket Scenario	START	1700810140456
USER	WebSocket Scenario	START	1700810140456
USER	WebSocket Scenario	START	1700810140456
USER	WebSocket Scenario	START	1700810140456
USER	WebSocket Scenario	START	1700810140456
USER	WebSocket Scenario	START	1700810140456
USER	WebSocket Scenario	START	1700810140456
USER	WebSocket Scenario	START	1700810140456
USER	WebSocket Scenario	START	1700810140456
USER	WebSocket Scenario	START	1700810140456
USER	WebSocket Scenario	START	1700810140456
USER	WebSocket Scenario	START	1700810140456
USER	WebSocket Scenario	START	1700810140456
USER	WebSocket Scenario	START	1700810140456
USER	WebSocket Scenario	START	1700810140456
USER	WebSocket Scenario	START	1700810140456
USER	WebSocket Scenario	START	1700810140456
USER	WebSocket Scenario	START	1700810140456
USER	WebSocket Scenario	START	1700810140456
USER	WebSocket Scenario	START	1700810140456
USER	WebSocket Scenario	START	1700810140456
USER	WebSocket Scenario	START	1700810140457
USER	WebSocket Scenario	START	1700810140457
USER	WebSocket Scenario	START	1700810140457
USER	WebSocket Scenario	START	1700810140457
USER	WebSocket Scenario	START	1700810140457
USER	WebSocket Scenario	START	1700810140457
USER	WebSocket Scenario	START	1700810140457
USER	WebSocket Scenario	START	1700810140457
USER	WebSocket Scenario	START	1700810140457
USER	WebSocket Scenario	START	1700810140457
USER	WebSocket Scenario	START	1700810140457
USER	WebSocket Scenario	START	1700810140457
USER	WebSocket Scenario	START	1700810140454
USER	WebSocket Scenario	START	1700810140457
USER	WebSocket Scenario	START	1700810140457
USER	WebSocket Scenario	START	1700810140457
USER	WebSocket Scenario	START	1700810140457
USER	WebSocket Scenario	START	1700810140457
USER	WebSocket Scenario	START	1700810140457
USER	WebSocket Scenario	START	1700810140457
USER	WebSocket Scenario	START	1700810140457
USER	WebSocket Scenario	START	1700810140458
USER	WebSocket Scenario	START	1700810140458
USER	WebSocket Scenario	START	1700810140458
USER	WebSocket Scenario	START	1700810140458
USER	WebSocket Scenario	START	1700810140458
USER	WebSocket Scenario	START	1700810140458
USER	WebSocket Scenario	START	1700810140458
USER	WebSocket Scenario	START	1700810140458
USER	WebSocket Scenario	START	1700810140458
USER	WebSocket Scenario	START	1700810140458
USER	WebSocket Scenario	START	1700810140458
USER	WebSocket Scenario	START	1700810140458
USER	WebSocket Scenario	START	1700810140458
USER	WebSocket Scenario	START	1700810140458
USER	WebSocket Scenario	START	1700810140458
USER	WebSocket Scenario	START	1700810140458
USER	WebSocket Scenario	START	1700810140458
USER	WebSocket Scenario	START	1700810140458
USER	WebSocket Scenario	START	1700810140458
USER	WebSocket Scenario	START	1700810140458
USER	WebSocket Scenario	START	1700810140458
USER	WebSocket Scenario	START	1700810140458
USER	WebSocket Scenario	START	1700810140459
USER	WebSocket Scenario	START	1700810140459
USER	WebSocket Scenario	START	1700810140459
USER	WebSocket Scenario	START	1700810140459
USER	WebSocket Scenario	START	1700810140459
USER	WebSocket Scenario	START	1700810140459
USER	WebSocket Scenario	START	1700810140459
USER	WebSocket Scenario	START	1700810140459
USER	WebSocket Scenario	START	1700810140459
USER	WebSocket Scenario	START	1700810140459
USER	WebSocket Scenario	START	1700810140459
USER	WebSocket Scenario	START	1700810140459
USER	WebSocket Scenario	START	1700810140459
USER	WebSocket Scenario	START	1700810140459
USER	WebSocket Scenario	START	1700810140459
USER	WebSocket Scenario	START	1700810140459
USER	WebSocket Scenario	START	1700810140459
USER	WebSocket Scenario	START	1700810140459
USER	WebSocket Scenario	START	1700810140459
USER	WebSocket Scenario	START	1700810140460
USER	WebSocket Scenario	START	1700810140459
USER	WebSocket Scenario	START	1700810140460
USER	WebSocket Scenario	START	1700810140460
USER	WebSocket Scenario	START	1700810140460
USER	WebSocket Scenario	START	1700810140460
USER	WebSocket Scenario	START	1700810140460
USER	WebSocket Scenario	START	1700810140460
USER	WebSocket Scenario	START	1700810140460
USER	WebSocket Scenario	START	1700810140460
USER	WebSocket Scenario	START	1700810140460
USER	WebSocket Scenario	START	1700810140460
USER	WebSocket Scenario	START	1700810140460
USER	WebSocket Scenario	START	1700810140461
USER	WebSocket Scenario	START	1700810140461
USER	WebSocket Scenario	START	1700810140461
REQUEST		WebSocket Connect	1700810140530	1700810140729	OK	 
REQUEST		WebSocket Connect	1700810140566	1700810140742	OK	 
REQUEST		WebSocket Connect	1700810140568	1700810140745	OK	 
REQUEST		WebSocket Connect	1700810140530	1700810140754	OK	 
REQUEST		WebSocket Connect	1700810140564	1700810140764	OK	 
REQUEST		WebSocket Connect	1700810140538	1700810140773	OK	 
REQUEST		WebSocket Connect	1700810140529	1700810140781	OK	 
REQUEST		WebSocket Connect	1700810140564	1700810140790	OK	 
REQUEST		WebSocket Connect	1700810140566	1700810140796	OK	 
REQUEST		WebSocket Connect	1700810140565	1700810140796	OK	 
REQUEST		WebSocket Connect	1700810140564	1700810141331	OK	 
REQUEST		WebSocket Connect	1700810140567	1700810142330	OK	 
REQUEST		WebSocket Connect	1700810140567	1700810142330	OK	 
REQUEST		WebSocket Connect	1700810140568	1700810143273	OK	 
REQUEST		WebSocket Connect	1700810140565	1700810143287	OK	 
REQUEST		WebSocket Connect	1700810140566	1700810143296	OK	 
REQUEST		WebSocket Connect	1700810140568	1700810143296	OK	 
REQUEST		WebSocket Connect	1700810140579	1700810144299	OK	 
REQUEST		WebSocket Connect	1700810140570	1700810144316	OK	 
REQUEST		WebSocket Connect	1700810140569	1700810144327	OK	 
REQUEST		WebSocket Connect	1700810140532	1700810144336	OK	 
REQUEST		WebSocket Connect	1700810140568	1700810144345	OK	 
REQUEST		WebSocket Connect	1700810140570	1700810144347	OK	 
REQUEST		WebSocket Connect	1700810140571	1700810144735	OK	 
REQUEST		WebSocket Connect	1700810140571	1700810144771	OK	 
REQUEST		WebSocket Connect	1700810140535	1700810145327	OK	 
REQUEST		WebSocket Connect	1700810140529	1700810145344	OK	 
REQUEST		WebSocket Connect	1700810140569	1700810145358	OK	 
REQUEST		WebSocket Connect	1700810140532	1700810145364	OK	 
REQUEST		WebSocket Connect	1700810140572	1700810145372	OK	 
REQUEST		WebSocket Connect	1700810140570	1700810145382	OK	 
REQUEST		WebSocket Connect	1700810140572	1700810145391	OK	 
REQUEST		WebSocket Connect	1700810140571	1700810145399	OK	 
REQUEST		WebSocket Connect	1700810140584	1700810145406	OK	 
REQUEST		WebSocket Connect	1700810140576	1700810145416	OK	 
REQUEST		WebSocket Connect	1700810140581	1700810145424	OK	 
REQUEST		WebSocket Connect	1700810140563	1700810145433	OK	 
REQUEST		WebSocket Connect	1700810140564	1700810145444	OK	 
REQUEST		WebSocket Connect	1700810140576	1700810145457	OK	 
REQUEST		WebSocket Connect	1700810140578	1700810145458	OK	 
REQUEST		WebSocket Connect	1700810140572	1700810145459	OK	 
REQUEST		WebSocket Connect	1700810140529	1700810146468	OK	 
REQUEST		WebSocket Connect	1700810140572	1700810146476	OK	 
REQUEST		WebSocket Connect	1700810140573	1700810146484	OK	 
REQUEST		WebSocket Connect	1700810140529	1700810146493	OK	 
REQUEST		WebSocket Connect	1700810140578	1700810146503	OK	 
REQUEST		WebSocket Connect	1700810140573	1700810146516	OK	 
REQUEST		WebSocket Connect	1700810140588	1700810146526	OK	 
REQUEST		WebSocket Connect	1700810140582	1700810146533	OK	 
REQUEST		WebSocket Connect	1700810140589	1700810146541	OK	 
REQUEST		WebSocket Connect	1700810140582	1700810146552	OK	 
REQUEST		WebSocket Connect	1700810140577	1700810146566	OK	 
REQUEST		WebSocket Connect	1700810140583	1700810146567	OK	 
REQUEST		WebSocket Connect	1700810140583	1700810146804	OK	 
REQUEST		WebSocket Connect	1700810140585	1700810146819	OK	 
REQUEST		WebSocket Connect	1700810140588	1700810146835	OK	 
REQUEST		WebSocket Connect	1700810140535	1700810146855	OK	 
REQUEST		WebSocket Connect	1700810140582	1700810146857	OK	 
REQUEST		WebSocket Connect	1700810140583	1700810146860	OK	 
REQUEST		WebSocket Connect	1700810140573	1700810146876	OK	 
REQUEST		WebSocket Connect	1700810140574	1700810146884	OK	 
REQUEST		WebSocket Connect	1700810140577	1700810146892	OK	 
REQUEST		WebSocket Connect	1700810140568	1700810146900	OK	 
REQUEST		WebSocket Connect	1700810140576	1700810146910	OK	 
REQUEST		WebSocket Connect	1700810140586	1700810146922	OK	 
REQUEST		WebSocket Connect	1700810140578	1700810146927	OK	 
REQUEST		WebSocket Connect	1700810140576	1700810146940	OK	 
REQUEST		WebSocket Connect	1700810140585	1700810146950	OK	 
REQUEST		WebSocket Connect	1700810140579	1700810146956	OK	 
REQUEST		WebSocket Connect	1700810140584	1700810146963	OK	 
REQUEST		WebSocket Connect	1700810140565	1700810146971	OK	 
REQUEST		WebSocket Connect	1700810140586	1700810146979	OK	 
REQUEST		WebSocket Connect	1700810140567	1700810146980	OK	 
REQUEST		WebSocket Connect	1700810140531	1700810147476	OK	 
REQUEST		WebSocket Connect	1700810140590	1700810147496	OK	 
REQUEST		WebSocket Connect	1700810140576	1700810147505	OK	 
REQUEST		WebSocket Connect	1700810140587	1700810147509	OK	 
REQUEST		WebSocket Connect	1700810140583	1700810147522	OK	 
REQUEST		WebSocket Connect	1700810140581	1700810147526	OK	 
REQUEST		WebSocket Connect	1700810140591	1700810147539	OK	 
REQUEST		WebSocket Connect	1700810140577	1700810147551	OK	 
REQUEST		WebSocket Connect	1700810140571	1700810147555	OK	 
REQUEST		WebSocket Connect	1700810140579	1700810147566	OK	 
REQUEST		WebSocket Connect	1700810140535	1700810147582	OK	 
REQUEST		WebSocket Connect	1700810140583	1700810147582	OK	 
REQUEST		WebSocket Connect	1700810140587	1700810147597	OK	 
REQUEST		WebSocket Connect	1700810140584	1700810147603	OK	 
REQUEST		WebSocket Connect	1700810140533	1700810147611	OK	 
REQUEST		WebSocket Connect	1700810140586	1700810147636	OK	 
REQUEST		WebSocket Connect	1700810140538	1700810147650	OK	 
REQUEST		WebSocket Connect	1700810140572	1700810147662	OK	 
REQUEST		WebSocket Connect	1700810140584	1700810147670	OK	 
REQUEST		WebSocket Connect	1700810140590	1700810147680	OK	 
REQUEST		WebSocket Connect	1700810140529	1700810147690	OK	 
REQUEST		WebSocket Connect	1700810140588	1700810147700	OK	 
REQUEST		WebSocket Connect	1700810140585	1700810147712	OK	 
REQUEST		WebSocket Connect	1700810140586	1700810147721	OK	 
REQUEST		WebSocket Connect	1700810140584	1700810147732	OK	 
REQUEST		WebSocket Connect	1700810140585	1700810147742	OK	 
REQUEST		WebSocket Connect	1700810140588	1700810147754	OK	 
REQUEST		WebSocket Connect	1700810140587	1700810147768	OK	 
REQUEST		WebSocket Connect	1700810140588	1700810147779	OK	 
REQUEST		WebSocket Connect	1700810140576	1700810147790	OK	 
REQUEST		WebSocket Connect	1700810140587	1700810147803	OK	 
REQUEST		WebSocket Connect	1700810140591	1700810147803	OK	 
REQUEST		WebSocket Connect	1700810140575	1700810148775	OK	 
REQUEST		WebSocket Connect	1700810140590	1700810148797	OK	 
REQUEST		WebSocket Connect	1700810140578	1700810148797	OK	 
REQUEST		WebSocket Connect	1700810140590	1700810148798	OK	 
REQUEST		WebSocket Connect	1700810140588	1700810148799	OK	 
REQUEST		WebSocket Connect	1700810140579	1700810148812	OK	 
REQUEST		WebSocket Connect	1700810140591	1700810148828	OK	 
REQUEST		WebSocket Connect	1700810140590	1700810148839	OK	 
REQUEST		WebSocket Connect	1700810140585	1700810148859	OK	 
REQUEST		WebSocket Connect	1700810140593	1700810148870	OK	 
REQUEST		WebSocket Connect	1700810140587	1700810148884	OK	 
REQUEST		WebSocket Connect	1700810140576	1700810148896	OK	 
REQUEST		WebSocket Connect	1700810140592	1700810148907	OK	 
REQUEST		WebSocket Connect	1700810140577	1700810148915	OK	 
REQUEST		WebSocket Connect	1700810140579	1700810148917	OK	 
REQUEST		Send Request type in Websocket	1700810150758	1700810150758	OK	 
REQUEST		Send Request type in Websocket	1700810150758	1700810150758	OK	 
REQUEST		Send Request type in Websocket	1700810150760	1700810150760	OK	 
REQUEST		Send Request type in Websocket	1700810150768	1700810150768	OK	 
REQUEST		Send Request type in Websocket	1700810150768	1700810150768	OK	 
REQUEST		Send Request type in Websocket	1700810150774	1700810150774	OK	 
REQUEST		Send Request type in Websocket	1700810150790	1700810150790	OK	 
REQUEST		Send Request type in Websocket	1700810150806	1700810150806	OK	 
REQUEST		Send Request type in Websocket	1700810150806	1700810150806	OK	 
REQUEST		Send Request type in Websocket	1700810150807	1700810150807	OK	 
REQUEST		Send Request type in Websocket	1700810151341	1700810151341	OK	 
REQUEST		Send Request type in Websocket	1700810152332	1700810152332	OK	 
REQUEST		Send Request type in Websocket	1700810152332	1700810152332	OK	 
REQUEST		Send Request type in Websocket	1700810153290	1700810153290	OK	 
REQUEST		Send Request type in Websocket	1700810153290	1700810153290	OK	 
REQUEST		Send Request type in Websocket	1700810153305	1700810153305	OK	 
REQUEST		Send Request type in Websocket	1700810153305	1700810153305	OK	 
REQUEST		Send Request type in Websocket	1700810154309	1700810154309	OK	 
REQUEST		Send Request type in Websocket	1700810154324	1700810154324	OK	 
REQUEST		Send Request type in Websocket	1700810154340	1700810154340	OK	 
REQUEST		Send Request type in Websocket	1700810154340	1700810154340	OK	 
REQUEST		Send Request type in Websocket	1700810154356	1700810154356	OK	 
REQUEST		Send Request type in Websocket	1700810154357	1700810154357	OK	 
REQUEST		Send Request type in Websocket	1700810154748	1700810154748	OK	 
REQUEST		Send Request type in Websocket	1700810154779	1700810154779	OK	 
REQUEST		Send Request type in Websocket	1700810155343	1700810155343	OK	 
REQUEST		Send Request type in Websocket	1700810155358	1700810155358	OK	 
REQUEST		Send Request type in Websocket	1700810155374	1700810155374	OK	 
REQUEST		Send Request type in Websocket	1700810155374	1700810155374	OK	 
REQUEST		Send Request type in Websocket	1700810155374	1700810155374	OK	 
REQUEST		Send Request type in Websocket	1700810155390	1700810155390	OK	 
REQUEST		Send Request type in Websocket	1700810155406	1700810155406	OK	 
REQUEST		Send Request type in Websocket	1700810155406	1700810155406	OK	 
REQUEST		Send Request type in Websocket	1700810155421	1700810155421	OK	 
REQUEST		Send Request type in Websocket	1700810155421	1700810155421	OK	 
REQUEST		Send Request type in Websocket	1700810155437	1700810155437	OK	 
REQUEST		Send Request type in Websocket	1700810155437	1700810155437	OK	 
REQUEST		Send Request type in Websocket	1700810155452	1700810155452	OK	 
REQUEST		Send Request type in Websocket	1700810155469	1700810155469	OK	 
REQUEST		Send Request type in Websocket	1700810155469	1700810155469	OK	 
REQUEST		Send Request type in Websocket	1700810155469	1700810155469	OK	 
USER	WebSocket Scenario	END	1700810155774
USER	WebSocket Scenario	END	1700810155775
USER	WebSocket Scenario	END	1700810155775
USER	WebSocket Scenario	END	1700810155775
USER	WebSocket Scenario	END	1700810155775
USER	WebSocket Scenario	END	1700810155790
USER	WebSocket Scenario	END	1700810155805
USER	WebSocket Scenario	END	1700810155821
USER	WebSocket Scenario	END	1700810155821
USER	WebSocket Scenario	END	1700810155821
USER	WebSocket Scenario	END	1700810156354
REQUEST		Send Request type in Websocket	1700810156480	1700810156480	OK	 
REQUEST		Send Request type in Websocket	1700810156480	1700810156480	OK	 
REQUEST		Send Request type in Websocket	1700810156495	1700810156495	OK	 
REQUEST		Send Request type in Websocket	1700810156495	1700810156495	OK	 
REQUEST		Send Request type in Websocket	1700810156511	1700810156511	OK	 
REQUEST		Send Request type in Websocket	1700810156527	1700810156527	OK	 
REQUEST		Send Request type in Websocket	1700810156527	1700810156527	OK	 
REQUEST		Send Request type in Websocket	1700810156543	1700810156543	OK	 
REQUEST		Send Request type in Websocket	1700810156543	1700810156543	OK	 
REQUEST		Send Request type in Websocket	1700810156558	1700810156558	OK	 
REQUEST		Send Request type in Websocket	1700810156574	1700810156574	OK	 
REQUEST		Send Request type in Websocket	1700810156574	1700810156574	OK	 
REQUEST		Send Request type in Websocket	1700810156809	1700810156809	OK	 
REQUEST		Send Request type in Websocket	1700810156825	1700810156825	OK	 
REQUEST		Send Request type in Websocket	1700810156840	1700810156840	OK	 
REQUEST		Send Request type in Websocket	1700810156872	1700810156872	OK	 
REQUEST		Send Request type in Websocket	1700810156872	1700810156872	OK	 
REQUEST		Send Request type in Websocket	1700810156873	1700810156873	OK	 
REQUEST		Send Request type in Websocket	1700810156888	1700810156888	OK	 
REQUEST		Send Request type in Websocket	1700810156888	1700810156888	OK	 
REQUEST		Send Request type in Websocket	1700810156903	1700810156903	OK	 
REQUEST		Send Request type in Websocket	1700810156903	1700810156903	OK	 
REQUEST		Send Request type in Websocket	1700810156919	1700810156919	OK	 
REQUEST		Send Request type in Websocket	1700810156934	1700810156934	OK	 
REQUEST		Send Request type in Websocket	1700810156934	1700810156934	OK	 
REQUEST		Send Request type in Websocket	1700810156950	1700810156950	OK	 
REQUEST		Send Request type in Websocket	1700810156966	1700810156966	OK	 
REQUEST		Send Request type in Websocket	1700810156966	1700810156966	OK	 
REQUEST		Send Request type in Websocket	1700810156966	1700810156966	OK	 
REQUEST		Send Request type in Websocket	1700810156982	1700810156982	OK	 
REQUEST		Send Request type in Websocket	1700810156982	1700810156982	OK	 
REQUEST		Send Request type in Websocket	1700810156982	1700810156982	OK	 
USER	WebSocket Scenario	END	1700810157342
USER	WebSocket Scenario	END	1700810157342
REQUEST		Send Request type in Websocket	1700810157483	1700810157483	OK	 
REQUEST		Send Request type in Websocket	1700810157499	1700810157499	OK	 
REQUEST		Send Request type in Websocket	1700810157514	1700810157514	OK	 
REQUEST		Send Request type in Websocket	1700810157514	1700810157514	OK	 
REQUEST		Send Request type in Websocket	1700810157530	1700810157530	OK	 
REQUEST		Send Request type in Websocket	1700810157530	1700810157530	OK	 
REQUEST		Send Request type in Websocket	1700810157546	1700810157546	OK	 
REQUEST		Send Request type in Websocket	1700810157561	1700810157561	OK	 
REQUEST		Send Request type in Websocket	1700810157561	1700810157561	OK	 
REQUEST		Send Request type in Websocket	1700810157577	1700810157577	OK	 
REQUEST		Send Request type in Websocket	1700810157593	1700810157593	OK	 
REQUEST		Send Request type in Websocket	1700810157593	1700810157593	OK	 
REQUEST		Send Request type in Websocket	1700810157609	1700810157609	OK	 
REQUEST		Send Request type in Websocket	1700810157610	1700810157610	OK	 
REQUEST		Send Request type in Websocket	1700810157625	1700810157625	OK	 
REQUEST		Send Request type in Websocket	1700810157640	1700810157640	OK	 
REQUEST		Send Request type in Websocket	1700810157656	1700810157656	OK	 
REQUEST		Send Request type in Websocket	1700810157672	1700810157672	OK	 
REQUEST		Send Request type in Websocket	1700810157672	1700810157672	OK	 
REQUEST		Send Request type in Websocket	1700810157688	1700810157688	OK	 
REQUEST		Send Request type in Websocket	1700810157703	1700810157703	OK	 
REQUEST		Send Request type in Websocket	1700810157703	1700810157703	OK	 
REQUEST		Send Request type in Websocket	1700810157719	1700810157719	OK	 
REQUEST		Send Request type in Websocket	1700810157724	1700810157724	OK	 
REQUEST		Send Request type in Websocket	1700810157735	1700810157735	OK	 
REQUEST		Send Request type in Websocket	1700810157750	1700810157750	OK	 
REQUEST		Send Request type in Websocket	1700810157766	1700810157766	OK	 
REQUEST		Send Request type in Websocket	1700810157782	1700810157782	OK	 
REQUEST		Send Request type in Websocket	1700810157782	1700810157782	OK	 
REQUEST		Send Request type in Websocket	1700810157797	1700810157797	OK	 
REQUEST		Send Request type in Websocket	1700810157813	1700810157813	OK	 
REQUEST		Send Request type in Websocket	1700810157813	1700810157813	OK	 
USER	WebSocket Scenario	END	1700810158301
USER	WebSocket Scenario	END	1700810158301
USER	WebSocket Scenario	END	1700810158317
USER	WebSocket Scenario	END	1700810158317
REQUEST		Send Request type in Websocket	1700810158787	1700810158787	OK	 
REQUEST		Send Request type in Websocket	1700810158803	1700810158803	OK	 
REQUEST		Send Request type in Websocket	1700810158803	1700810158803	OK	 
REQUEST		Send Request type in Websocket	1700810158803	1700810158803	OK	 
REQUEST		Send Request type in Websocket	1700810158804	1700810158804	OK	 
REQUEST		Send Request type in Websocket	1700810158819	1700810158819	OK	 
REQUEST		Send Request type in Websocket	1700810158834	1700810158834	OK	 
REQUEST		Send Request type in Websocket	1700810158850	1700810158850	OK	 
REQUEST		Send Request type in Websocket	1700810158866	1700810158866	OK	 
REQUEST		Send Request type in Websocket	1700810158881	1700810158881	OK	 
REQUEST		Send Request type in Websocket	1700810158897	1700810158897	OK	 
REQUEST		Send Request type in Websocket	1700810158897	1700810158897	OK	 
REQUEST		Send Request type in Websocket	1700810158910	1700810158910	OK	 
REQUEST		Send Request type in Websocket	1700810158929	1700810158929	OK	 
REQUEST		Send Request type in Websocket	1700810158929	1700810158929	OK	 
USER	WebSocket Scenario	END	1700810159322
USER	WebSocket Scenario	END	1700810159338
USER	WebSocket Scenario	END	1700810159353
USER	WebSocket Scenario	END	1700810159354
USER	WebSocket Scenario	END	1700810159370
USER	WebSocket Scenario	END	1700810159370
USER	WebSocket Scenario	END	1700810159763
USER	WebSocket Scenario	END	1700810159794
USER	WebSocket Scenario	END	1700810160360
USER	WebSocket Scenario	END	1700810160360
USER	WebSocket Scenario	END	1700810160376
USER	WebSocket Scenario	END	1700810160376
USER	WebSocket Scenario	END	1700810160376
USER	WebSocket Scenario	END	1700810160392
USER	WebSocket Scenario	END	1700810160408
USER	WebSocket Scenario	END	1700810160408
USER	WebSocket Scenario	END	1700810160423
USER	WebSocket Scenario	END	1700810160423
USER	WebSocket Scenario	END	1700810160440
USER	WebSocket Scenario	END	1700810160440
USER	WebSocket Scenario	END	1700810160455
USER	WebSocket Scenario	END	1700810160471
USER	WebSocket Scenario	END	1700810160471
USER	WebSocket Scenario	END	1700810160471
USER	WebSocket Scenario	END	1700810161481
USER	WebSocket Scenario	END	1700810161482
USER	WebSocket Scenario	END	1700810161498
USER	WebSocket Scenario	END	1700810161498
USER	WebSocket Scenario	END	1700810161514
USER	WebSocket Scenario	END	1700810161530
USER	WebSocket Scenario	END	1700810161530
USER	WebSocket Scenario	END	1700810161546
USER	WebSocket Scenario	END	1700810161546
USER	WebSocket Scenario	END	1700810161561
USER	WebSocket Scenario	END	1700810161577
USER	WebSocket Scenario	END	1700810161577
USER	WebSocket Scenario	END	1700810161812
USER	WebSocket Scenario	END	1700810161828
USER	WebSocket Scenario	END	1700810161844
USER	WebSocket Scenario	END	1700810161875
USER	WebSocket Scenario	END	1700810161876
USER	WebSocket Scenario	END	1700810161876
USER	WebSocket Scenario	END	1700810161891
USER	WebSocket Scenario	END	1700810161892
USER	WebSocket Scenario	END	1700810161907
USER	WebSocket Scenario	END	1700810161907
USER	WebSocket Scenario	END	1700810161923
USER	WebSocket Scenario	END	1700810161938
USER	WebSocket Scenario	END	1700810161938
USER	WebSocket Scenario	END	1700810161954
USER	WebSocket Scenario	END	1700810161969
USER	WebSocket Scenario	END	1700810161970
USER	WebSocket Scenario	END	1700810161970
USER	WebSocket Scenario	END	1700810161985
USER	WebSocket Scenario	END	1700810161985
USER	WebSocket Scenario	END	1700810161985
USER	WebSocket Scenario	END	1700810162486
USER	WebSocket Scenario	END	1700810162502
USER	WebSocket Scenario	END	1700810162518
USER	WebSocket Scenario	END	1700810162518
USER	WebSocket Scenario	END	1700810162533
USER	WebSocket Scenario	END	1700810162533
USER	WebSocket Scenario	END	1700810162549
USER	WebSocket Scenario	END	1700810162565
USER	WebSocket Scenario	END	1700810162565
USER	WebSocket Scenario	END	1700810162581
USER	WebSocket Scenario	END	1700810162597
USER	WebSocket Scenario	END	1700810162597
USER	WebSocket Scenario	END	1700810162612
USER	WebSocket Scenario	END	1700810162612
USER	WebSocket Scenario	END	1700810162628
USER	WebSocket Scenario	END	1700810162643
USER	WebSocket Scenario	END	1700810162659
USER	WebSocket Scenario	END	1700810162675
USER	WebSocket Scenario	END	1700810162675
USER	WebSocket Scenario	END	1700810162690
USER	WebSocket Scenario	END	1700810162706
USER	WebSocket Scenario	END	1700810162706
USER	WebSocket Scenario	END	1700810162722
USER	WebSocket Scenario	END	1700810162737
USER	WebSocket Scenario	END	1700810162738
USER	WebSocket Scenario	END	1700810162753
USER	WebSocket Scenario	END	1700810162769
USER	WebSocket Scenario	END	1700810162785
USER	WebSocket Scenario	END	1700810162785
USER	WebSocket Scenario	END	1700810162800
USER	WebSocket Scenario	END	1700810162816
USER	WebSocket Scenario	END	1700810162816
USER	WebSocket Scenario	END	1700810163804
USER	WebSocket Scenario	END	1700810163804
USER	WebSocket Scenario	END	1700810163820
USER	WebSocket Scenario	END	1700810163820
USER	WebSocket Scenario	END	1700810163820
USER	WebSocket Scenario	END	1700810163820
USER	WebSocket Scenario	END	1700810163851
USER	WebSocket Scenario	END	1700810163866
USER	WebSocket Scenario	END	1700810163882
USER	WebSocket Scenario	END	1700810163898
USER	WebSocket Scenario	END	1700810163914
USER	WebSocket Scenario	END	1700810163914
USER	WebSocket Scenario	END	1700810163914
USER	WebSocket Scenario	END	1700810163945
USER	WebSocket Scenario	END	1700810163945
