RUN	computerdatabase.ComputerDatabaseSimulation	computerdatabasesimulation	1700809419679	Socket connect	3.9.5
USER	WebSocket Scenario	START	1700809421538
USER	WebSocket Scenario	START	1700809421538
USER	WebSocket Scenario	START	1700809421538
USER	WebSocket Scenario	START	1700809421538
USER	WebSocket Scenario	START	1700809421538
USER	WebSocket Scenario	START	1700809421539
USER	WebSocket Scenario	START	1700809421539
USER	WebSocket Scenario	START	1700809421539
USER	WebSocket Scenario	START	1700809421539
USER	WebSocket Scenario	START	1700809421539
USER	WebSocket Scenario	START	1700809421539
USER	WebSocket Scenario	START	1700809421539
USER	WebSocket Scenario	START	1700809421539
USER	WebSocket Scenario	START	1700809421539
USER	WebSocket Scenario	START	1700809421539
USER	WebSocket Scenario	START	1700809421539
USER	WebSocket Scenario	START	1700809421539
USER	WebSocket Scenario	START	1700809421539
USER	WebSocket Scenario	START	1700809421539
USER	WebSocket Scenario	START	1700809421539
USER	WebSocket Scenario	START	1700809421540
USER	WebSocket Scenario	START	1700809421540
USER	WebSocket Scenario	START	1700809421540
USER	WebSocket Scenario	START	1700809421540
USER	WebSocket Scenario	START	1700809421540
USER	WebSocket Scenario	START	1700809421540
USER	WebSocket Scenario	START	1700809421540
USER	WebSocket Scenario	START	1700809421540
USER	WebSocket Scenario	START	1700809421540
USER	WebSocket Scenario	START	1700809421540
USER	WebSocket Scenario	START	1700809421540
USER	WebSocket Scenario	START	1700809421540
USER	WebSocket Scenario	START	1700809421540
USER	WebSocket Scenario	START	1700809421540
USER	WebSocket Scenario	START	1700809421540
USER	WebSocket Scenario	START	1700809421540
USER	WebSocket Scenario	START	1700809421540
USER	WebSocket Scenario	START	1700809421538
USER	WebSocket Scenario	START	1700809421541
USER	WebSocket Scenario	START	1700809421541
USER	WebSocket Scenario	START	1700809421541
USER	WebSocket Scenario	START	1700809421541
USER	WebSocket Scenario	START	1700809421541
USER	WebSocket Scenario	START	1700809421541
USER	WebSocket Scenario	START	1700809421541
USER	WebSocket Scenario	START	1700809421541
USER	WebSocket Scenario	START	1700809421541
USER	WebSocket Scenario	START	1700809421541
USER	WebSocket Scenario	START	1700809421541
USER	WebSocket Scenario	START	1700809421541
USER	WebSocket Scenario	START	1700809421541
USER	WebSocket Scenario	START	1700809421541
USER	WebSocket Scenario	START	1700809421541
USER	WebSocket Scenario	START	1700809421541
USER	WebSocket Scenario	START	1700809421542
USER	WebSocket Scenario	START	1700809421542
USER	WebSocket Scenario	START	1700809421542
USER	WebSocket Scenario	START	1700809421542
USER	WebSocket Scenario	START	1700809421542
USER	WebSocket Scenario	START	1700809421542
USER	WebSocket Scenario	START	1700809421542
USER	WebSocket Scenario	START	1700809421542
USER	WebSocket Scenario	START	1700809421543
USER	WebSocket Scenario	START	1700809421542
USER	WebSocket Scenario	START	1700809421544
USER	WebSocket Scenario	START	1700809421544
USER	WebSocket Scenario	START	1700809421544
USER	WebSocket Scenario	START	1700809421544
USER	WebSocket Scenario	START	1700809421544
USER	WebSocket Scenario	START	1700809421544
USER	WebSocket Scenario	START	1700809421544
USER	WebSocket Scenario	START	1700809421545
USER	WebSocket Scenario	START	1700809421545
USER	WebSocket Scenario	START	1700809421545
USER	WebSocket Scenario	START	1700809421545
USER	WebSocket Scenario	START	1700809421545
USER	WebSocket Scenario	START	1700809421545
USER	WebSocket Scenario	START	1700809421545
USER	WebSocket Scenario	START	1700809421545
USER	WebSocket Scenario	START	1700809421545
USER	WebSocket Scenario	START	1700809421548
USER	WebSocket Scenario	START	1700809421552
USER	WebSocket Scenario	START	1700809421552
USER	WebSocket Scenario	START	1700809421552
USER	WebSocket Scenario	START	1700809421553
USER	WebSocket Scenario	START	1700809421553
USER	WebSocket Scenario	START	1700809421553
USER	WebSocket Scenario	START	1700809421554
USER	WebSocket Scenario	START	1700809421554
USER	WebSocket Scenario	START	1700809421554
REQUEST		WebSocket Connect	1700809421607	1700809421815	OK	 
REQUEST		WebSocket Connect	1700809421637	1700809421809	OK	 
REQUEST		WebSocket Connect	1700809421603	1700809421824	OK	 
REQUEST		WebSocket Connect	1700809421635	1700809421835	OK	 
REQUEST		WebSocket Connect	1700809421607	1700809421849	OK	 
REQUEST		WebSocket Connect	1700809421636	1700809421871	OK	 
REQUEST		WebSocket Connect	1700809421643	1700809421871	OK	 
REQUEST		WebSocket Connect	1700809421637	1700809421881	OK	 
REQUEST		WebSocket Connect	1700809421639	1700809422480	OK	 
REQUEST		WebSocket Connect	1700809421601	1700809422481	OK	 
REQUEST		WebSocket Connect	1700809421638	1700809422647	OK	 
REQUEST		WebSocket Connect	1700809421640	1700809423661	OK	 
REQUEST		WebSocket Connect	1700809421643	1700809423674	OK	 
REQUEST		WebSocket Connect	1700809421640	1700809424656	OK	 
REQUEST		WebSocket Connect	1700809421642	1700809424672	OK	 
REQUEST		WebSocket Connect	1700809421636	1700809424691	OK	 
REQUEST		WebSocket Connect	1700809421636	1700809424691	OK	 
REQUEST		WebSocket Connect	1700809421639	1700809425740	OK	 
REQUEST		WebSocket Connect	1700809421610	1700809425755	OK	 
REQUEST		WebSocket Connect	1700809421639	1700809425772	OK	 
REQUEST		WebSocket Connect	1700809421637	1700809425781	OK	 
REQUEST		WebSocket Connect	1700809421640	1700809425792	OK	 
REQUEST		WebSocket Connect	1700809421640	1700809425792	OK	 
REQUEST		WebSocket Connect	1700809421645	1700809426034	OK	 
REQUEST		WebSocket Connect	1700809421642	1700809426123	OK	 
REQUEST		WebSocket Connect	1700809421643	1700809426773	OK	 
REQUEST		WebSocket Connect	1700809421647	1700809426798	OK	 
REQUEST		WebSocket Connect	1700809421645	1700809426811	OK	 
REQUEST		WebSocket Connect	1700809421657	1700809426836	OK	 
REQUEST		WebSocket Connect	1700809421648	1700809426838	OK	 
REQUEST		WebSocket Connect	1700809421648	1700809426848	OK	 
REQUEST		WebSocket Connect	1700809421649	1700809426859	OK	 
REQUEST		WebSocket Connect	1700809421608	1700809426873	OK	 
REQUEST		WebSocket Connect	1700809421642	1700809426885	OK	 
REQUEST		WebSocket Connect	1700809421657	1700809426903	OK	 
REQUEST		WebSocket Connect	1700809421644	1700809426909	OK	 
REQUEST		WebSocket Connect	1700809421601	1700809426920	OK	 
REQUEST		WebSocket Connect	1700809421644	1700809426931	OK	 
REQUEST		WebSocket Connect	1700809421611	1700809426941	OK	 
REQUEST		WebSocket Connect	1700809421649	1700809426953	OK	 
REQUEST		WebSocket Connect	1700809421651	1700809426953	OK	 
REQUEST		WebSocket Connect	1700809421645	1700809427988	OK	 
REQUEST		WebSocket Connect	1700809421601	1700809428009	OK	 
REQUEST		WebSocket Connect	1700809421652	1700809428017	OK	 
REQUEST		WebSocket Connect	1700809421611	1700809428034	OK	 
REQUEST		WebSocket Connect	1700809421611	1700809428043	OK	 
REQUEST		WebSocket Connect	1700809421645	1700809428049	OK	 
REQUEST		WebSocket Connect	1700809421647	1700809428061	OK	 
REQUEST		WebSocket Connect	1700809421639	1700809428102	OK	 
REQUEST		WebSocket Connect	1700809421655	1700809428103	OK	 
REQUEST		WebSocket Connect	1700809421658	1700809428108	OK	 
REQUEST		WebSocket Connect	1700809421600	1700809428121	OK	 
REQUEST		WebSocket Connect	1700809421651	1700809428126	OK	 
REQUEST		WebSocket Connect	1700809421657	1700809428140	OK	 
REQUEST		WebSocket Connect	1700809421651	1700809428169	OK	 
REQUEST		WebSocket Connect	1700809421634	1700809428181	OK	 
REQUEST		WebSocket Connect	1700809421656	1700809428217	OK	 
REQUEST		WebSocket Connect	1700809421644	1700809428241	OK	 
REQUEST		WebSocket Connect	1700809421647	1700809428264	OK	 
REQUEST		WebSocket Connect	1700809421653	1700809428301	OK	 
REQUEST		WebSocket Connect	1700809421600	1700809428314	OK	 
REQUEST		WebSocket Connect	1700809421653	1700809428334	OK	 
REQUEST		WebSocket Connect	1700809421654	1700809428350	OK	 
REQUEST		WebSocket Connect	1700809421646	1700809428373	OK	 
REQUEST		WebSocket Connect	1700809421648	1700809428399	OK	 
REQUEST		WebSocket Connect	1700809421646	1700809428419	OK	 
REQUEST		WebSocket Connect	1700809421657	1700809428441	OK	 
REQUEST		WebSocket Connect	1700809421649	1700809428465	OK	 
REQUEST		WebSocket Connect	1700809421652	1700809428483	OK	 
REQUEST		WebSocket Connect	1700809421647	1700809428500	OK	 
REQUEST		WebSocket Connect	1700809421654	1700809428513	OK	 
REQUEST		WebSocket Connect	1700809421655	1700809428550	OK	 
REQUEST		WebSocket Connect	1700809421654	1700809428551	OK	 
REQUEST		WebSocket Connect	1700809421600	1700809429405	OK	 
REQUEST		WebSocket Connect	1700809421658	1700809429441	OK	 
REQUEST		WebSocket Connect	1700809421649	1700809429453	OK	 
REQUEST		WebSocket Connect	1700809421657	1700809429466	OK	 
REQUEST		WebSocket Connect	1700809421648	1700809429479	OK	 
REQUEST		WebSocket Connect	1700809421658	1700809429492	OK	 
REQUEST		WebSocket Connect	1700809421649	1700809429502	OK	 
REQUEST		WebSocket Connect	1700809421658	1700809429519	OK	 
REQUEST		WebSocket Connect	1700809421652	1700809429532	OK	 
REQUEST		WebSocket Connect	1700809421651	1700809429541	OK	 
REQUEST		WebSocket Connect	1700809421600	1700809429555	OK	 
REQUEST		WebSocket Connect	1700809421655	1700809429570	OK	 
REQUEST		WebSocket Connect	1700809421657	1700809429582	OK	 
REQUEST		WebSocket Connect	1700809421659	1700809429599	OK	 
REQUEST		WebSocket Connect	1700809421660	1700809429610	OK	 
REQUEST		WebSocket Connect	1700809421654	1700809429621	OK	 
REQUEST		WebSocket Connect	1700809421607	1700809429621	OK	 
REQUEST		Send Request type in Websocket	1700809441843	1700809441843	OK	 
REQUEST		Send Request type in Websocket	1700809441842	1700809441842	OK	 
REQUEST		Send Request type in Websocket	1700809441846	1700809441846	OK	 
REQUEST		Send Request type in Websocket	1700809441845	1700809441845	OK	 
USER	WebSocket Scenario	END	1700809441848
USER	WebSocket Scenario	END	1700809441849
USER	WebSocket Scenario	END	1700809441849
USER	WebSocket Scenario	END	1700809441849
REQUEST		Send Request type in Websocket	1700809441864	1700809441864	OK	 
USER	WebSocket Scenario	END	1700809441865
REQUEST		Send Request type in Websocket	1700809441880	1700809441880	OK	 
REQUEST		Send Request type in Websocket	1700809441880	1700809441880	OK	 
USER	WebSocket Scenario	END	1700809441881
USER	WebSocket Scenario	END	1700809441881
REQUEST		Send Request type in Websocket	1700809441896	1700809441896	OK	 
USER	WebSocket Scenario	END	1700809441897
REQUEST		Send Request type in Websocket	1700809442492	1700809442492	OK	 
REQUEST		Send Request type in Websocket	1700809442492	1700809442492	OK	 
USER	WebSocket Scenario	END	1700809442493
USER	WebSocket Scenario	END	1700809442494
REQUEST		Send Request type in Websocket	1700809442649	1700809442649	OK	 
USER	WebSocket Scenario	END	1700809442651
REQUEST		Send Request type in Websocket	1700809443669	1700809443669	OK	 
USER	WebSocket Scenario	END	1700809443671
REQUEST		Send Request type in Websocket	1700809443685	1700809443685	OK	 
USER	WebSocket Scenario	END	1700809443686
REQUEST		Send Request type in Websocket	1700809444658	1700809444658	OK	 
USER	WebSocket Scenario	END	1700809444659
REQUEST		Send Request type in Websocket	1700809444673	1700809444673	OK	 
USER	WebSocket Scenario	END	1700809444674
REQUEST		Send Request type in Websocket	1700809444705	1700809444705	OK	 
REQUEST		Send Request type in Websocket	1700809444705	1700809444705	OK	 
USER	WebSocket Scenario	END	1700809444706
USER	WebSocket Scenario	END	1700809444706
REQUEST		Send Request type in Websocket	1700809445741	1700809445741	OK	 
USER	WebSocket Scenario	END	1700809445743
REQUEST		Send Request type in Websocket	1700809445757	1700809445757	OK	 
USER	WebSocket Scenario	END	1700809445758
REQUEST		Send Request type in Websocket	1700809445773	1700809445773	OK	 
USER	WebSocket Scenario	END	1700809445774
REQUEST		Send Request type in Websocket	1700809445789	1700809445789	OK	 
USER	WebSocket Scenario	END	1700809445790
REQUEST		Send Request type in Websocket	1700809445804	1700809445804	OK	 
REQUEST		Send Request type in Websocket	1700809445804	1700809445804	OK	 
USER	WebSocket Scenario	END	1700809445806
USER	WebSocket Scenario	END	1700809445806
REQUEST		Send Request type in Websocket	1700809446041	1700809446041	OK	 
USER	WebSocket Scenario	END	1700809446041
REQUEST		Send Request type in Websocket	1700809446135	1700809446135	OK	 
USER	WebSocket Scenario	END	1700809446136
REQUEST		Send Request type in Websocket	1700809446779	1700809446779	OK	 
USER	WebSocket Scenario	END	1700809446780
REQUEST		Send Request type in Websocket	1700809446811	1700809446811	OK	 
USER	WebSocket Scenario	END	1700809446812
REQUEST		Send Request type in Websocket	1700809446826	1700809446826	OK	 
USER	WebSocket Scenario	END	1700809446828
REQUEST		Send Request type in Websocket	1700809446842	1700809446842	OK	 
REQUEST		Send Request type in Websocket	1700809446842	1700809446842	OK	 
USER	WebSocket Scenario	END	1700809446843
USER	WebSocket Scenario	END	1700809446843
REQUEST		Send Request type in Websocket	1700809446858	1700809446858	OK	 
USER	WebSocket Scenario	END	1700809446859
REQUEST		Send Request type in Websocket	1700809446873	1700809446873	OK	 
REQUEST		Send Request type in Websocket	1700809446873	1700809446873	OK	 
USER	WebSocket Scenario	END	1700809446874
USER	WebSocket Scenario	END	1700809446875
REQUEST		Send Request type in Websocket	1700809446889	1700809446889	OK	 
USER	WebSocket Scenario	END	1700809446890
REQUEST		Send Request type in Websocket	1700809446905	1700809446905	OK	 
USER	WebSocket Scenario	END	1700809446906
REQUEST		Send Request type in Websocket	1700809446921	1700809446921	OK	 
REQUEST		Send Request type in Websocket	1700809446921	1700809446921	OK	 
USER	WebSocket Scenario	END	1700809446922
USER	WebSocket Scenario	END	1700809446922
REQUEST		Send Request type in Websocket	1700809446937	1700809446937	OK	 
USER	WebSocket Scenario	END	1700809446938
REQUEST		Send Request type in Websocket	1700809446952	1700809446952	OK	 
USER	WebSocket Scenario	END	1700809446953
REQUEST		Send Request type in Websocket	1700809446955	1700809446955	OK	 
USER	WebSocket Scenario	END	1700809446956
REQUEST		Send Request type in Websocket	1700809446968	1700809446968	OK	 
USER	WebSocket Scenario	END	1700809446969
REQUEST		Send Request type in Websocket	1700809448004	1700809448004	OK	 
USER	WebSocket Scenario	END	1700809448005
REQUEST		Send Request type in Websocket	1700809448019	1700809448019	OK	 
REQUEST		Send Request type in Websocket	1700809448019	1700809448019	OK	 
USER	WebSocket Scenario	END	1700809448020
USER	WebSocket Scenario	END	1700809448020
REQUEST		Send Request type in Websocket	1700809448035	1700809448035	OK	 
USER	WebSocket Scenario	END	1700809448036
REQUEST		Send Request type in Websocket	1700809448050	1700809448050	OK	 
REQUEST		Send Request type in Websocket	1700809448050	1700809448050	OK	 
USER	WebSocket Scenario	END	1700809448051
USER	WebSocket Scenario	END	1700809448051
REQUEST		Send Request type in Websocket	1700809448066	1700809448066	OK	 
USER	WebSocket Scenario	END	1700809448067
REQUEST		Send Request type in Websocket	1700809448114	1700809448114	OK	 
REQUEST		Send Request type in Websocket	1700809448114	1700809448114	OK	 
REQUEST		Send Request type in Websocket	1700809448114	1700809448114	OK	 
USER	WebSocket Scenario	END	1700809448115
USER	WebSocket Scenario	END	1700809448115
USER	WebSocket Scenario	END	1700809448115
REQUEST		Send Request type in Websocket	1700809448129	1700809448129	OK	 
REQUEST		Send Request type in Websocket	1700809448129	1700809448129	OK	 
USER	WebSocket Scenario	END	1700809448130
USER	WebSocket Scenario	END	1700809448130
REQUEST		Send Request type in Websocket	1700809448145	1700809448145	OK	 
USER	WebSocket Scenario	END	1700809448146
REQUEST		Send Request type in Websocket	1700809448176	1700809448176	OK	 
USER	WebSocket Scenario	END	1700809448177
REQUEST		Send Request type in Websocket	1700809448192	1700809448192	OK	 
USER	WebSocket Scenario	END	1700809448193
REQUEST		Send Request type in Websocket	1700809448224	1700809448224	OK	 
USER	WebSocket Scenario	END	1700809448225
REQUEST		Send Request type in Websocket	1700809448255	1700809448255	OK	 
USER	WebSocket Scenario	END	1700809448256
REQUEST		Send Request type in Websocket	1700809448271	1700809448271	OK	 
USER	WebSocket Scenario	END	1700809448272
REQUEST		Send Request type in Websocket	1700809448303	1700809448303	OK	 
USER	WebSocket Scenario	END	1700809448304
REQUEST		Send Request type in Websocket	1700809448318	1700809448318	OK	 
USER	WebSocket Scenario	END	1700809448320
REQUEST		Send Request type in Websocket	1700809448349	1700809448349	OK	 
USER	WebSocket Scenario	END	1700809448350
REQUEST		Send Request type in Websocket	1700809448365	1700809448365	OK	 
USER	WebSocket Scenario	END	1700809448366
REQUEST		Send Request type in Websocket	1700809448381	1700809448381	OK	 
USER	WebSocket Scenario	END	1700809448382
REQUEST		Send Request type in Websocket	1700809448412	1700809448412	OK	 
USER	WebSocket Scenario	END	1700809448414
REQUEST		Send Request type in Websocket	1700809448428	1700809448428	OK	 
USER	WebSocket Scenario	END	1700809448429
REQUEST		Send Request type in Websocket	1700809448444	1700809448444	OK	 
USER	WebSocket Scenario	END	1700809448445
REQUEST		Send Request type in Websocket	1700809448475	1700809448475	OK	 
USER	WebSocket Scenario	END	1700809448476
REQUEST		Send Request type in Websocket	1700809448491	1700809448491	OK	 
USER	WebSocket Scenario	END	1700809448492
REQUEST		Send Request type in Websocket	1700809448506	1700809448506	OK	 
USER	WebSocket Scenario	END	1700809448507
REQUEST		Send Request type in Websocket	1700809448522	1700809448522	OK	 
USER	WebSocket Scenario	END	1700809448523
REQUEST		Send Request type in Websocket	1700809448553	1700809448553	OK	 
USER	WebSocket Scenario	END	1700809448554
REQUEST		Send Request type in Websocket	1700809448554	1700809448554	OK	 
USER	WebSocket Scenario	END	1700809448555
REQUEST		Send Request type in Websocket	1700809449419	1700809449419	OK	 
USER	WebSocket Scenario	END	1700809449420
REQUEST		Send Request type in Websocket	1700809449450	1700809449450	OK	 
USER	WebSocket Scenario	END	1700809449451
REQUEST		Send Request type in Websocket	1700809449466	1700809449466	OK	 
USER	WebSocket Scenario	END	1700809449467
REQUEST		Send Request type in Websocket	1700809449482	1700809449482	OK	 
REQUEST		Send Request type in Websocket	1700809449482	1700809449482	OK	 
USER	WebSocket Scenario	END	1700809449483
USER	WebSocket Scenario	END	1700809449483
REQUEST		Send Request type in Websocket	1700809449498	1700809449498	OK	 
USER	WebSocket Scenario	END	1700809449499
REQUEST		Send Request type in Websocket	1700809449513	1700809449513	OK	 
USER	WebSocket Scenario	END	1700809449514
REQUEST		Send Request type in Websocket	1700809449529	1700809449529	OK	 
USER	WebSocket Scenario	END	1700809449530
REQUEST		Send Request type in Websocket	1700809449545	1700809449545	OK	 
REQUEST		Send Request type in Websocket	1700809449545	1700809449545	OK	 
USER	WebSocket Scenario	END	1700809449546
USER	WebSocket Scenario	END	1700809449546
REQUEST		Send Request type in Websocket	1700809449560	1700809449560	OK	 
USER	WebSocket Scenario	END	1700809449562
REQUEST		Send Request type in Websocket	1700809449576	1700809449576	OK	 
USER	WebSocket Scenario	END	1700809449577
REQUEST		Send Request type in Websocket	1700809449593	1700809449593	OK	 
USER	WebSocket Scenario	END	1700809449593
REQUEST		Send Request type in Websocket	1700809449608	1700809449608	OK	 
USER	WebSocket Scenario	END	1700809449609
REQUEST		Send Request type in Websocket	1700809449624	1700809449624	OK	 
REQUEST		Send Request type in Websocket	1700809449624	1700809449624	OK	 
USER	WebSocket Scenario	END	1700809449625
USER	WebSocket Scenario	END	1700809449625
REQUEST		Send Request type in Websocket	1700809449624	1700809449624	OK	 
USER	WebSocket Scenario	END	1700809449625
