RUN	computerdatabase.ComputerDatabaseSimulation	computerdatabasesimulation	1700818787841	Socket Connect	3.9.5
USER	WebSocket Scenario	START	1700818788919
USER	WebSocket Scenario	START	1700818788919
USER	WebSocket Scenario	START	1700818788919
USER	WebSocket Scenario	START	1700818788919
USER	WebSocket Scenario	START	1700818788919
USER	WebSocket Scenario	START	1700818788919
USER	WebSocket Scenario	START	1700818788919
USER	WebSocket Scenario	START	1700818788919
USER	WebSocket Scenario	START	1700818788919
USER	WebSocket Scenario	START	1700818788919
USER	WebSocket Scenario	START	1700818788919
USER	WebSocket Scenario	START	1700818788919
USER	WebSocket Scenario	START	1700818788919
USER	WebSocket Scenario	START	1700818788919
USER	WebSocket Scenario	START	1700818788919
USER	WebSocket Scenario	START	1700818788919
USER	WebSocket Scenario	START	1700818788919
USER	WebSocket Scenario	START	1700818788919
USER	WebSocket Scenario	START	1700818788919
USER	WebSocket Scenario	START	1700818788919
USER	WebSocket Scenario	START	1700818788919
USER	WebSocket Scenario	START	1700818788919
USER	WebSocket Scenario	START	1700818788919
USER	WebSocket Scenario	START	1700818788919
USER	WebSocket Scenario	START	1700818788919
USER	WebSocket Scenario	START	1700818788920
USER	WebSocket Scenario	START	1700818788920
USER	WebSocket Scenario	START	1700818788920
USER	WebSocket Scenario	START	1700818788920
USER	WebSocket Scenario	START	1700818788920
USER	WebSocket Scenario	START	1700818788920
USER	WebSocket Scenario	START	1700818788920
USER	WebSocket Scenario	START	1700818788920
USER	WebSocket Scenario	START	1700818788920
USER	WebSocket Scenario	START	1700818788920
USER	WebSocket Scenario	START	1700818788920
USER	WebSocket Scenario	START	1700818788920
USER	WebSocket Scenario	START	1700818788920
USER	WebSocket Scenario	START	1700818788920
USER	WebSocket Scenario	START	1700818788920
USER	WebSocket Scenario	START	1700818788920
USER	WebSocket Scenario	START	1700818788920
USER	WebSocket Scenario	START	1700818788920
USER	WebSocket Scenario	START	1700818788920
USER	WebSocket Scenario	START	1700818788920
USER	WebSocket Scenario	START	1700818788920
USER	WebSocket Scenario	START	1700818788920
USER	WebSocket Scenario	START	1700818788920
USER	WebSocket Scenario	START	1700818788920
USER	WebSocket Scenario	START	1700818788920
USER	WebSocket Scenario	START	1700818788920
USER	WebSocket Scenario	START	1700818788920
USER	WebSocket Scenario	START	1700818788920
USER	WebSocket Scenario	START	1700818788920
USER	WebSocket Scenario	START	1700818788920
USER	WebSocket Scenario	START	1700818788920
USER	WebSocket Scenario	START	1700818788920
USER	WebSocket Scenario	START	1700818788920
USER	WebSocket Scenario	START	1700818788920
USER	WebSocket Scenario	START	1700818788920
USER	WebSocket Scenario	START	1700818788920
USER	WebSocket Scenario	START	1700818788920
USER	WebSocket Scenario	START	1700818788920
USER	WebSocket Scenario	START	1700818788920
USER	WebSocket Scenario	START	1700818788920
USER	WebSocket Scenario	START	1700818788920
USER	WebSocket Scenario	START	1700818788920
USER	WebSocket Scenario	START	1700818788920
USER	WebSocket Scenario	START	1700818788920
USER	WebSocket Scenario	START	1700818788920
USER	WebSocket Scenario	START	1700818788920
USER	WebSocket Scenario	START	1700818788920
USER	WebSocket Scenario	START	1700818788920
USER	WebSocket Scenario	START	1700818788920
USER	WebSocket Scenario	START	1700818788920
USER	WebSocket Scenario	START	1700818788920
USER	WebSocket Scenario	START	1700818788920
USER	WebSocket Scenario	START	1700818788920
USER	WebSocket Scenario	START	1700818788920
USER	WebSocket Scenario	START	1700818788920
USER	WebSocket Scenario	START	1700818788920
USER	WebSocket Scenario	START	1700818788920
USER	WebSocket Scenario	START	1700818788920
USER	WebSocket Scenario	START	1700818788920
USER	WebSocket Scenario	START	1700818788920
USER	WebSocket Scenario	START	1700818788920
USER	WebSocket Scenario	START	1700818788920
USER	WebSocket Scenario	START	1700818788920
USER	WebSocket Scenario	START	1700818788920
USER	WebSocket Scenario	START	1700818788920
USER	WebSocket Scenario	START	1700818788920
USER	WebSocket Scenario	START	1700818788920
USER	WebSocket Scenario	START	1700818788920
USER	WebSocket Scenario	START	1700818788920
USER	WebSocket Scenario	START	1700818788921
USER	WebSocket Scenario	START	1700818788921
USER	WebSocket Scenario	START	1700818788921
USER	WebSocket Scenario	START	1700818788921
USER	WebSocket Scenario	START	1700818788921
USER	WebSocket Scenario	START	1700818788921
USER	WebSocket Scenario	START	1700818788921
USER	WebSocket Scenario	START	1700818788921
USER	WebSocket Scenario	START	1700818788921
USER	WebSocket Scenario	START	1700818788921
USER	WebSocket Scenario	START	1700818788921
USER	WebSocket Scenario	START	1700818788921
USER	WebSocket Scenario	START	1700818788921
USER	WebSocket Scenario	START	1700818788921
USER	WebSocket Scenario	START	1700818788921
USER	WebSocket Scenario	START	1700818788921
USER	WebSocket Scenario	START	1700818788921
USER	WebSocket Scenario	START	1700818788921
USER	WebSocket Scenario	START	1700818788921
USER	WebSocket Scenario	START	1700818788921
USER	WebSocket Scenario	START	1700818788921
USER	WebSocket Scenario	START	1700818788921
USER	WebSocket Scenario	START	1700818788921
USER	WebSocket Scenario	START	1700818788921
USER	WebSocket Scenario	START	1700818788921
USER	WebSocket Scenario	START	1700818788921
USER	WebSocket Scenario	START	1700818788921
USER	WebSocket Scenario	START	1700818788921
USER	WebSocket Scenario	START	1700818788921
USER	WebSocket Scenario	START	1700818788921
USER	WebSocket Scenario	START	1700818788921
USER	WebSocket Scenario	START	1700818788921
USER	WebSocket Scenario	START	1700818788921
USER	WebSocket Scenario	START	1700818788921
USER	WebSocket Scenario	START	1700818788922
USER	WebSocket Scenario	START	1700818788922
USER	WebSocket Scenario	START	1700818788922
USER	WebSocket Scenario	START	1700818788922
USER	WebSocket Scenario	START	1700818788922
USER	WebSocket Scenario	START	1700818788922
USER	WebSocket Scenario	START	1700818788922
USER	WebSocket Scenario	START	1700818788922
USER	WebSocket Scenario	START	1700818788922
USER	WebSocket Scenario	START	1700818788922
USER	WebSocket Scenario	START	1700818788922
USER	WebSocket Scenario	START	1700818788922
USER	WebSocket Scenario	START	1700818788922
USER	WebSocket Scenario	START	1700818788922
USER	WebSocket Scenario	START	1700818788922
USER	WebSocket Scenario	START	1700818788922
USER	WebSocket Scenario	START	1700818788922
USER	WebSocket Scenario	START	1700818788922
USER	WebSocket Scenario	START	1700818788922
USER	WebSocket Scenario	START	1700818788922
USER	WebSocket Scenario	START	1700818788922
USER	WebSocket Scenario	START	1700818788922
USER	WebSocket Scenario	START	1700818788922
USER	WebSocket Scenario	START	1700818788922
USER	WebSocket Scenario	START	1700818788922
USER	WebSocket Scenario	START	1700818788923
USER	WebSocket Scenario	START	1700818788923
USER	WebSocket Scenario	START	1700818788920
USER	WebSocket Scenario	START	1700818788920
USER	WebSocket Scenario	START	1700818788925
USER	WebSocket Scenario	START	1700818788924
USER	WebSocket Scenario	START	1700818788925
USER	WebSocket Scenario	START	1700818788925
USER	WebSocket Scenario	START	1700818788925
USER	WebSocket Scenario	START	1700818788925
USER	WebSocket Scenario	START	1700818788925
USER	WebSocket Scenario	START	1700818788925
USER	WebSocket Scenario	START	1700818788925
USER	WebSocket Scenario	START	1700818788925
USER	WebSocket Scenario	START	1700818788925
USER	WebSocket Scenario	START	1700818788925
USER	WebSocket Scenario	START	1700818788925
USER	WebSocket Scenario	START	1700818788926
USER	WebSocket Scenario	START	1700818788926
USER	WebSocket Scenario	START	1700818788926
USER	WebSocket Scenario	START	1700818788926
USER	WebSocket Scenario	START	1700818788926
USER	WebSocket Scenario	START	1700818788926
USER	WebSocket Scenario	START	1700818788926
USER	WebSocket Scenario	START	1700818788926
USER	WebSocket Scenario	START	1700818788926
USER	WebSocket Scenario	START	1700818788926
USER	WebSocket Scenario	START	1700818788926
USER	WebSocket Scenario	START	1700818788926
USER	WebSocket Scenario	START	1700818788926
USER	WebSocket Scenario	START	1700818788926
USER	WebSocket Scenario	START	1700818788926
USER	WebSocket Scenario	START	1700818788926
USER	WebSocket Scenario	START	1700818788926
USER	WebSocket Scenario	START	1700818788926
USER	WebSocket Scenario	START	1700818788926
USER	WebSocket Scenario	START	1700818788926
USER	WebSocket Scenario	START	1700818788926
USER	WebSocket Scenario	START	1700818788926
USER	WebSocket Scenario	START	1700818788927
USER	WebSocket Scenario	START	1700818788927
USER	WebSocket Scenario	START	1700818788927
USER	WebSocket Scenario	START	1700818788927
USER	WebSocket Scenario	START	1700818788927
USER	WebSocket Scenario	START	1700818788927
USER	WebSocket Scenario	START	1700818788927
USER	WebSocket Scenario	START	1700818788927
REQUEST		WebSocket Connect	1700818788962	1700818789195	OK	 
REQUEST		WebSocket Connect	1700818788964	1700818789195	OK	 
REQUEST		WebSocket Connect	1700818788960	1700818789216	OK	 
REQUEST		WebSocket Connect	1700818788963	1700818789218	OK	 
REQUEST		WebSocket Connect	1700818788964	1700818789532	OK	 
REQUEST		WebSocket Connect	1700818788964	1700818789564	OK	 
REQUEST		WebSocket Connect	1700818788960	1700818789574	OK	 
REQUEST		WebSocket Connect	1700818788947	1700818789585	OK	 
REQUEST		WebSocket Connect	1700818788962	1700818789600	OK	 
REQUEST		WebSocket Connect	1700818788947	1700818789601	OK	 
REQUEST		WebSocket Connect	1700818788965	1700818789657	OK	 
REQUEST		WebSocket Connect	1700818788964	1700818790664	OK	 
REQUEST		WebSocket Connect	1700818788962	1700818790675	OK	 
REQUEST		WebSocket Connect	1700818788963	1700818791673	OK	 
REQUEST		WebSocket Connect	1700818788966	1700818791696	OK	 
REQUEST		WebSocket Connect	1700818788948	1700818791707	OK	 
REQUEST		WebSocket Connect	1700818788963	1700818791707	OK	 
REQUEST		WebSocket Connect	1700818788963	1700818792698	OK	 
REQUEST		WebSocket Connect	1700818788961	1700818792711	OK	 
REQUEST		WebSocket Connect	1700818788963	1700818792720	OK	 
REQUEST		WebSocket Connect	1700818788965	1700818792729	OK	 
REQUEST		WebSocket Connect	1700818788961	1700818792741	OK	 
REQUEST		WebSocket Connect	1700818788963	1700818792751	OK	 
REQUEST		WebSocket Connect	1700818788964	1700818792764	OK	 
REQUEST		WebSocket Connect	1700818788964	1700818792764	OK	 
REQUEST		WebSocket Connect	1700818788962	1700818793734	OK	 
REQUEST		WebSocket Connect	1700818788965	1700818793745	OK	 
REQUEST		WebSocket Connect	1700818788966	1700818793767	OK	 
REQUEST		WebSocket Connect	1700818788966	1700818793778	OK	 
REQUEST		WebSocket Connect	1700818788964	1700818793792	OK	 
REQUEST		WebSocket Connect	1700818788964	1700818793800	OK	 
REQUEST		WebSocket Connect	1700818788966	1700818793811	OK	 
REQUEST		WebSocket Connect	1700818788962	1700818793822	OK	 
REQUEST		WebSocket Connect	1700818788966	1700818793834	OK	 
REQUEST		WebSocket Connect	1700818788966	1700818793843	OK	 
REQUEST		WebSocket Connect	1700818788975	1700818793855	OK	 
REQUEST		WebSocket Connect	1700818788947	1700818793865	OK	 
REQUEST		WebSocket Connect	1700818788965	1700818793875	OK	 
REQUEST		WebSocket Connect	1700818788964	1700818793884	OK	 
REQUEST		WebSocket Connect	1700818788967	1700818793895	OK	 
REQUEST		WebSocket Connect	1700818788975	1700818793896	OK	 
REQUEST		WebSocket Connect	1700818788962	1700818794810	OK	 
REQUEST		WebSocket Connect	1700818788949	1700818794827	OK	 
REQUEST		WebSocket Connect	1700818788967	1700818794853	OK	 
REQUEST		WebSocket Connect	1700818788949	1700818794875	OK	 
REQUEST		WebSocket Connect	1700818788965	1700818794882	OK	 
REQUEST		WebSocket Connect	1700818788963	1700818794890	OK	 
REQUEST		WebSocket Connect	1700818788974	1700818794904	OK	 
REQUEST		WebSocket Connect	1700818788950	1700818794912	OK	 
REQUEST		WebSocket Connect	1700818788977	1700818794923	OK	 
REQUEST		WebSocket Connect	1700818788948	1700818794937	OK	 
REQUEST		WebSocket Connect	1700818788976	1700818794948	OK	 
REQUEST		WebSocket Connect	1700818788976	1700818794957	OK	 
REQUEST		WebSocket Connect	1700818788963	1700818794968	OK	 
REQUEST		WebSocket Connect	1700818788975	1700818794978	OK	 
REQUEST		WebSocket Connect	1700818788974	1700818794991	OK	 
REQUEST		WebSocket Connect	1700818788976	1700818795009	OK	 
REQUEST		WebSocket Connect	1700818788976	1700818795016	OK	 
REQUEST		WebSocket Connect	1700818788964	1700818795028	OK	 
REQUEST		WebSocket Connect	1700818788976	1700818795038	OK	 
REQUEST		WebSocket Connect	1700818788976	1700818795047	OK	 
REQUEST		WebSocket Connect	1700818788968	1700818795092	OK	 
REQUEST		WebSocket Connect	1700818788978	1700818795101	OK	 
REQUEST		WebSocket Connect	1700818788976	1700818795112	OK	 
REQUEST		WebSocket Connect	1700818788976	1700818795123	OK	 
REQUEST		WebSocket Connect	1700818788947	1700818795135	OK	 
REQUEST		WebSocket Connect	1700818788976	1700818795147	OK	 
REQUEST		WebSocket Connect	1700818788976	1700818795157	OK	 
REQUEST		WebSocket Connect	1700818788968	1700818795169	OK	 
REQUEST		WebSocket Connect	1700818788977	1700818795179	OK	 
REQUEST		WebSocket Connect	1700818788968	1700818795191	OK	 
REQUEST		WebSocket Connect	1700818788969	1700818795201	OK	 
REQUEST		WebSocket Connect	1700818788977	1700818795201	OK	 
REQUEST		WebSocket Connect	1700818788947	1700818796047	OK	 
REQUEST		WebSocket Connect	1700818788961	1700818796071	OK	 
REQUEST		WebSocket Connect	1700818788969	1700818796074	OK	 
REQUEST		WebSocket Connect	1700818788962	1700818796079	OK	 
REQUEST		WebSocket Connect	1700818788970	1700818796083	OK	 
REQUEST		WebSocket Connect	1700818788970	1700818796091	OK	 
REQUEST		WebSocket Connect	1700818788963	1700818796116	OK	 
REQUEST		WebSocket Connect	1700818788969	1700818796118	OK	 
REQUEST		WebSocket Connect	1700818788970	1700818796133	OK	 
REQUEST		WebSocket Connect	1700818788978	1700818796143	OK	 
REQUEST		WebSocket Connect	1700818788974	1700818796163	OK	 
REQUEST		WebSocket Connect	1700818788970	1700818796176	OK	 
REQUEST		WebSocket Connect	1700818788969	1700818796188	OK	 
REQUEST		WebSocket Connect	1700818788977	1700818796203	OK	 
REQUEST		WebSocket Connect	1700818788969	1700818796214	OK	 
REQUEST		WebSocket Connect	1700818788976	1700818796226	OK	 
REQUEST		WebSocket Connect	1700818788977	1700818796236	OK	 
REQUEST		WebSocket Connect	1700818788975	1700818796250	OK	 
REQUEST		WebSocket Connect	1700818788969	1700818796262	OK	 
REQUEST		WebSocket Connect	1700818788976	1700818796271	OK	 
REQUEST		WebSocket Connect	1700818788978	1700818796283	OK	 
REQUEST		WebSocket Connect	1700818788978	1700818796294	OK	 
REQUEST		WebSocket Connect	1700818788970	1700818796302	OK	 
REQUEST		WebSocket Connect	1700818788971	1700818796313	OK	 
REQUEST		WebSocket Connect	1700818788970	1700818796322	OK	 
REQUEST		WebSocket Connect	1700818788978	1700818796334	OK	 
REQUEST		WebSocket Connect	1700818788971	1700818796344	OK	 
REQUEST		WebSocket Connect	1700818788979	1700818796355	OK	 
REQUEST		WebSocket Connect	1700818788978	1700818796365	OK	 
REQUEST		WebSocket Connect	1700818788977	1700818796375	OK	 
REQUEST		WebSocket Connect	1700818788979	1700818796386	OK	 
REQUEST		WebSocket Connect	1700818788949	1700818796397	OK	 
REQUEST		WebSocket Connect	1700818788978	1700818796408	OK	 
REQUEST		WebSocket Connect	1700818788969	1700818796419	OK	 
REQUEST		WebSocket Connect	1700818788971	1700818796429	OK	 
REQUEST		WebSocket Connect	1700818788949	1700818796429	OK	 
REQUEST		WebSocket Connect	1700818788972	1700818797264	OK	 
REQUEST		WebSocket Connect	1700818788979	1700818797287	OK	 
REQUEST		WebSocket Connect	1700818788979	1700818797305	OK	 
REQUEST		WebSocket Connect	1700818788960	1700818797339	OK	 
REQUEST		WebSocket Connect	1700818788972	1700818797354	OK	 
REQUEST		WebSocket Connect	1700818788973	1700818797367	OK	 
REQUEST		WebSocket Connect	1700818788978	1700818797382	OK	 
REQUEST		WebSocket Connect	1700818788973	1700818797394	OK	 
REQUEST		WebSocket Connect	1700818788979	1700818797409	OK	 
REQUEST		WebSocket Connect	1700818788961	1700818797421	OK	 
REQUEST		WebSocket Connect	1700818788951	1700818797434	OK	 
REQUEST		WebSocket Connect	1700818788977	1700818797451	OK	 
REQUEST		WebSocket Connect	1700818788974	1700818797462	OK	 
REQUEST		WebSocket Connect	1700818788961	1700818797481	OK	 
REQUEST		WebSocket Connect	1700818788978	1700818797494	OK	 
REQUEST		WebSocket Connect	1700818788974	1700818797506	OK	 
REQUEST		WebSocket Connect	1700818788961	1700818797527	OK	 
REQUEST		WebSocket Connect	1700818788960	1700818797547	OK	 
REQUEST		WebSocket Connect	1700818788979	1700818797566	OK	 
REQUEST		WebSocket Connect	1700818788978	1700818797567	OK	 
REQUEST		WebSocket Connect	1700818788985	1700818797584	OK	 
REQUEST		WebSocket Connect	1700818788971	1700818797593	OK	 
REQUEST		WebSocket Connect	1700818788976	1700818797607	OK	 
REQUEST		WebSocket Connect	1700818788970	1700818797615	OK	 
REQUEST		WebSocket Connect	1700818788983	1700818797636	OK	 
REQUEST		WebSocket Connect	1700818788970	1700818797647	OK	 
REQUEST		WebSocket Connect	1700818788970	1700818797650	OK	 
REQUEST		WebSocket Connect	1700818788971	1700818797663	OK	 
REQUEST		WebSocket Connect	1700818788971	1700818797674	OK	 
REQUEST		WebSocket Connect	1700818788982	1700818797686	OK	 
REQUEST		WebSocket Connect	1700818788973	1700818797694	OK	 
REQUEST		WebSocket Connect	1700818788980	1700818797706	OK	 
REQUEST		WebSocket Connect	1700818788948	1700818797706	OK	 
REQUEST		WebSocket Connect	1700818788973	1700818797723	OK	 
REQUEST		WebSocket Connect	1700818788951	1700818797734	OK	 
REQUEST		WebSocket Connect	1700818788985	1700818798598	OK	 
REQUEST		WebSocket Connect	1700818788982	1700818798599	OK	 
REQUEST		WebSocket Connect	1700818788978	1700818798626	OK	 
REQUEST		WebSocket Connect	1700818788983	1700818798637	OK	 
REQUEST		WebSocket Connect	1700818788974	1700818798638	OK	 
REQUEST		WebSocket Connect	1700818788986	1700818798642	OK	 
REQUEST		WebSocket Connect	1700818788984	1700818798644	OK	 
REQUEST		WebSocket Connect	1700818788987	1700818798646	OK	 
REQUEST		WebSocket Connect	1700818788984	1700818798675	OK	 
REQUEST		WebSocket Connect	1700818788949	1700818798678	OK	 
REQUEST		WebSocket Connect	1700818788977	1700818798697	OK	 
REQUEST		WebSocket Connect	1700818788961	1700818798697	OK	 
REQUEST		WebSocket Connect	1700818788984	1700818798699	OK	 
REQUEST		WebSocket Connect	1700818788976	1700818798711	OK	 
REQUEST		WebSocket Connect	1700818788984	1700818798712	OK	 
REQUEST		WebSocket Connect	1700818788974	1700818798735	OK	 
REQUEST		WebSocket Connect	1700818788964	1700818798737	OK	 
REQUEST		WebSocket Connect	1700818788984	1700818798742	OK	 
REQUEST		WebSocket Connect	1700818788985	1700818798745	OK	 
REQUEST		WebSocket Connect	1700818788985	1700818798746	OK	 
REQUEST		WebSocket Connect	1700818788986	1700818798763	OK	 
REQUEST		WebSocket Connect	1700818788986	1700818798777	OK	 
REQUEST		WebSocket Connect	1700818788973	1700818798810	OK	 
REQUEST		WebSocket Connect	1700818788986	1700818798823	OK	 
REQUEST		WebSocket Connect	1700818788975	1700818798823	OK	 
REQUEST		WebSocket Connect	1700818788972	1700818798835	OK	 
REQUEST		WebSocket Connect	1700818788987	1700818798839	OK	 
REQUEST		WebSocket Connect	1700818788979	1700818798897	OK	 
REQUEST		WebSocket Connect	1700818788973	1700818798909	OK	 
REQUEST		WebSocket Connect	1700818788987	1700818798974	OK	 
REQUEST		WebSocket Connect	1700818788974	1700818799044	OK	 
REQUEST		WebSocket Connect	1700818788987	1700818799087	KO	i.n.h.s.SslHandshakeTimeoutException: handshake timed out after 10000ms
REQUEST		WebSocket Connect	1700818788971	1700818799087	KO	i.n.h.s.SslHandshakeTimeoutException: handshake timed out after 10000ms
REQUEST		WebSocket Connect	1700818788979	1700818799087	KO	i.n.h.s.SslHandshakeTimeoutException: handshake timed out after 10000ms
REQUEST		WebSocket Connect	1700818788973	1700818799087	KO	i.n.h.s.SslHandshakeTimeoutException: handshake timed out after 10000ms
REQUEST		WebSocket Connect	1700818788964	1700818799087	KO	i.n.h.s.SslHandshakeTimeoutException: handshake timed out after 10000ms
REQUEST		WebSocket Connect	1700818788972	1700818799090	KO	i.n.h.s.SslHandshakeTimeoutException: handshake timed out after 10000ms
REQUEST		WebSocket Connect	1700818788973	1700818799090	KO	i.n.h.s.SslHandshakeTimeoutException: handshake timed out after 10000ms
REQUEST		WebSocket Connect	1700818788988	1700818799090	KO	i.n.h.s.SslHandshakeTimeoutException: handshake timed out after 10000ms
REQUEST		WebSocket Connect	1700818788965	1700818799090	KO	i.n.h.s.SslHandshakeTimeoutException: handshake timed out after 10000ms
REQUEST		WebSocket Connect	1700818788972	1700818799090	KO	i.n.h.s.SslHandshakeTimeoutException: handshake timed out after 10000ms
REQUEST		WebSocket Connect	1700818788988	1700818799090	KO	i.n.h.s.SslHandshakeTimeoutException: handshake timed out after 10000ms
REQUEST		WebSocket Connect	1700818788983	1700818799090	KO	i.n.h.s.SslHandshakeTimeoutException: handshake timed out after 10000ms
REQUEST		WebSocket Connect	1700818788973	1700818799090	KO	i.n.h.s.SslHandshakeTimeoutException: handshake timed out after 10000ms
REQUEST		WebSocket Connect	1700818788974	1700818799090	KO	i.n.h.s.SslHandshakeTimeoutException: handshake timed out after 10000ms
REQUEST		WebSocket Connect	1700818788965	1700818799090	KO	i.n.h.s.SslHandshakeTimeoutException: handshake timed out after 10000ms
REQUEST		WebSocket Connect	1700818788974	1700818799091	KO	i.n.h.s.SslHandshakeTimeoutException: handshake timed out after 10000ms
REQUEST		WebSocket Connect	1700818788976	1700818799091	KO	i.n.h.s.SslHandshakeTimeoutException: handshake timed out after 10000ms
REQUEST		WebSocket Connect	1700818788966	1700818799091	KO	i.n.h.s.SslHandshakeTimeoutException: handshake timed out after 10000ms
REQUEST		WebSocket Connect	1700818788982	1700818799091	KO	i.n.h.s.SslHandshakeTimeoutException: handshake timed out after 10000ms
REQUEST		WebSocket Connect	1700818788982	1700818799091	KO	i.n.h.s.SslHandshakeTimeoutException: handshake timed out after 10000ms
REQUEST		WebSocket Connect	1700818788966	1700818799091	KO	i.n.h.s.SslHandshakeTimeoutException: handshake timed out after 10000ms
REQUEST		WebSocket Connect	1700818788967	1700818799092	KO	i.n.h.s.SslHandshakeTimeoutException: handshake timed out after 10000ms
REQUEST		WebSocket Connect	1700818788967	1700818799093	KO	i.n.h.s.SslHandshakeTimeoutException: handshake timed out after 10000ms
REQUEST		WebSocket Connect	1700818788969	1700818799093	KO	i.n.h.s.SslHandshakeTimeoutException: handshake timed out after 10000ms
REQUEST		WebSocket Connect	1700818788970	1700818799094	KO	i.n.h.s.SslHandshakeTimeoutException: handshake timed out after 10000ms
REQUEST		Send Request type in Websocket	1700818799218	1700818799218	OK	 
REQUEST		Send Request type in Websocket	1700818799218	1700818799218	OK	 
REQUEST		Send Request type in Websocket	1700818799220	1700818799220	OK	 
REQUEST		Send Request type in Websocket	1700818799221	1700818799221	OK	 
REQUEST		Send Request type in Websocket	1700818799540	1700818799540	OK	 
REQUEST		Send Request type in Websocket	1700818799571	1700818799571	OK	 
REQUEST		Send Request type in Websocket	1700818799586	1700818799586	OK	 
REQUEST		Send Request type in Websocket	1700818799586	1700818799586	OK	 
REQUEST		Send Request type in Websocket	1700818799602	1700818799602	OK	 
REQUEST		Send Request type in Websocket	1700818799603	1700818799603	OK	 
REQUEST		Send Request type in Websocket	1700818799665	1700818799665	OK	 
REQUEST		Send Request type in Websocket	1700818800680	1700818800680	OK	 
REQUEST		Send Request type in Websocket	1700818800680	1700818800680	OK	 
REQUEST		Send Request type in Websocket	1700818801682	1700818801682	OK	 
REQUEST		Send Request type in Websocket	1700818801697	1700818801697	OK	 
REQUEST		Send Request type in Websocket	1700818801713	1700818801713	OK	 
REQUEST		Send Request type in Websocket	1700818801713	1700818801713	OK	 
REQUEST		Send Request type in Websocket	1700818802699	1700818802699	OK	 
REQUEST		Send Request type in Websocket	1700818802714	1700818802714	OK	 
REQUEST		Send Request type in Websocket	1700818802730	1700818802730	OK	 
REQUEST		Send Request type in Websocket	1700818802730	1700818802730	OK	 
REQUEST		Send Request type in Websocket	1700818802746	1700818802746	OK	 
REQUEST		Send Request type in Websocket	1700818802762	1700818802762	OK	 
REQUEST		Send Request type in Websocket	1700818802777	1700818802777	OK	 
REQUEST		Send Request type in Websocket	1700818802777	1700818802777	OK	 
REQUEST		Send Request type in Websocket	1700818803748	1700818803748	OK	 
REQUEST		Send Request type in Websocket	1700818803748	1700818803748	OK	 
REQUEST		Send Request type in Websocket	1700818803779	1700818803779	OK	 
REQUEST		Send Request type in Websocket	1700818803779	1700818803779	OK	 
REQUEST		Send Request type in Websocket	1700818803795	1700818803795	OK	 
REQUEST		Send Request type in Websocket	1700818803811	1700818803811	OK	 
REQUEST		Send Request type in Websocket	1700818803816	1700818803816	OK	 
REQUEST		Send Request type in Websocket	1700818803826	1700818803826	OK	 
REQUEST		Send Request type in Websocket	1700818803841	1700818803841	OK	 
REQUEST		Send Request type in Websocket	1700818803846	1700818803846	OK	 
REQUEST		Send Request type in Websocket	1700818803857	1700818803857	OK	 
REQUEST		Send Request type in Websocket	1700818803873	1700818803873	OK	 
REQUEST		Send Request type in Websocket	1700818803888	1700818803888	OK	 
REQUEST		Send Request type in Websocket	1700818803888	1700818803888	OK	 
REQUEST		Send Request type in Websocket	1700818803904	1700818803904	OK	 
REQUEST		Send Request type in Websocket	1700818803904	1700818803904	OK	 
USER	WebSocket Scenario	END	1700818804235
USER	WebSocket Scenario	END	1700818804235
USER	WebSocket Scenario	END	1700818804235
USER	WebSocket Scenario	END	1700818804235
USER	WebSocket Scenario	END	1700818804544
USER	WebSocket Scenario	END	1700818804574
USER	WebSocket Scenario	END	1700818804590
USER	WebSocket Scenario	END	1700818804590
USER	WebSocket Scenario	END	1700818804605
USER	WebSocket Scenario	END	1700818804605
USER	WebSocket Scenario	END	1700818804669
REQUEST		Send Request type in Websocket	1700818804826	1700818804826	OK	 
REQUEST		Send Request type in Websocket	1700818804841	1700818804841	OK	 
REQUEST		Send Request type in Websocket	1700818804857	1700818804857	OK	 
REQUEST		Send Request type in Websocket	1700818804887	1700818804887	OK	 
REQUEST		Send Request type in Websocket	1700818804887	1700818804887	OK	 
REQUEST		Send Request type in Websocket	1700818804903	1700818804903	OK	 
REQUEST		Send Request type in Websocket	1700818804919	1700818804919	OK	 
REQUEST		Send Request type in Websocket	1700818804919	1700818804919	OK	 
REQUEST		Send Request type in Websocket	1700818804924	1700818804924	OK	 
REQUEST		Send Request type in Websocket	1700818804951	1700818804951	OK	 
REQUEST		Send Request type in Websocket	1700818804951	1700818804951	OK	 
REQUEST		Send Request type in Websocket	1700818804967	1700818804967	OK	 
REQUEST		Send Request type in Websocket	1700818804982	1700818804982	OK	 
REQUEST		Send Request type in Websocket	1700818804982	1700818804982	OK	 
REQUEST		Send Request type in Websocket	1700818804998	1700818804998	OK	 
REQUEST		Send Request type in Websocket	1700818805014	1700818805014	OK	 
REQUEST		Send Request type in Websocket	1700818805029	1700818805029	OK	 
REQUEST		Send Request type in Websocket	1700818805044	1700818805044	OK	 
REQUEST		Send Request type in Websocket	1700818805044	1700818805044	OK	 
REQUEST		Send Request type in Websocket	1700818805060	1700818805060	OK	 
REQUEST		Send Request type in Websocket	1700818805106	1700818805106	OK	 
REQUEST		Send Request type in Websocket	1700818805106	1700818805106	OK	 
REQUEST		Send Request type in Websocket	1700818805121	1700818805121	OK	 
REQUEST		Send Request type in Websocket	1700818805136	1700818805136	OK	 
REQUEST		Send Request type in Websocket	1700818805136	1700818805136	OK	 
REQUEST		Send Request type in Websocket	1700818805152	1700818805152	OK	 
REQUEST		Send Request type in Websocket	1700818805167	1700818805167	OK	 
REQUEST		Send Request type in Websocket	1700818805172	1700818805172	OK	 
REQUEST		Send Request type in Websocket	1700818805184	1700818805184	OK	 
REQUEST		Send Request type in Websocket	1700818805199	1700818805199	OK	 
REQUEST		Send Request type in Websocket	1700818805216	1700818805216	OK	 
REQUEST		Send Request type in Websocket	1700818805215	1700818805215	OK	 
USER	WebSocket Scenario	END	1700818805686
USER	WebSocket Scenario	END	1700818805686
REQUEST		Send Request type in Websocket	1700818806061	1700818806061	OK	 
REQUEST		Send Request type in Websocket	1700818806076	1700818806076	OK	 
REQUEST		Send Request type in Websocket	1700818806078	1700818806078	KO	Client issued text frame but server has closed the WebSocket and max reconnects is reached
REQUEST		Send Request type in Websocket	1700818806091	1700818806091	KO	Client issued text frame but server has closed the WebSocket and max reconnects is reached
REQUEST		Send Request type in Websocket	1700818806091	1700818806091	OK	 
REQUEST		Send Request type in Websocket	1700818806094	1700818806094	OK	 
REQUEST		Send Request type in Websocket	1700818806122	1700818806122	KO	Client issued text frame but server has closed the WebSocket and max reconnects is reached
REQUEST		Send Request type in Websocket	1700818806122	1700818806122	OK	 
REQUEST		Send Request type in Websocket	1700818806138	1700818806138	KO	Client issued text frame but server has closed the WebSocket and max reconnects is reached
REQUEST		Send Request type in Websocket	1700818806154	1700818806154	OK	 
REQUEST		Send Request type in Websocket	1700818806169	1700818806169	OK	 
REQUEST		Send Request type in Websocket	1700818806185	1700818806185	OK	 
REQUEST		Send Request type in Websocket	1700818806201	1700818806201	OK	 
REQUEST		Send Request type in Websocket	1700818806216	1700818806216	OK	 
REQUEST		Send Request type in Websocket	1700818806215	1700818806215	OK	 
REQUEST		Send Request type in Websocket	1700818806232	1700818806232	OK	 
REQUEST		Send Request type in Websocket	1700818806248	1700818806248	OK	 
REQUEST		Send Request type in Websocket	1700818806263	1700818806263	OK	 
REQUEST		Send Request type in Websocket	1700818806263	1700818806263	OK	 
REQUEST		Send Request type in Websocket	1700818806279	1700818806279	OK	 
REQUEST		Send Request type in Websocket	1700818806294	1700818806294	OK	 
REQUEST		Send Request type in Websocket	1700818806294	1700818806294	OK	 
REQUEST		Send Request type in Websocket	1700818806309	1700818806309	OK	 
REQUEST		Send Request type in Websocket	1700818806324	1700818806324	OK	 
REQUEST		Send Request type in Websocket	1700818806324	1700818806324	OK	 
REQUEST		Send Request type in Websocket	1700818806339	1700818806339	OK	 
REQUEST		Send Request type in Websocket	1700818806355	1700818806355	OK	 
REQUEST		Send Request type in Websocket	1700818806371	1700818806371	OK	 
REQUEST		Send Request type in Websocket	1700818806371	1700818806371	OK	 
REQUEST		Send Request type in Websocket	1700818806386	1700818806386	OK	 
REQUEST		Send Request type in Websocket	1700818806402	1700818806402	OK	 
REQUEST		Send Request type in Websocket	1700818806402	1700818806402	OK	 
REQUEST		Send Request type in Websocket	1700818806418	1700818806418	OK	 
REQUEST		Send Request type in Websocket	1700818806433	1700818806433	OK	 
REQUEST		Send Request type in Websocket	1700818806433	1700818806433	OK	 
REQUEST		Send Request type in Websocket	1700818806433	1700818806433	OK	 
USER	WebSocket Scenario	END	1700818806684
USER	WebSocket Scenario	END	1700818806700
USER	WebSocket Scenario	END	1700818806716
USER	WebSocket Scenario	END	1700818806716
REQUEST		Send Request type in Websocket	1700818807279	1700818807279	OK	 
REQUEST		Send Request type in Websocket	1700818807295	1700818807295	OK	 
REQUEST		Send Request type in Websocket	1700818807310	1700818807310	OK	 
REQUEST		Send Request type in Websocket	1700818807341	1700818807341	OK	 
REQUEST		Send Request type in Websocket	1700818807356	1700818807356	OK	 
REQUEST		Send Request type in Websocket	1700818807372	1700818807372	OK	 
REQUEST		Send Request type in Websocket	1700818807387	1700818807387	OK	 
REQUEST		Send Request type in Websocket	1700818807402	1700818807402	OK	 
REQUEST		Send Request type in Websocket	1700818807418	1700818807418	OK	 
REQUEST		Send Request type in Websocket	1700818807433	1700818807433	OK	 
REQUEST		Send Request type in Websocket	1700818807448	1700818807448	OK	 
REQUEST		Send Request type in Websocket	1700818807464	1700818807464	OK	 
REQUEST		Send Request type in Websocket	1700818807464	1700818807464	OK	 
REQUEST		Send Request type in Websocket	1700818807496	1700818807496	OK	 
REQUEST		Send Request type in Websocket	1700818807496	1700818807496	OK	 
REQUEST		Send Request type in Websocket	1700818807512	1700818807512	OK	 
REQUEST		Send Request type in Websocket	1700818807528	1700818807528	OK	 
REQUEST		Send Request type in Websocket	1700818807559	1700818807559	OK	 
REQUEST		Send Request type in Websocket	1700818807574	1700818807574	OK	 
REQUEST		Send Request type in Websocket	1700818807574	1700818807574	OK	 
REQUEST		Send Request type in Websocket	1700818807590	1700818807590	KO	Client issued text frame but server has closed the WebSocket and max reconnects is reached
REQUEST		Send Request type in Websocket	1700818807605	1700818807605	OK	 
REQUEST		Send Request type in Websocket	1700818807619	1700818807619	OK	 
REQUEST		Send Request type in Websocket	1700818807619	1700818807619	OK	 
REQUEST		Send Request type in Websocket	1700818807650	1700818807650	KO	Client issued text frame but server has closed the WebSocket and max reconnects is reached
REQUEST		Send Request type in Websocket	1700818807650	1700818807650	OK	 
REQUEST		Send Request type in Websocket	1700818807665	1700818807665	OK	 
REQUEST		Send Request type in Websocket	1700818807666	1700818807666	KO	Client issued text frame but server has closed the WebSocket and max reconnects is reached
REQUEST		Send Request type in Websocket	1700818807680	1700818807680	OK	 
REQUEST		Send Request type in Websocket	1700818807695	1700818807695	OK	 
REQUEST		Send Request type in Websocket	1700818807695	1700818807695	OK	 
USER	WebSocket Scenario	END	1700818807711
REQUEST		Send Request type in Websocket	1700818807710	1700818807710	OK	 
REQUEST		Send Request type in Websocket	1700818807710	1700818807710	OK	 
USER	WebSocket Scenario	END	1700818807727
REQUEST		Send Request type in Websocket	1700818807727	1700818807727	OK	 
USER	WebSocket Scenario	END	1700818807741
USER	WebSocket Scenario	END	1700818807742
REQUEST		Send Request type in Websocket	1700818807741	1700818807741	OK	 
USER	WebSocket Scenario	END	1700818807758
USER	WebSocket Scenario	END	1700818807774
USER	WebSocket Scenario	END	1700818807790
USER	WebSocket Scenario	END	1700818807790
REQUEST		Send Request type in Websocket	1700818808605	1700818808605	KO	Client issued text frame but server has closed the WebSocket and max reconnects is reached
REQUEST		Send Request type in Websocket	1700818808605	1700818808605	KO	Client issued text frame but server has closed the WebSocket and max reconnects is reached
REQUEST		Send Request type in Websocket	1700818808635	1700818808635	OK	 
REQUEST		Send Request type in Websocket	1700818808650	1700818808650	KO	Client issued text frame but server has closed the WebSocket and max reconnects is reached
REQUEST		Send Request type in Websocket	1700818808650	1700818808650	KO	Client issued text frame but server has closed the WebSocket and max reconnects is reached
REQUEST		Send Request type in Websocket	1700818808651	1700818808651	KO	Client issued text frame but server has closed the WebSocket and max reconnects is reached
REQUEST		Send Request type in Websocket	1700818808651	1700818808651	KO	Client issued text frame but server has closed the WebSocket and max reconnects is reached
REQUEST		Send Request type in Websocket	1700818808650	1700818808650	OK	 
REQUEST		Send Request type in Websocket	1700818808682	1700818808682	KO	Client issued text frame but server has closed the WebSocket and max reconnects is reached
REQUEST		Send Request type in Websocket	1700818808682	1700818808682	OK	 
REQUEST		Send Request type in Websocket	1700818808713	1700818808713	KO	Client issued text frame but server has closed the WebSocket and max reconnects is reached
REQUEST		Send Request type in Websocket	1700818808713	1700818808713	KO	Client issued text frame but server has closed the WebSocket and max reconnects is reached
REQUEST		Send Request type in Websocket	1700818808713	1700818808713	OK	 
REQUEST		Send Request type in Websocket	1700818808713	1700818808713	OK	 
REQUEST		Send Request type in Websocket	1700818808714	1700818808714	OK	 
REQUEST		Send Request type in Websocket	1700818808744	1700818808744	KO	Client issued text frame but server has closed the WebSocket and max reconnects is reached
REQUEST		Send Request type in Websocket	1700818808744	1700818808744	OK	 
REQUEST		Send Request type in Websocket	1700818808744	1700818808744	OK	 
REQUEST		Send Request type in Websocket	1700818808759	1700818808759	KO	Client issued text frame but server has closed the WebSocket and max reconnects is reached
USER	WebSocket Scenario	END	1700818808759
USER	WebSocket Scenario	END	1700818808759
REQUEST		Send Request type in Websocket	1700818808760	1700818808760	KO	Client issued text frame but server has closed the WebSocket and max reconnects is reached
REQUEST		Send Request type in Websocket	1700818808775	1700818808775	KO	Client issued text frame but server has closed the WebSocket and max reconnects is reached
REQUEST		Send Request type in Websocket	1700818808791	1700818808791	KO	Client issued text frame but server has closed the WebSocket and max reconnects is reached
USER	WebSocket Scenario	END	1700818808791
USER	WebSocket Scenario	END	1700818808791
USER	WebSocket Scenario	END	1700818808806
USER	WebSocket Scenario	END	1700818808823
USER	WebSocket Scenario	END	1700818808823
REQUEST		Send Request type in Websocket	1700818808823	1700818808823	OK	 
REQUEST		Send Request type in Websocket	1700818808838	1700818808838	KO	Client issued text frame but server has closed the WebSocket and max reconnects is reached
USER	WebSocket Scenario	END	1700818808839
REQUEST		Send Request type in Websocket	1700818808838	1700818808838	OK	 
REQUEST		Send Request type in Websocket	1700818808839	1700818808839	OK	 
REQUEST		Send Request type in Websocket	1700818808853	1700818808853	KO	Client issued text frame but server has closed the WebSocket and max reconnects is reached
USER	WebSocket Scenario	END	1700818808853
USER	WebSocket Scenario	END	1700818808853
USER	WebSocket Scenario	END	1700818808869
USER	WebSocket Scenario	END	1700818808884
USER	WebSocket Scenario	END	1700818808900
USER	WebSocket Scenario	END	1700818808900
REQUEST		Send Request type in Websocket	1700818808900	1700818808900	OK	 
REQUEST		Send Request type in Websocket	1700818808915	1700818808915	KO	Client issued text frame but server has closed the WebSocket and max reconnects is reached
USER	WebSocket Scenario	END	1700818808916
USER	WebSocket Scenario	END	1700818808916
REQUEST		Send Request type in Websocket	1700818808977	1700818808977	KO	Client issued text frame but server has closed the WebSocket and max reconnects is reached
REQUEST		Send Request type in Websocket	1700818809056	1700818809056	OK	 
REQUEST		Send Request type in Websocket	1700818809102	1700818809102	KO	Client issued text frame but server has closed the WebSocket and max reconnects is reached
REQUEST		Send Request type in Websocket	1700818809102	1700818809102	KO	Client issued text frame but server has closed the WebSocket and max reconnects is reached
REQUEST		Send Request type in Websocket	1700818809102	1700818809102	KO	Client issued text frame but server has closed the WebSocket and max reconnects is reached
REQUEST		Send Request type in Websocket	1700818809102	1700818809102	KO	Client issued text frame but server has closed the WebSocket and max reconnects is reached
REQUEST		Send Request type in Websocket	1700818809102	1700818809102	KO	Client issued text frame but server has closed the WebSocket and max reconnects is reached
REQUEST		Send Request type in Websocket	1700818809102	1700818809102	KO	Client issued text frame but server has closed the WebSocket and max reconnects is reached
REQUEST		Send Request type in Websocket	1700818809102	1700818809102	KO	Client issued text frame but server has closed the WebSocket and max reconnects is reached
REQUEST		Send Request type in Websocket	1700818809102	1700818809102	KO	Client issued text frame but server has closed the WebSocket and max reconnects is reached
REQUEST		Send Request type in Websocket	1700818809102	1700818809102	KO	Client issued text frame but server has closed the WebSocket and max reconnects is reached
REQUEST		Send Request type in Websocket	1700818809102	1700818809102	KO	Client issued text frame but server has closed the WebSocket and max reconnects is reached
REQUEST		Send Request type in Websocket	1700818809102	1700818809102	KO	Client issued text frame but server has closed the WebSocket and max reconnects is reached
REQUEST		Send Request type in Websocket	1700818809102	1700818809102	KO	Client issued text frame but server has closed the WebSocket and max reconnects is reached
REQUEST		Send Request type in Websocket	1700818809102	1700818809102	KO	Client issued text frame but server has closed the WebSocket and max reconnects is reached
REQUEST		Send Request type in Websocket	1700818809102	1700818809102	KO	Client issued text frame but server has closed the WebSocket and max reconnects is reached
REQUEST		Send Request type in Websocket	1700818809102	1700818809102	KO	Client issued text frame but server has closed the WebSocket and max reconnects is reached
REQUEST		Send Request type in Websocket	1700818809102	1700818809102	KO	Client issued text frame but server has closed the WebSocket and max reconnects is reached
REQUEST		Send Request type in Websocket	1700818809102	1700818809102	KO	Client issued text frame but server has closed the WebSocket and max reconnects is reached
REQUEST		Send Request type in Websocket	1700818809102	1700818809102	KO	Client issued text frame but server has closed the WebSocket and max reconnects is reached
REQUEST		Send Request type in Websocket	1700818809102	1700818809102	KO	Client issued text frame but server has closed the WebSocket and max reconnects is reached
REQUEST		Send Request type in Websocket	1700818809102	1700818809102	KO	Client issued text frame but server has closed the WebSocket and max reconnects is reached
REQUEST		Send Request type in Websocket	1700818809102	1700818809102	KO	Client issued text frame but server has closed the WebSocket and max reconnects is reached
REQUEST		Send Request type in Websocket	1700818809102	1700818809102	KO	Client issued text frame but server has closed the WebSocket and max reconnects is reached
REQUEST		Send Request type in Websocket	1700818809102	1700818809102	KO	Client issued text frame but server has closed the WebSocket and max reconnects is reached
REQUEST		Send Request type in Websocket	1700818809102	1700818809102	KO	Client issued text frame but server has closed the WebSocket and max reconnects is reached
REQUEST		Send Request type in Websocket	1700818809102	1700818809102	KO	Client issued text frame but server has closed the WebSocket and max reconnects is reached
USER	WebSocket Scenario	END	1700818809838
USER	WebSocket Scenario	END	1700818809854
USER	WebSocket Scenario	END	1700818809869
USER	WebSocket Scenario	END	1700818809900
USER	WebSocket Scenario	END	1700818809900
USER	WebSocket Scenario	END	1700818809915
USER	WebSocket Scenario	END	1700818809931
USER	WebSocket Scenario	END	1700818809931
USER	WebSocket Scenario	END	1700818809931
USER	WebSocket Scenario	END	1700818809963
USER	WebSocket Scenario	END	1700818809963
USER	WebSocket Scenario	END	1700818809978
USER	WebSocket Scenario	END	1700818809994
USER	WebSocket Scenario	END	1700818809994
USER	WebSocket Scenario	END	1700818810009
USER	WebSocket Scenario	END	1700818810025
USER	WebSocket Scenario	END	1700818810041
USER	WebSocket Scenario	END	1700818810057
USER	WebSocket Scenario	END	1700818810057
USER	WebSocket Scenario	END	1700818810072
USER	WebSocket Scenario	END	1700818810119
USER	WebSocket Scenario	END	1700818810119
USER	WebSocket Scenario	END	1700818810135
USER	WebSocket Scenario	END	1700818810150
USER	WebSocket Scenario	END	1700818810150
USER	WebSocket Scenario	END	1700818810166
USER	WebSocket Scenario	END	1700818810181
USER	WebSocket Scenario	END	1700818810181
USER	WebSocket Scenario	END	1700818810197
USER	WebSocket Scenario	END	1700818810212
USER	WebSocket Scenario	END	1700818810228
USER	WebSocket Scenario	END	1700818810228
USER	WebSocket Scenario	END	1700818811071
USER	WebSocket Scenario	END	1700818811087
USER	WebSocket Scenario	END	1700818811087
USER	WebSocket Scenario	END	1700818811102
USER	WebSocket Scenario	END	1700818811102
USER	WebSocket Scenario	END	1700818811102
USER	WebSocket Scenario	END	1700818811133
USER	WebSocket Scenario	END	1700818811133
USER	WebSocket Scenario	END	1700818811150
USER	WebSocket Scenario	END	1700818811165
USER	WebSocket Scenario	END	1700818811181
USER	WebSocket Scenario	END	1700818811196
USER	WebSocket Scenario	END	1700818811211
USER	WebSocket Scenario	END	1700818811227
USER	WebSocket Scenario	END	1700818811227
USER	WebSocket Scenario	END	1700818811243
USER	WebSocket Scenario	END	1700818811258
USER	WebSocket Scenario	END	1700818811274
USER	WebSocket Scenario	END	1700818811274
USER	WebSocket Scenario	END	1700818811289
USER	WebSocket Scenario	END	1700818811304
USER	WebSocket Scenario	END	1700818811304
USER	WebSocket Scenario	END	1700818811320
USER	WebSocket Scenario	END	1700818811337
USER	WebSocket Scenario	END	1700818811337
USER	WebSocket Scenario	END	1700818811352
USER	WebSocket Scenario	END	1700818811367
USER	WebSocket Scenario	END	1700818811383
USER	WebSocket Scenario	END	1700818811383
USER	WebSocket Scenario	END	1700818811399
USER	WebSocket Scenario	END	1700818811414
USER	WebSocket Scenario	END	1700818811414
USER	WebSocket Scenario	END	1700818811430
USER	WebSocket Scenario	END	1700818811447
USER	WebSocket Scenario	END	1700818811447
USER	WebSocket Scenario	END	1700818811447
USER	WebSocket Scenario	END	1700818812291
USER	WebSocket Scenario	END	1700818812307
USER	WebSocket Scenario	END	1700818812323
USER	WebSocket Scenario	END	1700818812353
USER	WebSocket Scenario	END	1700818812368
USER	WebSocket Scenario	END	1700818812384
USER	WebSocket Scenario	END	1700818812399
USER	WebSocket Scenario	END	1700818812415
USER	WebSocket Scenario	END	1700818812430
USER	WebSocket Scenario	END	1700818812446
USER	WebSocket Scenario	END	1700818812462
USER	WebSocket Scenario	END	1700818812477
USER	WebSocket Scenario	END	1700818812477
USER	WebSocket Scenario	END	1700818812509
USER	WebSocket Scenario	END	1700818812509
USER	WebSocket Scenario	END	1700818812525
USER	WebSocket Scenario	END	1700818812540
USER	WebSocket Scenario	END	1700818812571
USER	WebSocket Scenario	END	1700818812587
USER	WebSocket Scenario	END	1700818812587
USER	WebSocket Scenario	END	1700818812602
USER	WebSocket Scenario	END	1700818812617
USER	WebSocket Scenario	END	1700818812633
USER	WebSocket Scenario	END	1700818812633
USER	WebSocket Scenario	END	1700818812664
USER	WebSocket Scenario	END	1700818812664
USER	WebSocket Scenario	END	1700818812679
USER	WebSocket Scenario	END	1700818812680
USER	WebSocket Scenario	END	1700818812695
USER	WebSocket Scenario	END	1700818812711
USER	WebSocket Scenario	END	1700818812711
USER	WebSocket Scenario	END	1700818812727
USER	WebSocket Scenario	END	1700818812727
USER	WebSocket Scenario	END	1700818812742
USER	WebSocket Scenario	END	1700818812758
USER	WebSocket Scenario	END	1700818813619
USER	WebSocket Scenario	END	1700818813619
USER	WebSocket Scenario	END	1700818813650
USER	WebSocket Scenario	END	1700818813666
USER	WebSocket Scenario	END	1700818813666
USER	WebSocket Scenario	END	1700818813666
USER	WebSocket Scenario	END	1700818813666
USER	WebSocket Scenario	END	1700818813666
USER	WebSocket Scenario	END	1700818813697
USER	WebSocket Scenario	END	1700818813697
USER	WebSocket Scenario	END	1700818813728
USER	WebSocket Scenario	END	1700818813728
USER	WebSocket Scenario	END	1700818813728
USER	WebSocket Scenario	END	1700818813728
USER	WebSocket Scenario	END	1700818813728
USER	WebSocket Scenario	END	1700818813759
USER	WebSocket Scenario	END	1700818813759
USER	WebSocket Scenario	END	1700818813759
USER	WebSocket Scenario	END	1700818813775
USER	WebSocket Scenario	END	1700818813775
USER	WebSocket Scenario	END	1700818813790
USER	WebSocket Scenario	END	1700818813805
USER	WebSocket Scenario	END	1700818813836
USER	WebSocket Scenario	END	1700818813851
USER	WebSocket Scenario	END	1700818813851
USER	WebSocket Scenario	END	1700818813851
USER	WebSocket Scenario	END	1700818813866
USER	WebSocket Scenario	END	1700818813913
USER	WebSocket Scenario	END	1700818813929
USER	WebSocket Scenario	END	1700818813991
USER	WebSocket Scenario	END	1700818814070
USER	WebSocket Scenario	END	1700818814116
USER	WebSocket Scenario	END	1700818814116
USER	WebSocket Scenario	END	1700818814116
USER	WebSocket Scenario	END	1700818814116
USER	WebSocket Scenario	END	1700818814116
USER	WebSocket Scenario	END	1700818814116
USER	WebSocket Scenario	END	1700818814116
USER	WebSocket Scenario	END	1700818814116
USER	WebSocket Scenario	END	1700818814116
USER	WebSocket Scenario	END	1700818814116
USER	WebSocket Scenario	END	1700818814116
USER	WebSocket Scenario	END	1700818814116
USER	WebSocket Scenario	END	1700818814116
USER	WebSocket Scenario	END	1700818814116
USER	WebSocket Scenario	END	1700818814116
USER	WebSocket Scenario	END	1700818814116
USER	WebSocket Scenario	END	1700818814116
USER	WebSocket Scenario	END	1700818814116
USER	WebSocket Scenario	END	1700818814116
USER	WebSocket Scenario	END	1700818814116
USER	WebSocket Scenario	END	1700818814116
USER	WebSocket Scenario	END	1700818814116
USER	WebSocket Scenario	END	1700818814116
USER	WebSocket Scenario	END	1700818814116
USER	WebSocket Scenario	END	1700818814116
