RUN	computerdatabase.ComputerDatabaseSimulation	computerdatabasesimulation	1700817994948	Websocket Connect	3.9.5
USER	WebSocket Scenario	START	1700817996121
USER	WebSocket Scenario	START	1700817996121
USER	WebSocket Scenario	START	1700817996121
USER	WebSocket Scenario	START	1700817996121
USER	WebSocket Scenario	START	1700817996122
USER	WebSocket Scenario	START	1700817996122
USER	WebSocket Scenario	START	1700817996122
USER	WebSocket Scenario	START	1700817996122
USER	WebSocket Scenario	START	1700817996122
USER	WebSocket Scenario	START	1700817996122
USER	WebSocket Scenario	START	1700817996122
USER	WebSocket Scenario	START	1700817996122
USER	WebSocket Scenario	START	1700817996122
USER	WebSocket Scenario	START	1700817996122
USER	WebSocket Scenario	START	1700817996122
USER	WebSocket Scenario	START	1700817996122
USER	WebSocket Scenario	START	1700817996122
USER	WebSocket Scenario	START	1700817996122
USER	WebSocket Scenario	START	1700817996122
USER	WebSocket Scenario	START	1700817996122
USER	WebSocket Scenario	START	1700817996122
USER	WebSocket Scenario	START	1700817996122
USER	WebSocket Scenario	START	1700817996122
USER	WebSocket Scenario	START	1700817996122
USER	WebSocket Scenario	START	1700817996122
USER	WebSocket Scenario	START	1700817996122
USER	WebSocket Scenario	START	1700817996122
USER	WebSocket Scenario	START	1700817996122
USER	WebSocket Scenario	START	1700817996122
USER	WebSocket Scenario	START	1700817996122
USER	WebSocket Scenario	START	1700817996121
USER	WebSocket Scenario	START	1700817996122
USER	WebSocket Scenario	START	1700817996122
USER	WebSocket Scenario	START	1700817996122
USER	WebSocket Scenario	START	1700817996122
USER	WebSocket Scenario	START	1700817996122
USER	WebSocket Scenario	START	1700817996122
USER	WebSocket Scenario	START	1700817996123
USER	WebSocket Scenario	START	1700817996123
USER	WebSocket Scenario	START	1700817996123
USER	WebSocket Scenario	START	1700817996123
USER	WebSocket Scenario	START	1700817996123
USER	WebSocket Scenario	START	1700817996123
USER	WebSocket Scenario	START	1700817996123
USER	WebSocket Scenario	START	1700817996123
USER	WebSocket Scenario	START	1700817996123
USER	WebSocket Scenario	START	1700817996123
USER	WebSocket Scenario	START	1700817996123
USER	WebSocket Scenario	START	1700817996123
USER	WebSocket Scenario	START	1700817996123
USER	WebSocket Scenario	START	1700817996123
USER	WebSocket Scenario	START	1700817996123
USER	WebSocket Scenario	START	1700817996124
USER	WebSocket Scenario	START	1700817996124
USER	WebSocket Scenario	START	1700817996124
USER	WebSocket Scenario	START	1700817996124
USER	WebSocket Scenario	START	1700817996124
USER	WebSocket Scenario	START	1700817996124
USER	WebSocket Scenario	START	1700817996124
USER	WebSocket Scenario	START	1700817996124
USER	WebSocket Scenario	START	1700817996124
USER	WebSocket Scenario	START	1700817996124
USER	WebSocket Scenario	START	1700817996124
USER	WebSocket Scenario	START	1700817996124
USER	WebSocket Scenario	START	1700817996124
USER	WebSocket Scenario	START	1700817996124
USER	WebSocket Scenario	START	1700817996124
USER	WebSocket Scenario	START	1700817996125
USER	WebSocket Scenario	START	1700817996125
USER	WebSocket Scenario	START	1700817996125
USER	WebSocket Scenario	START	1700817996125
USER	WebSocket Scenario	START	1700817996125
USER	WebSocket Scenario	START	1700817996125
USER	WebSocket Scenario	START	1700817996127
USER	WebSocket Scenario	START	1700817996127
USER	WebSocket Scenario	START	1700817996127
USER	WebSocket Scenario	START	1700817996127
USER	WebSocket Scenario	START	1700817996128
USER	WebSocket Scenario	START	1700817996128
USER	WebSocket Scenario	START	1700817996128
USER	WebSocket Scenario	START	1700817996128
USER	WebSocket Scenario	START	1700817996128
USER	WebSocket Scenario	START	1700817996127
USER	WebSocket Scenario	START	1700817996129
USER	WebSocket Scenario	START	1700817996129
USER	WebSocket Scenario	START	1700817996129
USER	WebSocket Scenario	START	1700817996129
USER	WebSocket Scenario	START	1700817996129
USER	WebSocket Scenario	START	1700817996131
USER	WebSocket Scenario	START	1700817996130
USER	WebSocket Scenario	START	1700817996131
USER	WebSocket Scenario	START	1700817996131
USER	WebSocket Scenario	START	1700817996131
USER	WebSocket Scenario	START	1700817996131
USER	WebSocket Scenario	START	1700817996131
USER	WebSocket Scenario	START	1700817996131
USER	WebSocket Scenario	START	1700817996131
USER	WebSocket Scenario	START	1700817996131
USER	WebSocket Scenario	START	1700817996131
USER	WebSocket Scenario	START	1700817996131
REQUEST		WebSocket Connect	1700817996158	1700817996303	OK	 
REQUEST		WebSocket Connect	1700817996158	1700817996320	OK	 
REQUEST		WebSocket Connect	1700817996159	1700817996330	OK	 
REQUEST		WebSocket Connect	1700817996149	1700817996342	OK	 
REQUEST		WebSocket Connect	1700817996160	1700817996351	OK	 
REQUEST		WebSocket Connect	1700817996161	1700817996360	OK	 
REQUEST		WebSocket Connect	1700817996146	1700817996368	OK	 
REQUEST		WebSocket Connect	1700817996148	1700817996380	OK	 
REQUEST		WebSocket Connect	1700817996163	1700817996398	OK	 
REQUEST		WebSocket Connect	1700817996160	1700817996398	OK	 
REQUEST		WebSocket Connect	1700817996159	1700817997046	OK	 
REQUEST		WebSocket Connect	1700817996159	1700817998058	OK	 
REQUEST		WebSocket Connect	1700817996160	1700817998068	OK	 
REQUEST		WebSocket Connect	1700817996160	1700817999061	OK	 
REQUEST		WebSocket Connect	1700817996159	1700817999082	OK	 
REQUEST		WebSocket Connect	1700817996163	1700817999091	OK	 
REQUEST		WebSocket Connect	1700817996148	1700817999091	OK	 
REQUEST		WebSocket Connect	1700817996160	1700818000079	OK	 
REQUEST		WebSocket Connect	1700817996162	1700818000101	OK	 
REQUEST		WebSocket Connect	1700817996160	1700818000130	OK	 
REQUEST		WebSocket Connect	1700817996160	1700818000142	OK	 
REQUEST		WebSocket Connect	1700817996160	1700818000159	OK	 
REQUEST		WebSocket Connect	1700817996161	1700818000168	OK	 
REQUEST		WebSocket Connect	1700817996161	1700818000179	OK	 
REQUEST		WebSocket Connect	1700817996162	1700818000179	OK	 
REQUEST		WebSocket Connect	1700817996160	1700818001137	OK	 
REQUEST		WebSocket Connect	1700817996163	1700818001154	OK	 
REQUEST		WebSocket Connect	1700817996149	1700818001178	OK	 
REQUEST		WebSocket Connect	1700817996168	1700818001189	OK	 
REQUEST		WebSocket Connect	1700817996165	1700818001208	OK	 
REQUEST		WebSocket Connect	1700817996146	1700818001224	OK	 
REQUEST		WebSocket Connect	1700817996158	1700818001233	OK	 
REQUEST		WebSocket Connect	1700817996163	1700818001242	OK	 
REQUEST		WebSocket Connect	1700817996164	1700818001259	OK	 
REQUEST		WebSocket Connect	1700817996164	1700818001268	OK	 
REQUEST		WebSocket Connect	1700817996159	1700818001286	OK	 
REQUEST		WebSocket Connect	1700817996149	1700818001295	OK	 
REQUEST		WebSocket Connect	1700817996165	1700818001307	OK	 
REQUEST		WebSocket Connect	1700817996158	1700818001319	OK	 
REQUEST		WebSocket Connect	1700817996159	1700818001329	OK	 
REQUEST		WebSocket Connect	1700817996164	1700818001329	OK	 
REQUEST		WebSocket Connect	1700817996165	1700818002238	OK	 
REQUEST		WebSocket Connect	1700817996160	1700818002256	OK	 
REQUEST		WebSocket Connect	1700817996165	1700818002261	OK	 
REQUEST		WebSocket Connect	1700817996160	1700818002304	OK	 
REQUEST		WebSocket Connect	1700817996169	1700818002655	OK	 
REQUEST		WebSocket Connect	1700817996161	1700818002717	OK	 
REQUEST		WebSocket Connect	1700817996165	1700818002777	OK	 
REQUEST		WebSocket Connect	1700817996160	1700818002788	OK	 
REQUEST		WebSocket Connect	1700817996163	1700818002797	OK	 
REQUEST		WebSocket Connect	1700817996150	1700818002809	OK	 
REQUEST		WebSocket Connect	1700817996146	1700818002820	OK	 
REQUEST		WebSocket Connect	1700817996164	1700818002834	OK	 
REQUEST		WebSocket Connect	1700817996160	1700818002845	OK	 
REQUEST		WebSocket Connect	1700817996166	1700818002856	OK	 
REQUEST		WebSocket Connect	1700817996165	1700818002868	OK	 
REQUEST		WebSocket Connect	1700817996167	1700818002877	OK	 
REQUEST		WebSocket Connect	1700817996150	1700818002888	OK	 
REQUEST		WebSocket Connect	1700817996146	1700818002896	OK	 
REQUEST		WebSocket Connect	1700817996165	1700818002907	OK	 
REQUEST		WebSocket Connect	1700817996168	1700818002919	OK	 
REQUEST		WebSocket Connect	1700817996168	1700818002930	OK	 
REQUEST		WebSocket Connect	1700817996165	1700818002941	OK	 
REQUEST		WebSocket Connect	1700817996161	1700818002950	OK	 
REQUEST		WebSocket Connect	1700817996166	1700818002959	OK	 
REQUEST		WebSocket Connect	1700817996166	1700818002969	OK	 
REQUEST		WebSocket Connect	1700817996160	1700818002982	OK	 
REQUEST		WebSocket Connect	1700817996169	1700818003002	OK	 
REQUEST		WebSocket Connect	1700817996167	1700818003003	OK	 
REQUEST		WebSocket Connect	1700817996171	1700818003008	OK	 
REQUEST		WebSocket Connect	1700817996159	1700818003020	OK	 
REQUEST		WebSocket Connect	1700817996146	1700818003030	OK	 
REQUEST		WebSocket Connect	1700817996168	1700818003031	OK	 
REQUEST		WebSocket Connect	1700817996163	1700818003446	OK	 
REQUEST		WebSocket Connect	1700817996146	1700818003465	OK	 
REQUEST		WebSocket Connect	1700817996164	1700818003479	OK	 
REQUEST		WebSocket Connect	1700817996159	1700818003487	OK	 
REQUEST		WebSocket Connect	1700817996172	1700818003489	OK	 
REQUEST		WebSocket Connect	1700817996169	1700818003514	OK	 
REQUEST		WebSocket Connect	1700817996169	1700818003530	OK	 
REQUEST		WebSocket Connect	1700817996170	1700818003540	OK	 
REQUEST		WebSocket Connect	1700817996171	1700818003551	OK	 
REQUEST		WebSocket Connect	1700817996164	1700818003562	OK	 
REQUEST		WebSocket Connect	1700817996169	1700818003570	OK	 
REQUEST		WebSocket Connect	1700817996146	1700818003584	OK	 
REQUEST		WebSocket Connect	1700817996172	1700818003595	OK	 
REQUEST		WebSocket Connect	1700817996163	1700818003613	OK	 
REQUEST		WebSocket Connect	1700817996163	1700818003656	OK	 
REQUEST		WebSocket Connect	1700817996166	1700818003665	OK	 
REQUEST		WebSocket Connect	1700817996164	1700818003674	OK	 
REQUEST		WebSocket Connect	1700817996146	1700818003682	OK	 
REQUEST		WebSocket Connect	1700817996149	1700818003693	OK	 
REQUEST		WebSocket Connect	1700817996169	1700818003714	OK	 
REQUEST		WebSocket Connect	1700817996169	1700818003728	OK	 
REQUEST		WebSocket Connect	1700817996162	1700818003742	OK	 
REQUEST		WebSocket Connect	1700817996169	1700818003756	OK	 
REQUEST		WebSocket Connect	1700817996169	1700818003765	OK	 
REQUEST		WebSocket Connect	1700817996166	1700818003776	OK	 
REQUEST		WebSocket Connect	1700817996170	1700818003787	OK	 
REQUEST		WebSocket Connect	1700817996170	1700818003788	OK	 
REQUEST		Send Request type in Websocket	1700818006318	1700818006318	OK	 
REQUEST		Send Request type in Websocket	1700818006328	1700818006328	OK	 
REQUEST		Send Request type in Websocket	1700818006343	1700818006343	OK	 
REQUEST		Send Request type in Websocket	1700818006358	1700818006358	OK	 
REQUEST		Send Request type in Websocket	1700818006358	1700818006358	OK	 
REQUEST		Send Request type in Websocket	1700818006373	1700818006373	OK	 
REQUEST		Send Request type in Websocket	1700818006373	1700818006373	OK	 
REQUEST		Send Request type in Websocket	1700818006389	1700818006389	OK	 
REQUEST		Send Request type in Websocket	1700818006404	1700818006404	OK	 
REQUEST		Send Request type in Websocket	1700818006404	1700818006404	OK	 
REQUEST		Send Request type in Websocket	1700818007060	1700818007060	OK	 
REQUEST		Send Request type in Websocket	1700818008063	1700818008063	OK	 
REQUEST		Send Request type in Websocket	1700818008078	1700818008078	OK	 
REQUEST		Send Request type in Websocket	1700818009067	1700818009067	OK	 
REQUEST		Send Request type in Websocket	1700818009097	1700818009097	OK	 
REQUEST		Send Request type in Websocket	1700818009097	1700818009097	OK	 
REQUEST		Send Request type in Websocket	1700818009097	1700818009097	OK	 
REQUEST		Send Request type in Websocket	1700818010095	1700818010095	OK	 
REQUEST		Send Request type in Websocket	1700818010110	1700818010110	OK	 
REQUEST		Send Request type in Websocket	1700818010141	1700818010141	OK	 
REQUEST		Send Request type in Websocket	1700818010156	1700818010156	OK	 
REQUEST		Send Request type in Websocket	1700818010172	1700818010172	OK	 
REQUEST		Send Request type in Websocket	1700818010172	1700818010172	OK	 
REQUEST		Send Request type in Websocket	1700818010188	1700818010188	OK	 
REQUEST		Send Request type in Websocket	1700818010187	1700818010187	OK	 
REQUEST		Send Request type in Websocket	1700818011142	1700818011142	OK	 
REQUEST		Send Request type in Websocket	1700818011158	1700818011158	OK	 
REQUEST		Send Request type in Websocket	1700818011188	1700818011188	OK	 
REQUEST		Send Request type in Websocket	1700818011203	1700818011203	OK	 
REQUEST		Send Request type in Websocket	1700818011219	1700818011219	OK	 
REQUEST		Send Request type in Websocket	1700818011234	1700818011234	OK	 
REQUEST		Send Request type in Websocket	1700818011234	1700818011234	OK	 
REQUEST		Send Request type in Websocket	1700818011250	1700818011250	OK	 
REQUEST		Send Request type in Websocket	1700818011266	1700818011266	OK	 
REQUEST		Send Request type in Websocket	1700818011282	1700818011282	OK	 
REQUEST		Send Request type in Websocket	1700818011297	1700818011297	OK	 
REQUEST		Send Request type in Websocket	1700818011297	1700818011297	OK	 
REQUEST		Send Request type in Websocket	1700818011313	1700818011313	OK	 
REQUEST		Send Request type in Websocket	1700818011328	1700818011328	OK	 
USER	WebSocket Scenario	END	1700818011331
REQUEST		Send Request type in Websocket	1700818011331	1700818011331	OK	 
USER	WebSocket Scenario	END	1700818011343
REQUEST		Send Request type in Websocket	1700818011343	1700818011343	OK	 
USER	WebSocket Scenario	END	1700818011359
USER	WebSocket Scenario	END	1700818011360
USER	WebSocket Scenario	END	1700818011360
USER	WebSocket Scenario	END	1700818011375
USER	WebSocket Scenario	END	1700818011390
USER	WebSocket Scenario	END	1700818011405
USER	WebSocket Scenario	END	1700818011421
USER	WebSocket Scenario	END	1700818011421
USER	WebSocket Scenario	END	1700818012074
REQUEST		Send Request type in Websocket	1700818012245	1700818012245	OK	 
REQUEST		Send Request type in Websocket	1700818012261	1700818012261	OK	 
REQUEST		Send Request type in Websocket	1700818012277	1700818012277	OK	 
REQUEST		Send Request type in Websocket	1700818012307	1700818012307	OK	 
REQUEST		Send Request type in Websocket	1700818012666	1700818012666	OK	 
REQUEST		Send Request type in Websocket	1700818012729	1700818012729	OK	 
REQUEST		Send Request type in Websocket	1700818012792	1700818012792	OK	 
REQUEST		Send Request type in Websocket	1700818012792	1700818012792	OK	 
REQUEST		Send Request type in Websocket	1700818012807	1700818012807	OK	 
REQUEST		Send Request type in Websocket	1700818012822	1700818012822	OK	 
REQUEST		Send Request type in Websocket	1700818012822	1700818012822	OK	 
REQUEST		Send Request type in Websocket	1700818012839	1700818012839	OK	 
REQUEST		Send Request type in Websocket	1700818012854	1700818012854	OK	 
REQUEST		Send Request type in Websocket	1700818012870	1700818012870	OK	 
REQUEST		Send Request type in Websocket	1700818012870	1700818012870	OK	 
REQUEST		Send Request type in Websocket	1700818012884	1700818012884	OK	 
REQUEST		Send Request type in Websocket	1700818012899	1700818012899	OK	 
REQUEST		Send Request type in Websocket	1700818012899	1700818012899	OK	 
REQUEST		Send Request type in Websocket	1700818012915	1700818012915	OK	 
REQUEST		Send Request type in Websocket	1700818012931	1700818012931	OK	 
REQUEST		Send Request type in Websocket	1700818012932	1700818012932	OK	 
REQUEST		Send Request type in Websocket	1700818012946	1700818012946	OK	 
REQUEST		Send Request type in Websocket	1700818012962	1700818012962	OK	 
REQUEST		Send Request type in Websocket	1700818012962	1700818012962	OK	 
REQUEST		Send Request type in Websocket	1700818012977	1700818012977	OK	 
REQUEST		Send Request type in Websocket	1700818012993	1700818012993	OK	 
REQUEST		Send Request type in Websocket	1700818013008	1700818013008	OK	 
REQUEST		Send Request type in Websocket	1700818013009	1700818013009	OK	 
REQUEST		Send Request type in Websocket	1700818013024	1700818013024	OK	 
REQUEST		Send Request type in Websocket	1700818013024	1700818013024	OK	 
REQUEST		Send Request type in Websocket	1700818013039	1700818013039	OK	 
REQUEST		Send Request type in Websocket	1700818013038	1700818013038	OK	 
USER	WebSocket Scenario	END	1700818013069
USER	WebSocket Scenario	END	1700818013085
REQUEST		Send Request type in Websocket	1700818013456	1700818013456	OK	 
REQUEST		Send Request type in Websocket	1700818013471	1700818013471	OK	 
REQUEST		Send Request type in Websocket	1700818013486	1700818013486	OK	 
REQUEST		Send Request type in Websocket	1700818013501	1700818013501	OK	 
REQUEST		Send Request type in Websocket	1700818013502	1700818013502	OK	 
REQUEST		Send Request type in Websocket	1700818013516	1700818013516	OK	 
REQUEST		Send Request type in Websocket	1700818013531	1700818013531	OK	 
REQUEST		Send Request type in Websocket	1700818013547	1700818013547	OK	 
REQUEST		Send Request type in Websocket	1700818013563	1700818013563	OK	 
REQUEST		Send Request type in Websocket	1700818013577	1700818013577	OK	 
REQUEST		Send Request type in Websocket	1700818013577	1700818013577	OK	 
REQUEST		Send Request type in Websocket	1700818013593	1700818013593	OK	 
REQUEST		Send Request type in Websocket	1700818013609	1700818013609	OK	 
REQUEST		Send Request type in Websocket	1700818013625	1700818013625	OK	 
REQUEST		Send Request type in Websocket	1700818013670	1700818013670	OK	 
REQUEST		Send Request type in Websocket	1700818013670	1700818013670	OK	 
REQUEST		Send Request type in Websocket	1700818013686	1700818013686	OK	 
REQUEST		Send Request type in Websocket	1700818013686	1700818013686	OK	 
REQUEST		Send Request type in Websocket	1700818013702	1700818013702	OK	 
REQUEST		Send Request type in Websocket	1700818013717	1700818013717	OK	 
REQUEST		Send Request type in Websocket	1700818013733	1700818013733	OK	 
REQUEST		Send Request type in Websocket	1700818013747	1700818013747	OK	 
REQUEST		Send Request type in Websocket	1700818013763	1700818013763	OK	 
REQUEST		Send Request type in Websocket	1700818013778	1700818013778	OK	 
REQUEST		Send Request type in Websocket	1700818013778	1700818013778	OK	 
REQUEST		Send Request type in Websocket	1700818013794	1700818013794	OK	 
REQUEST		Send Request type in Websocket	1700818013794	1700818013794	OK	 
USER	WebSocket Scenario	END	1700818014077
USER	WebSocket Scenario	END	1700818014108
USER	WebSocket Scenario	END	1700818014108
USER	WebSocket Scenario	END	1700818014108
USER	WebSocket Scenario	END	1700818015098
USER	WebSocket Scenario	END	1700818015113
USER	WebSocket Scenario	END	1700818015145
USER	WebSocket Scenario	END	1700818015161
USER	WebSocket Scenario	END	1700818015176
USER	WebSocket Scenario	END	1700818015176
USER	WebSocket Scenario	END	1700818015192
USER	WebSocket Scenario	END	1700818015192
USER	WebSocket Scenario	END	1700818016144
USER	WebSocket Scenario	END	1700818016160
USER	WebSocket Scenario	END	1700818016192
USER	WebSocket Scenario	END	1700818016207
USER	WebSocket Scenario	END	1700818016222
USER	WebSocket Scenario	END	1700818016238
USER	WebSocket Scenario	END	1700818016238
USER	WebSocket Scenario	END	1700818016253
USER	WebSocket Scenario	END	1700818016268
USER	WebSocket Scenario	END	1700818016298
USER	WebSocket Scenario	END	1700818016299
USER	WebSocket Scenario	END	1700818016299
USER	WebSocket Scenario	END	1700818016329
USER	WebSocket Scenario	END	1700818016329
USER	WebSocket Scenario	END	1700818016345
USER	WebSocket Scenario	END	1700818016345
USER	WebSocket Scenario	END	1700818017250
USER	WebSocket Scenario	END	1700818017266
USER	WebSocket Scenario	END	1700818017281
USER	WebSocket Scenario	END	1700818017312
USER	WebSocket Scenario	END	1700818017672
USER	WebSocket Scenario	END	1700818017734
USER	WebSocket Scenario	END	1700818017797
USER	WebSocket Scenario	END	1700818017797
USER	WebSocket Scenario	END	1700818017813
USER	WebSocket Scenario	END	1700818017828
USER	WebSocket Scenario	END	1700818017828
USER	WebSocket Scenario	END	1700818017844
USER	WebSocket Scenario	END	1700818017859
USER	WebSocket Scenario	END	1700818017874
USER	WebSocket Scenario	END	1700818017874
USER	WebSocket Scenario	END	1700818017890
USER	WebSocket Scenario	END	1700818017906
USER	WebSocket Scenario	END	1700818017906
USER	WebSocket Scenario	END	1700818017921
USER	WebSocket Scenario	END	1700818017937
USER	WebSocket Scenario	END	1700818017937
USER	WebSocket Scenario	END	1700818017953
USER	WebSocket Scenario	END	1700818017969
USER	WebSocket Scenario	END	1700818017969
USER	WebSocket Scenario	END	1700818017985
USER	WebSocket Scenario	END	1700818018000
USER	WebSocket Scenario	END	1700818018017
USER	WebSocket Scenario	END	1700818018017
USER	WebSocket Scenario	END	1700818018033
USER	WebSocket Scenario	END	1700818018033
USER	WebSocket Scenario	END	1700818018048
USER	WebSocket Scenario	END	1700818018048
USER	WebSocket Scenario	END	1700818018468
USER	WebSocket Scenario	END	1700818018484
USER	WebSocket Scenario	END	1700818018500
USER	WebSocket Scenario	END	1700818018515
USER	WebSocket Scenario	END	1700818018515
USER	WebSocket Scenario	END	1700818018530
USER	WebSocket Scenario	END	1700818018545
USER	WebSocket Scenario	END	1700818018560
USER	WebSocket Scenario	END	1700818018576
USER	WebSocket Scenario	END	1700818018591
USER	WebSocket Scenario	END	1700818018592
USER	WebSocket Scenario	END	1700818018607
USER	WebSocket Scenario	END	1700818018622
USER	WebSocket Scenario	END	1700818018638
USER	WebSocket Scenario	END	1700818018685
USER	WebSocket Scenario	END	1700818018685
USER	WebSocket Scenario	END	1700818018701
USER	WebSocket Scenario	END	1700818018701
USER	WebSocket Scenario	END	1700818018716
USER	WebSocket Scenario	END	1700818018733
USER	WebSocket Scenario	END	1700818018748
USER	WebSocket Scenario	END	1700818018763
USER	WebSocket Scenario	END	1700818018779
USER	WebSocket Scenario	END	1700818018794
USER	WebSocket Scenario	END	1700818018794
USER	WebSocket Scenario	END	1700818018794
USER	WebSocket Scenario	END	1700818018810
