RUN	computerdatabase.ComputerDatabaseSimulation	computerdatabasesimulation	1700817871673	Websocket Connect	3.9.5
USER	WebSocket Scenario	START	1700817872876
USER	WebSocket Scenario	START	1700817872876
USER	WebSocket Scenario	START	1700817872876
USER	WebSocket Scenario	START	1700817872877
USER	WebSocket Scenario	START	1700817872877
USER	WebSocket Scenario	START	1700817872877
USER	WebSocket Scenario	START	1700817872876
USER	WebSocket Scenario	START	1700817872877
USER	WebSocket Scenario	START	1700817872877
USER	WebSocket Scenario	START	1700817872877
USER	WebSocket Scenario	START	1700817872877
USER	WebSocket Scenario	START	1700817872877
USER	WebSocket Scenario	START	1700817872877
USER	WebSocket Scenario	START	1700817872877
USER	WebSocket Scenario	START	1700817872877
USER	WebSocket Scenario	START	1700817872877
USER	WebSocket Scenario	START	1700817872877
USER	WebSocket Scenario	START	1700817872877
USER	WebSocket Scenario	START	1700817872877
USER	WebSocket Scenario	START	1700817872877
USER	WebSocket Scenario	START	1700817872877
USER	WebSocket Scenario	START	1700817872877
USER	WebSocket Scenario	START	1700817872877
USER	WebSocket Scenario	START	1700817872877
USER	WebSocket Scenario	START	1700817872877
USER	WebSocket Scenario	START	1700817872877
USER	WebSocket Scenario	START	1700817872877
USER	WebSocket Scenario	START	1700817872877
USER	WebSocket Scenario	START	1700817872877
USER	WebSocket Scenario	START	1700817872877
USER	WebSocket Scenario	START	1700817872877
USER	WebSocket Scenario	START	1700817872877
USER	WebSocket Scenario	START	1700817872877
USER	WebSocket Scenario	START	1700817872877
USER	WebSocket Scenario	START	1700817872877
USER	WebSocket Scenario	START	1700817872877
USER	WebSocket Scenario	START	1700817872877
USER	WebSocket Scenario	START	1700817872877
USER	WebSocket Scenario	START	1700817872877
USER	WebSocket Scenario	START	1700817872877
USER	WebSocket Scenario	START	1700817872877
USER	WebSocket Scenario	START	1700817872878
USER	WebSocket Scenario	START	1700817872878
USER	WebSocket Scenario	START	1700817872877
USER	WebSocket Scenario	START	1700817872878
USER	WebSocket Scenario	START	1700817872878
USER	WebSocket Scenario	START	1700817872878
USER	WebSocket Scenario	START	1700817872878
USER	WebSocket Scenario	START	1700817872878
USER	WebSocket Scenario	START	1700817872878
USER	WebSocket Scenario	START	1700817872878
USER	WebSocket Scenario	START	1700817872878
USER	WebSocket Scenario	START	1700817872878
USER	WebSocket Scenario	START	1700817872878
USER	WebSocket Scenario	START	1700817872878
USER	WebSocket Scenario	START	1700817872878
USER	WebSocket Scenario	START	1700817872878
USER	WebSocket Scenario	START	1700817872878
USER	WebSocket Scenario	START	1700817872878
USER	WebSocket Scenario	START	1700817872878
USER	WebSocket Scenario	START	1700817872878
USER	WebSocket Scenario	START	1700817872878
USER	WebSocket Scenario	START	1700817872879
USER	WebSocket Scenario	START	1700817872879
USER	WebSocket Scenario	START	1700817872879
USER	WebSocket Scenario	START	1700817872879
USER	WebSocket Scenario	START	1700817872879
USER	WebSocket Scenario	START	1700817872879
USER	WebSocket Scenario	START	1700817872880
USER	WebSocket Scenario	START	1700817872880
USER	WebSocket Scenario	START	1700817872880
USER	WebSocket Scenario	START	1700817872880
USER	WebSocket Scenario	START	1700817872880
USER	WebSocket Scenario	START	1700817872880
USER	WebSocket Scenario	START	1700817872880
USER	WebSocket Scenario	START	1700817872881
USER	WebSocket Scenario	START	1700817872881
USER	WebSocket Scenario	START	1700817872881
USER	WebSocket Scenario	START	1700817872882
USER	WebSocket Scenario	START	1700817872882
USER	WebSocket Scenario	START	1700817872882
USER	WebSocket Scenario	START	1700817872882
USER	WebSocket Scenario	START	1700817872882
USER	WebSocket Scenario	START	1700817872883
USER	WebSocket Scenario	START	1700817872883
USER	WebSocket Scenario	START	1700817872883
USER	WebSocket Scenario	START	1700817872883
USER	WebSocket Scenario	START	1700817872883
USER	WebSocket Scenario	START	1700817872883
USER	WebSocket Scenario	START	1700817872883
REQUEST		WebSocket Connect	1700817872904	1700817873034	OK	 
REQUEST		WebSocket Connect	1700817872901	1700817873050	OK	 
REQUEST		WebSocket Connect	1700817872914	1700817873059	OK	 
REQUEST		WebSocket Connect	1700817872915	1700817873071	OK	 
REQUEST		WebSocket Connect	1700817872913	1700817873080	OK	 
REQUEST		WebSocket Connect	1700817872914	1700817873098	OK	 
REQUEST		WebSocket Connect	1700817872913	1700817873104	OK	 
REQUEST		WebSocket Connect	1700817872904	1700817873115	OK	 
REQUEST		WebSocket Connect	1700817872913	1700817873132	OK	 
REQUEST		WebSocket Connect	1700817872904	1700817873139	OK	 
REQUEST		WebSocket Connect	1700817872915	1700817873139	OK	 
REQUEST		WebSocket Connect	1700817872914	1700817874091	OK	 
REQUEST		WebSocket Connect	1700817872913	1700817874097	OK	 
REQUEST		WebSocket Connect	1700817872914	1700817875076	OK	 
REQUEST		WebSocket Connect	1700817872901	1700817875092	OK	 
REQUEST		WebSocket Connect	1700817872904	1700817875110	OK	 
REQUEST		WebSocket Connect	1700817872915	1700817875110	OK	 
REQUEST		WebSocket Connect	1700817872913	1700817876080	OK	 
REQUEST		WebSocket Connect	1700817872915	1700817876098	OK	 
REQUEST		WebSocket Connect	1700817872914	1700817876126	OK	 
REQUEST		WebSocket Connect	1700817872914	1700817876132	OK	 
REQUEST		WebSocket Connect	1700817872914	1700817876146	OK	 
REQUEST		WebSocket Connect	1700817872915	1700817876162	OK	 
REQUEST		WebSocket Connect	1700817872915	1700817876173	OK	 
REQUEST		WebSocket Connect	1700817872917	1700817876174	OK	 
REQUEST		WebSocket Connect	1700817872915	1700817877120	OK	 
REQUEST		WebSocket Connect	1700817872901	1700817877144	OK	 
REQUEST		WebSocket Connect	1700817872914	1700817877198	OK	 
REQUEST		WebSocket Connect	1700817872901	1700817877222	OK	 
REQUEST		WebSocket Connect	1700817872914	1700817877228	OK	 
REQUEST		WebSocket Connect	1700817872904	1700817877312	OK	 
REQUEST		WebSocket Connect	1700817872918	1700817877338	OK	 
REQUEST		WebSocket Connect	1700817872901	1700817877356	OK	 
REQUEST		WebSocket Connect	1700817872917	1700817877366	OK	 
REQUEST		WebSocket Connect	1700817872916	1700817877377	OK	 
REQUEST		WebSocket Connect	1700817872919	1700817877387	OK	 
REQUEST		WebSocket Connect	1700817872916	1700817877406	OK	 
REQUEST		WebSocket Connect	1700817872918	1700817877411	OK	 
REQUEST		WebSocket Connect	1700817872919	1700817877423	OK	 
REQUEST		WebSocket Connect	1700817872919	1700817877435	OK	 
REQUEST		WebSocket Connect	1700817872914	1700817877444	OK	 
REQUEST		WebSocket Connect	1700817872916	1700817878332	OK	 
REQUEST		WebSocket Connect	1700817872915	1700817878393	OK	 
REQUEST		WebSocket Connect	1700817872918	1700817878414	OK	 
REQUEST		WebSocket Connect	1700817872919	1700817878434	OK	 
REQUEST		WebSocket Connect	1700817872919	1700817878457	OK	 
REQUEST		WebSocket Connect	1700817872916	1700817878467	OK	 
REQUEST		WebSocket Connect	1700817872919	1700817878472	OK	 
REQUEST		WebSocket Connect	1700817872921	1700817878501	OK	 
REQUEST		WebSocket Connect	1700817872904	1700817878509	OK	 
REQUEST		WebSocket Connect	1700817872919	1700817878524	OK	 
REQUEST		WebSocket Connect	1700817872900	1700817878544	OK	 
REQUEST		WebSocket Connect	1700817872920	1700817878559	OK	 
REQUEST		WebSocket Connect	1700817872919	1700817878575	OK	 
REQUEST		WebSocket Connect	1700817872900	1700817878593	OK	 
REQUEST		WebSocket Connect	1700817872920	1700817878602	OK	 
REQUEST		WebSocket Connect	1700817872919	1700817878616	OK	 
REQUEST		WebSocket Connect	1700817872918	1700817878626	OK	 
REQUEST		WebSocket Connect	1700817872903	1700817878636	OK	 
REQUEST		WebSocket Connect	1700817872921	1700817878645	OK	 
REQUEST		WebSocket Connect	1700817872922	1700817878664	OK	 
REQUEST		WebSocket Connect	1700817872920	1700817878665	OK	 
REQUEST		WebSocket Connect	1700817872918	1700817878682	OK	 
REQUEST		WebSocket Connect	1700817872919	1700817878686	OK	 
REQUEST		WebSocket Connect	1700817872918	1700817878698	OK	 
REQUEST		WebSocket Connect	1700817872922	1700817878708	OK	 
REQUEST		WebSocket Connect	1700817872918	1700817878721	OK	 
REQUEST		WebSocket Connect	1700817872920	1700817878730	OK	 
REQUEST		WebSocket Connect	1700817872920	1700817878748	OK	 
REQUEST		WebSocket Connect	1700817872901	1700817878751	OK	 
REQUEST		WebSocket Connect	1700817872921	1700817878770	OK	 
REQUEST		WebSocket Connect	1700817872915	1700817878779	OK	 
REQUEST		WebSocket Connect	1700817872920	1700817878780	OK	 
REQUEST		WebSocket Connect	1700817872918	1700817879668	OK	 
REQUEST		WebSocket Connect	1700817872901	1700817879719	OK	 
REQUEST		WebSocket Connect	1700817872918	1700817879731	OK	 
REQUEST		WebSocket Connect	1700817872923	1700817879739	OK	 
REQUEST		WebSocket Connect	1700817872920	1700817879780	OK	 
REQUEST		WebSocket Connect	1700817872923	1700817879808	OK	 
REQUEST		WebSocket Connect	1700817872917	1700817879839	OK	 
REQUEST		WebSocket Connect	1700817872921	1700817879848	OK	 
REQUEST		WebSocket Connect	1700817872920	1700817879859	OK	 
REQUEST		WebSocket Connect	1700817872919	1700817879879	OK	 
REQUEST		WebSocket Connect	1700817872921	1700817879885	OK	 
REQUEST		WebSocket Connect	1700817872918	1700817879897	OK	 
REQUEST		WebSocket Connect	1700817872918	1700817879915	OK	 
REQUEST		WebSocket Connect	1700817872920	1700817879917	OK	 
REQUEST		WebSocket Connect	1700817872922	1700817879927	OK	 
REQUEST		WebSocket Connect	1700817872921	1700817879941	OK	 
REQUEST		WebSocket Connect	1700817872918	1700817879948	OK	 
REQUEST		Send Request type in Websocket	1700817883057	1700817883057	OK	 
REQUEST		Send Request type in Websocket	1700817883058	1700817883058	OK	 
REQUEST		Send Request type in Websocket	1700817883068	1700817883068	OK	 
REQUEST		Send Request type in Websocket	1700817883083	1700817883083	OK	 
REQUEST		Send Request type in Websocket	1700817883083	1700817883083	OK	 
REQUEST		Send Request type in Websocket	1700817883099	1700817883099	OK	 
REQUEST		Send Request type in Websocket	1700817883116	1700817883116	OK	 
REQUEST		Send Request type in Websocket	1700817883116	1700817883116	OK	 
REQUEST		Send Request type in Websocket	1700817883147	1700817883147	OK	 
REQUEST		Send Request type in Websocket	1700817883147	1700817883147	OK	 
REQUEST		Send Request type in Websocket	1700817883147	1700817883147	OK	 
REQUEST		Send Request type in Websocket	1700817884099	1700817884099	OK	 
REQUEST		Send Request type in Websocket	1700817884100	1700817884100	OK	 
REQUEST		Send Request type in Websocket	1700817885087	1700817885087	OK	 
REQUEST		Send Request type in Websocket	1700817885103	1700817885103	OK	 
REQUEST		Send Request type in Websocket	1700817885118	1700817885118	OK	 
REQUEST		Send Request type in Websocket	1700817885118	1700817885118	OK	 
REQUEST		Send Request type in Websocket	1700817886083	1700817886083	OK	 
REQUEST		Send Request type in Websocket	1700817886115	1700817886115	OK	 
REQUEST		Send Request type in Websocket	1700817886129	1700817886129	OK	 
REQUEST		Send Request type in Websocket	1700817886145	1700817886145	OK	 
REQUEST		Send Request type in Websocket	1700817886160	1700817886160	OK	 
REQUEST		Send Request type in Websocket	1700817886175	1700817886175	OK	 
REQUEST		Send Request type in Websocket	1700817886175	1700817886175	OK	 
REQUEST		Send Request type in Websocket	1700817886175	1700817886175	OK	 
REQUEST		Send Request type in Websocket	1700817887128	1700817887128	OK	 
REQUEST		Send Request type in Websocket	1700817887144	1700817887144	OK	 
REQUEST		Send Request type in Websocket	1700817887207	1700817887207	OK	 
REQUEST		Send Request type in Websocket	1700817887238	1700817887238	OK	 
REQUEST		Send Request type in Websocket	1700817887238	1700817887238	OK	 
REQUEST		Send Request type in Websocket	1700817887316	1700817887316	OK	 
REQUEST		Send Request type in Websocket	1700817887348	1700817887348	OK	 
REQUEST		Send Request type in Websocket	1700817887363	1700817887363	OK	 
REQUEST		Send Request type in Websocket	1700817887379	1700817887379	OK	 
REQUEST		Send Request type in Websocket	1700817887379	1700817887379	OK	 
REQUEST		Send Request type in Websocket	1700817887394	1700817887394	OK	 
REQUEST		Send Request type in Websocket	1700817887410	1700817887410	OK	 
REQUEST		Send Request type in Websocket	1700817887413	1700817887413	OK	 
REQUEST		Send Request type in Websocket	1700817887425	1700817887425	OK	 
REQUEST		Send Request type in Websocket	1700817887441	1700817887441	OK	 
REQUEST		Send Request type in Websocket	1700817887457	1700817887457	OK	 
USER	WebSocket Scenario	END	1700817888068
USER	WebSocket Scenario	END	1700817888069
USER	WebSocket Scenario	END	1700817888082
USER	WebSocket Scenario	END	1700817888097
USER	WebSocket Scenario	END	1700817888097
USER	WebSocket Scenario	END	1700817888113
USER	WebSocket Scenario	END	1700817888130
USER	WebSocket Scenario	END	1700817888130
USER	WebSocket Scenario	END	1700817888161
USER	WebSocket Scenario	END	1700817888161
USER	WebSocket Scenario	END	1700817888161
REQUEST		Send Request type in Websocket	1700817888347	1700817888347	OK	 
REQUEST		Send Request type in Websocket	1700817888394	1700817888394	OK	 
REQUEST		Send Request type in Websocket	1700817888425	1700817888425	OK	 
REQUEST		Send Request type in Websocket	1700817888440	1700817888440	OK	 
REQUEST		Send Request type in Websocket	1700817888472	1700817888472	OK	 
REQUEST		Send Request type in Websocket	1700817888472	1700817888472	OK	 
REQUEST		Send Request type in Websocket	1700817888487	1700817888487	OK	 
REQUEST		Send Request type in Websocket	1700817888503	1700817888503	OK	 
REQUEST		Send Request type in Websocket	1700817888518	1700817888518	OK	 
REQUEST		Send Request type in Websocket	1700817888534	1700817888534	OK	 
REQUEST		Send Request type in Websocket	1700817888549	1700817888549	OK	 
REQUEST		Send Request type in Websocket	1700817888565	1700817888565	OK	 
REQUEST		Send Request type in Websocket	1700817888580	1700817888580	OK	 
REQUEST		Send Request type in Websocket	1700817888596	1700817888596	OK	 
REQUEST		Send Request type in Websocket	1700817888612	1700817888612	OK	 
REQUEST		Send Request type in Websocket	1700817888628	1700817888628	OK	 
REQUEST		Send Request type in Websocket	1700817888628	1700817888628	OK	 
REQUEST		Send Request type in Websocket	1700817888643	1700817888643	OK	 
REQUEST		Send Request type in Websocket	1700817888659	1700817888659	OK	 
REQUEST		Send Request type in Websocket	1700817888675	1700817888675	OK	 
REQUEST		Send Request type in Websocket	1700817888675	1700817888675	OK	 
REQUEST		Send Request type in Websocket	1700817888690	1700817888690	OK	 
REQUEST		Send Request type in Websocket	1700817888690	1700817888690	OK	 
REQUEST		Send Request type in Websocket	1700817888705	1700817888705	OK	 
REQUEST		Send Request type in Websocket	1700817888717	1700817888717	OK	 
REQUEST		Send Request type in Websocket	1700817888736	1700817888736	OK	 
REQUEST		Send Request type in Websocket	1700817888736	1700817888736	OK	 
REQUEST		Send Request type in Websocket	1700817888751	1700817888751	OK	 
REQUEST		Send Request type in Websocket	1700817888767	1700817888767	OK	 
REQUEST		Send Request type in Websocket	1700817888782	1700817888782	OK	 
REQUEST		Send Request type in Websocket	1700817888782	1700817888782	OK	 
REQUEST		Send Request type in Websocket	1700817888782	1700817888782	OK	 
USER	WebSocket Scenario	END	1700817889110
USER	WebSocket Scenario	END	1700817889110
REQUEST		Send Request type in Websocket	1700817889674	1700817889674	OK	 
REQUEST		Send Request type in Websocket	1700817889721	1700817889721	OK	 
REQUEST		Send Request type in Websocket	1700817889737	1700817889737	OK	 
REQUEST		Send Request type in Websocket	1700817889752	1700817889752	OK	 
REQUEST		Send Request type in Websocket	1700817889783	1700817889783	OK	 
REQUEST		Send Request type in Websocket	1700817889814	1700817889814	OK	 
REQUEST		Send Request type in Websocket	1700817889845	1700817889845	OK	 
REQUEST		Send Request type in Websocket	1700817889859	1700817889859	OK	 
REQUEST		Send Request type in Websocket	1700817889859	1700817889859	OK	 
REQUEST		Send Request type in Websocket	1700817889890	1700817889890	OK	 
REQUEST		Send Request type in Websocket	1700817889890	1700817889890	OK	 
REQUEST		Send Request type in Websocket	1700817889906	1700817889906	OK	 
REQUEST		Send Request type in Websocket	1700817889922	1700817889922	OK	 
REQUEST		Send Request type in Websocket	1700817889922	1700817889922	OK	 
REQUEST		Send Request type in Websocket	1700817889937	1700817889937	OK	 
REQUEST		Send Request type in Websocket	1700817889952	1700817889952	OK	 
REQUEST		Send Request type in Websocket	1700817889952	1700817889952	OK	 
USER	WebSocket Scenario	END	1700817890093
USER	WebSocket Scenario	END	1700817890109
USER	WebSocket Scenario	END	1700817890124
USER	WebSocket Scenario	END	1700817890124
USER	WebSocket Scenario	END	1700817891097
USER	WebSocket Scenario	END	1700817891128
USER	WebSocket Scenario	END	1700817891144
USER	WebSocket Scenario	END	1700817891159
USER	WebSocket Scenario	END	1700817891175
USER	WebSocket Scenario	END	1700817891191
USER	WebSocket Scenario	END	1700817891191
USER	WebSocket Scenario	END	1700817891191
USER	WebSocket Scenario	END	1700817892133
USER	WebSocket Scenario	END	1700817892149
USER	WebSocket Scenario	END	1700817892212
USER	WebSocket Scenario	END	1700817892243
USER	WebSocket Scenario	END	1700817892243
USER	WebSocket Scenario	END	1700817892321
USER	WebSocket Scenario	END	1700817892352
USER	WebSocket Scenario	END	1700817892367
USER	WebSocket Scenario	END	1700817892383
USER	WebSocket Scenario	END	1700817892383
USER	WebSocket Scenario	END	1700817892399
USER	WebSocket Scenario	END	1700817892415
USER	WebSocket Scenario	END	1700817892415
USER	WebSocket Scenario	END	1700817892431
USER	WebSocket Scenario	END	1700817892446
USER	WebSocket Scenario	END	1700817892462
USER	WebSocket Scenario	END	1700817893358
USER	WebSocket Scenario	END	1700817893405
USER	WebSocket Scenario	END	1700817893436
USER	WebSocket Scenario	END	1700817893452
USER	WebSocket Scenario	END	1700817893483
USER	WebSocket Scenario	END	1700817893483
USER	WebSocket Scenario	END	1700817893499
USER	WebSocket Scenario	END	1700817893514
USER	WebSocket Scenario	END	1700817893530
USER	WebSocket Scenario	END	1700817893545
USER	WebSocket Scenario	END	1700817893561
USER	WebSocket Scenario	END	1700817893576
USER	WebSocket Scenario	END	1700817893592
USER	WebSocket Scenario	END	1700817893608
USER	WebSocket Scenario	END	1700817893623
USER	WebSocket Scenario	END	1700817893639
USER	WebSocket Scenario	END	1700817893639
USER	WebSocket Scenario	END	1700817893654
USER	WebSocket Scenario	END	1700817893670
USER	WebSocket Scenario	END	1700817893685
USER	WebSocket Scenario	END	1700817893685
USER	WebSocket Scenario	END	1700817893701
USER	WebSocket Scenario	END	1700817893701
USER	WebSocket Scenario	END	1700817893716
USER	WebSocket Scenario	END	1700817893732
USER	WebSocket Scenario	END	1700817893747
USER	WebSocket Scenario	END	1700817893748
USER	WebSocket Scenario	END	1700817893763
USER	WebSocket Scenario	END	1700817893779
USER	WebSocket Scenario	END	1700817893794
USER	WebSocket Scenario	END	1700817893794
USER	WebSocket Scenario	END	1700817893794
USER	WebSocket Scenario	END	1700817894686
USER	WebSocket Scenario	END	1700817894732
USER	WebSocket Scenario	END	1700817894748
USER	WebSocket Scenario	END	1700817894763
USER	WebSocket Scenario	END	1700817894794
USER	WebSocket Scenario	END	1700817894826
USER	WebSocket Scenario	END	1700817894856
USER	WebSocket Scenario	END	1700817894872
USER	WebSocket Scenario	END	1700817894872
USER	WebSocket Scenario	END	1700817894904
USER	WebSocket Scenario	END	1700817894904
USER	WebSocket Scenario	END	1700817894919
USER	WebSocket Scenario	END	1700817894935
USER	WebSocket Scenario	END	1700817894935
USER	WebSocket Scenario	END	1700817894950
USER	WebSocket Scenario	END	1700817894966
USER	WebSocket Scenario	END	1700817894966
