RUN	computerdatabase.ComputerDatabaseSimulation	computerdatabasesimulation	1699617917043	Socket Load Testing	3.9.5
USER	WebSocket Scenario	START	1699617919001
USER	WebSocket Scenario	START	1699617919001
USER	WebSocket Scenario	START	1699617919001
USER	WebSocket Scenario	START	1699617919002
USER	WebSocket Scenario	START	1699617919002
USER	WebSocket Scenario	START	1699617919002
USER	WebSocket Scenario	START	1699617919002
USER	WebSocket Scenario	START	1699617919002
USER	WebSocket Scenario	START	1699617919003
USER	WebSocket Scenario	START	1699617919003
USER	WebSocket Scenario	START	1699617919003
USER	WebSocket Scenario	START	1699617919003
USER	WebSocket Scenario	START	1699617919003
USER	WebSocket Scenario	START	1699617919003
USER	WebSocket Scenario	START	1699617919003
USER	WebSocket Scenario	START	1699617919003
USER	WebSocket Scenario	START	1699617919003
USER	WebSocket Scenario	START	1699617919003
USER	WebSocket Scenario	START	1699617919003
USER	WebSocket Scenario	START	1699617919003
USER	WebSocket Scenario	START	1699617919003
USER	WebSocket Scenario	START	1699617919003
USER	WebSocket Scenario	START	1699617919004
USER	WebSocket Scenario	START	1699617919004
USER	WebSocket Scenario	START	1699617919001
USER	WebSocket Scenario	START	1699617919004
USER	WebSocket Scenario	START	1699617919004
USER	WebSocket Scenario	START	1699617919004
USER	WebSocket Scenario	START	1699617919004
USER	WebSocket Scenario	START	1699617919004
USER	WebSocket Scenario	START	1699617919004
USER	WebSocket Scenario	START	1699617919004
USER	WebSocket Scenario	START	1699617919004
USER	WebSocket Scenario	START	1699617919004
USER	WebSocket Scenario	START	1699617919004
USER	WebSocket Scenario	START	1699617919004
USER	WebSocket Scenario	START	1699617919004
USER	WebSocket Scenario	START	1699617919004
USER	WebSocket Scenario	START	1699617919004
USER	WebSocket Scenario	START	1699617919005
USER	WebSocket Scenario	START	1699617919005
USER	WebSocket Scenario	START	1699617919005
USER	WebSocket Scenario	START	1699617919005
USER	WebSocket Scenario	START	1699617919005
USER	WebSocket Scenario	START	1699617919005
USER	WebSocket Scenario	START	1699617919005
USER	WebSocket Scenario	START	1699617919005
USER	WebSocket Scenario	START	1699617919005
USER	WebSocket Scenario	START	1699617919005
USER	WebSocket Scenario	START	1699617919005
USER	WebSocket Scenario	START	1699617919005
USER	WebSocket Scenario	START	1699617919005
USER	WebSocket Scenario	START	1699617919006
USER	WebSocket Scenario	START	1699617919006
USER	WebSocket Scenario	START	1699617919006
USER	WebSocket Scenario	START	1699617919006
USER	WebSocket Scenario	START	1699617919006
USER	WebSocket Scenario	START	1699617919006
USER	WebSocket Scenario	START	1699617919006
USER	WebSocket Scenario	START	1699617919006
USER	WebSocket Scenario	START	1699617919007
USER	WebSocket Scenario	START	1699617919007
USER	WebSocket Scenario	START	1699617919007
USER	WebSocket Scenario	START	1699617919007
USER	WebSocket Scenario	START	1699617919007
USER	WebSocket Scenario	START	1699617919007
USER	WebSocket Scenario	START	1699617919007
USER	WebSocket Scenario	START	1699617919007
USER	WebSocket Scenario	START	1699617919007
USER	WebSocket Scenario	START	1699617919007
USER	WebSocket Scenario	START	1699617919007
USER	WebSocket Scenario	START	1699617919008
USER	WebSocket Scenario	START	1699617919008
USER	WebSocket Scenario	START	1699617919008
USER	WebSocket Scenario	START	1699617919008
USER	WebSocket Scenario	START	1699617919008
USER	WebSocket Scenario	START	1699617919008
USER	WebSocket Scenario	START	1699617919008
USER	WebSocket Scenario	START	1699617919008
USER	WebSocket Scenario	START	1699617919008
USER	WebSocket Scenario	START	1699617919008
USER	WebSocket Scenario	START	1699617919003
USER	WebSocket Scenario	START	1699617919008
USER	WebSocket Scenario	START	1699617919008
USER	WebSocket Scenario	START	1699617919009
USER	WebSocket Scenario	START	1699617919009
USER	WebSocket Scenario	START	1699617919009
USER	WebSocket Scenario	START	1699617919009
USER	WebSocket Scenario	START	1699617919009
USER	WebSocket Scenario	START	1699617919009
USER	WebSocket Scenario	START	1699617919009
USER	WebSocket Scenario	START	1699617919009
USER	WebSocket Scenario	START	1699617919009
USER	WebSocket Scenario	START	1699617919009
USER	WebSocket Scenario	START	1699617919009
USER	WebSocket Scenario	START	1699617919009
USER	WebSocket Scenario	START	1699617919009
USER	WebSocket Scenario	START	1699617919009
USER	WebSocket Scenario	START	1699617919009
USER	WebSocket Scenario	START	1699617919010
USER	WebSocket Scenario	START	1699617919010
USER	WebSocket Scenario	START	1699617919010
USER	WebSocket Scenario	START	1699617919010
USER	WebSocket Scenario	START	1699617919010
USER	WebSocket Scenario	START	1699617919010
USER	WebSocket Scenario	START	1699617919010
USER	WebSocket Scenario	START	1699617919010
USER	WebSocket Scenario	START	1699617919010
USER	WebSocket Scenario	START	1699617919011
USER	WebSocket Scenario	START	1699617919011
USER	WebSocket Scenario	START	1699617919011
USER	WebSocket Scenario	START	1699617919011
USER	WebSocket Scenario	START	1699617919012
USER	WebSocket Scenario	START	1699617919012
USER	WebSocket Scenario	START	1699617919013
USER	WebSocket Scenario	START	1699617919013
USER	WebSocket Scenario	START	1699617919013
USER	WebSocket Scenario	START	1699617919013
USER	WebSocket Scenario	START	1699617919013
USER	WebSocket Scenario	START	1699617919013
USER	WebSocket Scenario	START	1699617919013
USER	WebSocket Scenario	START	1699617919013
USER	WebSocket Scenario	START	1699617919014
USER	WebSocket Scenario	START	1699617919014
USER	WebSocket Scenario	START	1699617919014
USER	WebSocket Scenario	START	1699617919014
USER	WebSocket Scenario	START	1699617919015
USER	WebSocket Scenario	START	1699617919015
USER	WebSocket Scenario	START	1699617919015
USER	WebSocket Scenario	START	1699617919015
USER	WebSocket Scenario	START	1699617919015
USER	WebSocket Scenario	START	1699617919015
USER	WebSocket Scenario	START	1699617919015
USER	WebSocket Scenario	START	1699617919016
USER	WebSocket Scenario	START	1699617919016
USER	WebSocket Scenario	START	1699617919016
USER	WebSocket Scenario	START	1699617919016
USER	WebSocket Scenario	START	1699617919016
USER	WebSocket Scenario	START	1699617919016
USER	WebSocket Scenario	START	1699617919017
USER	WebSocket Scenario	START	1699617919017
USER	WebSocket Scenario	START	1699617919017
USER	WebSocket Scenario	START	1699617919017
USER	WebSocket Scenario	START	1699617919017
USER	WebSocket Scenario	START	1699617919017
USER	WebSocket Scenario	START	1699617919014
USER	WebSocket Scenario	START	1699617919017
USER	WebSocket Scenario	START	1699617919018
USER	WebSocket Scenario	START	1699617919018
USER	WebSocket Scenario	START	1699617919018
USER	WebSocket Scenario	START	1699617919018
USER	WebSocket Scenario	START	1699617919018
USER	WebSocket Scenario	START	1699617919018
USER	WebSocket Scenario	START	1699617919018
USER	WebSocket Scenario	START	1699617919018
USER	WebSocket Scenario	START	1699617919018
USER	WebSocket Scenario	START	1699617919019
USER	WebSocket Scenario	START	1699617919019
USER	WebSocket Scenario	START	1699617919019
USER	WebSocket Scenario	START	1699617919019
USER	WebSocket Scenario	START	1699617919019
USER	WebSocket Scenario	START	1699617919019
USER	WebSocket Scenario	START	1699617919019
USER	WebSocket Scenario	START	1699617919019
USER	WebSocket Scenario	START	1699617919020
USER	WebSocket Scenario	START	1699617919020
USER	WebSocket Scenario	START	1699617919020
USER	WebSocket Scenario	START	1699617919020
USER	WebSocket Scenario	START	1699617919021
USER	WebSocket Scenario	START	1699617919021
USER	WebSocket Scenario	START	1699617919021
USER	WebSocket Scenario	START	1699617919021
USER	WebSocket Scenario	START	1699617919022
USER	WebSocket Scenario	START	1699617919022
USER	WebSocket Scenario	START	1699617919022
USER	WebSocket Scenario	START	1699617919022
USER	WebSocket Scenario	START	1699617919022
USER	WebSocket Scenario	START	1699617919022
USER	WebSocket Scenario	START	1699617919022
USER	WebSocket Scenario	START	1699617919022
USER	WebSocket Scenario	START	1699617919023
USER	WebSocket Scenario	START	1699617919023
USER	WebSocket Scenario	START	1699617919023
USER	WebSocket Scenario	START	1699617919023
USER	WebSocket Scenario	START	1699617919023
USER	WebSocket Scenario	START	1699617919023
USER	WebSocket Scenario	START	1699617919023
USER	WebSocket Scenario	START	1699617919024
USER	WebSocket Scenario	START	1699617919024
USER	WebSocket Scenario	START	1699617919024
USER	WebSocket Scenario	START	1699617919024
USER	WebSocket Scenario	START	1699617919024
USER	WebSocket Scenario	START	1699617919024
USER	WebSocket Scenario	START	1699617919024
USER	WebSocket Scenario	START	1699617919025
USER	WebSocket Scenario	START	1699617919026
USER	WebSocket Scenario	START	1699617919026
USER	WebSocket Scenario	START	1699617919026
USER	WebSocket Scenario	START	1699617919026
USER	WebSocket Scenario	START	1699617919027
REQUEST		WebSocket Connect	1699617919064	1699617919424	OK	 
REQUEST		WebSocket Connect	1699617919114	1699617919450	OK	 
REQUEST		WebSocket Connect	1699617919116	1699617919452	OK	 
REQUEST		WebSocket Connect	1699617919117	1699617919453	OK	 
REQUEST		WebSocket Connect	1699617919118	1699617919455	OK	 
REQUEST		WebSocket Connect	1699617919120	1699617919457	OK	 
REQUEST		WebSocket Connect	1699617919121	1699617919467	OK	 
REQUEST		WebSocket Connect	1699617919128	1699617919476	OK	 
REQUEST		WebSocket Connect	1699617919124	1699617919484	OK	 
REQUEST		WebSocket Connect	1699617919127	1699617919486	OK	 
REQUEST		WebSocket Connect	1699617919122	1699617919625	OK	 
REQUEST		WebSocket Connect	1699617919066	1699617920663	OK	 
REQUEST		WebSocket Connect	1699617919126	1699617920664	OK	 
REQUEST		WebSocket Connect	1699617919107	1699617920748	OK	 
REQUEST		WebSocket Connect	1699617919116	1699617921612	OK	 
REQUEST		WebSocket Connect	1699617919057	1699617921624	OK	 
REQUEST		WebSocket Connect	1699617919147	1699617921632	OK	 
REQUEST		WebSocket Connect	1699617919058	1699617921642	OK	 
REQUEST		WebSocket Connect	1699617919066	1699617921698	OK	 
REQUEST		WebSocket Connect	1699617919126	1699617922702	OK	 
REQUEST		WebSocket Connect	1699617919109	1699617922702	OK	 
REQUEST		WebSocket Connect	1699617919148	1699617922777	OK	 
REQUEST		WebSocket Connect	1699617919139	1699617922781	OK	 
REQUEST		WebSocket Connect	1699617919069	1699617923112	OK	 
REQUEST		WebSocket Connect	1699617919134	1699617923179	OK	 
REQUEST		WebSocket Connect	1699617919118	1699617923188	OK	 
REQUEST		WebSocket Connect	1699617919148	1699617923189	OK	 
REQUEST		WebSocket Connect	1699617919109	1699617923221	OK	 
REQUEST		WebSocket Connect	1699617919065	1699617923224	OK	 
REQUEST		WebSocket Connect	1699617919140	1699617923272	OK	 
REQUEST		WebSocket Connect	1699617919149	1699617923731	OK	 
REQUEST		WebSocket Connect	1699617919111	1699617923738	OK	 
REQUEST		WebSocket Connect	1699617919112	1699617924198	OK	 
REQUEST		WebSocket Connect	1699617919151	1699617924204	OK	 
REQUEST		WebSocket Connect	1699617919150	1699617924211	OK	 
REQUEST		WebSocket Connect	1699617919144	1699617924213	OK	 
REQUEST		WebSocket Connect	1699617919114	1699617924225	OK	 
REQUEST		WebSocket Connect	1699617919107	1699617924228	OK	 
REQUEST		WebSocket Connect	1699617919143	1699617924240	OK	 
REQUEST		WebSocket Connect	1699617919111	1699617924240	OK	 
REQUEST		WebSocket Connect	1699617919150	1699617924248	OK	 
REQUEST		WebSocket Connect	1699617919129	1699617924250	OK	 
REQUEST		WebSocket Connect	1699617919141	1699617924251	OK	 
REQUEST		WebSocket Connect	1699617919127	1699617924253	OK	 
REQUEST		WebSocket Connect	1699617919137	1699617924269	OK	 
REQUEST		WebSocket Connect	1699617919112	1699617924310	OK	 
REQUEST		WebSocket Connect	1699617919130	1699617924310	OK	 
REQUEST		WebSocket Connect	1699617919057	1699617924326	OK	 
REQUEST		WebSocket Connect	1699617919145	1699617924326	OK	 
REQUEST		WebSocket Connect	1699617919155	1699617924336	OK	 
REQUEST		WebSocket Connect	1699617919145	1699617924395	OK	 
REQUEST		WebSocket Connect	1699617919139	1699617924756	OK	 
REQUEST		WebSocket Connect	1699617919139	1699617924756	OK	 
REQUEST		WebSocket Connect	1699617919120	1699617924760	OK	 
REQUEST		WebSocket Connect	1699617919169	1699617924771	OK	 
REQUEST		WebSocket Connect	1699617919141	1699617924784	OK	 
REQUEST		WebSocket Connect	1699617919151	1699617924798	OK	 
REQUEST		WebSocket Connect	1699617919122	1699617924798	OK	 
REQUEST		WebSocket Connect	1699617919142	1699617924800	OK	 
REQUEST		WebSocket Connect	1699617919132	1699617924800	OK	 
REQUEST		WebSocket Connect	1699617919156	1699617924814	OK	 
REQUEST		WebSocket Connect	1699617919142	1699617924816	OK	 
REQUEST		WebSocket Connect	1699617919160	1699617924828	OK	 
REQUEST		WebSocket Connect	1699617919144	1699617924838	OK	 
REQUEST		WebSocket Connect	1699617919169	1699617924840	OK	 
REQUEST		WebSocket Connect	1699617919057	1699617924855	OK	 
REQUEST		WebSocket Connect	1699617919164	1699617924855	OK	 
REQUEST		WebSocket Connect	1699617919141	1699617924872	OK	 
REQUEST		WebSocket Connect	1699617919142	1699617924877	OK	 
REQUEST		WebSocket Connect	1699617919132	1699617924878	OK	 
REQUEST		WebSocket Connect	1699617919143	1699617924940	OK	 
REQUEST		WebSocket Connect	1699617919143	1699617924941	OK	 
REQUEST		WebSocket Connect	1699617919174	1699617924949	OK	 
REQUEST		WebSocket Connect	1699617919133	1699617925005	OK	 
REQUEST		WebSocket Connect	1699617919070	1699617925019	OK	 
REQUEST		WebSocket Connect	1699617919147	1699617925085	OK	 
REQUEST		WebSocket Connect	1699617919168	1699617925211	OK	 
REQUEST		WebSocket Connect	1699617919161	1699617925227	OK	 
REQUEST		WebSocket Connect	1699617919158	1699617925229	OK	 
REQUEST		WebSocket Connect	1699617919146	1699617925234	OK	 
REQUEST		WebSocket Connect	1699617919147	1699617925236	OK	 
REQUEST		WebSocket Connect	1699617919159	1699617925249	OK	 
REQUEST		WebSocket Connect	1699617919152	1699617925274	OK	 
REQUEST		WebSocket Connect	1699617919149	1699617925275	OK	 
REQUEST		WebSocket Connect	1699617919139	1699617925286	OK	 
REQUEST		WebSocket Connect	1699617919140	1699617925286	OK	 
REQUEST		WebSocket Connect	1699617919135	1699617925298	OK	 
REQUEST		WebSocket Connect	1699617919131	1699617925305	OK	 
REQUEST		WebSocket Connect	1699617919151	1699617925307	OK	 
REQUEST		WebSocket Connect	1699617919146	1699617925309	OK	 
REQUEST		WebSocket Connect	1699617919131	1699617925314	OK	 
REQUEST		WebSocket Connect	1699617919140	1699617925317	OK	 
REQUEST		WebSocket Connect	1699617919119	1699617925319	OK	 
REQUEST		WebSocket Connect	1699617919133	1699617925320	OK	 
REQUEST		WebSocket Connect	1699617919141	1699617925334	OK	 
REQUEST		WebSocket Connect	1699617919131	1699617925335	OK	 
REQUEST		WebSocket Connect	1699617919164	1699617925338	OK	 
REQUEST		WebSocket Connect	1699617919165	1699617925361	OK	 
REQUEST		WebSocket Connect	1699617919072	1699617925379	OK	 
REQUEST		WebSocket Connect	1699617919148	1699617925384	OK	 
REQUEST		WebSocket Connect	1699617919144	1699617925384	OK	 
REQUEST		WebSocket Connect	1699617919069	1699617925394	OK	 
REQUEST		WebSocket Connect	1699617919145	1699617925404	OK	 
REQUEST		WebSocket Connect	1699617919148	1699617925404	OK	 
REQUEST		WebSocket Connect	1699617919134	1699617925412	OK	 
REQUEST		WebSocket Connect	1699617919172	1699617925467	OK	 
REQUEST		WebSocket Connect	1699617919167	1699617925469	OK	 
REQUEST		WebSocket Connect	1699617919149	1699617925486	OK	 
REQUEST		WebSocket Connect	1699617919162	1699617925498	OK	 
REQUEST		WebSocket Connect	1699617919170	1699617925784	OK	 
REQUEST		WebSocket Connect	1699617919167	1699617925797	OK	 
REQUEST		WebSocket Connect	1699617919146	1699617925812	OK	 
REQUEST		WebSocket Connect	1699617919168	1699617925820	OK	 
REQUEST		WebSocket Connect	1699617919171	1699617925834	OK	 
REQUEST		WebSocket Connect	1699617919163	1699617925846	OK	 
REQUEST		WebSocket Connect	1699617919168	1699617925859	OK	 
REQUEST		WebSocket Connect	1699617919172	1699617925875	OK	 
REQUEST		WebSocket Connect	1699617919171	1699617925875	OK	 
REQUEST		WebSocket Connect	1699617919171	1699617925884	OK	 
REQUEST		WebSocket Connect	1699617919068	1699617925892	OK	 
REQUEST		WebSocket Connect	1699617919173	1699617925906	OK	 
REQUEST		WebSocket Connect	1699617919165	1699617925914	OK	 
REQUEST		WebSocket Connect	1699617919171	1699617925921	OK	 
REQUEST		WebSocket Connect	1699617919173	1699617925922	OK	 
REQUEST		WebSocket Connect	1699617919174	1699617925931	OK	 
REQUEST		WebSocket Connect	1699617919167	1699617925945	OK	 
REQUEST		WebSocket Connect	1699617919174	1699617925954	OK	 
REQUEST		WebSocket Connect	1699617919175	1699617925960	OK	 
REQUEST		WebSocket Connect	1699617919169	1699617925965	OK	 
REQUEST		WebSocket Connect	1699617919144	1699617925965	OK	 
REQUEST		WebSocket Connect	1699617919175	1699617925974	OK	 
REQUEST		WebSocket Connect	1699617919183	1699617925982	OK	 
REQUEST		WebSocket Connect	1699617919173	1699617925990	OK	 
REQUEST		WebSocket Connect	1699617919175	1699617925998	OK	 
REQUEST		WebSocket Connect	1699617919072	1699617926004	OK	 
REQUEST		WebSocket Connect	1699617919173	1699617926014	OK	 
REQUEST		WebSocket Connect	1699617919176	1699617926023	OK	 
REQUEST		WebSocket Connect	1699617919177	1699617926031	OK	 
REQUEST		WebSocket Connect	1699617919071	1699617926046	OK	 
REQUEST		WebSocket Connect	1699617919176	1699617926047	OK	 
REQUEST		WebSocket Connect	1699617919156	1699617926060	OK	 
REQUEST		WebSocket Connect	1699617919161	1699617926069	OK	 
REQUEST		WebSocket Connect	1699617919182	1699617926071	OK	 
REQUEST		WebSocket Connect	1699617919174	1699617926915	OK	 
REQUEST		WebSocket Connect	1699617919183	1699617926929	OK	 
REQUEST		WebSocket Connect	1699617919176	1699617926934	OK	 
REQUEST		WebSocket Connect	1699617919184	1699617926942	OK	 
REQUEST		WebSocket Connect	1699617919184	1699617926949	OK	 
REQUEST		WebSocket Connect	1699617919179	1699617926957	OK	 
REQUEST		WebSocket Connect	1699617919177	1699617926970	OK	 
REQUEST		WebSocket Connect	1699617919178	1699617926977	OK	 
REQUEST		WebSocket Connect	1699617919185	1699617926984	OK	 
REQUEST		WebSocket Connect	1699617919186	1699617926987	OK	 
REQUEST		WebSocket Connect	1699617919177	1699617926996	OK	 
REQUEST		WebSocket Connect	1699617919187	1699617927002	OK	 
REQUEST		WebSocket Connect	1699617919188	1699617927015	OK	 
REQUEST		WebSocket Connect	1699617919179	1699617927026	OK	 
REQUEST		WebSocket Connect	1699617919182	1699617927029	OK	 
REQUEST		WebSocket Connect	1699617919178	1699617927030	OK	 
REQUEST		WebSocket Connect	1699617919180	1699617927037	OK	 
REQUEST		WebSocket Connect	1699617919180	1699617927046	OK	 
REQUEST		WebSocket Connect	1699617919188	1699617927058	OK	 
REQUEST		WebSocket Connect	1699617919165	1699617927066	OK	 
REQUEST		WebSocket Connect	1699617919180	1699617927071	OK	 
REQUEST		WebSocket Connect	1699617919167	1699617927084	OK	 
REQUEST		WebSocket Connect	1699617919189	1699617927092	OK	 
REQUEST		WebSocket Connect	1699617919173	1699617927094	OK	 
REQUEST		WebSocket Connect	1699617919176	1699617927108	OK	 
REQUEST		WebSocket Connect	1699617919177	1699617927437	OK	 
REQUEST		WebSocket Connect	1699617919183	1699617927438	OK	 
REQUEST		WebSocket Connect	1699617919176	1699617927448	OK	 
REQUEST		WebSocket Connect	1699617919178	1699617927461	OK	 
REQUEST		WebSocket Connect	1699617919179	1699617927463	OK	 
REQUEST		WebSocket Connect	1699617919177	1699617927481	OK	 
REQUEST		WebSocket Connect	1699617919174	1699617927489	OK	 
REQUEST		WebSocket Connect	1699617919175	1699617927492	OK	 
REQUEST		WebSocket Connect	1699617919181	1699617928032	OK	 
REQUEST		WebSocket Connect	1699617919177	1699617928046	OK	 
REQUEST		WebSocket Connect	1699617919179	1699617928062	OK	 
REQUEST		WebSocket Connect	1699617919178	1699617928063	OK	 
REQUEST		WebSocket Connect	1699617919185	1699617928403	OK	 
REQUEST		WebSocket Connect	1699617919057	1699617928417	OK	 
REQUEST		WebSocket Connect	1699617919186	1699617928426	OK	 
REQUEST		WebSocket Connect	1699617919182	1699617928631	OK	 
REQUEST		WebSocket Connect	1699617919183	1699617928653	OK	 
REQUEST		WebSocket Connect	1699617919181	1699617928662	OK	 
REQUEST		WebSocket Connect	1699617919182	1699617928673	OK	 
REQUEST		WebSocket Connect	1699617919184	1699617928686	OK	 
REQUEST		WebSocket Connect	1699617919181	1699617928690	OK	 
REQUEST		WebSocket Connect	1699617919185	1699617929345	KO	i.n.h.s.SslHandshakeTimeoutException: handshake timed out after 10000ms
REQUEST		WebSocket Connect	1699617919186	1699617929351	KO	i.n.h.s.SslHandshakeTimeoutException: handshake timed out after 10000ms
REQUEST		WebSocket Connect	1699617919187	1699617929351	KO	i.n.h.s.SslHandshakeTimeoutException: handshake timed out after 10000ms
REQUEST		WebSocket Connect	1699617919188	1699617929353	KO	i.n.h.s.SslHandshakeTimeoutException: handshake timed out after 10000ms
REQUEST		WebSocket Connect	1699617919188	1699617929354	KO	i.n.h.s.SslHandshakeTimeoutException: handshake timed out after 10000ms
REQUEST		WebSocket Connect	1699617919189	1699617929361	KO	i.n.h.s.SslHandshakeTimeoutException: handshake timed out after 10000ms
REQUEST		WebSocket Connect	1699617919277	1699617929361	KO	i.n.h.s.SslHandshakeTimeoutException: handshake timed out after 10000ms
REQUEST		WebSocket Connect	1699617919278	1699617929376	KO	i.n.h.s.SslHandshakeTimeoutException: handshake timed out after 10000ms
REQUEST		WebSocket Connect	1699617919279	1699617929377	KO	i.n.h.s.SslHandshakeTimeoutException: handshake timed out after 10000ms
REQUEST		WebSocket Connect	1699617919280	1699617929378	KO	i.n.h.s.SslHandshakeTimeoutException: handshake timed out after 10000ms
REQUEST		WebSocket Connect	1699617919281	1699617929378	KO	i.n.h.s.SslHandshakeTimeoutException: handshake timed out after 10000ms
USER	WebSocket Scenario	END	1699618039452
USER	WebSocket Scenario	END	1699618039453
USER	WebSocket Scenario	END	1699618039453
USER	WebSocket Scenario	END	1699618039463
USER	WebSocket Scenario	END	1699618039464
USER	WebSocket Scenario	END	1699618039464
USER	WebSocket Scenario	END	1699618039479
USER	WebSocket Scenario	END	1699618039479
USER	WebSocket Scenario	END	1699618039495
USER	WebSocket Scenario	END	1699618039495
USER	WebSocket Scenario	END	1699618039634
USER	WebSocket Scenario	END	1699618040677
USER	WebSocket Scenario	END	1699618040677
USER	WebSocket Scenario	END	1699618040755
USER	WebSocket Scenario	END	1699618041623
USER	WebSocket Scenario	END	1699618041639
USER	WebSocket Scenario	END	1699618041639
USER	WebSocket Scenario	END	1699618041654
USER	WebSocket Scenario	END	1699618041700
USER	WebSocket Scenario	END	1699618042710
USER	WebSocket Scenario	END	1699618042710
USER	WebSocket Scenario	END	1699618042788
USER	WebSocket Scenario	END	1699618042789
USER	WebSocket Scenario	END	1699618043117
USER	WebSocket Scenario	END	1699618043195
USER	WebSocket Scenario	END	1699618043196
USER	WebSocket Scenario	END	1699618043196
USER	WebSocket Scenario	END	1699618043226
USER	WebSocket Scenario	END	1699618043226
USER	WebSocket Scenario	END	1699618043289
USER	WebSocket Scenario	END	1699618043742
USER	WebSocket Scenario	END	1699618043742
USER	WebSocket Scenario	END	1699618044207
USER	WebSocket Scenario	END	1699618044207
USER	WebSocket Scenario	END	1699618044222
USER	WebSocket Scenario	END	1699618044223
USER	WebSocket Scenario	END	1699618044238
USER	WebSocket Scenario	END	1699618044238
USER	WebSocket Scenario	END	1699618044253
USER	WebSocket Scenario	END	1699618044253
USER	WebSocket Scenario	END	1699618044254
USER	WebSocket Scenario	END	1699618044254
USER	WebSocket Scenario	END	1699618044254
USER	WebSocket Scenario	END	1699618044270
USER	WebSocket Scenario	END	1699618044286
USER	WebSocket Scenario	END	1699618044316
USER	WebSocket Scenario	END	1699618044316
USER	WebSocket Scenario	END	1699618044332
USER	WebSocket Scenario	END	1699618044332
USER	WebSocket Scenario	END	1699618044347
USER	WebSocket Scenario	END	1699618044410
USER	WebSocket Scenario	END	1699618044767
USER	WebSocket Scenario	END	1699618044767
USER	WebSocket Scenario	END	1699618044767
USER	WebSocket Scenario	END	1699618044782
USER	WebSocket Scenario	END	1699618044798
USER	WebSocket Scenario	END	1699618044813
USER	WebSocket Scenario	END	1699618044813
USER	WebSocket Scenario	END	1699618044813
USER	WebSocket Scenario	END	1699618044813
USER	WebSocket Scenario	END	1699618044828
USER	WebSocket Scenario	END	1699618044829
USER	WebSocket Scenario	END	1699618044829
USER	WebSocket Scenario	END	1699618044844
USER	WebSocket Scenario	END	1699618044844
USER	WebSocket Scenario	END	1699618044859
USER	WebSocket Scenario	END	1699618044860
USER	WebSocket Scenario	END	1699618044875
USER	WebSocket Scenario	END	1699618044890
USER	WebSocket Scenario	END	1699618044890
USER	WebSocket Scenario	END	1699618044952
USER	WebSocket Scenario	END	1699618044952
USER	WebSocket Scenario	END	1699618044952
USER	WebSocket Scenario	END	1699618045014
USER	WebSocket Scenario	END	1699618045029
USER	WebSocket Scenario	END	1699618045092
USER	WebSocket Scenario	END	1699618045214
USER	WebSocket Scenario	END	1699618045230
USER	WebSocket Scenario	END	1699618045230
USER	WebSocket Scenario	END	1699618045246
USER	WebSocket Scenario	END	1699618045246
USER	WebSocket Scenario	END	1699618045261
USER	WebSocket Scenario	END	1699618045277
USER	WebSocket Scenario	END	1699618045277
USER	WebSocket Scenario	END	1699618045293
USER	WebSocket Scenario	END	1699618045293
USER	WebSocket Scenario	END	1699618045310
USER	WebSocket Scenario	END	1699618045310
USER	WebSocket Scenario	END	1699618045310
USER	WebSocket Scenario	END	1699618045325
USER	WebSocket Scenario	END	1699618045325
USER	WebSocket Scenario	END	1699618045325
USER	WebSocket Scenario	END	1699618045325
USER	WebSocket Scenario	END	1699618045325
USER	WebSocket Scenario	END	1699618045341
USER	WebSocket Scenario	END	1699618045341
USER	WebSocket Scenario	END	1699618045341
USER	WebSocket Scenario	END	1699618045371
USER	WebSocket Scenario	END	1699618045386
USER	WebSocket Scenario	END	1699618045386
USER	WebSocket Scenario	END	1699618045386
USER	WebSocket Scenario	END	1699618045401
USER	WebSocket Scenario	END	1699618045417
USER	WebSocket Scenario	END	1699618045417
USER	WebSocket Scenario	END	1699618045417
USER	WebSocket Scenario	END	1699618045479
USER	WebSocket Scenario	END	1699618045479
USER	WebSocket Scenario	END	1699618045494
USER	WebSocket Scenario	END	1699618045511
USER	WebSocket Scenario	END	1699618045793
USER	WebSocket Scenario	END	1699618045809
USER	WebSocket Scenario	END	1699618045826
USER	WebSocket Scenario	END	1699618045826
USER	WebSocket Scenario	END	1699618045841
USER	WebSocket Scenario	END	1699618045857
USER	WebSocket Scenario	END	1699618045872
USER	WebSocket Scenario	END	1699618045887
USER	WebSocket Scenario	END	1699618045888
USER	WebSocket Scenario	END	1699618045888
USER	WebSocket Scenario	END	1699618045903
USER	WebSocket Scenario	END	1699618045918
USER	WebSocket Scenario	END	1699618045919
USER	WebSocket Scenario	END	1699618045933
USER	WebSocket Scenario	END	1699618045934
USER	WebSocket Scenario	END	1699618045934
USER	WebSocket Scenario	END	1699618045949
USER	WebSocket Scenario	END	1699618045965
USER	WebSocket Scenario	END	1699618045965
USER	WebSocket Scenario	END	1699618045980
USER	WebSocket Scenario	END	1699618045980
USER	WebSocket Scenario	END	1699618045980
USER	WebSocket Scenario	END	1699618045996
USER	WebSocket Scenario	END	1699618045996
USER	WebSocket Scenario	END	1699618046012
USER	WebSocket Scenario	END	1699618046012
USER	WebSocket Scenario	END	1699618046027
USER	WebSocket Scenario	END	1699618046028
USER	WebSocket Scenario	END	1699618046043
USER	WebSocket Scenario	END	1699618046058
USER	WebSocket Scenario	END	1699618046058
USER	WebSocket Scenario	END	1699618046074
USER	WebSocket Scenario	END	1699618046074
USER	WebSocket Scenario	END	1699618046074
USER	WebSocket Scenario	END	1699618046927
USER	WebSocket Scenario	END	1699618046943
USER	WebSocket Scenario	END	1699618046943
USER	WebSocket Scenario	END	1699618046943
USER	WebSocket Scenario	END	1699618046959
USER	WebSocket Scenario	END	1699618046959
USER	WebSocket Scenario	END	1699618046975
USER	WebSocket Scenario	END	1699618046991
USER	WebSocket Scenario	END	1699618046991
USER	WebSocket Scenario	END	1699618046991
USER	WebSocket Scenario	END	1699618047006
USER	WebSocket Scenario	END	1699618047006
USER	WebSocket Scenario	END	1699618047022
USER	WebSocket Scenario	END	1699618047038
USER	WebSocket Scenario	END	1699618047038
USER	WebSocket Scenario	END	1699618047038
USER	WebSocket Scenario	END	1699618047053
USER	WebSocket Scenario	END	1699618047053
USER	WebSocket Scenario	END	1699618047068
USER	WebSocket Scenario	END	1699618047068
USER	WebSocket Scenario	END	1699618047084
USER	WebSocket Scenario	END	1699618047099
USER	WebSocket Scenario	END	1699618047099
USER	WebSocket Scenario	END	1699618047099
USER	WebSocket Scenario	END	1699618047115
USER	WebSocket Scenario	END	1699618047443
USER	WebSocket Scenario	END	1699618047443
USER	WebSocket Scenario	END	1699618047459
USER	WebSocket Scenario	END	1699618047474
USER	WebSocket Scenario	END	1699618047475
USER	WebSocket Scenario	END	1699618047490
USER	WebSocket Scenario	END	1699618047505
USER	WebSocket Scenario	END	1699618047505
USER	WebSocket Scenario	END	1699618048035
USER	WebSocket Scenario	END	1699618048051
USER	WebSocket Scenario	END	1699618048067
USER	WebSocket Scenario	END	1699618048067
USER	WebSocket Scenario	END	1699618048411
USER	WebSocket Scenario	END	1699618048426
USER	WebSocket Scenario	END	1699618048442
USER	WebSocket Scenario	END	1699618048642
USER	WebSocket Scenario	END	1699618048657
USER	WebSocket Scenario	END	1699618048673
USER	WebSocket Scenario	END	1699618048689
USER	WebSocket Scenario	END	1699618048689
USER	WebSocket Scenario	END	1699618048705
USER	WebSocket Scenario	END	1699618049363
USER	WebSocket Scenario	END	1699618049363
USER	WebSocket Scenario	END	1699618049363
USER	WebSocket Scenario	END	1699618049363
USER	WebSocket Scenario	END	1699618049363
USER	WebSocket Scenario	END	1699618049363
USER	WebSocket Scenario	END	1699618049363
USER	WebSocket Scenario	END	1699618049378
USER	WebSocket Scenario	END	1699618049378
USER	WebSocket Scenario	END	1699618049378
USER	WebSocket Scenario	END	1699618049394
