RUN	computerdatabase.ComputerDatabaseSimulation	computerdatabasesimulation	1701863968561	Socket Connect	3.9.5
USER	WebSocket Scenario	START	1701863969707
USER	WebSocket Scenario	START	1701863969738
USER	WebSocket Scenario	START	1701863969769
USER	WebSocket Scenario	START	1701863969801
USER	WebSocket Scenario	START	1701863969833
REQUEST		WebSocket Connect	1701863969725	1701863969846	OK	 
REQUEST		WebSocket Connect	1701863969739	1701863969847	OK	 
USER	WebSocket Scenario	START	1701863969864
REQUEST		WebSocket Connect	1701863969770	1701863969884	OK	 
USER	WebSocket Scenario	START	1701863969896
REQUEST		WebSocket Connect	1701863969802	1701863969918	OK	 
USER	WebSocket Scenario	START	1701863969929
REQUEST		WebSocket Connect	1701863969834	1701863969956	OK	 
REQUEST		WebSocket Connect	1701863969865	1701863969968	OK	 
USER	WebSocket Scenario	START	1701863969974
REQUEST		WebSocket Connect	1701863969896	1701863970002	OK	 
USER	WebSocket Scenario	START	1701863970004
REQUEST		WebSocket Connect	1701863969930	1701863970034	OK	 
USER	WebSocket Scenario	START	1701863970036
USER	WebSocket Scenario	START	1701863970068
REQUEST		WebSocket Connect	1701863969974	1701863970074	OK	 
USER	WebSocket Scenario	START	1701863970100
REQUEST		WebSocket Connect	1701863970006	1701863970110	OK	 
USER	WebSocket Scenario	START	1701863970131
USER	WebSocket Scenario	START	1701863970163
USER	WebSocket Scenario	START	1701863970209
USER	WebSocket Scenario	START	1701863970240
USER	WebSocket Scenario	START	1701863970271
USER	WebSocket Scenario	START	1701863970303
USER	WebSocket Scenario	START	1701863970334
USER	WebSocket Scenario	START	1701863970365
REQUEST		WebSocket Connect	1701863970036	1701863970367	OK	 
USER	WebSocket Scenario	START	1701863970410
USER	WebSocket Scenario	START	1701863970442
USER	WebSocket Scenario	START	1701863970473
USER	WebSocket Scenario	START	1701863970504
USER	WebSocket Scenario	START	1701863970534
USER	WebSocket Scenario	START	1701863970565
USER	WebSocket Scenario	START	1701863970611
USER	WebSocket Scenario	START	1701863970643
USER	WebSocket Scenario	START	1701863970674
USER	WebSocket Scenario	START	1701863970705
USER	WebSocket Scenario	START	1701863970737
USER	WebSocket Scenario	START	1701863970767
USER	WebSocket Scenario	START	1701863970812
USER	WebSocket Scenario	START	1701863970844
USER	WebSocket Scenario	START	1701863970875
USER	WebSocket Scenario	START	1701863970906
USER	WebSocket Scenario	START	1701863970937
USER	WebSocket Scenario	START	1701863970969
USER	WebSocket Scenario	START	1701863970999
USER	WebSocket Scenario	START	1701863971030
USER	WebSocket Scenario	START	1701863971077
USER	WebSocket Scenario	START	1701863971108
USER	WebSocket Scenario	START	1701863971140
USER	WebSocket Scenario	START	1701863971173
USER	WebSocket Scenario	START	1701863971203
USER	WebSocket Scenario	START	1701863971235
USER	WebSocket Scenario	START	1701863971266
USER	WebSocket Scenario	START	1701863971312
USER	WebSocket Scenario	START	1701863971342
USER	WebSocket Scenario	START	1701863971372
REQUEST		WebSocket Connect	1701863970101	1701863971385	OK	 
REQUEST		WebSocket Connect	1701863970068	1701863971392	OK	 
USER	WebSocket Scenario	START	1701863971404
USER	WebSocket Scenario	START	1701863971435
USER	WebSocket Scenario	START	1701863971465
USER	WebSocket Scenario	START	1701863971512
USER	WebSocket Scenario	START	1701863971543
USER	WebSocket Scenario	START	1701863971573
USER	WebSocket Scenario	START	1701863971605
USER	WebSocket Scenario	START	1701863971635
USER	WebSocket Scenario	START	1701863971666
REQUEST		WebSocket Connect	1701863970164	1701863972386	OK	 
REQUEST		WebSocket Connect	1701863970132	1701863972404	OK	 
REQUEST		WebSocket Connect	1701863970210	1701863972412	OK	 
REQUEST		WebSocket Connect	1701863970241	1701863972414	OK	 
REQUEST		WebSocket Connect	1701863970272	1701863973387	OK	 
REQUEST		WebSocket Connect	1701863970335	1701863973405	OK	 
REQUEST		WebSocket Connect	1701863970411	1701863973415	OK	 
REQUEST		WebSocket Connect	1701863970473	1701863973423	OK	 
REQUEST		WebSocket Connect	1701863970442	1701863973433	OK	 
REQUEST		WebSocket Connect	1701863970365	1701863973442	OK	 
REQUEST		WebSocket Connect	1701863970505	1701863973451	OK	 
REQUEST		WebSocket Connect	1701863970304	1701863973451	OK	 
REQUEST		WebSocket Connect	1701863970535	1701863974393	OK	 
REQUEST		WebSocket Connect	1701863970567	1701863974402	OK	 
REQUEST		WebSocket Connect	1701863970612	1701863974418	OK	 
REQUEST		WebSocket Connect	1701863970707	1701863974428	OK	 
REQUEST		WebSocket Connect	1701863970767	1701863974435	OK	 
REQUEST		WebSocket Connect	1701863970738	1701863974442	OK	 
REQUEST		WebSocket Connect	1701863970813	1701863974450	OK	 
REQUEST		WebSocket Connect	1701863970644	1701863974460	OK	 
REQUEST		WebSocket Connect	1701863970876	1701863974470	OK	 
REQUEST		WebSocket Connect	1701863970907	1701863974478	OK	 
REQUEST		WebSocket Connect	1701863970844	1701863974486	OK	 
REQUEST		WebSocket Connect	1701863970674	1701863974527	OK	 
REQUEST		WebSocket Connect	1701863970938	1701863974527	OK	 
REQUEST		WebSocket Connect	1701863970970	1701863974527	OK	 
REQUEST		WebSocket Connect	1701863971031	1701863974527	OK	 
REQUEST		WebSocket Connect	1701863971000	1701863974527	OK	 
REQUEST		WebSocket Connect	1701863971110	1701863975430	OK	 
REQUEST		WebSocket Connect	1701863971141	1701863975447	OK	 
REQUEST		WebSocket Connect	1701863971078	1701863975456	OK	 
REQUEST		WebSocket Connect	1701863971204	1701863975466	OK	 
REQUEST		WebSocket Connect	1701863971174	1701863975481	OK	 
REQUEST		WebSocket Connect	1701863971266	1701863975490	OK	 
REQUEST		WebSocket Connect	1701863971236	1701863975503	OK	 
REQUEST		WebSocket Connect	1701863971313	1701863975511	OK	 
REQUEST		WebSocket Connect	1701863971342	1701863975522	OK	 
REQUEST		WebSocket Connect	1701863971373	1701863975531	OK	 
REQUEST		WebSocket Connect	1701863971404	1701863975540	OK	 
REQUEST		WebSocket Connect	1701863971513	1701863975550	OK	 
REQUEST		WebSocket Connect	1701863971436	1701863975560	OK	 
REQUEST		WebSocket Connect	1701863971466	1701863975570	OK	 
REQUEST		WebSocket Connect	1701863971574	1701863975580	OK	 
REQUEST		WebSocket Connect	1701863971606	1701863975587	OK	 
REQUEST		WebSocket Connect	1701863971544	1701863975594	OK	 
REQUEST		WebSocket Connect	1701863971666	1701863975602	OK	 
REQUEST		WebSocket Connect	1701863971636	1701863975602	OK	 
REQUEST		Send Request type in Websocket	1701863979867	1701863979867	OK	 
REQUEST		Send Request type in Websocket	1701863979867	1701863979867	OK	 
REQUEST		Send Request type in Websocket	1701863979892	1701863979892	OK	 
REQUEST		Send Request type in Websocket	1701863979922	1701863979922	OK	 
REQUEST		Send Request type in Websocket	1701863979969	1701863979969	OK	 
REQUEST		Send Request type in Websocket	1701863979984	1701863979984	OK	 
REQUEST		Send Request type in Websocket	1701863980016	1701863980016	OK	 
REQUEST		Send Request type in Websocket	1701863980047	1701863980047	OK	 
REQUEST		Send Request type in Websocket	1701863980078	1701863980078	OK	 
REQUEST		Send Request type in Websocket	1701863980124	1701863980124	OK	 
REQUEST		Send Request type in Websocket	1701863980373	1701863980373	OK	 
REQUEST		Send Request type in Websocket	1701863981386	1701863981386	OK	 
REQUEST		Send Request type in Websocket	1701863981401	1701863981401	OK	 
REQUEST		Send Request type in Websocket	1701863982400	1701863982400	OK	 
REQUEST		Send Request type in Websocket	1701863982416	1701863982416	OK	 
REQUEST		Send Request type in Websocket	1701863982416	1701863982416	OK	 
REQUEST		Send Request type in Websocket	1701863982416	1701863982416	OK	 
REQUEST		Send Request type in Websocket	1701863983396	1701863983396	OK	 
REQUEST		Send Request type in Websocket	1701863983411	1701863983411	OK	 
REQUEST		Send Request type in Websocket	1701863983427	1701863983427	OK	 
REQUEST		Send Request type in Websocket	1701863983427	1701863983427	OK	 
REQUEST		Send Request type in Websocket	1701863983442	1701863983442	OK	 
REQUEST		Send Request type in Websocket	1701863983457	1701863983457	OK	 
REQUEST		Send Request type in Websocket	1701863983457	1701863983457	OK	 
REQUEST		Send Request type in Websocket	1701863983457	1701863983457	OK	 
REQUEST		Send Request type in Websocket	1701863984395	1701863984395	OK	 
REQUEST		Send Request type in Websocket	1701863984412	1701863984412	OK	 
REQUEST		Send Request type in Websocket	1701863984428	1701863984428	OK	 
REQUEST		Send Request type in Websocket	1701863984443	1701863984443	OK	 
REQUEST		Send Request type in Websocket	1701863984443	1701863984443	OK	 
REQUEST		Send Request type in Websocket	1701863984443	1701863984443	OK	 
REQUEST		Send Request type in Websocket	1701863984459	1701863984459	OK	 
REQUEST		Send Request type in Websocket	1701863984474	1701863984474	OK	 
REQUEST		Send Request type in Websocket	1701863984474	1701863984474	OK	 
REQUEST		Send Request type in Websocket	1701863984489	1701863984489	OK	 
REQUEST		Send Request type in Websocket	1701863984489	1701863984489	OK	 
REQUEST		Send Request type in Websocket	1701863984535	1701863984535	OK	 
REQUEST		Send Request type in Websocket	1701863984535	1701863984535	OK	 
REQUEST		Send Request type in Websocket	1701863984535	1701863984535	OK	 
REQUEST		Send Request type in Websocket	1701863984535	1701863984535	OK	 
REQUEST		Send Request type in Websocket	1701863984536	1701863984536	OK	 
USER	WebSocket Scenario	END	1701863984884
USER	WebSocket Scenario	END	1701863984884
USER	WebSocket Scenario	END	1701863984895
USER	WebSocket Scenario	END	1701863984927
USER	WebSocket Scenario	END	1701863984975
USER	WebSocket Scenario	END	1701863984990
USER	WebSocket Scenario	END	1701863985022
USER	WebSocket Scenario	END	1701863985053
USER	WebSocket Scenario	END	1701863985084
USER	WebSocket Scenario	END	1701863985131
USER	WebSocket Scenario	END	1701863985381
REQUEST		Send Request type in Websocket	1701863985445	1701863985445	OK	 
REQUEST		Send Request type in Websocket	1701863985460	1701863985460	OK	 
REQUEST		Send Request type in Websocket	1701863985460	1701863985460	OK	 
REQUEST		Send Request type in Websocket	1701863985475	1701863985475	OK	 
REQUEST		Send Request type in Websocket	1701863985491	1701863985491	OK	 
REQUEST		Send Request type in Websocket	1701863985506	1701863985506	OK	 
REQUEST		Send Request type in Websocket	1701863985506	1701863985506	OK	 
REQUEST		Send Request type in Websocket	1701863985522	1701863985522	OK	 
REQUEST		Send Request type in Websocket	1701863985537	1701863985537	OK	 
REQUEST		Send Request type in Websocket	1701863985537	1701863985537	OK	 
REQUEST		Send Request type in Websocket	1701863985552	1701863985552	OK	 
REQUEST		Send Request type in Websocket	1701863985553	1701863985553	OK	 
REQUEST		Send Request type in Websocket	1701863985568	1701863985568	OK	 
REQUEST		Send Request type in Websocket	1701863985583	1701863985583	OK	 
REQUEST		Send Request type in Websocket	1701863985583	1701863985583	OK	 
REQUEST		Send Request type in Websocket	1701863985599	1701863985599	OK	 
REQUEST		Send Request type in Websocket	1701863985599	1701863985599	OK	 
REQUEST		Send Request type in Websocket	1701863985614	1701863985614	OK	 
REQUEST		Send Request type in Websocket	1701863985614	1701863985614	OK	 
USER	WebSocket Scenario	END	1701863986393
USER	WebSocket Scenario	END	1701863986409
USER	WebSocket Scenario	END	1701863987412
USER	WebSocket Scenario	END	1701863987427
USER	WebSocket Scenario	END	1701863987427
USER	WebSocket Scenario	END	1701863987427
USER	WebSocket Scenario	END	1701863988409
USER	WebSocket Scenario	END	1701863988424
USER	WebSocket Scenario	END	1701863988439
USER	WebSocket Scenario	END	1701863988439
USER	WebSocket Scenario	END	1701863988454
USER	WebSocket Scenario	END	1701863988470
USER	WebSocket Scenario	END	1701863988470
USER	WebSocket Scenario	END	1701863988470
USER	WebSocket Scenario	END	1701863989408
USER	WebSocket Scenario	END	1701863989423
USER	WebSocket Scenario	END	1701863989438
USER	WebSocket Scenario	END	1701863989453
USER	WebSocket Scenario	END	1701863989453
USER	WebSocket Scenario	END	1701863989453
USER	WebSocket Scenario	END	1701863989469
USER	WebSocket Scenario	END	1701863989485
USER	WebSocket Scenario	END	1701863989485
USER	WebSocket Scenario	END	1701863989500
USER	WebSocket Scenario	END	1701863989500
USER	WebSocket Scenario	END	1701863989547
USER	WebSocket Scenario	END	1701863989547
USER	WebSocket Scenario	END	1701863989547
USER	WebSocket Scenario	END	1701863989547
USER	WebSocket Scenario	END	1701863989547
USER	WebSocket Scenario	END	1701863990453
USER	WebSocket Scenario	END	1701863990468
USER	WebSocket Scenario	END	1701863990468
USER	WebSocket Scenario	END	1701863990484
USER	WebSocket Scenario	END	1701863990499
USER	WebSocket Scenario	END	1701863990515
USER	WebSocket Scenario	END	1701863990515
USER	WebSocket Scenario	END	1701863990531
USER	WebSocket Scenario	END	1701863990546
USER	WebSocket Scenario	END	1701863990546
USER	WebSocket Scenario	END	1701863990561
USER	WebSocket Scenario	END	1701863990562
USER	WebSocket Scenario	END	1701863990577
USER	WebSocket Scenario	END	1701863990592
USER	WebSocket Scenario	END	1701863990592
USER	WebSocket Scenario	END	1701863990608
USER	WebSocket Scenario	END	1701863990608
USER	WebSocket Scenario	END	1701863990624
USER	WebSocket Scenario	END	1701863990624
