RUN	computerdatabase.ComputerDatabaseSimulation	computerdatabasesimulation	1700810019610	Socket connect	3.9.5
USER	WebSocket Scenario	START	1700810021473
USER	WebSocket Scenario	START	1700810021472
USER	WebSocket Scenario	START	1700810021472
USER	WebSocket Scenario	START	1700810021472
USER	WebSocket Scenario	START	1700810021472
USER	WebSocket Scenario	START	1700810021474
USER	WebSocket Scenario	START	1700810021474
USER	WebSocket Scenario	START	1700810021474
USER	WebSocket Scenario	START	1700810021474
USER	WebSocket Scenario	START	1700810021474
USER	WebSocket Scenario	START	1700810021474
USER	WebSocket Scenario	START	1700810021474
USER	WebSocket Scenario	START	1700810021474
USER	WebSocket Scenario	START	1700810021474
USER	WebSocket Scenario	START	1700810021474
USER	WebSocket Scenario	START	1700810021474
USER	WebSocket Scenario	START	1700810021474
USER	WebSocket Scenario	START	1700810021474
USER	WebSocket Scenario	START	1700810021474
USER	WebSocket Scenario	START	1700810021474
USER	WebSocket Scenario	START	1700810021474
USER	WebSocket Scenario	START	1700810021474
USER	WebSocket Scenario	START	1700810021474
USER	WebSocket Scenario	START	1700810021474
USER	WebSocket Scenario	START	1700810021475
USER	WebSocket Scenario	START	1700810021475
USER	WebSocket Scenario	START	1700810021475
USER	WebSocket Scenario	START	1700810021475
USER	WebSocket Scenario	START	1700810021475
USER	WebSocket Scenario	START	1700810021475
USER	WebSocket Scenario	START	1700810021475
USER	WebSocket Scenario	START	1700810021475
USER	WebSocket Scenario	START	1700810021475
USER	WebSocket Scenario	START	1700810021475
USER	WebSocket Scenario	START	1700810021475
USER	WebSocket Scenario	START	1700810021475
USER	WebSocket Scenario	START	1700810021475
USER	WebSocket Scenario	START	1700810021475
USER	WebSocket Scenario	START	1700810021475
USER	WebSocket Scenario	START	1700810021475
USER	WebSocket Scenario	START	1700810021476
USER	WebSocket Scenario	START	1700810021476
USER	WebSocket Scenario	START	1700810021476
USER	WebSocket Scenario	START	1700810021476
USER	WebSocket Scenario	START	1700810021476
USER	WebSocket Scenario	START	1700810021477
USER	WebSocket Scenario	START	1700810021477
USER	WebSocket Scenario	START	1700810021477
USER	WebSocket Scenario	START	1700810021477
USER	WebSocket Scenario	START	1700810021477
USER	WebSocket Scenario	START	1700810021477
USER	WebSocket Scenario	START	1700810021477
USER	WebSocket Scenario	START	1700810021477
USER	WebSocket Scenario	START	1700810021478
USER	WebSocket Scenario	START	1700810021478
USER	WebSocket Scenario	START	1700810021478
USER	WebSocket Scenario	START	1700810021478
USER	WebSocket Scenario	START	1700810021478
USER	WebSocket Scenario	START	1700810021478
USER	WebSocket Scenario	START	1700810021478
REQUEST		WebSocket Connect	1700810021557	1700810021718	OK	 
REQUEST		WebSocket Connect	1700810021571	1700810021724	OK	 
REQUEST		WebSocket Connect	1700810021569	1700810021718	OK	 
REQUEST		WebSocket Connect	1700810021537	1700810021732	OK	 
REQUEST		WebSocket Connect	1700810021531	1700810021745	OK	 
REQUEST		WebSocket Connect	1700810021566	1700810021775	OK	 
REQUEST		WebSocket Connect	1700810021558	1700810021776	OK	 
REQUEST		WebSocket Connect	1700810021569	1700810021776	OK	 
REQUEST		WebSocket Connect	1700810021557	1700810021776	OK	 
REQUEST		WebSocket Connect	1700810021559	1700810021778	OK	 
REQUEST		WebSocket Connect	1700810021533	1700810021866	OK	 
REQUEST		WebSocket Connect	1700810021559	1700810022947	OK	 
REQUEST		WebSocket Connect	1700810021535	1700810022958	OK	 
REQUEST		WebSocket Connect	1700810021559	1700810023966	OK	 
REQUEST		WebSocket Connect	1700810021557	1700810023993	OK	 
REQUEST		WebSocket Connect	1700810021534	1700810023999	OK	 
REQUEST		WebSocket Connect	1700810021558	1700810024001	OK	 
REQUEST		WebSocket Connect	1700810021572	1700810024888	OK	 
REQUEST		WebSocket Connect	1700810021577	1700810024910	OK	 
REQUEST		WebSocket Connect	1700810021537	1700810024926	OK	 
REQUEST		WebSocket Connect	1700810021569	1700810024930	OK	 
REQUEST		WebSocket Connect	1700810021566	1700810024941	OK	 
REQUEST		WebSocket Connect	1700810021566	1700810024954	OK	 
REQUEST		WebSocket Connect	1700810021526	1700810024967	OK	 
REQUEST		WebSocket Connect	1700810021570	1700810024967	OK	 
REQUEST		WebSocket Connect	1700810021567	1700810026117	OK	 
REQUEST		WebSocket Connect	1700810021578	1700810026137	OK	 
REQUEST		WebSocket Connect	1700810021573	1700810026146	OK	 
REQUEST		WebSocket Connect	1700810021577	1700810026156	OK	 
REQUEST		WebSocket Connect	1700810021566	1700810026165	OK	 
REQUEST		WebSocket Connect	1700810021535	1700810026168	OK	 
REQUEST		WebSocket Connect	1700810021526	1700810026312	OK	 
REQUEST		WebSocket Connect	1700810021533	1700810026337	OK	 
REQUEST		WebSocket Connect	1700810021567	1700810026358	OK	 
REQUEST		WebSocket Connect	1700810021572	1700810026368	OK	 
REQUEST		WebSocket Connect	1700810021572	1700810026375	OK	 
REQUEST		WebSocket Connect	1700810021574	1700810026386	OK	 
REQUEST		WebSocket Connect	1700810021573	1700810026396	OK	 
REQUEST		WebSocket Connect	1700810021526	1700810026407	OK	 
REQUEST		WebSocket Connect	1700810021557	1700810026415	OK	 
REQUEST		WebSocket Connect	1700810021526	1700810026417	OK	 
REQUEST		WebSocket Connect	1700810021526	1700810027082	OK	 
REQUEST		WebSocket Connect	1700810021574	1700810027083	OK	 
REQUEST		WebSocket Connect	1700810021558	1700810027098	OK	 
REQUEST		WebSocket Connect	1700810021574	1700810027099	OK	 
REQUEST		WebSocket Connect	1700810021577	1700810027410	OK	 
REQUEST		WebSocket Connect	1700810021580	1700810027416	OK	 
REQUEST		WebSocket Connect	1700810021574	1700810027416	OK	 
REQUEST		WebSocket Connect	1700810021578	1700810027452	OK	 
REQUEST		WebSocket Connect	1700810021579	1700810027452	OK	 
REQUEST		WebSocket Connect	1700810021579	1700810027458	OK	 
REQUEST		WebSocket Connect	1700810021531	1700810027467	OK	 
REQUEST		WebSocket Connect	1700810021580	1700810027477	OK	 
REQUEST		WebSocket Connect	1700810021536	1700810027483	OK	 
REQUEST		WebSocket Connect	1700810021570	1700810027492	OK	 
REQUEST		WebSocket Connect	1700810021578	1700810027499	OK	 
REQUEST		WebSocket Connect	1700810021569	1700810027507	OK	 
REQUEST		WebSocket Connect	1700810021531	1700810027516	OK	 
REQUEST		WebSocket Connect	1700810021579	1700810027524	OK	 
REQUEST		WebSocket Connect	1700810021575	1700810027524	OK	 
REQUEST		Send Request type in Websocket	1700810031749	1700810031749	OK	 
REQUEST		Send Request type in Websocket	1700810031749	1700810031749	OK	 
REQUEST		Send Request type in Websocket	1700810031751	1700810031751	OK	 
REQUEST		Send Request type in Websocket	1700810031753	1700810031753	OK	 
REQUEST		Send Request type in Websocket	1700810031760	1700810031760	OK	 
REQUEST		Send Request type in Websocket	1700810031779	1700810031779	OK	 
REQUEST		Send Request type in Websocket	1700810031779	1700810031779	OK	 
REQUEST		Send Request type in Websocket	1700810031779	1700810031779	OK	 
REQUEST		Send Request type in Websocket	1700810031779	1700810031779	OK	 
REQUEST		Send Request type in Websocket	1700810031780	1700810031780	OK	 
REQUEST		Send Request type in Websocket	1700810031874	1700810031874	OK	 
REQUEST		Send Request type in Websocket	1700810032958	1700810032958	OK	 
REQUEST		Send Request type in Websocket	1700810032974	1700810032974	OK	 
REQUEST		Send Request type in Websocket	1700810033979	1700810033979	OK	 
REQUEST		Send Request type in Websocket	1700810033995	1700810033995	OK	 
REQUEST		Send Request type in Websocket	1700810034011	1700810034011	OK	 
REQUEST		Send Request type in Websocket	1700810034011	1700810034011	OK	 
REQUEST		Send Request type in Websocket	1700810034890	1700810034890	OK	 
REQUEST		Send Request type in Websocket	1700810034921	1700810034921	OK	 
REQUEST		Send Request type in Websocket	1700810034937	1700810034937	OK	 
REQUEST		Send Request type in Websocket	1700810034937	1700810034937	OK	 
REQUEST		Send Request type in Websocket	1700810034953	1700810034953	OK	 
REQUEST		Send Request type in Websocket	1700810034969	1700810034969	OK	 
REQUEST		Send Request type in Websocket	1700810034969	1700810034969	OK	 
REQUEST		Send Request type in Websocket	1700810034970	1700810034970	OK	 
REQUEST		Send Request type in Websocket	1700810036118	1700810036118	OK	 
REQUEST		Send Request type in Websocket	1700810036150	1700810036150	OK	 
REQUEST		Send Request type in Websocket	1700810036150	1700810036150	OK	 
REQUEST		Send Request type in Websocket	1700810036166	1700810036166	OK	 
REQUEST		Send Request type in Websocket	1700810036166	1700810036166	OK	 
REQUEST		Send Request type in Websocket	1700810036182	1700810036182	OK	 
REQUEST		Send Request type in Websocket	1700810036324	1700810036324	OK	 
REQUEST		Send Request type in Websocket	1700810036339	1700810036339	OK	 
REQUEST		Send Request type in Websocket	1700810036371	1700810036371	OK	 
REQUEST		Send Request type in Websocket	1700810036371	1700810036371	OK	 
REQUEST		Send Request type in Websocket	1700810036387	1700810036387	OK	 
REQUEST		Send Request type in Websocket	1700810036387	1700810036387	OK	 
REQUEST		Send Request type in Websocket	1700810036402	1700810036402	OK	 
REQUEST		Send Request type in Websocket	1700810036418	1700810036418	OK	 
REQUEST		Send Request type in Websocket	1700810036418	1700810036418	OK	 
REQUEST		Send Request type in Websocket	1700810036419	1700810036419	OK	 
USER	WebSocket Scenario	END	1700810036771
USER	WebSocket Scenario	END	1700810036772
USER	WebSocket Scenario	END	1700810036772
USER	WebSocket Scenario	END	1700810036772
USER	WebSocket Scenario	END	1700810036772
USER	WebSocket Scenario	END	1700810036788
USER	WebSocket Scenario	END	1700810036788
USER	WebSocket Scenario	END	1700810036788
USER	WebSocket Scenario	END	1700810036788
USER	WebSocket Scenario	END	1700810036788
USER	WebSocket Scenario	END	1700810036882
REQUEST		Send Request type in Websocket	1700810037086	1700810037086	OK	 
REQUEST		Send Request type in Websocket	1700810037086	1700810037086	OK	 
REQUEST		Send Request type in Websocket	1700810037101	1700810037101	OK	 
REQUEST		Send Request type in Websocket	1700810037101	1700810037101	OK	 
REQUEST		Send Request type in Websocket	1700810037416	1700810037416	OK	 
REQUEST		Send Request type in Websocket	1700810037431	1700810037431	OK	 
REQUEST		Send Request type in Websocket	1700810037431	1700810037431	OK	 
REQUEST		Send Request type in Websocket	1700810037463	1700810037463	OK	 
REQUEST		Send Request type in Websocket	1700810037463	1700810037463	OK	 
REQUEST		Send Request type in Websocket	1700810037464	1700810037464	OK	 
REQUEST		Send Request type in Websocket	1700810037479	1700810037479	OK	 
REQUEST		Send Request type in Websocket	1700810037479	1700810037479	OK	 
REQUEST		Send Request type in Websocket	1700810037494	1700810037494	OK	 
REQUEST		Send Request type in Websocket	1700810037494	1700810037494	OK	 
REQUEST		Send Request type in Websocket	1700810037510	1700810037510	OK	 
REQUEST		Send Request type in Websocket	1700810037510	1700810037510	OK	 
REQUEST		Send Request type in Websocket	1700810037526	1700810037526	OK	 
REQUEST		Send Request type in Websocket	1700810037526	1700810037526	OK	 
REQUEST		Send Request type in Websocket	1700810037526	1700810037526	OK	 
USER	WebSocket Scenario	END	1700810037966
USER	WebSocket Scenario	END	1700810037982
USER	WebSocket Scenario	END	1700810038988
USER	WebSocket Scenario	END	1700810039003
USER	WebSocket Scenario	END	1700810039019
USER	WebSocket Scenario	END	1700810039019
USER	WebSocket Scenario	END	1700810039899
USER	WebSocket Scenario	END	1700810039929
USER	WebSocket Scenario	END	1700810039945
USER	WebSocket Scenario	END	1700810039946
USER	WebSocket Scenario	END	1700810039961
USER	WebSocket Scenario	END	1700810039976
USER	WebSocket Scenario	END	1700810039977
USER	WebSocket Scenario	END	1700810039977
USER	WebSocket Scenario	END	1700810041128
USER	WebSocket Scenario	END	1700810041159
USER	WebSocket Scenario	END	1700810041159
USER	WebSocket Scenario	END	1700810041175
USER	WebSocket Scenario	END	1700810041175
USER	WebSocket Scenario	END	1700810041191
USER	WebSocket Scenario	END	1700810041332
USER	WebSocket Scenario	END	1700810041348
USER	WebSocket Scenario	END	1700810041380
USER	WebSocket Scenario	END	1700810041380
USER	WebSocket Scenario	END	1700810041396
USER	WebSocket Scenario	END	1700810041396
USER	WebSocket Scenario	END	1700810041412
USER	WebSocket Scenario	END	1700810041427
USER	WebSocket Scenario	END	1700810041428
USER	WebSocket Scenario	END	1700810041428
USER	WebSocket Scenario	END	1700810042092
USER	WebSocket Scenario	END	1700810042092
USER	WebSocket Scenario	END	1700810042107
USER	WebSocket Scenario	END	1700810042108
USER	WebSocket Scenario	END	1700810042425
USER	WebSocket Scenario	END	1700810042440
USER	WebSocket Scenario	END	1700810042440
USER	WebSocket Scenario	END	1700810042472
USER	WebSocket Scenario	END	1700810042472
USER	WebSocket Scenario	END	1700810042472
USER	WebSocket Scenario	END	1700810042487
USER	WebSocket Scenario	END	1700810042487
USER	WebSocket Scenario	END	1700810042503
USER	WebSocket Scenario	END	1700810042503
USER	WebSocket Scenario	END	1700810042519
USER	WebSocket Scenario	END	1700810042519
USER	WebSocket Scenario	END	1700810042534
USER	WebSocket Scenario	END	1700810042534
USER	WebSocket Scenario	END	1700810042534
