RUN	computerdatabase.ComputerDatabaseSimulation	computerdatabasesimulation	1701879412879	API Load	3.9.5
USER	WebSocket Scenario	START	1701879414730
USER	WebSocket Scenario	START	1701879414730
USER	WebSocket Scenario	START	1701879414730
USER	WebSocket Scenario	START	1701879414736
USER	WebSocket Scenario	START	1701879414751
USER	WebSocket Scenario	START	1701879414755
USER	WebSocket Scenario	START	1701879414767
USER	WebSocket Scenario	START	1701879414783
USER	WebSocket Scenario	START	1701879414786
USER	WebSocket Scenario	START	1701879414796
USER	WebSocket Scenario	START	1701879414807
USER	WebSocket Scenario	START	1701879414817
USER	WebSocket Scenario	START	1701879414830
USER	WebSocket Scenario	START	1701879414846
USER	WebSocket Scenario	START	1701879414861
USER	WebSocket Scenario	START	1701879414861
USER	WebSocket Scenario	START	1701879414877
USER	WebSocket Scenario	START	1701879414893
USER	WebSocket Scenario	START	1701879414898
USER	WebSocket Scenario	START	1701879414899
USER	WebSocket Scenario	START	1701879414916
USER	WebSocket Scenario	START	1701879414919
USER	WebSocket Scenario	START	1701879414942
USER	WebSocket Scenario	START	1701879414942
USER	WebSocket Scenario	START	1701879414957
USER	WebSocket Scenario	START	1701879414971
USER	WebSocket Scenario	START	1701879414971
USER	WebSocket Scenario	START	1701879414987
USER	WebSocket Scenario	START	1701879414991
USER	WebSocket Scenario	START	1701879415002
USER	WebSocket Scenario	START	1701879415018
USER	WebSocket Scenario	START	1701879415033
USER	WebSocket Scenario	START	1701879415033
USER	WebSocket Scenario	START	1701879415047
USER	WebSocket Scenario	START	1701879415064
USER	WebSocket Scenario	START	1701879415064
USER	WebSocket Scenario	START	1701879415076
USER	WebSocket Scenario	START	1701879415086
USER	WebSocket Scenario	START	1701879415095
USER	WebSocket Scenario	START	1701879415103
USER	WebSocket Scenario	START	1701879415122
USER	WebSocket Scenario	START	1701879415126
USER	WebSocket Scenario	START	1701879415141
USER	WebSocket Scenario	START	1701879415156
USER	WebSocket Scenario	START	1701879415156
USER	WebSocket Scenario	START	1701879415172
USER	WebSocket Scenario	START	1701879415174
USER	WebSocket Scenario	START	1701879415191
USER	WebSocket Scenario	START	1701879415203
USER	WebSocket Scenario	START	1701879415203
USER	WebSocket Scenario	START	1701879415219
USER	WebSocket Scenario	START	1701879415235
USER	WebSocket Scenario	START	1701879415235
USER	WebSocket Scenario	START	1701879415251
USER	WebSocket Scenario	START	1701879415254
USER	WebSocket Scenario	START	1701879415266
REQUEST		WebSocket Connect	1701879414800	1701879415268	OK	 
USER	WebSocket Scenario	START	1701879415282
REQUEST		WebSocket Connect	1701879414783	1701879415290	OK	 
REQUEST		Send Request type in Websocket	1701879415293	1701879415293	OK	 
REQUEST		Send Request type in Websocket	1701879415293	1701879415293	OK	 
USER	WebSocket Scenario	START	1701879415295
REQUEST		WebSocket Connect	1701879414783	1701879415298	OK	 
USER	WebSocket Scenario	START	1701879415298
REQUEST		WebSocket Connect	1701879414783	1701879415298	OK	 
REQUEST		Send Request type in Websocket	1701879415299	1701879415299	OK	 
REQUEST		Send Request type in Websocket	1701879415299	1701879415299	OK	 
USER	WebSocket Scenario	START	1701879415305
REQUEST		WebSocket Connect	1701879414783	1701879415307	OK	 
REQUEST		Send Request type in Websocket	1701879415308	1701879415308	OK	 
REQUEST		WebSocket Connect	1701879414783	1701879415310	OK	 
REQUEST		Send Request type in Websocket	1701879415312	1701879415312	OK	 
REQUEST		WebSocket Connect	1701879414808	1701879415322	OK	 
REQUEST		WebSocket Connect	1701879414818	1701879415324	OK	 
REQUEST		Send Request type in Websocket	1701879415324	1701879415324	OK	 
REQUEST		Send Request type in Websocket	1701879415325	1701879415325	OK	 
USER	WebSocket Scenario	START	1701879415328
USER	WebSocket Scenario	START	1701879415328
REQUEST		WebSocket Connect	1701879414783	1701879415335	OK	 
REQUEST		WebSocket Connect	1701879414789	1701879415335	OK	 
REQUEST		Send Request type in Websocket	1701879415336	1701879415336	OK	 
REQUEST		Send Request type in Websocket	1701879415336	1701879415336	OK	 
USER	WebSocket Scenario	START	1701879415344
USER	WebSocket Scenario	START	1701879415359
USER	WebSocket Scenario	START	1701879415359
USER	WebSocket Scenario	START	1701879415375
USER	WebSocket Scenario	START	1701879415375
USER	WebSocket Scenario	START	1701879415391
USER	WebSocket Scenario	START	1701879415397
USER	WebSocket Scenario	START	1701879415409
USER	WebSocket Scenario	START	1701879415421
USER	WebSocket Scenario	START	1701879415437
USER	WebSocket Scenario	START	1701879415437
USER	WebSocket Scenario	START	1701879415453
USER	WebSocket Scenario	START	1701879415468
USER	WebSocket Scenario	START	1701879415468
USER	WebSocket Scenario	START	1701879415484
USER	WebSocket Scenario	START	1701879415499
USER	WebSocket Scenario	START	1701879415499
USER	WebSocket Scenario	START	1701879415515
USER	WebSocket Scenario	START	1701879415530
USER	WebSocket Scenario	START	1701879415530
USER	WebSocket Scenario	START	1701879415545
USER	WebSocket Scenario	START	1701879415560
USER	WebSocket Scenario	START	1701879415560
REQUEST		WebSocket Connect	1701879414831	1701879415569	OK	 
REQUEST		Send Request type in Websocket	1701879415570	1701879415570	OK	 
USER	WebSocket Scenario	START	1701879415576
USER	WebSocket Scenario	START	1701879415592
USER	WebSocket Scenario	START	1701879415592
USER	WebSocket Scenario	START	1701879415608
USER	WebSocket Scenario	START	1701879415624
USER	WebSocket Scenario	START	1701879415624
USER	WebSocket Scenario	START	1701879415640
USER	WebSocket Scenario	START	1701879415640
USER	WebSocket Scenario	START	1701879415657
USER	WebSocket Scenario	START	1701879415663
USER	WebSocket Scenario	START	1701879415671
USER	WebSocket Scenario	START	1701879415687
USER	WebSocket Scenario	START	1701879415702
USER	WebSocket Scenario	START	1701879415703
USER	WebSocket Scenario	START	1701879415718
REQUEST		WebSocket Connect	1701879414783	1701879416737	OK	 
REQUEST		WebSocket Connect	1701879414847	1701879416737	OK	 
REQUEST		Send Request type in Websocket	1701879416738	1701879416738	OK	 
REQUEST		Send Request type in Websocket	1701879416739	1701879416739	OK	 
REQUEST		WebSocket Connect	1701879414878	1701879417691	OK	 
REQUEST		Send Request type in Websocket	1701879417692	1701879417692	OK	 
REQUEST		WebSocket Connect	1701879414863	1701879417705	OK	 
REQUEST		Send Request type in Websocket	1701879417706	1701879417706	OK	 
REQUEST		WebSocket Connect	1701879414789	1701879417711	OK	 
REQUEST		Send Request type in Websocket	1701879417712	1701879417712	OK	 
REQUEST		WebSocket Connect	1701879414863	1701879417730	OK	 
REQUEST		Send Request type in Websocket	1701879417731	1701879417731	OK	 
REQUEST		WebSocket Connect	1701879414894	1701879418725	OK	 
REQUEST		Send Request type in Websocket	1701879418726	1701879418726	OK	 
REQUEST		WebSocket Connect	1701879414899	1701879418766	OK	 
REQUEST		WebSocket Connect	1701879414944	1701879418767	OK	 
REQUEST		Send Request type in Websocket	1701879418767	1701879418767	OK	 
REQUEST		Send Request type in Websocket	1701879418767	1701879418767	OK	 
REQUEST		WebSocket Connect	1701879414973	1701879418772	OK	 
REQUEST		WebSocket Connect	1701879414901	1701879418772	OK	 
REQUEST		WebSocket Connect	1701879414919	1701879418772	OK	 
REQUEST		WebSocket Connect	1701879414944	1701879418772	OK	 
REQUEST		Send Request type in Websocket	1701879418773	1701879418773	OK	 
REQUEST		Send Request type in Websocket	1701879418773	1701879418773	OK	 
REQUEST		Send Request type in Websocket	1701879418773	1701879418773	OK	 
REQUEST		Send Request type in Websocket	1701879418773	1701879418773	OK	 
REQUEST		WebSocket Connect	1701879414920	1701879418774	OK	 
REQUEST		Send Request type in Websocket	1701879418775	1701879418775	OK	 
REQUEST		WebSocket Connect	1701879414988	1701879419937	OK	 
REQUEST		Send Request type in Websocket	1701879419938	1701879419938	OK	 
REQUEST		WebSocket Connect	1701879415048	1701879419952	OK	 
REQUEST		WebSocket Connect	1701879414958	1701879419952	OK	 
REQUEST		Send Request type in Websocket	1701879419953	1701879419953	OK	 
REQUEST		Send Request type in Websocket	1701879419953	1701879419953	OK	 
REQUEST		WebSocket Connect	1701879415003	1701879419985	OK	 
REQUEST		Send Request type in Websocket	1701879419985	1701879419985	OK	 
REQUEST		WebSocket Connect	1701879415035	1701879419991	OK	 
REQUEST		WebSocket Connect	1701879415019	1701879419992	OK	 
REQUEST		WebSocket Connect	1701879415104	1701879419992	OK	 
REQUEST		WebSocket Connect	1701879415123	1701879419992	OK	 
REQUEST		WebSocket Connect	1701879414992	1701879419992	OK	 
REQUEST		Send Request type in Websocket	1701879419992	1701879419992	OK	 
REQUEST		Send Request type in Websocket	1701879419992	1701879419992	OK	 
REQUEST		Send Request type in Websocket	1701879419992	1701879419992	OK	 
REQUEST		Send Request type in Websocket	1701879419992	1701879419992	OK	 
REQUEST		Send Request type in Websocket	1701879419992	1701879419992	OK	 
REQUEST		WebSocket Connect	1701879415077	1701879419996	OK	 
REQUEST		WebSocket Connect	1701879415066	1701879419996	OK	 
REQUEST		WebSocket Connect	1701879415087	1701879419997	OK	 
REQUEST		Send Request type in Websocket	1701879419997	1701879419997	OK	 
REQUEST		Send Request type in Websocket	1701879419997	1701879419997	OK	 
REQUEST		Send Request type in Websocket	1701879419997	1701879419997	OK	 
REQUEST		WebSocket Connect	1701879415096	1701879420009	OK	 
REQUEST		Send Request type in Websocket	1701879420009	1701879420009	OK	 
REQUEST		WebSocket Connect	1701879415034	1701879420033	OK	 
REQUEST		Send Request type in Websocket	1701879420034	1701879420034	OK	 
REQUEST		WebSocket Connect	1701879414973	1701879420045	OK	 
REQUEST		Send Request type in Websocket	1701879420045	1701879420045	OK	 
REQUEST		WebSocket Connect	1701879415066	1701879420057	OK	 
REQUEST		Send Request type in Websocket	1701879420057	1701879420057	OK	 
USER	WebSocket Scenario	END	1701879420314
USER	WebSocket Scenario	END	1701879420315
USER	WebSocket Scenario	END	1701879420315
USER	WebSocket Scenario	END	1701879420315
USER	WebSocket Scenario	END	1701879420324
USER	WebSocket Scenario	END	1701879420324
USER	WebSocket Scenario	END	1701879420339
USER	WebSocket Scenario	END	1701879420340
USER	WebSocket Scenario	END	1701879420340
USER	WebSocket Scenario	END	1701879420340
USER	WebSocket Scenario	END	1701879420576
REQUEST		WebSocket Connect	1701879415158	1701879420654	OK	 
REQUEST		WebSocket Connect	1701879415236	1701879420655	OK	 
REQUEST		Send Request type in Websocket	1701879420655	1701879420655	OK	 
REQUEST		Send Request type in Websocket	1701879420655	1701879420655	OK	 
REQUEST		WebSocket Connect	1701879415267	1701879420657	OK	 
REQUEST		WebSocket Connect	1701879415158	1701879420658	OK	 
REQUEST		Send Request type in Websocket	1701879420658	1701879420658	OK	 
REQUEST		Send Request type in Websocket	1701879420659	1701879420659	OK	 
REQUEST		WebSocket Connect	1701879415127	1701879420659	OK	 
REQUEST		Send Request type in Websocket	1701879420660	1701879420660	OK	 
REQUEST		WebSocket Connect	1701879415253	1701879420692	OK	 
REQUEST		Send Request type in Websocket	1701879420693	1701879420693	OK	 
REQUEST		WebSocket Connect	1701879415204	1701879420726	OK	 
REQUEST		Send Request type in Websocket	1701879420727	1701879420727	OK	 
REQUEST		WebSocket Connect	1701879415142	1701879420736	OK	 
REQUEST		Send Request type in Websocket	1701879420736	1701879420736	OK	 
REQUEST		WebSocket Connect	1701879415174	1701879420738	OK	 
REQUEST		Send Request type in Websocket	1701879420739	1701879420739	OK	 
REQUEST		WebSocket Connect	1701879415220	1701879420758	OK	 
REQUEST		Send Request type in Websocket	1701879420759	1701879420759	OK	 
REQUEST		WebSocket Connect	1701879415236	1701879420764	OK	 
REQUEST		Send Request type in Websocket	1701879420765	1701879420765	OK	 
REQUEST		WebSocket Connect	1701879415175	1701879420777	OK	 
REQUEST		Send Request type in Websocket	1701879420777	1701879420777	OK	 
REQUEST		WebSocket Connect	1701879415299	1701879420783	OK	 
REQUEST		Send Request type in Websocket	1701879420783	1701879420783	OK	 
REQUEST		WebSocket Connect	1701879415299	1701879420794	OK	 
REQUEST		Send Request type in Websocket	1701879420795	1701879420795	OK	 
REQUEST		WebSocket Connect	1701879415258	1701879420823	OK	 
REQUEST		Send Request type in Websocket	1701879420823	1701879420823	OK	 
REQUEST		WebSocket Connect	1701879415283	1701879420828	OK	 
REQUEST		Send Request type in Websocket	1701879420829	1701879420829	OK	 
REQUEST		WebSocket Connect	1701879415204	1701879420862	OK	 
REQUEST		Send Request type in Websocket	1701879420863	1701879420863	OK	 
REQUEST		WebSocket Connect	1701879415306	1701879420869	OK	 
REQUEST		Send Request type in Websocket	1701879420869	1701879420869	OK	 
REQUEST		WebSocket Connect	1701879415361	1701879420881	OK	 
REQUEST		Send Request type in Websocket	1701879420882	1701879420882	OK	 
REQUEST		WebSocket Connect	1701879415192	1701879421243	OK	 
REQUEST		WebSocket Connect	1701879415345	1701879421245	OK	 
REQUEST		Send Request type in Websocket	1701879421244	1701879421244	OK	 
REQUEST		WebSocket Connect	1701879415398	1701879421245	OK	 
REQUEST		WebSocket Connect	1701879415438	1701879421245	OK	 
REQUEST		WebSocket Connect	1701879415329	1701879421245	OK	 
REQUEST		WebSocket Connect	1701879415422	1701879421245	OK	 
REQUEST		WebSocket Connect	1701879415361	1701879421245	OK	 
REQUEST		Send Request type in Websocket	1701879421245	1701879421245	OK	 
REQUEST		Send Request type in Websocket	1701879421245	1701879421245	OK	 
REQUEST		Send Request type in Websocket	1701879421245	1701879421245	OK	 
REQUEST		Send Request type in Websocket	1701879421246	1701879421246	OK	 
REQUEST		Send Request type in Websocket	1701879421245	1701879421245	OK	 
REQUEST		Send Request type in Websocket	1701879421246	1701879421246	OK	 
REQUEST		WebSocket Connect	1701879415329	1701879421246	OK	 
REQUEST		WebSocket Connect	1701879415376	1701879421247	OK	 
REQUEST		WebSocket Connect	1701879415376	1701879421247	OK	 
REQUEST		Send Request type in Websocket	1701879421247	1701879421247	OK	 
REQUEST		Send Request type in Websocket	1701879421247	1701879421247	OK	 
REQUEST		Send Request type in Websocket	1701879421247	1701879421247	OK	 
REQUEST		WebSocket Connect	1701879415485	1701879421249	OK	 
REQUEST		Send Request type in Websocket	1701879421249	1701879421249	OK	 
REQUEST		WebSocket Connect	1701879415392	1701879421262	OK	 
REQUEST		Send Request type in Websocket	1701879421263	1701879421263	OK	 
REQUEST		WebSocket Connect	1701879415438	1701879421272	OK	 
REQUEST		Send Request type in Websocket	1701879421273	1701879421273	OK	 
USER	WebSocket Scenario	END	1701879421742
USER	WebSocket Scenario	END	1701879421742
REQUEST		WebSocket Connect	1701879415531	1701879421797	OK	 
REQUEST		Send Request type in Websocket	1701879421798	1701879421798	OK	 
REQUEST		WebSocket Connect	1701879415546	1701879421803	OK	 
REQUEST		Send Request type in Websocket	1701879421803	1701879421803	OK	 
REQUEST		WebSocket Connect	1701879415456	1701879421819	OK	 
REQUEST		Send Request type in Websocket	1701879421820	1701879421820	OK	 
REQUEST		WebSocket Connect	1701879415410	1701879421841	OK	 
REQUEST		WebSocket Connect	1701879415469	1701879421841	OK	 
REQUEST		Send Request type in Websocket	1701879421841	1701879421841	OK	 
REQUEST		Send Request type in Websocket	1701879421841	1701879421841	OK	 
REQUEST		WebSocket Connect	1701879415470	1701879421848	OK	 
REQUEST		Send Request type in Websocket	1701879421848	1701879421848	OK	 
REQUEST		WebSocket Connect	1701879415531	1701879421860	OK	 
REQUEST		Send Request type in Websocket	1701879421860	1701879421860	OK	 
REQUEST		WebSocket Connect	1701879415500	1701879421870	OK	 
REQUEST		Send Request type in Websocket	1701879421871	1701879421871	OK	 
REQUEST		WebSocket Connect	1701879415577	1701879421895	OK	 
REQUEST		WebSocket Connect	1701879415593	1701879421895	OK	 
REQUEST		Send Request type in Websocket	1701879421896	1701879421896	OK	 
REQUEST		Send Request type in Websocket	1701879421896	1701879421896	OK	 
REQUEST		WebSocket Connect	1701879415561	1701879421915	OK	 
REQUEST		Send Request type in Websocket	1701879421916	1701879421916	OK	 
REQUEST		WebSocket Connect	1701879415516	1701879421927	OK	 
REQUEST		Send Request type in Websocket	1701879421928	1701879421928	OK	 
REQUEST		WebSocket Connect	1701879415500	1701879421939	OK	 
REQUEST		Send Request type in Websocket	1701879421939	1701879421939	OK	 
REQUEST		WebSocket Connect	1701879415562	1701879421961	OK	 
REQUEST		Send Request type in Websocket	1701879421962	1701879421962	OK	 
REQUEST		WebSocket Connect	1701879415593	1701879421972	OK	 
REQUEST		Send Request type in Websocket	1701879421973	1701879421973	OK	 
REQUEST		WebSocket Connect	1701879415641	1701879421997	OK	 
REQUEST		Send Request type in Websocket	1701879421997	1701879421997	OK	 
REQUEST		WebSocket Connect	1701879415625	1701879422002	OK	 
REQUEST		WebSocket Connect	1701879415641	1701879422002	OK	 
REQUEST		Send Request type in Websocket	1701879422002	1701879422002	OK	 
REQUEST		Send Request type in Websocket	1701879422003	1701879422003	OK	 
REQUEST		WebSocket Connect	1701879415664	1701879422008	OK	 
REQUEST		Send Request type in Websocket	1701879422009	1701879422009	OK	 
REQUEST		WebSocket Connect	1701879415688	1701879422046	OK	 
REQUEST		Send Request type in Websocket	1701879422047	1701879422047	OK	 
REQUEST		WebSocket Connect	1701879415625	1701879422064	OK	 
REQUEST		WebSocket Connect	1701879415704	1701879422064	OK	 
REQUEST		Send Request type in Websocket	1701879422065	1701879422065	OK	 
REQUEST		Send Request type in Websocket	1701879422065	1701879422065	OK	 
REQUEST		WebSocket Connect	1701879415672	1701879422076	OK	 
REQUEST		Send Request type in Websocket	1701879422077	1701879422077	OK	 
REQUEST		WebSocket Connect	1701879415658	1701879422093	OK	 
REQUEST		Send Request type in Websocket	1701879422094	1701879422094	OK	 
REQUEST		WebSocket Connect	1701879415703	1701879422105	OK	 
REQUEST		Send Request type in Websocket	1701879422105	1701879422105	OK	 
REQUEST		WebSocket Connect	1701879415719	1701879422136	OK	 
REQUEST		Send Request type in Websocket	1701879422137	1701879422137	OK	 
REQUEST		WebSocket Connect	1701879415609	1701879422143	OK	 
REQUEST		Send Request type in Websocket	1701879422144	1701879422144	OK	 
USER	WebSocket Scenario	END	1701879422701
USER	WebSocket Scenario	END	1701879422716
USER	WebSocket Scenario	END	1701879422716
USER	WebSocket Scenario	END	1701879422748
USER	WebSocket Scenario	END	1701879423728
USER	WebSocket Scenario	END	1701879423776
USER	WebSocket Scenario	END	1701879423776
USER	WebSocket Scenario	END	1701879423776
USER	WebSocket Scenario	END	1701879423776
USER	WebSocket Scenario	END	1701879423776
USER	WebSocket Scenario	END	1701879423776
USER	WebSocket Scenario	END	1701879423791
USER	WebSocket Scenario	END	1701879424953
USER	WebSocket Scenario	END	1701879424969
USER	WebSocket Scenario	END	1701879424970
USER	WebSocket Scenario	END	1701879425000
USER	WebSocket Scenario	END	1701879425001
USER	WebSocket Scenario	END	1701879425001
USER	WebSocket Scenario	END	1701879425001
USER	WebSocket Scenario	END	1701879425001
USER	WebSocket Scenario	END	1701879425001
USER	WebSocket Scenario	END	1701879425001
USER	WebSocket Scenario	END	1701879425001
USER	WebSocket Scenario	END	1701879425001
USER	WebSocket Scenario	END	1701879425016
USER	WebSocket Scenario	END	1701879425047
USER	WebSocket Scenario	END	1701879425063
USER	WebSocket Scenario	END	1701879425063
USER	WebSocket Scenario	END	1701879425657
USER	WebSocket Scenario	END	1701879425657
USER	WebSocket Scenario	END	1701879425672
USER	WebSocket Scenario	END	1701879425672
USER	WebSocket Scenario	END	1701879425672
USER	WebSocket Scenario	END	1701879425703
USER	WebSocket Scenario	END	1701879425734
USER	WebSocket Scenario	END	1701879425750
USER	WebSocket Scenario	END	1701879425751
USER	WebSocket Scenario	END	1701879425765
USER	WebSocket Scenario	END	1701879425781
USER	WebSocket Scenario	END	1701879425781
USER	WebSocket Scenario	END	1701879425796
USER	WebSocket Scenario	END	1701879425797
USER	WebSocket Scenario	END	1701879425827
USER	WebSocket Scenario	END	1701879425843
USER	WebSocket Scenario	END	1701879425874
USER	WebSocket Scenario	END	1701879425874
USER	WebSocket Scenario	END	1701879425889
USER	WebSocket Scenario	END	1701879426247
USER	WebSocket Scenario	END	1701879426248
USER	WebSocket Scenario	END	1701879426248
USER	WebSocket Scenario	END	1701879426248
USER	WebSocket Scenario	END	1701879426248
USER	WebSocket Scenario	END	1701879426248
USER	WebSocket Scenario	END	1701879426248
USER	WebSocket Scenario	END	1701879426263
USER	WebSocket Scenario	END	1701879426263
USER	WebSocket Scenario	END	1701879426263
USER	WebSocket Scenario	END	1701879426263
USER	WebSocket Scenario	END	1701879426279
USER	WebSocket Scenario	END	1701879426279
USER	WebSocket Scenario	END	1701879426810
USER	WebSocket Scenario	END	1701879426810
USER	WebSocket Scenario	END	1701879426826
USER	WebSocket Scenario	END	1701879426842
USER	WebSocket Scenario	END	1701879426858
USER	WebSocket Scenario	END	1701879426858
USER	WebSocket Scenario	END	1701879426874
USER	WebSocket Scenario	END	1701879426874
USER	WebSocket Scenario	END	1701879426904
USER	WebSocket Scenario	END	1701879426904
USER	WebSocket Scenario	END	1701879426920
USER	WebSocket Scenario	END	1701879426936
USER	WebSocket Scenario	END	1701879426951
USER	WebSocket Scenario	END	1701879426967
USER	WebSocket Scenario	END	1701879426983
USER	WebSocket Scenario	END	1701879427013
USER	WebSocket Scenario	END	1701879427014
USER	WebSocket Scenario	END	1701879427014
USER	WebSocket Scenario	END	1701879427014
USER	WebSocket Scenario	END	1701879427060
USER	WebSocket Scenario	END	1701879427076
USER	WebSocket Scenario	END	1701879427076
USER	WebSocket Scenario	END	1701879427092
USER	WebSocket Scenario	END	1701879427107
USER	WebSocket Scenario	END	1701879427107
USER	WebSocket Scenario	END	1701879427138
USER	WebSocket Scenario	END	1701879427153
