RUN	computerdatabase.ComputerDatabaseSimulation	computerdatabasesimulation	1700813719909	Socket connect	3.9.5
USER	WebSocket Scenario	START	1700813721886
USER	WebSocket Scenario	START	1700813721886
USER	WebSocket Scenario	START	1700813721886
USER	WebSocket Scenario	START	1700813721886
USER	WebSocket Scenario	START	1700813721887
USER	WebSocket Scenario	START	1700813721888
USER	WebSocket Scenario	START	1700813721888
USER	WebSocket Scenario	START	1700813721888
USER	WebSocket Scenario	START	1700813721888
USER	WebSocket Scenario	START	1700813721888
USER	WebSocket Scenario	START	1700813721888
USER	WebSocket Scenario	START	1700813721888
USER	WebSocket Scenario	START	1700813721888
USER	WebSocket Scenario	START	1700813721888
USER	WebSocket Scenario	START	1700813721888
USER	WebSocket Scenario	START	1700813721888
USER	WebSocket Scenario	START	1700813721888
USER	WebSocket Scenario	START	1700813721888
USER	WebSocket Scenario	START	1700813721888
USER	WebSocket Scenario	START	1700813721888
USER	WebSocket Scenario	START	1700813721888
USER	WebSocket Scenario	START	1700813721888
USER	WebSocket Scenario	START	1700813721886
USER	WebSocket Scenario	START	1700813721888
USER	WebSocket Scenario	START	1700813721889
USER	WebSocket Scenario	START	1700813721889
USER	WebSocket Scenario	START	1700813721889
USER	WebSocket Scenario	START	1700813721889
USER	WebSocket Scenario	START	1700813721889
USER	WebSocket Scenario	START	1700813721889
USER	WebSocket Scenario	START	1700813721889
USER	WebSocket Scenario	START	1700813721889
USER	WebSocket Scenario	START	1700813721889
USER	WebSocket Scenario	START	1700813721889
USER	WebSocket Scenario	START	1700813721889
USER	WebSocket Scenario	START	1700813721889
USER	WebSocket Scenario	START	1700813721889
USER	WebSocket Scenario	START	1700813721889
USER	WebSocket Scenario	START	1700813721889
USER	WebSocket Scenario	START	1700813721889
USER	WebSocket Scenario	START	1700813721889
USER	WebSocket Scenario	START	1700813721889
USER	WebSocket Scenario	START	1700813721888
USER	WebSocket Scenario	START	1700813721889
USER	WebSocket Scenario	START	1700813721889
USER	WebSocket Scenario	START	1700813721890
USER	WebSocket Scenario	START	1700813721890
USER	WebSocket Scenario	START	1700813721890
USER	WebSocket Scenario	START	1700813721890
USER	WebSocket Scenario	START	1700813721890
REQUEST		WebSocket Connect	1700813721982	1700813722430	OK	 
REQUEST		WebSocket Connect	1700813721986	1700813722430	OK	 
REQUEST		WebSocket Connect	1700813721942	1700813722425	OK	 
REQUEST		WebSocket Connect	1700813721983	1700813722430	OK	 
REQUEST		WebSocket Connect	1700813721946	1700813722439	OK	 
REQUEST		WebSocket Connect	1700813721946	1700813722451	OK	 
REQUEST		WebSocket Connect	1700813721982	1700813722452	OK	 
REQUEST		WebSocket Connect	1700813721980	1700813722461	OK	 
REQUEST		WebSocket Connect	1700813721939	1700813722467	OK	 
REQUEST		WebSocket Connect	1700813721980	1700813722469	OK	 
REQUEST		WebSocket Connect	1700813721984	1700813722963	OK	 
REQUEST		WebSocket Connect	1700813721983	1700813723987	OK	 
REQUEST		WebSocket Connect	1700813721988	1700813723995	OK	 
REQUEST		WebSocket Connect	1700813721939	1700813725012	OK	 
REQUEST		WebSocket Connect	1700813721980	1700813725027	OK	 
REQUEST		WebSocket Connect	1700813721981	1700813725036	OK	 
REQUEST		WebSocket Connect	1700813721942	1700813725036	OK	 
REQUEST		WebSocket Connect	1700813721988	1700813726065	OK	 
REQUEST		WebSocket Connect	1700813721981	1700813726071	OK	 
REQUEST		WebSocket Connect	1700813721939	1700813726071	OK	 
REQUEST		WebSocket Connect	1700813721980	1700813726081	OK	 
REQUEST		WebSocket Connect	1700813721986	1700813726088	OK	 
REQUEST		WebSocket Connect	1700813721981	1700813726088	OK	 
REQUEST		WebSocket Connect	1700813721990	1700813726405	OK	 
REQUEST		WebSocket Connect	1700813721983	1700813726463	OK	 
REQUEST		WebSocket Connect	1700813721945	1700813727070	OK	 
REQUEST		WebSocket Connect	1700813721941	1700813727092	OK	 
REQUEST		WebSocket Connect	1700813721985	1700813727097	OK	 
REQUEST		WebSocket Connect	1700813721939	1700813727105	OK	 
REQUEST		WebSocket Connect	1700813721948	1700813727114	OK	 
REQUEST		WebSocket Connect	1700813721939	1700813727114	OK	 
REQUEST		WebSocket Connect	1700813721983	1700813727432	OK	 
REQUEST		WebSocket Connect	1700813721985	1700813727438	OK	 
REQUEST		WebSocket Connect	1700813721947	1700813727447	OK	 
REQUEST		WebSocket Connect	1700813721987	1700813727455	OK	 
REQUEST		WebSocket Connect	1700813721942	1700813727462	OK	 
REQUEST		WebSocket Connect	1700813721985	1700813727472	OK	 
REQUEST		WebSocket Connect	1700813721986	1700813727480	OK	 
REQUEST		WebSocket Connect	1700813721988	1700813727486	OK	 
REQUEST		WebSocket Connect	1700813721988	1700813727496	OK	 
REQUEST		WebSocket Connect	1700813721981	1700813727496	OK	 
REQUEST		WebSocket Connect	1700813721987	1700813728017	OK	 
REQUEST		WebSocket Connect	1700813721980	1700813728026	OK	 
REQUEST		WebSocket Connect	1700813721990	1700813728050	OK	 
REQUEST		WebSocket Connect	1700813721989	1700813728066	OK	 
REQUEST		WebSocket Connect	1700813721987	1700813728073	OK	 
REQUEST		WebSocket Connect	1700813721984	1700813728079	OK	 
REQUEST		WebSocket Connect	1700813721990	1700813728089	OK	 
REQUEST		WebSocket Connect	1700813721940	1700813728097	OK	 
REQUEST		WebSocket Connect	1700813721939	1700813728098	OK	 
REQUEST		Send Request type in Websocket	1700813730446	1700813730446	OK	 
REQUEST		Send Request type in Websocket	1700813730446	1700813730446	OK	 
REQUEST		Send Request type in Websocket	1700813730448	1700813730448	OK	 
REQUEST		Send Request type in Websocket	1700813730448	1700813730448	OK	 
REQUEST		Send Request type in Websocket	1700813730448	1700813730448	OK	 
REQUEST		Send Request type in Websocket	1700813730457	1700813730457	OK	 
REQUEST		Send Request type in Websocket	1700813730457	1700813730457	OK	 
REQUEST		Send Request type in Websocket	1700813730465	1700813730465	OK	 
REQUEST		Send Request type in Websocket	1700813730473	1700813730473	OK	 
REQUEST		Send Request type in Websocket	1700813730474	1700813730474	OK	 
REQUEST		Send Request type in Websocket	1700813730971	1700813730971	OK	 
REQUEST		Send Request type in Websocket	1700813731997	1700813731997	OK	 
REQUEST		Send Request type in Websocket	1700813731997	1700813731997	OK	 
REQUEST		Send Request type in Websocket	1700813733018	1700813733018	OK	 
REQUEST		Send Request type in Websocket	1700813733031	1700813733031	OK	 
REQUEST		Send Request type in Websocket	1700813733039	1700813733039	OK	 
REQUEST		Send Request type in Websocket	1700813733039	1700813733039	OK	 
REQUEST		Send Request type in Websocket	1700813734069	1700813734069	OK	 
REQUEST		Send Request type in Websocket	1700813734085	1700813734085	OK	 
REQUEST		Send Request type in Websocket	1700813734085	1700813734085	OK	 
REQUEST		Send Request type in Websocket	1700813734086	1700813734086	OK	 
REQUEST		Send Request type in Websocket	1700813734093	1700813734093	OK	 
REQUEST		Send Request type in Websocket	1700813734094	1700813734094	OK	 
REQUEST		Send Request type in Websocket	1700813734414	1700813734414	OK	 
REQUEST		Send Request type in Websocket	1700813734472	1700813734472	OK	 
REQUEST		Send Request type in Websocket	1700813735081	1700813735081	OK	 
REQUEST		Send Request type in Websocket	1700813735105	1700813735105	OK	 
REQUEST		Send Request type in Websocket	1700813735105	1700813735105	OK	 
REQUEST		Send Request type in Websocket	1700813735122	1700813735122	OK	 
REQUEST		Send Request type in Websocket	1700813735122	1700813735122	OK	 
REQUEST		Send Request type in Websocket	1700813735122	1700813735122	OK	 
REQUEST		Send Request type in Websocket	1700813735443	1700813735443	OK	 
REQUEST		Send Request type in Websocket	1700813735443	1700813735443	OK	 
REQUEST		Send Request type in Websocket	1700813735452	1700813735452	OK	 
USER	WebSocket Scenario	END	1700813735457
USER	WebSocket Scenario	END	1700813735457
USER	WebSocket Scenario	END	1700813735457
USER	WebSocket Scenario	END	1700813735457
USER	WebSocket Scenario	END	1700813735457
USER	WebSocket Scenario	END	1700813735465
USER	WebSocket Scenario	END	1700813735465
REQUEST		Send Request type in Websocket	1700813735465	1700813735465	OK	 
REQUEST		Send Request type in Websocket	1700813735465	1700813735465	OK	 
USER	WebSocket Scenario	END	1700813735473
REQUEST		Send Request type in Websocket	1700813735473	1700813735473	OK	 
USER	WebSocket Scenario	END	1700813735481
USER	WebSocket Scenario	END	1700813735482
REQUEST		Send Request type in Websocket	1700813735481	1700813735481	OK	 
REQUEST		Send Request type in Websocket	1700813735489	1700813735489	OK	 
REQUEST		Send Request type in Websocket	1700813735497	1700813735497	OK	 
REQUEST		Send Request type in Websocket	1700813735497	1700813735497	OK	 
USER	WebSocket Scenario	END	1700813735974
REQUEST		Send Request type in Websocket	1700813736029	1700813736029	OK	 
REQUEST		Send Request type in Websocket	1700813736030	1700813736030	OK	 
REQUEST		Send Request type in Websocket	1700813736055	1700813736055	OK	 
REQUEST		Send Request type in Websocket	1700813736074	1700813736074	OK	 
REQUEST		Send Request type in Websocket	1700813736082	1700813736082	OK	 
REQUEST		Send Request type in Websocket	1700813736082	1700813736082	OK	 
REQUEST		Send Request type in Websocket	1700813736098	1700813736098	OK	 
REQUEST		Send Request type in Websocket	1700813736098	1700813736098	OK	 
REQUEST		Send Request type in Websocket	1700813736106	1700813736106	OK	 
USER	WebSocket Scenario	END	1700813737004
USER	WebSocket Scenario	END	1700813737004
USER	WebSocket Scenario	END	1700813738022
USER	WebSocket Scenario	END	1700813738039
USER	WebSocket Scenario	END	1700813738053
USER	WebSocket Scenario	END	1700813738053
USER	WebSocket Scenario	END	1700813739081
USER	WebSocket Scenario	END	1700813739098
USER	WebSocket Scenario	END	1700813739098
USER	WebSocket Scenario	END	1700813739098
USER	WebSocket Scenario	END	1700813739098
USER	WebSocket Scenario	END	1700813739098
USER	WebSocket Scenario	END	1700813739416
USER	WebSocket Scenario	END	1700813739480
USER	WebSocket Scenario	END	1700813740098
USER	WebSocket Scenario	END	1700813740114
USER	WebSocket Scenario	END	1700813740114
USER	WebSocket Scenario	END	1700813740138
USER	WebSocket Scenario	END	1700813740138
USER	WebSocket Scenario	END	1700813740138
USER	WebSocket Scenario	END	1700813740451
USER	WebSocket Scenario	END	1700813740451
USER	WebSocket Scenario	END	1700813740467
USER	WebSocket Scenario	END	1700813740467
USER	WebSocket Scenario	END	1700813740475
USER	WebSocket Scenario	END	1700813740475
USER	WebSocket Scenario	END	1700813740490
USER	WebSocket Scenario	END	1700813740491
USER	WebSocket Scenario	END	1700813740506
USER	WebSocket Scenario	END	1700813740507
USER	WebSocket Scenario	END	1700813741033
USER	WebSocket Scenario	END	1700813741033
USER	WebSocket Scenario	END	1700813741067
USER	WebSocket Scenario	END	1700813741091
USER	WebSocket Scenario	END	1700813741091
USER	WebSocket Scenario	END	1700813741091
USER	WebSocket Scenario	END	1700813741108
USER	WebSocket Scenario	END	1700813741108
USER	WebSocket Scenario	END	1700813741115
