RUN	computerdatabase.ComputerDatabaseSimulation	computerdatabasesimulation	1701871982153	Socket Connect	3.9.5
USER	WebSocket Scenario	START	1701871983636
USER	WebSocket Scenario	START	1701871983676
USER	WebSocket Scenario	START	1701871983738
USER	WebSocket Scenario	START	1701871983786
USER	WebSocket Scenario	START	1701871983832
USER	WebSocket Scenario	START	1701871983879
USER	WebSocket Scenario	START	1701871983941
USER	WebSocket Scenario	START	1701871983989
USER	WebSocket Scenario	START	1701871984034
USER	WebSocket Scenario	START	1701871984082
REQUEST		WebSocket Connect	1701871983650	1701871984111	OK	 
REQUEST		WebSocket Connect	1701871983676	1701871984112	OK	 
REQUEST		Send Request type in Websocket	1701871984122	1701871984122	OK	 
REQUEST		Send Request type in Websocket	1701871984122	1701871984122	OK	 
USER	WebSocket Scenario	START	1701871984128
REQUEST		WebSocket Connect	1701871983740	1701871984135	OK	 
REQUEST		Send Request type in Websocket	1701871984136	1701871984136	OK	 
REQUEST		WebSocket Connect	1701871983833	1701871984165	OK	 
REQUEST		Send Request type in Websocket	1701871984166	1701871984166	OK	 
USER	WebSocket Scenario	START	1701871984191
REQUEST		WebSocket Connect	1701871983787	1701871984195	OK	 
REQUEST		WebSocket Connect	1701871983880	1701871984195	OK	 
REQUEST		Send Request type in Websocket	1701871984195	1701871984195	OK	 
REQUEST		Send Request type in Websocket	1701871984196	1701871984196	OK	 
USER	WebSocket Scenario	START	1701871984237
USER	WebSocket Scenario	START	1701871984284
REQUEST		WebSocket Connect	1701871983942	1701871984301	OK	 
REQUEST		Send Request type in Websocket	1701871984302	1701871984302	OK	 
REQUEST		WebSocket Connect	1701871983990	1701871984311	OK	 
REQUEST		Send Request type in Websocket	1701871984312	1701871984312	OK	 
REQUEST		WebSocket Connect	1701871984035	1701871984315	OK	 
REQUEST		Send Request type in Websocket	1701871984315	1701871984315	OK	 
USER	WebSocket Scenario	START	1701871984330
USER	WebSocket Scenario	START	1701871984393
REQUEST		WebSocket Connect	1701871984082	1701871984415	OK	 
REQUEST		Send Request type in Websocket	1701871984415	1701871984415	OK	 
USER	WebSocket Scenario	START	1701871984438
USER	WebSocket Scenario	START	1701871984484
USER	WebSocket Scenario	START	1701871984530
USER	WebSocket Scenario	START	1701871984592
REQUEST		WebSocket Connect	1701871984128	1701871984877	OK	 
REQUEST		Send Request type in Websocket	1701871984878	1701871984878	OK	 
REQUEST		WebSocket Connect	1701871984237	1701871985862	OK	 
REQUEST		Send Request type in Websocket	1701871985862	1701871985862	OK	 
REQUEST		WebSocket Connect	1701871984192	1701871985876	OK	 
REQUEST		Send Request type in Websocket	1701871985877	1701871985877	OK	 
REQUEST		WebSocket Connect	1701871984285	1701871986897	OK	 
REQUEST		Send Request type in Websocket	1701871986897	1701871986897	OK	 
REQUEST		WebSocket Connect	1701871984331	1701871986901	OK	 
REQUEST		Send Request type in Websocket	1701871986902	1701871986902	OK	 
REQUEST		WebSocket Connect	1701871984393	1701871986947	OK	 
REQUEST		WebSocket Connect	1701871984439	1701871986947	OK	 
REQUEST		Send Request type in Websocket	1701871986947	1701871986947	OK	 
REQUEST		Send Request type in Websocket	1701871986947	1701871986947	OK	 
REQUEST		WebSocket Connect	1701871984485	1701871987919	OK	 
REQUEST		Send Request type in Websocket	1701871987920	1701871987920	OK	 
REQUEST		WebSocket Connect	1701871984593	1701871987937	OK	 
REQUEST		Send Request type in Websocket	1701871987938	1701871987938	OK	 
REQUEST		WebSocket Connect	1701871984531	1701871987961	OK	 
REQUEST		Send Request type in Websocket	1701871987962	1701871987962	OK	 
USER	WebSocket Scenario	END	1701871989132
USER	WebSocket Scenario	END	1701871989132
USER	WebSocket Scenario	END	1701871989142
USER	WebSocket Scenario	END	1701871989173
USER	WebSocket Scenario	END	1701871989205
USER	WebSocket Scenario	END	1701871989205
USER	WebSocket Scenario	END	1701871989313
USER	WebSocket Scenario	END	1701871989314
USER	WebSocket Scenario	END	1701871989329
USER	WebSocket Scenario	END	1701871989423
USER	WebSocket Scenario	END	1701871989892
USER	WebSocket Scenario	END	1701871990877
USER	WebSocket Scenario	END	1701871990892
USER	WebSocket Scenario	END	1701871991902
USER	WebSocket Scenario	END	1701871991917
USER	WebSocket Scenario	END	1701871991964
USER	WebSocket Scenario	END	1701871991964
USER	WebSocket Scenario	END	1701871992931
USER	WebSocket Scenario	END	1701871992945
USER	WebSocket Scenario	END	1701871992977
