RUN	computerdatabase.ComputerDatabaseSimulation	computerdatabasesimulation	1700809162243	Socket connect	3.9.5
USER	WebSocket Scenario	START	1700809164092
USER	WebSocket Scenario	START	1700809164092
USER	WebSocket Scenario	START	1700809164092
USER	WebSocket Scenario	START	1700809164092
USER	WebSocket Scenario	START	1700809164092
USER	WebSocket Scenario	START	1700809164093
USER	WebSocket Scenario	START	1700809164093
USER	WebSocket Scenario	START	1700809164093
USER	WebSocket Scenario	START	1700809164093
USER	WebSocket Scenario	START	1700809164093
USER	WebSocket Scenario	START	1700809164093
USER	WebSocket Scenario	START	1700809164093
USER	WebSocket Scenario	START	1700809164093
USER	WebSocket Scenario	START	1700809164093
USER	WebSocket Scenario	START	1700809164093
USER	WebSocket Scenario	START	1700809164093
USER	WebSocket Scenario	START	1700809164093
USER	WebSocket Scenario	START	1700809164092
USER	WebSocket Scenario	START	1700809164094
USER	WebSocket Scenario	START	1700809164094
USER	WebSocket Scenario	START	1700809164094
USER	WebSocket Scenario	START	1700809164094
USER	WebSocket Scenario	START	1700809164094
USER	WebSocket Scenario	START	1700809164094
USER	WebSocket Scenario	START	1700809164094
USER	WebSocket Scenario	START	1700809164094
USER	WebSocket Scenario	START	1700809164092
USER	WebSocket Scenario	START	1700809164094
USER	WebSocket Scenario	START	1700809164094
USER	WebSocket Scenario	START	1700809164094
USER	WebSocket Scenario	START	1700809164094
USER	WebSocket Scenario	START	1700809164094
USER	WebSocket Scenario	START	1700809164094
USER	WebSocket Scenario	START	1700809164094
USER	WebSocket Scenario	START	1700809164094
USER	WebSocket Scenario	START	1700809164094
USER	WebSocket Scenario	START	1700809164094
USER	WebSocket Scenario	START	1700809164094
USER	WebSocket Scenario	START	1700809164094
USER	WebSocket Scenario	START	1700809164095
USER	WebSocket Scenario	START	1700809164095
USER	WebSocket Scenario	START	1700809164095
USER	WebSocket Scenario	START	1700809164095
USER	WebSocket Scenario	START	1700809164095
USER	WebSocket Scenario	START	1700809164095
USER	WebSocket Scenario	START	1700809164095
USER	WebSocket Scenario	START	1700809164095
USER	WebSocket Scenario	START	1700809164095
USER	WebSocket Scenario	START	1700809164095
USER	WebSocket Scenario	START	1700809164095
USER	WebSocket Scenario	START	1700809164095
USER	WebSocket Scenario	START	1700809164095
USER	WebSocket Scenario	START	1700809164095
USER	WebSocket Scenario	START	1700809164095
USER	WebSocket Scenario	START	1700809164095
USER	WebSocket Scenario	START	1700809164095
USER	WebSocket Scenario	START	1700809164095
USER	WebSocket Scenario	START	1700809164096
USER	WebSocket Scenario	START	1700809164096
USER	WebSocket Scenario	START	1700809164096
USER	WebSocket Scenario	START	1700809164096
USER	WebSocket Scenario	START	1700809164096
USER	WebSocket Scenario	START	1700809164096
USER	WebSocket Scenario	START	1700809164096
USER	WebSocket Scenario	START	1700809164096
USER	WebSocket Scenario	START	1700809164096
USER	WebSocket Scenario	START	1700809164096
USER	WebSocket Scenario	START	1700809164096
USER	WebSocket Scenario	START	1700809164096
USER	WebSocket Scenario	START	1700809164097
REQUEST		WebSocket Connect	1700809164205	1700809164385	OK	 
REQUEST		WebSocket Connect	1700809164211	1700809164404	OK	 
REQUEST		WebSocket Connect	1700809164179	1700809164415	OK	 
REQUEST		WebSocket Connect	1700809164179	1700809164426	OK	 
REQUEST		WebSocket Connect	1700809164176	1700809164434	OK	 
REQUEST		WebSocket Connect	1700809164182	1700809164443	OK	 
REQUEST		WebSocket Connect	1700809164204	1700809164453	OK	 
REQUEST		WebSocket Connect	1700809164205	1700809164461	OK	 
REQUEST		WebSocket Connect	1700809164205	1700809164461	OK	 
REQUEST		WebSocket Connect	1700809164207	1700809164677	OK	 
REQUEST		WebSocket Connect	1700809164206	1700809165942	OK	 
REQUEST		WebSocket Connect	1700809164206	1700809165942	OK	 
REQUEST		WebSocket Connect	1700809164208	1700809166894	OK	 
REQUEST		WebSocket Connect	1700809164212	1700809166922	OK	 
REQUEST		WebSocket Connect	1700809164182	1700809166922	OK	 
REQUEST		WebSocket Connect	1700809164208	1700809166922	OK	 
REQUEST		WebSocket Connect	1700809164179	1700809168142	OK	 
REQUEST		WebSocket Connect	1700809164209	1700809168280	OK	 
REQUEST		WebSocket Connect	1700809164210	1700809168282	OK	 
REQUEST		WebSocket Connect	1700809164217	1700809168293	OK	 
REQUEST		WebSocket Connect	1700809164207	1700809168301	OK	 
REQUEST		WebSocket Connect	1700809164210	1700809168312	OK	 
REQUEST		WebSocket Connect	1700809164216	1700809168323	OK	 
REQUEST		WebSocket Connect	1700809164215	1700809168323	OK	 
REQUEST		WebSocket Connect	1700809164212	1700809168852	OK	 
REQUEST		WebSocket Connect	1700809164206	1700809168852	OK	 
REQUEST		WebSocket Connect	1700809164208	1700809168862	OK	 
REQUEST		WebSocket Connect	1700809164215	1700809168874	OK	 
REQUEST		WebSocket Connect	1700809164174	1700809168885	OK	 
REQUEST		WebSocket Connect	1700809164218	1700809168896	OK	 
REQUEST		WebSocket Connect	1700809164214	1700809168909	OK	 
REQUEST		WebSocket Connect	1700809164221	1700809168910	OK	 
REQUEST		WebSocket Connect	1700809164215	1700809168919	OK	 
REQUEST		WebSocket Connect	1700809164221	1700809168921	OK	 
REQUEST		WebSocket Connect	1700809164179	1700809169321	OK	 
REQUEST		WebSocket Connect	1700809164211	1700809169321	OK	 
REQUEST		WebSocket Connect	1700809164177	1700809169495	OK	 
REQUEST		WebSocket Connect	1700809164210	1700809169495	OK	 
REQUEST		WebSocket Connect	1700809164214	1700809169508	OK	 
REQUEST		WebSocket Connect	1700809164214	1700809169517	OK	 
REQUEST		WebSocket Connect	1700809164220	1700809169855	OK	 
REQUEST		WebSocket Connect	1700809164218	1700809169872	OK	 
REQUEST		WebSocket Connect	1700809164168	1700809169873	OK	 
REQUEST		WebSocket Connect	1700809164223	1700809170001	OK	 
REQUEST		WebSocket Connect	1700809164220	1700809170025	OK	 
REQUEST		WebSocket Connect	1700809164179	1700809170034	OK	 
REQUEST		WebSocket Connect	1700809164223	1700809170042	OK	 
REQUEST		WebSocket Connect	1700809164224	1700809170052	OK	 
REQUEST		WebSocket Connect	1700809164224	1700809170156	OK	 
REQUEST		WebSocket Connect	1700809164226	1700809170171	OK	 
REQUEST		WebSocket Connect	1700809164223	1700809170184	OK	 
REQUEST		WebSocket Connect	1700809164212	1700809170189	OK	 
REQUEST		WebSocket Connect	1700809164218	1700809170202	OK	 
REQUEST		WebSocket Connect	1700809164223	1700809170210	OK	 
REQUEST		WebSocket Connect	1700809164214	1700809170235	OK	 
REQUEST		WebSocket Connect	1700809164224	1700809170248	OK	 
REQUEST		WebSocket Connect	1700809164224	1700809170259	OK	 
REQUEST		WebSocket Connect	1700809164215	1700809170268	OK	 
REQUEST		WebSocket Connect	1700809164225	1700809170269	OK	 
REQUEST		WebSocket Connect	1700809164169	1700809170625	OK	 
REQUEST		WebSocket Connect	1700809164221	1700809170626	OK	 
REQUEST		WebSocket Connect	1700809164216	1700809170643	OK	 
REQUEST		WebSocket Connect	1700809164218	1700809170643	OK	 
REQUEST		WebSocket Connect	1700809164168	1700809170664	OK	 
REQUEST		WebSocket Connect	1700809164221	1700809170668	OK	 
REQUEST		WebSocket Connect	1700809164172	1700809170682	OK	 
REQUEST		WebSocket Connect	1700809164177	1700809170690	OK	 
REQUEST		WebSocket Connect	1700809164223	1700809170699	OK	 
REQUEST		WebSocket Connect	1700809164219	1700809170716	OK	 
REQUEST		WebSocket Connect	1700809164183	1700809170716	OK	 
REQUEST		Send Request type in Websocket	1700809184410	1700809184410	OK	 
REQUEST		Send Request type in Websocket	1700809184416	1700809184416	OK	 
REQUEST		Send Request type in Websocket	1700809184417	1700809184417	OK	 
USER	WebSocket Scenario	END	1700809184418
USER	WebSocket Scenario	END	1700809184418
USER	WebSocket Scenario	END	1700809184418
REQUEST		Send Request type in Websocket	1700809184432	1700809184432	OK	 
USER	WebSocket Scenario	END	1700809184433
REQUEST		Send Request type in Websocket	1700809184448	1700809184448	OK	 
REQUEST		Send Request type in Websocket	1700809184448	1700809184448	OK	 
USER	WebSocket Scenario	END	1700809184448
USER	WebSocket Scenario	END	1700809184449
REQUEST		Send Request type in Websocket	1700809184463	1700809184463	OK	 
REQUEST		Send Request type in Websocket	1700809184463	1700809184463	OK	 
REQUEST		Send Request type in Websocket	1700809184463	1700809184463	OK	 
USER	WebSocket Scenario	END	1700809184465
USER	WebSocket Scenario	END	1700809184465
USER	WebSocket Scenario	END	1700809184465
REQUEST		Send Request type in Websocket	1700809184685	1700809184685	OK	 
USER	WebSocket Scenario	END	1700809184686
REQUEST		Send Request type in Websocket	1700809185948	1700809185948	OK	 
REQUEST		Send Request type in Websocket	1700809185948	1700809185948	OK	 
USER	WebSocket Scenario	END	1700809185950
USER	WebSocket Scenario	END	1700809185950
REQUEST		Send Request type in Websocket	1700809186910	1700809186910	OK	 
USER	WebSocket Scenario	END	1700809186911
REQUEST		Send Request type in Websocket	1700809186925	1700809186925	OK	 
REQUEST		Send Request type in Websocket	1700809186925	1700809186925	OK	 
REQUEST		Send Request type in Websocket	1700809186927	1700809186927	OK	 
USER	WebSocket Scenario	END	1700809186928
USER	WebSocket Scenario	END	1700809186928
USER	WebSocket Scenario	END	1700809186928
REQUEST		Send Request type in Websocket	1700809188155	1700809188155	OK	 
USER	WebSocket Scenario	END	1700809188156
REQUEST		Send Request type in Websocket	1700809188282	1700809188282	OK	 
USER	WebSocket Scenario	END	1700809188284
REQUEST		Send Request type in Websocket	1700809188298	1700809188298	OK	 
REQUEST		Send Request type in Websocket	1700809188298	1700809188298	OK	 
USER	WebSocket Scenario	END	1700809188299
USER	WebSocket Scenario	END	1700809188299
REQUEST		Send Request type in Websocket	1700809188313	1700809188313	OK	 
REQUEST		Send Request type in Websocket	1700809188313	1700809188313	OK	 
USER	WebSocket Scenario	END	1700809188315
USER	WebSocket Scenario	END	1700809188315
REQUEST		Send Request type in Websocket	1700809188329	1700809188329	OK	 
REQUEST		Send Request type in Websocket	1700809188329	1700809188329	OK	 
USER	WebSocket Scenario	END	1700809188330
USER	WebSocket Scenario	END	1700809188331
REQUEST		Send Request type in Websocket	1700809188866	1700809188866	OK	 
REQUEST		Send Request type in Websocket	1700809188866	1700809188866	OK	 
REQUEST		Send Request type in Websocket	1700809188867	1700809188867	OK	 
USER	WebSocket Scenario	END	1700809188868
USER	WebSocket Scenario	END	1700809188868
USER	WebSocket Scenario	END	1700809188868
REQUEST		Send Request type in Websocket	1700809188882	1700809188882	OK	 
USER	WebSocket Scenario	END	1700809188883
REQUEST		Send Request type in Websocket	1700809188898	1700809188898	OK	 
REQUEST		Send Request type in Websocket	1700809188898	1700809188898	OK	 
USER	WebSocket Scenario	END	1700809188899
USER	WebSocket Scenario	END	1700809188899
REQUEST		Send Request type in Websocket	1700809188914	1700809188914	OK	 
REQUEST		Send Request type in Websocket	1700809188914	1700809188914	OK	 
USER	WebSocket Scenario	END	1700809188915
USER	WebSocket Scenario	END	1700809188915
REQUEST		Send Request type in Websocket	1700809188930	1700809188930	OK	 
REQUEST		Send Request type in Websocket	1700809188930	1700809188930	OK	 
USER	WebSocket Scenario	END	1700809188931
USER	WebSocket Scenario	END	1700809188931
REQUEST		Send Request type in Websocket	1700809189324	1700809189324	OK	 
REQUEST		Send Request type in Websocket	1700809189324	1700809189324	OK	 
USER	WebSocket Scenario	END	1700809189325
USER	WebSocket Scenario	END	1700809189325
REQUEST		Send Request type in Websocket	1700809189497	1700809189497	OK	 
REQUEST		Send Request type in Websocket	1700809189497	1700809189497	OK	 
USER	WebSocket Scenario	END	1700809189498
USER	WebSocket Scenario	END	1700809189498
REQUEST		Send Request type in Websocket	1700809189513	1700809189513	OK	 
USER	WebSocket Scenario	END	1700809189514
REQUEST		Send Request type in Websocket	1700809189529	1700809189529	OK	 
USER	WebSocket Scenario	END	1700809189530
REQUEST		Send Request type in Websocket	1700809189861	1700809189861	OK	 
USER	WebSocket Scenario	END	1700809189863
REQUEST		Send Request type in Websocket	1700809189877	1700809189877	OK	 
REQUEST		Send Request type in Websocket	1700809189877	1700809189877	OK	 
USER	WebSocket Scenario	END	1700809189878
USER	WebSocket Scenario	END	1700809189879
REQUEST		Send Request type in Websocket	1700809190017	1700809190017	OK	 
USER	WebSocket Scenario	END	1700809190019
REQUEST		Send Request type in Websocket	1700809190034	1700809190034	OK	 
USER	WebSocket Scenario	END	1700809190036
REQUEST		Send Request type in Websocket	1700809190048	1700809190048	OK	 
REQUEST		Send Request type in Websocket	1700809190048	1700809190048	OK	 
USER	WebSocket Scenario	END	1700809190050
USER	WebSocket Scenario	END	1700809190050
REQUEST		Send Request type in Websocket	1700809190065	1700809190065	OK	 
USER	WebSocket Scenario	END	1700809190066
REQUEST		Send Request type in Websocket	1700809190159	1700809190159	OK	 
USER	WebSocket Scenario	END	1700809190160
REQUEST		Send Request type in Websocket	1700809190175	1700809190175	OK	 
USER	WebSocket Scenario	END	1700809190178
REQUEST		Send Request type in Websocket	1700809190190	1700809190190	OK	 
REQUEST		Send Request type in Websocket	1700809190190	1700809190190	OK	 
USER	WebSocket Scenario	END	1700809190192
USER	WebSocket Scenario	END	1700809190192
REQUEST		Send Request type in Websocket	1700809190206	1700809190206	OK	 
USER	WebSocket Scenario	END	1700809190208
REQUEST		Send Request type in Websocket	1700809190221	1700809190221	OK	 
USER	WebSocket Scenario	END	1700809190223
REQUEST		Send Request type in Websocket	1700809190237	1700809190237	OK	 
USER	WebSocket Scenario	END	1700809190238
REQUEST		Send Request type in Websocket	1700809190253	1700809190253	OK	 
USER	WebSocket Scenario	END	1700809190254
REQUEST		Send Request type in Websocket	1700809190269	1700809190269	OK	 
USER	WebSocket Scenario	END	1700809190270
REQUEST		Send Request type in Websocket	1700809190285	1700809190285	OK	 
REQUEST		Send Request type in Websocket	1700809190285	1700809190285	OK	 
USER	WebSocket Scenario	END	1700809190286
USER	WebSocket Scenario	END	1700809190286
REQUEST		Send Request type in Websocket	1700809190632	1700809190632	OK	 
USER	WebSocket Scenario	END	1700809190634
REQUEST		Send Request type in Websocket	1700809190633	1700809190633	OK	 
USER	WebSocket Scenario	END	1700809190634
REQUEST		Send Request type in Websocket	1700809190648	1700809190648	OK	 
REQUEST		Send Request type in Websocket	1700809190648	1700809190648	OK	 
USER	WebSocket Scenario	END	1700809190649
USER	WebSocket Scenario	END	1700809190649
REQUEST		Send Request type in Websocket	1700809190679	1700809190679	OK	 
REQUEST		Send Request type in Websocket	1700809190679	1700809190679	OK	 
USER	WebSocket Scenario	END	1700809190681
USER	WebSocket Scenario	END	1700809190681
REQUEST		Send Request type in Websocket	1700809190695	1700809190695	OK	 
REQUEST		Send Request type in Websocket	1700809190695	1700809190695	OK	 
USER	WebSocket Scenario	END	1700809190696
USER	WebSocket Scenario	END	1700809190696
REQUEST		Send Request type in Websocket	1700809190711	1700809190711	OK	 
USER	WebSocket Scenario	END	1700809190712
REQUEST		Send Request type in Websocket	1700809190726	1700809190726	OK	 
REQUEST		Send Request type in Websocket	1700809190726	1700809190726	OK	 
USER	WebSocket Scenario	END	1700809190727
USER	WebSocket Scenario	END	1700809190727
