RUN	computerdatabase.ComputerDatabaseSimulation	computerdatabasesimulation	1700116784692	Socket connect	3.9.5
USER	WebSocket Scenario	START	1700116785987
USER	WebSocket Scenario	START	1700116785987
USER	WebSocket Scenario	START	1700116785987
USER	WebSocket Scenario	START	1700116785987
USER	WebSocket Scenario	START	1700116785987
USER	WebSocket Scenario	START	1700116785987
USER	WebSocket Scenario	START	1700116785987
USER	WebSocket Scenario	START	1700116785987
USER	WebSocket Scenario	START	1700116785987
USER	WebSocket Scenario	START	1700116785987
USER	WebSocket Scenario	START	1700116785987
USER	WebSocket Scenario	START	1700116785987
USER	WebSocket Scenario	START	1700116785987
USER	WebSocket Scenario	START	1700116785988
USER	WebSocket Scenario	START	1700116785988
USER	WebSocket Scenario	START	1700116785988
USER	WebSocket Scenario	START	1700116785988
USER	WebSocket Scenario	START	1700116785988
USER	WebSocket Scenario	START	1700116785988
USER	WebSocket Scenario	START	1700116785988
USER	WebSocket Scenario	START	1700116785988
USER	WebSocket Scenario	START	1700116785988
USER	WebSocket Scenario	START	1700116785988
USER	WebSocket Scenario	START	1700116785988
USER	WebSocket Scenario	START	1700116785988
USER	WebSocket Scenario	START	1700116785988
USER	WebSocket Scenario	START	1700116785988
USER	WebSocket Scenario	START	1700116785988
USER	WebSocket Scenario	START	1700116785988
USER	WebSocket Scenario	START	1700116785988
USER	WebSocket Scenario	START	1700116785988
USER	WebSocket Scenario	START	1700116785988
USER	WebSocket Scenario	START	1700116785988
USER	WebSocket Scenario	START	1700116785988
USER	WebSocket Scenario	START	1700116785988
USER	WebSocket Scenario	START	1700116785988
USER	WebSocket Scenario	START	1700116785988
USER	WebSocket Scenario	START	1700116785988
USER	WebSocket Scenario	START	1700116785988
USER	WebSocket Scenario	START	1700116785988
USER	WebSocket Scenario	START	1700116785988
USER	WebSocket Scenario	START	1700116785988
USER	WebSocket Scenario	START	1700116785988
USER	WebSocket Scenario	START	1700116785988
USER	WebSocket Scenario	START	1700116785988
USER	WebSocket Scenario	START	1700116785988
USER	WebSocket Scenario	START	1700116785988
USER	WebSocket Scenario	START	1700116785988
USER	WebSocket Scenario	START	1700116785988
USER	WebSocket Scenario	START	1700116785989
REQUEST		WebSocket Connect	1700116786015	1700116786187	OK	 
REQUEST		WebSocket Connect	1700116786030	1700116786187	OK	 
REQUEST		WebSocket Connect	1700116786015	1700116786187	OK	 
REQUEST		WebSocket Connect	1700116786030	1700116786206	OK	 
REQUEST		WebSocket Connect	1700116786029	1700116786210	OK	 
REQUEST		WebSocket Connect	1700116786029	1700116786219	OK	 
REQUEST		WebSocket Connect	1700116786030	1700116786226	OK	 
REQUEST		WebSocket Connect	1700116786019	1700116786239	OK	 
REQUEST		WebSocket Connect	1700116786030	1700116786239	OK	 
REQUEST		WebSocket Connect	1700116786017	1700116787184	OK	 
REQUEST		WebSocket Connect	1700116786015	1700116788180	OK	 
REQUEST		WebSocket Connect	1700116786030	1700116789183	OK	 
REQUEST		WebSocket Connect	1700116786019	1700116790193	OK	 
REQUEST		WebSocket Connect	1700116786015	1700116791185	OK	 
REQUEST		WebSocket Connect	1700116786031	1700116792203	OK	 
REQUEST		WebSocket Connect	1700116786037	1700116793198	OK	 
REQUEST		WebSocket Connect	1700116786030	1700116793208	OK	 
REQUEST		WebSocket Connect	1700116786032	1700116794222	OK	 
REQUEST		WebSocket Connect	1700116786037	1700116794238	OK	 
REQUEST		WebSocket Connect	1700116786030	1700116794246	OK	 
REQUEST		WebSocket Connect	1700116786033	1700116794246	OK	 
REQUEST		WebSocket Connect	1700116786030	1700116795208	OK	 
REQUEST		WebSocket Connect	1700116786031	1700116795221	OK	 
REQUEST		WebSocket Connect	1700116786018	1700116795243	OK	 
REQUEST		WebSocket Connect	1700116786033	1700116795252	OK	 
REQUEST		WebSocket Connect	1700116786033	1700116795263	OK	 
REQUEST		WebSocket Connect	1700116786032	1700116795274	OK	 
REQUEST		WebSocket Connect	1700116786035	1700116795287	OK	 
REQUEST		WebSocket Connect	1700116786015	1700116795289	OK	 
REQUEST		WebSocket Connect	1700116786032	1700116796088	KO	i.n.h.s.SslHandshakeTimeoutException: handshake timed out after 10000ms
REQUEST		WebSocket Connect	1700116786035	1700116796088	KO	i.n.h.s.SslHandshakeTimeoutException: handshake timed out after 10000ms
REQUEST		WebSocket Connect	1700116786015	1700116796088	KO	i.n.h.s.SslHandshakeTimeoutException: handshake timed out after 10000ms
REQUEST		WebSocket Connect	1700116786036	1700116796092	KO	i.n.h.s.SslHandshakeTimeoutException: handshake timed out after 10000ms
REQUEST		WebSocket Connect	1700116786035	1700116796089	KO	i.n.h.s.SslHandshakeTimeoutException: handshake timed out after 10000ms
REQUEST		WebSocket Connect	1700116786019	1700116796088	KO	i.n.h.s.SslHandshakeTimeoutException: handshake timed out after 10000ms
REQUEST		WebSocket Connect	1700116786015	1700116796088	KO	i.n.h.s.SslHandshakeTimeoutException: handshake timed out after 10000ms
REQUEST		WebSocket Connect	1700116786033	1700116796088	KO	i.n.h.s.SslHandshakeTimeoutException: handshake timed out after 10000ms
REQUEST		WebSocket Connect	1700116786016	1700116796088	KO	i.n.h.s.SslHandshakeTimeoutException: handshake timed out after 10000ms
REQUEST		WebSocket Connect	1700116786035	1700116796090	KO	i.n.h.s.SslHandshakeTimeoutException: handshake timed out after 10000ms
REQUEST		WebSocket Connect	1700116786015	1700116796089	KO	i.n.h.s.SslHandshakeTimeoutException: handshake timed out after 10000ms
REQUEST		WebSocket Connect	1700116786035	1700116796096	KO	i.n.h.s.SslHandshakeTimeoutException: handshake timed out after 10000ms
REQUEST		WebSocket Connect	1700116786034	1700116796096	KO	i.n.h.s.SslHandshakeTimeoutException: handshake timed out after 10000ms
REQUEST		WebSocket Connect	1700116786018	1700116796096	KO	i.n.h.s.SslHandshakeTimeoutException: handshake timed out after 10000ms
REQUEST		WebSocket Connect	1700116786033	1700116796096	KO	i.n.h.s.SslHandshakeTimeoutException: handshake timed out after 10000ms
REQUEST		WebSocket Connect	1700116786036	1700116796098	KO	i.n.h.s.SslHandshakeTimeoutException: handshake timed out after 10000ms
REQUEST		WebSocket Connect	1700116786036	1700116796098	KO	i.n.h.s.SslHandshakeTimeoutException: handshake timed out after 10000ms
REQUEST		WebSocket Connect	1700116786029	1700116796099	KO	i.n.h.s.SslHandshakeTimeoutException: handshake timed out after 10000ms
REQUEST		WebSocket Connect	1700116786037	1700116796104	KO	i.n.h.s.SslHandshakeTimeoutException: handshake timed out after 10000ms
REQUEST		WebSocket Connect	1700116786015	1700116796105	KO	i.n.h.s.SslHandshakeTimeoutException: handshake timed out after 10000ms
REQUEST		WebSocket Connect	1700116786037	1700116796106	KO	i.n.h.s.SslHandshakeTimeoutException: handshake timed out after 10000ms
USER	WebSocket Scenario	END	1700117086201
USER	WebSocket Scenario	END	1700117086201
USER	WebSocket Scenario	END	1700117086201
USER	WebSocket Scenario	END	1700117086214
USER	WebSocket Scenario	END	1700117086214
USER	WebSocket Scenario	END	1700117086230
USER	WebSocket Scenario	END	1700117086230
USER	WebSocket Scenario	END	1700117086246
USER	WebSocket Scenario	END	1700117086246
USER	WebSocket Scenario	END	1700117087198
USER	WebSocket Scenario	END	1700117088193
USER	WebSocket Scenario	END	1700117089192
USER	WebSocket Scenario	END	1700117090200
USER	WebSocket Scenario	END	1700117091195
USER	WebSocket Scenario	END	1700117092219
USER	WebSocket Scenario	END	1700117093213
USER	WebSocket Scenario	END	1700117093214
USER	WebSocket Scenario	END	1700117094237
USER	WebSocket Scenario	END	1700117094253
USER	WebSocket Scenario	END	1700117094253
USER	WebSocket Scenario	END	1700117094253
USER	WebSocket Scenario	END	1700117095211
USER	WebSocket Scenario	END	1700117095227
USER	WebSocket Scenario	END	1700117095258
USER	WebSocket Scenario	END	1700117095258
USER	WebSocket Scenario	END	1700117095273
USER	WebSocket Scenario	END	1700117095288
USER	WebSocket Scenario	END	1700117095304
USER	WebSocket Scenario	END	1700117095304
USER	WebSocket Scenario	END	1700117096100
USER	WebSocket Scenario	END	1700117096100
USER	WebSocket Scenario	END	1700117096100
USER	WebSocket Scenario	END	1700117096100
USER	WebSocket Scenario	END	1700117096100
USER	WebSocket Scenario	END	1700117096100
USER	WebSocket Scenario	END	1700117096100
USER	WebSocket Scenario	END	1700117096100
USER	WebSocket Scenario	END	1700117096100
USER	WebSocket Scenario	END	1700117096100
USER	WebSocket Scenario	END	1700117096100
USER	WebSocket Scenario	END	1700117096100
USER	WebSocket Scenario	END	1700117096101
USER	WebSocket Scenario	END	1700117096101
USER	WebSocket Scenario	END	1700117096101
USER	WebSocket Scenario	END	1700117096101
USER	WebSocket Scenario	END	1700117096115
USER	WebSocket Scenario	END	1700117096115
USER	WebSocket Scenario	END	1700117096115
USER	WebSocket Scenario	END	1700117096115
USER	WebSocket Scenario	END	1700117096115
