RUN	computerdatabase.ComputerDatabaseSimulation	computerdatabasesimulation	1699697464810	s	3.9.5
USER	WebSocket Scenario	START	1699697465733
USER	WebSocket Scenario	START	1699697465733
USER	WebSocket Scenario	START	1699697465734
USER	Sending Chat	START	1699697465734
USER	Sending Chat	START	1699697465734
USER	WebSocket Scenario	START	1699697465734
USER	Sending Chat	START	1699697465734
USER	Sending Chat	START	1699697465734
USER	Sending Chat	START	1699697465734
USER	Sending Chat	START	1699697465734
USER	Sending Chat	START	1699697465734
USER	WebSocket Scenario	START	1699697465734
USER	WebSocket Scenario	START	1699697465734
USER	WebSocket Scenario	START	1699697465734
USER	WebSocket Scenario	START	1699697465734
USER	Sending Chat	START	1699697465734
USER	WebSocket Scenario	START	1699697465734
USER	WebSocket Scenario	START	1699697465735
USER	Sending Chat	START	1699697465735
USER	Sending Chat	START	1699697465735
REQUEST		WebSocket Connect	1699697465767	1699697465900	OK	 
REQUEST		WebSocket Connect	1699697465770	1699697465937	OK	 
REQUEST		WebSocket Connect	1699697465767	1699697465940	OK	 
REQUEST		WebSocket Connect	1699697465771	1699697465942	OK	 
REQUEST		HTTP Request	1699697465777	1699697465942	OK	 
REQUEST		HTTP Request	1699697465778	1699697465956	OK	 
REQUEST		HTTP Request	1699697465777	1699697465938	OK	 
REQUEST		HTTP Request	1699697465777	1699697465961	OK	 
REQUEST		HTTP Request	1699697465777	1699697465963	OK	 
REQUEST		HTTP Request	1699697465777	1699697465963	OK	 
REQUEST		WebSocket Connect	1699697465772	1699697466785	OK	 
REQUEST		WebSocket Connect	1699697465773	1699697467821	OK	 
REQUEST		WebSocket Connect	1699697465771	1699697467821	OK	 
REQUEST		WebSocket Connect	1699697465770	1699697468737	OK	 
REQUEST		WebSocket Connect	1699697465773	1699697468750	OK	 
REQUEST		HTTP Request	1699697465790	1699697468778	OK	 
REQUEST		HTTP Request	1699697465791	1699697468781	OK	 
REQUEST		WebSocket Connect	1699697465771	1699697469761	OK	 
REQUEST		HTTP Request	1699697465791	1699697469793	OK	 
REQUEST		HTTP Request	1699697465790	1699697469793	OK	 
USER	Sending Chat	END	1699697470972
USER	Sending Chat	END	1699697470972
USER	Sending Chat	END	1699697470972
USER	Sending Chat	END	1699697470972
USER	Sending Chat	END	1699697470973
USER	Sending Chat	END	1699697470973
USER	Sending Chat	END	1699697473788
USER	Sending Chat	END	1699697473788
USER	Sending Chat	END	1699697474802
USER	Sending Chat	END	1699697474802
USER	WebSocket Scenario	END	1699697665907
USER	WebSocket Scenario	END	1699697665940
USER	WebSocket Scenario	END	1699697665956
USER	WebSocket Scenario	END	1699697665956
USER	WebSocket Scenario	END	1699697666796
USER	WebSocket Scenario	END	1699697667834
USER	WebSocket Scenario	END	1699697667834
USER	WebSocket Scenario	END	1699697668744
USER	WebSocket Scenario	END	1699697668760
USER	WebSocket Scenario	END	1699697669767
