RUN	computerdatabase.ComputerDatabaseSimulation	computerdatabasesimulation	1700816917791	Socket connect	3.9.5
USER	WebSocket Scenario	START	1700816919615
USER	WebSocket Scenario	START	1700816919615
USER	WebSocket Scenario	START	1700816919615
USER	WebSocket Scenario	START	1700816919615
USER	WebSocket Scenario	START	1700816919615
USER	WebSocket Scenario	START	1700816919615
USER	WebSocket Scenario	START	1700816919616
USER	WebSocket Scenario	START	1700816919616
USER	WebSocket Scenario	START	1700816919615
USER	WebSocket Scenario	START	1700816919616
REQUEST		WebSocket Connect	1700816919677	1700816919854	OK	 
REQUEST		WebSocket Connect	1700816919670	1700816919861	OK	 
REQUEST		WebSocket Connect	1700816919670	1700816919869	OK	 
REQUEST		WebSocket Connect	1700816919672	1700816919879	OK	 
REQUEST		WebSocket Connect	1700816919670	1700816919887	OK	 
REQUEST		WebSocket Connect	1700816919670	1700816919893	OK	 
REQUEST		WebSocket Connect	1700816919677	1700816919905	OK	 
REQUEST		WebSocket Connect	1700816919670	1700816919911	OK	 
REQUEST		WebSocket Connect	1700816919676	1700816919919	OK	 
REQUEST		WebSocket Connect	1700816919670	1700816919919	OK	 
REQUEST		Send Request type in Websocket	1700816929871	1700816929871	OK	 
REQUEST		Send Request type in Websocket	1700816929871	1700816929871	OK	 
REQUEST		Send Request type in Websocket	1700816929882	1700816929882	OK	 
REQUEST		Send Request type in Websocket	1700816929882	1700816929882	OK	 
REQUEST		Send Request type in Websocket	1700816929897	1700816929897	OK	 
REQUEST		Send Request type in Websocket	1700816929897	1700816929897	OK	 
REQUEST		Send Request type in Websocket	1700816929912	1700816929912	OK	 
REQUEST		Send Request type in Websocket	1700816929912	1700816929912	OK	 
REQUEST		Send Request type in Websocket	1700816929928	1700816929928	OK	 
REQUEST		Send Request type in Websocket	1700816929928	1700816929928	OK	 
USER	WebSocket Scenario	END	1700816934891
USER	WebSocket Scenario	END	1700816934891
USER	WebSocket Scenario	END	1700816934891
USER	WebSocket Scenario	END	1700816934891
USER	WebSocket Scenario	END	1700816934902
USER	WebSocket Scenario	END	1700816934902
USER	WebSocket Scenario	END	1700816934918
USER	WebSocket Scenario	END	1700816934918
USER	WebSocket Scenario	END	1700816934933
USER	WebSocket Scenario	END	1700816934949
