RUN	computerdatabase.ComputerDatabaseSimulation	computerdatabasesimulation	1700818500660	Socket Connect	3.9.5
USER	WebSocket Scenario	START	1700818501744
USER	WebSocket Scenario	START	1700818501744
USER	WebSocket Scenario	START	1700818501744
USER	WebSocket Scenario	START	1700818501744
USER	WebSocket Scenario	START	1700818501744
USER	WebSocket Scenario	START	1700818501744
USER	WebSocket Scenario	START	1700818501744
USER	WebSocket Scenario	START	1700818501744
USER	WebSocket Scenario	START	1700818501744
USER	WebSocket Scenario	START	1700818501745
USER	WebSocket Scenario	START	1700818501745
USER	WebSocket Scenario	START	1700818501745
USER	WebSocket Scenario	START	1700818501745
USER	WebSocket Scenario	START	1700818501745
USER	WebSocket Scenario	START	1700818501745
USER	WebSocket Scenario	START	1700818501745
USER	WebSocket Scenario	START	1700818501745
USER	WebSocket Scenario	START	1700818501745
USER	WebSocket Scenario	START	1700818501745
USER	WebSocket Scenario	START	1700818501745
USER	WebSocket Scenario	START	1700818501745
USER	WebSocket Scenario	START	1700818501745
USER	WebSocket Scenario	START	1700818501745
USER	WebSocket Scenario	START	1700818501745
USER	WebSocket Scenario	START	1700818501745
USER	WebSocket Scenario	START	1700818501745
USER	WebSocket Scenario	START	1700818501745
USER	WebSocket Scenario	START	1700818501745
USER	WebSocket Scenario	START	1700818501745
USER	WebSocket Scenario	START	1700818501745
USER	WebSocket Scenario	START	1700818501745
USER	WebSocket Scenario	START	1700818501745
USER	WebSocket Scenario	START	1700818501745
USER	WebSocket Scenario	START	1700818501745
USER	WebSocket Scenario	START	1700818501745
USER	WebSocket Scenario	START	1700818501745
USER	WebSocket Scenario	START	1700818501744
USER	WebSocket Scenario	START	1700818501745
USER	WebSocket Scenario	START	1700818501745
USER	WebSocket Scenario	START	1700818501745
USER	WebSocket Scenario	START	1700818501745
USER	WebSocket Scenario	START	1700818501745
USER	WebSocket Scenario	START	1700818501745
USER	WebSocket Scenario	START	1700818501745
USER	WebSocket Scenario	START	1700818501745
USER	WebSocket Scenario	START	1700818501744
USER	WebSocket Scenario	START	1700818501745
USER	WebSocket Scenario	START	1700818501745
USER	WebSocket Scenario	START	1700818501745
USER	WebSocket Scenario	START	1700818501745
USER	WebSocket Scenario	START	1700818501745
USER	WebSocket Scenario	START	1700818501745
USER	WebSocket Scenario	START	1700818501745
USER	WebSocket Scenario	START	1700818501745
USER	WebSocket Scenario	START	1700818501745
USER	WebSocket Scenario	START	1700818501745
USER	WebSocket Scenario	START	1700818501745
USER	WebSocket Scenario	START	1700818501745
USER	WebSocket Scenario	START	1700818501746
USER	WebSocket Scenario	START	1700818501746
USER	WebSocket Scenario	START	1700818501746
USER	WebSocket Scenario	START	1700818501746
USER	WebSocket Scenario	START	1700818501746
USER	WebSocket Scenario	START	1700818501746
USER	WebSocket Scenario	START	1700818501746
USER	WebSocket Scenario	START	1700818501746
USER	WebSocket Scenario	START	1700818501746
USER	WebSocket Scenario	START	1700818501746
USER	WebSocket Scenario	START	1700818501746
USER	WebSocket Scenario	START	1700818501746
USER	WebSocket Scenario	START	1700818501747
USER	WebSocket Scenario	START	1700818501747
USER	WebSocket Scenario	START	1700818501747
USER	WebSocket Scenario	START	1700818501747
USER	WebSocket Scenario	START	1700818501747
USER	WebSocket Scenario	START	1700818501747
USER	WebSocket Scenario	START	1700818501747
USER	WebSocket Scenario	START	1700818501747
USER	WebSocket Scenario	START	1700818501747
USER	WebSocket Scenario	START	1700818501747
USER	WebSocket Scenario	START	1700818501747
USER	WebSocket Scenario	START	1700818501747
USER	WebSocket Scenario	START	1700818501748
USER	WebSocket Scenario	START	1700818501748
USER	WebSocket Scenario	START	1700818501748
USER	WebSocket Scenario	START	1700818501748
USER	WebSocket Scenario	START	1700818501748
USER	WebSocket Scenario	START	1700818501748
USER	WebSocket Scenario	START	1700818501748
USER	WebSocket Scenario	START	1700818501748
USER	WebSocket Scenario	START	1700818501748
USER	WebSocket Scenario	START	1700818501748
USER	WebSocket Scenario	START	1700818501748
USER	WebSocket Scenario	START	1700818501748
USER	WebSocket Scenario	START	1700818501748
USER	WebSocket Scenario	START	1700818501748
USER	WebSocket Scenario	START	1700818501748
USER	WebSocket Scenario	START	1700818501748
USER	WebSocket Scenario	START	1700818501748
USER	WebSocket Scenario	START	1700818501748
USER	WebSocket Scenario	START	1700818501748
USER	WebSocket Scenario	START	1700818501749
USER	WebSocket Scenario	START	1700818501749
USER	WebSocket Scenario	START	1700818501749
USER	WebSocket Scenario	START	1700818501749
USER	WebSocket Scenario	START	1700818501749
USER	WebSocket Scenario	START	1700818501749
USER	WebSocket Scenario	START	1700818501749
USER	WebSocket Scenario	START	1700818501749
USER	WebSocket Scenario	START	1700818501749
USER	WebSocket Scenario	START	1700818501749
USER	WebSocket Scenario	START	1700818501749
USER	WebSocket Scenario	START	1700818501749
USER	WebSocket Scenario	START	1700818501749
USER	WebSocket Scenario	START	1700818501749
USER	WebSocket Scenario	START	1700818501749
USER	WebSocket Scenario	START	1700818501749
USER	WebSocket Scenario	START	1700818501749
USER	WebSocket Scenario	START	1700818501749
USER	WebSocket Scenario	START	1700818501749
USER	WebSocket Scenario	START	1700818501749
USER	WebSocket Scenario	START	1700818501749
USER	WebSocket Scenario	START	1700818501750
USER	WebSocket Scenario	START	1700818501750
USER	WebSocket Scenario	START	1700818501750
USER	WebSocket Scenario	START	1700818501750
USER	WebSocket Scenario	START	1700818501750
USER	WebSocket Scenario	START	1700818501750
USER	WebSocket Scenario	START	1700818501750
USER	WebSocket Scenario	START	1700818501750
USER	WebSocket Scenario	START	1700818501750
USER	WebSocket Scenario	START	1700818501750
USER	WebSocket Scenario	START	1700818501750
USER	WebSocket Scenario	START	1700818501750
USER	WebSocket Scenario	START	1700818501750
USER	WebSocket Scenario	START	1700818501750
USER	WebSocket Scenario	START	1700818501750
USER	WebSocket Scenario	START	1700818501750
USER	WebSocket Scenario	START	1700818501750
USER	WebSocket Scenario	START	1700818501751
USER	WebSocket Scenario	START	1700818501751
USER	WebSocket Scenario	START	1700818501751
USER	WebSocket Scenario	START	1700818501751
USER	WebSocket Scenario	START	1700818501751
USER	WebSocket Scenario	START	1700818501751
USER	WebSocket Scenario	START	1700818501751
USER	WebSocket Scenario	START	1700818501751
USER	WebSocket Scenario	START	1700818501751
USER	WebSocket Scenario	START	1700818501751
USER	WebSocket Scenario	START	1700818501751
REQUEST		WebSocket Connect	1700818501781	1700818501997	OK	 
REQUEST		WebSocket Connect	1700818501783	1700818502055	OK	 
REQUEST		WebSocket Connect	1700818501781	1700818502091	OK	 
REQUEST		WebSocket Connect	1700818501782	1700818502133	OK	 
REQUEST		WebSocket Connect	1700818501782	1700818502158	OK	 
REQUEST		WebSocket Connect	1700818501783	1700818502190	OK	 
REQUEST		WebSocket Connect	1700818501770	1700818502220	OK	 
REQUEST		WebSocket Connect	1700818501767	1700818502248	OK	 
REQUEST		WebSocket Connect	1700818501782	1700818502274	OK	 
REQUEST		WebSocket Connect	1700818501786	1700818502299	OK	 
REQUEST		WebSocket Connect	1700818501782	1700818502299	OK	 
REQUEST		WebSocket Connect	1700818501782	1700818503051	OK	 
REQUEST		WebSocket Connect	1700818501786	1700818503051	OK	 
REQUEST		WebSocket Connect	1700818501783	1700818504041	OK	 
REQUEST		WebSocket Connect	1700818501782	1700818504066	OK	 
REQUEST		WebSocket Connect	1700818501783	1700818504077	OK	 
REQUEST		WebSocket Connect	1700818501783	1700818504078	OK	 
REQUEST		WebSocket Connect	1700818501770	1700818505141	OK	 
REQUEST		WebSocket Connect	1700818501783	1700818505150	OK	 
REQUEST		WebSocket Connect	1700818501770	1700818505150	OK	 
REQUEST		WebSocket Connect	1700818501783	1700818505161	OK	 
REQUEST		WebSocket Connect	1700818501783	1700818505174	OK	 
REQUEST		WebSocket Connect	1700818501784	1700818505187	OK	 
REQUEST		WebSocket Connect	1700818501781	1700818505198	OK	 
REQUEST		WebSocket Connect	1700818501784	1700818505200	OK	 
REQUEST		WebSocket Connect	1700818501782	1700818506115	OK	 
REQUEST		WebSocket Connect	1700818501766	1700818506132	OK	 
REQUEST		WebSocket Connect	1700818501782	1700818506153	OK	 
REQUEST		WebSocket Connect	1700818501784	1700818506176	OK	 
REQUEST		WebSocket Connect	1700818501784	1700818506179	OK	 
REQUEST		WebSocket Connect	1700818501782	1700818506193	OK	 
REQUEST		WebSocket Connect	1700818501784	1700818506202	OK	 
REQUEST		WebSocket Connect	1700818501786	1700818506214	OK	 
REQUEST		WebSocket Connect	1700818501784	1700818506222	OK	 
REQUEST		WebSocket Connect	1700818501784	1700818506232	OK	 
REQUEST		WebSocket Connect	1700818501785	1700818506241	OK	 
REQUEST		WebSocket Connect	1700818501783	1700818506250	OK	 
REQUEST		WebSocket Connect	1700818501785	1700818506259	OK	 
REQUEST		WebSocket Connect	1700818501785	1700818506270	OK	 
REQUEST		WebSocket Connect	1700818501788	1700818506283	OK	 
REQUEST		WebSocket Connect	1700818501786	1700818506283	OK	 
REQUEST		WebSocket Connect	1700818501786	1700818507255	OK	 
REQUEST		WebSocket Connect	1700818501787	1700818507272	OK	 
REQUEST		WebSocket Connect	1700818501783	1700818507306	OK	 
REQUEST		WebSocket Connect	1700818501784	1700818507343	OK	 
REQUEST		WebSocket Connect	1700818501781	1700818507383	OK	 
REQUEST		WebSocket Connect	1700818501784	1700818507384	OK	 
REQUEST		WebSocket Connect	1700818501787	1700818507386	OK	 
REQUEST		WebSocket Connect	1700818501784	1700818507411	OK	 
REQUEST		WebSocket Connect	1700818501785	1700818507419	OK	 
REQUEST		WebSocket Connect	1700818501792	1700818507426	OK	 
REQUEST		WebSocket Connect	1700818501781	1700818507452	OK	 
REQUEST		WebSocket Connect	1700818501792	1700818507460	OK	 
REQUEST		WebSocket Connect	1700818501787	1700818507470	OK	 
REQUEST		WebSocket Connect	1700818501783	1700818507498	OK	 
REQUEST		WebSocket Connect	1700818501793	1700818507501	OK	 
REQUEST		WebSocket Connect	1700818501767	1700818507528	OK	 
REQUEST		WebSocket Connect	1700818501792	1700818507529	OK	 
REQUEST		WebSocket Connect	1700818501766	1700818507534	OK	 
REQUEST		WebSocket Connect	1700818501785	1700818507552	OK	 
REQUEST		WebSocket Connect	1700818501791	1700818507553	OK	 
REQUEST		WebSocket Connect	1700818501792	1700818507569	OK	 
REQUEST		WebSocket Connect	1700818501767	1700818507580	OK	 
REQUEST		WebSocket Connect	1700818501792	1700818507610	OK	 
REQUEST		WebSocket Connect	1700818501791	1700818507636	OK	 
REQUEST		WebSocket Connect	1700818501767	1700818507636	OK	 
REQUEST		WebSocket Connect	1700818501792	1700818507649	OK	 
REQUEST		WebSocket Connect	1700818501792	1700818507659	OK	 
REQUEST		WebSocket Connect	1700818501768	1700818507673	OK	 
REQUEST		WebSocket Connect	1700818501787	1700818507694	OK	 
REQUEST		WebSocket Connect	1700818501793	1700818507712	OK	 
REQUEST		WebSocket Connect	1700818501788	1700818507725	OK	 
REQUEST		WebSocket Connect	1700818501788	1700818507726	OK	 
REQUEST		WebSocket Connect	1700818501793	1700818508571	OK	 
REQUEST		WebSocket Connect	1700818501793	1700818508661	OK	 
REQUEST		WebSocket Connect	1700818501793	1700818508699	OK	 
REQUEST		WebSocket Connect	1700818501794	1700818508716	OK	 
REQUEST		WebSocket Connect	1700818501791	1700818508716	OK	 
REQUEST		WebSocket Connect	1700818501781	1700818508798	OK	 
REQUEST		WebSocket Connect	1700818501788	1700818508801	OK	 
REQUEST		WebSocket Connect	1700818501766	1700818508804	OK	 
REQUEST		WebSocket Connect	1700818501768	1700818508813	OK	 
REQUEST		WebSocket Connect	1700818501794	1700818508817	OK	 
REQUEST		WebSocket Connect	1700818501789	1700818508845	OK	 
REQUEST		WebSocket Connect	1700818501794	1700818508885	OK	 
REQUEST		WebSocket Connect	1700818501789	1700818508905	OK	 
REQUEST		WebSocket Connect	1700818501783	1700818508921	OK	 
REQUEST		WebSocket Connect	1700818501793	1700818508946	OK	 
REQUEST		WebSocket Connect	1700818501794	1700818508947	OK	 
REQUEST		WebSocket Connect	1700818501790	1700818509002	OK	 
REQUEST		WebSocket Connect	1700818501770	1700818509004	OK	 
REQUEST		WebSocket Connect	1700818501790	1700818509007	OK	 
REQUEST		WebSocket Connect	1700818501794	1700818509021	OK	 
REQUEST		WebSocket Connect	1700818501770	1700818509034	OK	 
REQUEST		WebSocket Connect	1700818501794	1700818509046	OK	 
REQUEST		WebSocket Connect	1700818501768	1700818509057	OK	 
REQUEST		WebSocket Connect	1700818501791	1700818509068	OK	 
REQUEST		WebSocket Connect	1700818501786	1700818509086	OK	 
REQUEST		WebSocket Connect	1700818501796	1700818509090	OK	 
REQUEST		WebSocket Connect	1700818501795	1700818509101	OK	 
REQUEST		WebSocket Connect	1700818501791	1700818509113	OK	 
REQUEST		WebSocket Connect	1700818501797	1700818509125	OK	 
REQUEST		WebSocket Connect	1700818501787	1700818509143	OK	 
REQUEST		WebSocket Connect	1700818501796	1700818509147	OK	 
REQUEST		WebSocket Connect	1700818501788	1700818509155	OK	 
REQUEST		WebSocket Connect	1700818501798	1700818510111	OK	 
REQUEST		WebSocket Connect	1700818501794	1700818510139	OK	 
REQUEST		WebSocket Connect	1700818501788	1700818510160	OK	 
REQUEST		WebSocket Connect	1700818501788	1700818510173	OK	 
REQUEST		WebSocket Connect	1700818501790	1700818510229	OK	 
REQUEST		WebSocket Connect	1700818501789	1700818510241	OK	 
REQUEST		WebSocket Connect	1700818501789	1700818510251	OK	 
REQUEST		WebSocket Connect	1700818501792	1700818510270	OK	 
REQUEST		WebSocket Connect	1700818501798	1700818510275	OK	 
REQUEST		WebSocket Connect	1700818501787	1700818510288	OK	 
REQUEST		WebSocket Connect	1700818501789	1700818510299	OK	 
REQUEST		WebSocket Connect	1700818501786	1700818510312	OK	 
REQUEST		WebSocket Connect	1700818501798	1700818510329	OK	 
REQUEST		WebSocket Connect	1700818501792	1700818510337	OK	 
REQUEST		WebSocket Connect	1700818501797	1700818510359	OK	 
REQUEST		WebSocket Connect	1700818501797	1700818510360	OK	 
REQUEST		WebSocket Connect	1700818501794	1700818510373	OK	 
REQUEST		WebSocket Connect	1700818501795	1700818510395	OK	 
REQUEST		WebSocket Connect	1700818501791	1700818510410	OK	 
REQUEST		WebSocket Connect	1700818501791	1700818510423	OK	 
REQUEST		WebSocket Connect	1700818501792	1700818510427	OK	 
REQUEST		WebSocket Connect	1700818501792	1700818510437	OK	 
REQUEST		WebSocket Connect	1700818501781	1700818510461	OK	 
REQUEST		WebSocket Connect	1700818501788	1700818510462	OK	 
REQUEST		WebSocket Connect	1700818501789	1700818510514	OK	 
REQUEST		WebSocket Connect	1700818501797	1700818510514	OK	 
REQUEST		WebSocket Connect	1700818501786	1700818510515	OK	 
REQUEST		WebSocket Connect	1700818501797	1700818510580	OK	 
REQUEST		WebSocket Connect	1700818501794	1700818510594	OK	 
REQUEST		WebSocket Connect	1700818501789	1700818510611	OK	 
REQUEST		WebSocket Connect	1700818501792	1700818510775	OK	 
REQUEST		WebSocket Connect	1700818501788	1700818510788	OK	 
REQUEST		WebSocket Connect	1700818501792	1700818511339	OK	 
REQUEST		WebSocket Connect	1700818501797	1700818511369	OK	 
REQUEST		WebSocket Connect	1700818501793	1700818511380	OK	 
REQUEST		WebSocket Connect	1700818501789	1700818511384	OK	 
REQUEST		WebSocket Connect	1700818501798	1700818511395	OK	 
REQUEST		WebSocket Connect	1700818501782	1700818511457	OK	 
REQUEST		WebSocket Connect	1700818501799	1700818511457	OK	 
REQUEST		WebSocket Connect	1700818501794	1700818511457	OK	 
REQUEST		WebSocket Connect	1700818501799	1700818511458	OK	 
REQUEST		WebSocket Connect	1700818501783	1700818511467	OK	 
REQUEST		WebSocket Connect	1700818501795	1700818511472	OK	 
REQUEST		WebSocket Connect	1700818501768	1700818511486	OK	 
REQUEST		WebSocket Connect	1700818501793	1700818511492	OK	 
REQUEST		Send Request type in Websocket	1700818512020	1700818512020	OK	 
REQUEST		Send Request type in Websocket	1700818512062	1700818512062	OK	 
REQUEST		Send Request type in Websocket	1700818512093	1700818512093	OK	 
REQUEST		Send Request type in Websocket	1700818512140	1700818512140	OK	 
REQUEST		Send Request type in Websocket	1700818512171	1700818512171	OK	 
REQUEST		Send Request type in Websocket	1700818512201	1700818512201	OK	 
REQUEST		Send Request type in Websocket	1700818512235	1700818512235	OK	 
REQUEST		Send Request type in Websocket	1700818512250	1700818512250	OK	 
REQUEST		Send Request type in Websocket	1700818512280	1700818512280	OK	 
REQUEST		Send Request type in Websocket	1700818512312	1700818512312	OK	 
REQUEST		Send Request type in Websocket	1700818512312	1700818512312	OK	 
REQUEST		Send Request type in Websocket	1700818513064	1700818513064	OK	 
REQUEST		Send Request type in Websocket	1700818513064	1700818513064	OK	 
REQUEST		Send Request type in Websocket	1700818514046	1700818514046	OK	 
REQUEST		Send Request type in Websocket	1700818514076	1700818514076	OK	 
REQUEST		Send Request type in Websocket	1700818514091	1700818514091	OK	 
REQUEST		Send Request type in Websocket	1700818514092	1700818514092	OK	 
REQUEST		Send Request type in Websocket	1700818515153	1700818515153	OK	 
REQUEST		Send Request type in Websocket	1700818515153	1700818515153	OK	 
REQUEST		Send Request type in Websocket	1700818515153	1700818515153	OK	 
REQUEST		Send Request type in Websocket	1700818515168	1700818515168	OK	 
REQUEST		Send Request type in Websocket	1700818515183	1700818515183	OK	 
REQUEST		Send Request type in Websocket	1700818515198	1700818515198	OK	 
REQUEST		Send Request type in Websocket	1700818515214	1700818515214	OK	 
REQUEST		Send Request type in Websocket	1700818515215	1700818515215	OK	 
REQUEST		Send Request type in Websocket	1700818516125	1700818516125	OK	 
REQUEST		Send Request type in Websocket	1700818516140	1700818516140	OK	 
REQUEST		Send Request type in Websocket	1700818516156	1700818516156	OK	 
REQUEST		Send Request type in Websocket	1700818516187	1700818516187	OK	 
REQUEST		Send Request type in Websocket	1700818516187	1700818516187	OK	 
REQUEST		Send Request type in Websocket	1700818516204	1700818516204	OK	 
REQUEST		Send Request type in Websocket	1700818516204	1700818516204	OK	 
REQUEST		Send Request type in Websocket	1700818516219	1700818516219	OK	 
REQUEST		Send Request type in Websocket	1700818516234	1700818516234	OK	 
REQUEST		Send Request type in Websocket	1700818516235	1700818516235	OK	 
REQUEST		Send Request type in Websocket	1700818516250	1700818516250	OK	 
REQUEST		Send Request type in Websocket	1700818516256	1700818516256	OK	 
REQUEST		Send Request type in Websocket	1700818516265	1700818516265	OK	 
REQUEST		Send Request type in Websocket	1700818516280	1700818516280	OK	 
REQUEST		Send Request type in Websocket	1700818516296	1700818516296	OK	 
REQUEST		Send Request type in Websocket	1700818516296	1700818516296	OK	 
USER	WebSocket Scenario	END	1700818517032
USER	WebSocket Scenario	END	1700818517074
USER	WebSocket Scenario	END	1700818517106
USER	WebSocket Scenario	END	1700818517153
USER	WebSocket Scenario	END	1700818517185
USER	WebSocket Scenario	END	1700818517216
USER	WebSocket Scenario	END	1700818517247
USER	WebSocket Scenario	END	1700818517262
REQUEST		Send Request type in Websocket	1700818517262	1700818517262	OK	 
REQUEST		Send Request type in Websocket	1700818517278	1700818517278	OK	 
USER	WebSocket Scenario	END	1700818517293
REQUEST		Send Request type in Websocket	1700818517309	1700818517309	OK	 
USER	WebSocket Scenario	END	1700818517324
USER	WebSocket Scenario	END	1700818517324
REQUEST		Send Request type in Websocket	1700818517354	1700818517354	OK	 
REQUEST		Send Request type in Websocket	1700818517385	1700818517385	OK	 
REQUEST		Send Request type in Websocket	1700818517399	1700818517399	OK	 
REQUEST		Send Request type in Websocket	1700818517399	1700818517399	OK	 
REQUEST		Send Request type in Websocket	1700818517415	1700818517415	OK	 
REQUEST		Send Request type in Websocket	1700818517430	1700818517430	OK	 
REQUEST		Send Request type in Websocket	1700818517430	1700818517430	OK	 
REQUEST		Send Request type in Websocket	1700818517456	1700818517456	OK	 
REQUEST		Send Request type in Websocket	1700818517461	1700818517461	OK	 
REQUEST		Send Request type in Websocket	1700818517476	1700818517476	OK	 
REQUEST		Send Request type in Websocket	1700818517508	1700818517508	OK	 
REQUEST		Send Request type in Websocket	1700818517508	1700818517508	OK	 
REQUEST		Send Request type in Websocket	1700818517539	1700818517539	OK	 
REQUEST		Send Request type in Websocket	1700818517539	1700818517539	OK	 
REQUEST		Send Request type in Websocket	1700818517539	1700818517539	OK	 
REQUEST		Send Request type in Websocket	1700818517554	1700818517554	OK	 
REQUEST		Send Request type in Websocket	1700818517569	1700818517569	OK	 
REQUEST		Send Request type in Websocket	1700818517574	1700818517574	OK	 
REQUEST		Send Request type in Websocket	1700818517584	1700818517584	OK	 
REQUEST		Send Request type in Websocket	1700818517615	1700818517615	OK	 
REQUEST		Send Request type in Websocket	1700818517646	1700818517646	OK	 
REQUEST		Send Request type in Websocket	1700818517647	1700818517647	OK	 
REQUEST		Send Request type in Websocket	1700818517662	1700818517662	OK	 
REQUEST		Send Request type in Websocket	1700818517662	1700818517662	OK	 
REQUEST		Send Request type in Websocket	1700818517678	1700818517678	OK	 
REQUEST		Send Request type in Websocket	1700818517709	1700818517709	OK	 
REQUEST		Send Request type in Websocket	1700818517724	1700818517724	OK	 
REQUEST		Send Request type in Websocket	1700818517739	1700818517739	OK	 
REQUEST		Send Request type in Websocket	1700818517739	1700818517739	OK	 
USER	WebSocket Scenario	END	1700818518066
USER	WebSocket Scenario	END	1700818518067
REQUEST		Send Request type in Websocket	1700818518582	1700818518582	OK	 
REQUEST		Send Request type in Websocket	1700818518676	1700818518676	OK	 
REQUEST		Send Request type in Websocket	1700818518707	1700818518707	OK	 
REQUEST		Send Request type in Websocket	1700818518723	1700818518723	OK	 
REQUEST		Send Request type in Websocket	1700818518723	1700818518723	OK	 
REQUEST		Send Request type in Websocket	1700818518801	1700818518801	OK	 
REQUEST		Send Request type in Websocket	1700818518817	1700818518817	OK	 
REQUEST		Send Request type in Websocket	1700818518817	1700818518817	OK	 
REQUEST		Send Request type in Websocket	1700818518817	1700818518817	OK	 
REQUEST		Send Request type in Websocket	1700818518832	1700818518832	OK	 
REQUEST		Send Request type in Websocket	1700818518847	1700818518847	OK	 
REQUEST		Send Request type in Websocket	1700818518893	1700818518893	OK	 
REQUEST		Send Request type in Websocket	1700818518908	1700818518908	OK	 
REQUEST		Send Request type in Websocket	1700818518924	1700818518924	OK	 
REQUEST		Send Request type in Websocket	1700818518955	1700818518955	OK	 
REQUEST		Send Request type in Websocket	1700818518955	1700818518955	OK	 
REQUEST		Send Request type in Websocket	1700818519017	1700818519017	OK	 
REQUEST		Send Request type in Websocket	1700818519017	1700818519017	OK	 
REQUEST		Send Request type in Websocket	1700818519018	1700818519018	OK	 
REQUEST		Send Request type in Websocket	1700818519034	1700818519034	OK	 
USER	WebSocket Scenario	END	1700818519049
REQUEST		Send Request type in Websocket	1700818519049	1700818519049	OK	 
REQUEST		Send Request type in Websocket	1700818519049	1700818519049	OK	 
REQUEST		Send Request type in Websocket	1700818519064	1700818519064	OK	 
USER	WebSocket Scenario	END	1700818519080
REQUEST		Send Request type in Websocket	1700818519080	1700818519080	OK	 
USER	WebSocket Scenario	END	1700818519097
REQUEST		Send Request type in Websocket	1700818519096	1700818519096	OK	 
REQUEST		Send Request type in Websocket	1700818519096	1700818519096	OK	 
USER	WebSocket Scenario	END	1700818519097
REQUEST		Send Request type in Websocket	1700818519112	1700818519112	OK	 
REQUEST		Send Request type in Websocket	1700818519127	1700818519127	OK	 
REQUEST		Send Request type in Websocket	1700818519128	1700818519128	OK	 
REQUEST		Send Request type in Websocket	1700818519159	1700818519159	OK	 
REQUEST		Send Request type in Websocket	1700818519158	1700818519158	OK	 
REQUEST		Send Request type in Websocket	1700818519158	1700818519158	OK	 
REQUEST		Send Request type in Websocket	1700818520115	1700818520115	OK	 
REQUEST		Send Request type in Websocket	1700818520146	1700818520146	OK	 
USER	WebSocket Scenario	END	1700818520162
USER	WebSocket Scenario	END	1700818520162
USER	WebSocket Scenario	END	1700818520162
REQUEST		Send Request type in Websocket	1700818520162	1700818520162	OK	 
USER	WebSocket Scenario	END	1700818520178
REQUEST		Send Request type in Websocket	1700818520178	1700818520178	OK	 
USER	WebSocket Scenario	END	1700818520193
USER	WebSocket Scenario	END	1700818520209
USER	WebSocket Scenario	END	1700818520225
USER	WebSocket Scenario	END	1700818520225
REQUEST		Send Request type in Websocket	1700818520240	1700818520240	OK	 
REQUEST		Send Request type in Websocket	1700818520256	1700818520256	OK	 
REQUEST		Send Request type in Websocket	1700818520257	1700818520257	OK	 
REQUEST		Send Request type in Websocket	1700818520272	1700818520272	OK	 
REQUEST		Send Request type in Websocket	1700818520287	1700818520287	OK	 
REQUEST		Send Request type in Websocket	1700818520303	1700818520303	OK	 
REQUEST		Send Request type in Websocket	1700818520303	1700818520303	OK	 
REQUEST		Send Request type in Websocket	1700818520318	1700818520318	OK	 
REQUEST		Send Request type in Websocket	1700818520334	1700818520334	OK	 
REQUEST		Send Request type in Websocket	1700818520349	1700818520349	OK	 
REQUEST		Send Request type in Websocket	1700818520365	1700818520365	OK	 
REQUEST		Send Request type in Websocket	1700818520365	1700818520365	OK	 
REQUEST		Send Request type in Websocket	1700818520381	1700818520381	OK	 
REQUEST		Send Request type in Websocket	1700818520412	1700818520412	OK	 
REQUEST		Send Request type in Websocket	1700818520412	1700818520412	OK	 
REQUEST		Send Request type in Websocket	1700818520428	1700818520428	OK	 
REQUEST		Send Request type in Websocket	1700818520443	1700818520443	OK	 
REQUEST		Send Request type in Websocket	1700818520443	1700818520443	OK	 
REQUEST		Send Request type in Websocket	1700818520473	1700818520473	OK	 
REQUEST		Send Request type in Websocket	1700818520474	1700818520474	OK	 
REQUEST		Send Request type in Websocket	1700818520522	1700818520522	OK	 
REQUEST		Send Request type in Websocket	1700818520522	1700818520522	OK	 
REQUEST		Send Request type in Websocket	1700818520522	1700818520522	OK	 
REQUEST		Send Request type in Websocket	1700818520583	1700818520583	OK	 
REQUEST		Send Request type in Websocket	1700818520599	1700818520599	OK	 
REQUEST		Send Request type in Websocket	1700818520615	1700818520615	OK	 
REQUEST		Send Request type in Websocket	1700818520785	1700818520785	OK	 
REQUEST		Send Request type in Websocket	1700818520801	1700818520801	OK	 
USER	WebSocket Scenario	END	1700818521127
USER	WebSocket Scenario	END	1700818521143
USER	WebSocket Scenario	END	1700818521159
USER	WebSocket Scenario	END	1700818521191
USER	WebSocket Scenario	END	1700818521191
USER	WebSocket Scenario	END	1700818521207
USER	WebSocket Scenario	END	1700818521207
USER	WebSocket Scenario	END	1700818521222
USER	WebSocket Scenario	END	1700818521239
USER	WebSocket Scenario	END	1700818521239
USER	WebSocket Scenario	END	1700818521254
USER	WebSocket Scenario	END	1700818521270
USER	WebSocket Scenario	END	1700818521270
USER	WebSocket Scenario	END	1700818521286
USER	WebSocket Scenario	END	1700818521302
USER	WebSocket Scenario	END	1700818521303
REQUEST		Send Request type in Websocket	1700818521350	1700818521350	OK	 
REQUEST		Send Request type in Websocket	1700818521381	1700818521381	OK	 
REQUEST		Send Request type in Websocket	1700818521385	1700818521385	OK	 
REQUEST		Send Request type in Websocket	1700818521396	1700818521396	OK	 
REQUEST		Send Request type in Websocket	1700818521411	1700818521411	OK	 
REQUEST		Send Request type in Websocket	1700818521458	1700818521458	OK	 
REQUEST		Send Request type in Websocket	1700818521458	1700818521458	OK	 
REQUEST		Send Request type in Websocket	1700818521458	1700818521458	OK	 
REQUEST		Send Request type in Websocket	1700818521458	1700818521458	OK	 
REQUEST		Send Request type in Websocket	1700818521474	1700818521474	OK	 
REQUEST		Send Request type in Websocket	1700818521474	1700818521474	OK	 
REQUEST		Send Request type in Websocket	1700818521489	1700818521489	OK	 
REQUEST		Send Request type in Websocket	1700818521502	1700818521502	OK	 
USER	WebSocket Scenario	END	1700818522271
USER	WebSocket Scenario	END	1700818522286
USER	WebSocket Scenario	END	1700818522317
USER	WebSocket Scenario	END	1700818522365
USER	WebSocket Scenario	END	1700818522397
USER	WebSocket Scenario	END	1700818522412
USER	WebSocket Scenario	END	1700818522412
USER	WebSocket Scenario	END	1700818522428
USER	WebSocket Scenario	END	1700818522443
USER	WebSocket Scenario	END	1700818522443
USER	WebSocket Scenario	END	1700818522459
USER	WebSocket Scenario	END	1700818522475
USER	WebSocket Scenario	END	1700818522491
USER	WebSocket Scenario	END	1700818522522
USER	WebSocket Scenario	END	1700818522522
USER	WebSocket Scenario	END	1700818522553
USER	WebSocket Scenario	END	1700818522553
USER	WebSocket Scenario	END	1700818522553
USER	WebSocket Scenario	END	1700818522569
USER	WebSocket Scenario	END	1700818522584
USER	WebSocket Scenario	END	1700818522584
USER	WebSocket Scenario	END	1700818522600
USER	WebSocket Scenario	END	1700818522631
USER	WebSocket Scenario	END	1700818522661
USER	WebSocket Scenario	END	1700818522662
USER	WebSocket Scenario	END	1700818522677
USER	WebSocket Scenario	END	1700818522677
USER	WebSocket Scenario	END	1700818522692
USER	WebSocket Scenario	END	1700818522723
USER	WebSocket Scenario	END	1700818522739
USER	WebSocket Scenario	END	1700818522754
USER	WebSocket Scenario	END	1700818522754
USER	WebSocket Scenario	END	1700818523595
USER	WebSocket Scenario	END	1700818523689
USER	WebSocket Scenario	END	1700818523720
USER	WebSocket Scenario	END	1700818523736
USER	WebSocket Scenario	END	1700818523736
USER	WebSocket Scenario	END	1700818523812
USER	WebSocket Scenario	END	1700818523827
USER	WebSocket Scenario	END	1700818523827
USER	WebSocket Scenario	END	1700818523827
USER	WebSocket Scenario	END	1700818523843
USER	WebSocket Scenario	END	1700818523858
USER	WebSocket Scenario	END	1700818523905
USER	WebSocket Scenario	END	1700818523920
USER	WebSocket Scenario	END	1700818523936
USER	WebSocket Scenario	END	1700818523968
USER	WebSocket Scenario	END	1700818523968
USER	WebSocket Scenario	END	1700818524031
USER	WebSocket Scenario	END	1700818524031
USER	WebSocket Scenario	END	1700818524031
USER	WebSocket Scenario	END	1700818524046
USER	WebSocket Scenario	END	1700818524062
USER	WebSocket Scenario	END	1700818524062
USER	WebSocket Scenario	END	1700818524077
USER	WebSocket Scenario	END	1700818524093
USER	WebSocket Scenario	END	1700818524109
USER	WebSocket Scenario	END	1700818524109
USER	WebSocket Scenario	END	1700818524124
USER	WebSocket Scenario	END	1700818524140
USER	WebSocket Scenario	END	1700818524140
USER	WebSocket Scenario	END	1700818524171
USER	WebSocket Scenario	END	1700818524171
USER	WebSocket Scenario	END	1700818524171
USER	WebSocket Scenario	END	1700818525126
USER	WebSocket Scenario	END	1700818525157
USER	WebSocket Scenario	END	1700818525173
USER	WebSocket Scenario	END	1700818525189
USER	WebSocket Scenario	END	1700818525251
USER	WebSocket Scenario	END	1700818525266
USER	WebSocket Scenario	END	1700818525266
USER	WebSocket Scenario	END	1700818525282
USER	WebSocket Scenario	END	1700818525297
USER	WebSocket Scenario	END	1700818525312
USER	WebSocket Scenario	END	1700818525312
USER	WebSocket Scenario	END	1700818525328
USER	WebSocket Scenario	END	1700818525343
USER	WebSocket Scenario	END	1700818525359
USER	WebSocket Scenario	END	1700818525374
USER	WebSocket Scenario	END	1700818525374
USER	WebSocket Scenario	END	1700818525390
USER	WebSocket Scenario	END	1700818525421
USER	WebSocket Scenario	END	1700818525421
USER	WebSocket Scenario	END	1700818525437
USER	WebSocket Scenario	END	1700818525452
USER	WebSocket Scenario	END	1700818525452
USER	WebSocket Scenario	END	1700818525483
USER	WebSocket Scenario	END	1700818525483
USER	WebSocket Scenario	END	1700818525530
USER	WebSocket Scenario	END	1700818525530
USER	WebSocket Scenario	END	1700818525530
USER	WebSocket Scenario	END	1700818525592
USER	WebSocket Scenario	END	1700818525608
USER	WebSocket Scenario	END	1700818525623
USER	WebSocket Scenario	END	1700818525794
USER	WebSocket Scenario	END	1700818525809
USER	WebSocket Scenario	END	1700818526360
USER	WebSocket Scenario	END	1700818526391
USER	WebSocket Scenario	END	1700818526391
USER	WebSocket Scenario	END	1700818526407
USER	WebSocket Scenario	END	1700818526423
USER	WebSocket Scenario	END	1700818526469
USER	WebSocket Scenario	END	1700818526469
USER	WebSocket Scenario	END	1700818526469
USER	WebSocket Scenario	END	1700818526469
USER	WebSocket Scenario	END	1700818526485
USER	WebSocket Scenario	END	1700818526485
USER	WebSocket Scenario	END	1700818526501
USER	WebSocket Scenario	END	1700818526517
