RUN	computerdatabase.ComputerDatabaseSimulation	computerdatabasesimulation	1700818125469	Socket connect	3.9.5
USER	WebSocket Scenario	START	1700818126506
USER	WebSocket Scenario	START	1700818126506
USER	WebSocket Scenario	START	1700818126506
USER	WebSocket Scenario	START	1700818126506
USER	WebSocket Scenario	START	1700818126506
USER	WebSocket Scenario	START	1700818126506
USER	WebSocket Scenario	START	1700818126506
USER	WebSocket Scenario	START	1700818126506
USER	WebSocket Scenario	START	1700818126506
USER	WebSocket Scenario	START	1700818126506
USER	WebSocket Scenario	START	1700818126507
USER	WebSocket Scenario	START	1700818126507
USER	WebSocket Scenario	START	1700818126507
USER	WebSocket Scenario	START	1700818126507
USER	WebSocket Scenario	START	1700818126506
USER	WebSocket Scenario	START	1700818126507
USER	WebSocket Scenario	START	1700818126507
USER	WebSocket Scenario	START	1700818126507
USER	WebSocket Scenario	START	1700818126507
USER	WebSocket Scenario	START	1700818126507
USER	WebSocket Scenario	START	1700818126507
USER	WebSocket Scenario	START	1700818126507
USER	WebSocket Scenario	START	1700818126507
USER	WebSocket Scenario	START	1700818126507
USER	WebSocket Scenario	START	1700818126507
USER	WebSocket Scenario	START	1700818126507
USER	WebSocket Scenario	START	1700818126507
USER	WebSocket Scenario	START	1700818126507
USER	WebSocket Scenario	START	1700818126507
USER	WebSocket Scenario	START	1700818126507
USER	WebSocket Scenario	START	1700818126507
USER	WebSocket Scenario	START	1700818126507
USER	WebSocket Scenario	START	1700818126507
USER	WebSocket Scenario	START	1700818126507
USER	WebSocket Scenario	START	1700818126507
USER	WebSocket Scenario	START	1700818126507
USER	WebSocket Scenario	START	1700818126507
USER	WebSocket Scenario	START	1700818126507
USER	WebSocket Scenario	START	1700818126507
USER	WebSocket Scenario	START	1700818126507
USER	WebSocket Scenario	START	1700818126507
USER	WebSocket Scenario	START	1700818126507
USER	WebSocket Scenario	START	1700818126507
USER	WebSocket Scenario	START	1700818126507
USER	WebSocket Scenario	START	1700818126507
USER	WebSocket Scenario	START	1700818126507
USER	WebSocket Scenario	START	1700818126507
USER	WebSocket Scenario	START	1700818126507
USER	WebSocket Scenario	START	1700818126507
USER	WebSocket Scenario	START	1700818126507
USER	WebSocket Scenario	START	1700818126506
USER	WebSocket Scenario	START	1700818126507
USER	WebSocket Scenario	START	1700818126507
USER	WebSocket Scenario	START	1700818126507
USER	WebSocket Scenario	START	1700818126507
USER	WebSocket Scenario	START	1700818126507
USER	WebSocket Scenario	START	1700818126507
USER	WebSocket Scenario	START	1700818126507
USER	WebSocket Scenario	START	1700818126508
USER	WebSocket Scenario	START	1700818126508
USER	WebSocket Scenario	START	1700818126508
USER	WebSocket Scenario	START	1700818126508
USER	WebSocket Scenario	START	1700818126508
USER	WebSocket Scenario	START	1700818126508
USER	WebSocket Scenario	START	1700818126508
USER	WebSocket Scenario	START	1700818126508
USER	WebSocket Scenario	START	1700818126508
USER	WebSocket Scenario	START	1700818126508
USER	WebSocket Scenario	START	1700818126506
USER	WebSocket Scenario	START	1700818126508
USER	WebSocket Scenario	START	1700818126508
USER	WebSocket Scenario	START	1700818126508
USER	WebSocket Scenario	START	1700818126506
USER	WebSocket Scenario	START	1700818126508
USER	WebSocket Scenario	START	1700818126508
USER	WebSocket Scenario	START	1700818126508
USER	WebSocket Scenario	START	1700818126508
USER	WebSocket Scenario	START	1700818126508
USER	WebSocket Scenario	START	1700818126508
USER	WebSocket Scenario	START	1700818126508
USER	WebSocket Scenario	START	1700818126508
USER	WebSocket Scenario	START	1700818126508
USER	WebSocket Scenario	START	1700818126509
USER	WebSocket Scenario	START	1700818126509
USER	WebSocket Scenario	START	1700818126509
USER	WebSocket Scenario	START	1700818126509
USER	WebSocket Scenario	START	1700818126509
USER	WebSocket Scenario	START	1700818126509
USER	WebSocket Scenario	START	1700818126509
USER	WebSocket Scenario	START	1700818126509
USER	WebSocket Scenario	START	1700818126506
USER	WebSocket Scenario	START	1700818126510
USER	WebSocket Scenario	START	1700818126510
USER	WebSocket Scenario	START	1700818126506
USER	WebSocket Scenario	START	1700818126513
USER	WebSocket Scenario	START	1700818126514
USER	WebSocket Scenario	START	1700818126514
USER	WebSocket Scenario	START	1700818126514
USER	WebSocket Scenario	START	1700818126514
USER	WebSocket Scenario	START	1700818126514
USER	WebSocket Scenario	START	1700818126514
USER	WebSocket Scenario	START	1700818126514
USER	WebSocket Scenario	START	1700818126514
USER	WebSocket Scenario	START	1700818126506
USER	WebSocket Scenario	START	1700818126514
USER	WebSocket Scenario	START	1700818126514
USER	WebSocket Scenario	START	1700818126514
USER	WebSocket Scenario	START	1700818126514
USER	WebSocket Scenario	START	1700818126514
USER	WebSocket Scenario	START	1700818126514
USER	WebSocket Scenario	START	1700818126514
USER	WebSocket Scenario	START	1700818126514
USER	WebSocket Scenario	START	1700818126516
USER	WebSocket Scenario	START	1700818126528
USER	WebSocket Scenario	START	1700818126528
USER	WebSocket Scenario	START	1700818126528
USER	WebSocket Scenario	START	1700818126529
USER	WebSocket Scenario	START	1700818126529
USER	WebSocket Scenario	START	1700818126529
USER	WebSocket Scenario	START	1700818126529
REQUEST		WebSocket Connect	1700818126548	1700818126720	OK	 
REQUEST		WebSocket Connect	1700818126550	1700818126731	OK	 
REQUEST		WebSocket Connect	1700818126552	1700818126755	OK	 
REQUEST		WebSocket Connect	1700818126552	1700818126781	OK	 
REQUEST		WebSocket Connect	1700818126538	1700818126781	OK	 
REQUEST		WebSocket Connect	1700818126551	1700818126791	OK	 
REQUEST		WebSocket Connect	1700818126547	1700818126793	OK	 
REQUEST		WebSocket Connect	1700818126550	1700818126793	OK	 
REQUEST		WebSocket Connect	1700818126535	1700818126803	OK	 
REQUEST		WebSocket Connect	1700818126550	1700818126811	OK	 
REQUEST		WebSocket Connect	1700818126549	1700818126820	OK	 
REQUEST		WebSocket Connect	1700818126549	1700818126835	OK	 
REQUEST		WebSocket Connect	1700818126550	1700818126840	OK	 
REQUEST		WebSocket Connect	1700818126549	1700818126851	OK	 
REQUEST		WebSocket Connect	1700818126549	1700818126859	OK	 
REQUEST		WebSocket Connect	1700818126550	1700818126870	OK	 
REQUEST		WebSocket Connect	1700818126549	1700818126880	OK	 
REQUEST		WebSocket Connect	1700818126550	1700818126887	OK	 
REQUEST		WebSocket Connect	1700818126549	1700818126897	OK	 
REQUEST		WebSocket Connect	1700818126547	1700818126905	OK	 
REQUEST		WebSocket Connect	1700818126550	1700818126915	OK	 
REQUEST		WebSocket Connect	1700818126548	1700818126929	OK	 
REQUEST		WebSocket Connect	1700818126548	1700818126935	OK	 
REQUEST		WebSocket Connect	1700818126552	1700818126944	OK	 
REQUEST		WebSocket Connect	1700818126535	1700818126952	OK	 
REQUEST		WebSocket Connect	1700818126537	1700818126963	OK	 
REQUEST		WebSocket Connect	1700818126550	1700818126971	OK	 
REQUEST		WebSocket Connect	1700818126539	1700818126981	OK	 
REQUEST		WebSocket Connect	1700818126539	1700818126988	OK	 
REQUEST		WebSocket Connect	1700818126554	1700818126997	OK	 
REQUEST		WebSocket Connect	1700818126535	1700818127007	OK	 
REQUEST		WebSocket Connect	1700818126551	1700818127016	OK	 
REQUEST		WebSocket Connect	1700818126535	1700818127025	OK	 
REQUEST		WebSocket Connect	1700818126551	1700818127035	OK	 
REQUEST		WebSocket Connect	1700818126551	1700818127044	OK	 
REQUEST		WebSocket Connect	1700818126554	1700818127053	OK	 
REQUEST		WebSocket Connect	1700818126550	1700818127063	OK	 
REQUEST		WebSocket Connect	1700818126549	1700818127074	OK	 
REQUEST		WebSocket Connect	1700818126535	1700818127084	OK	 
REQUEST		WebSocket Connect	1700818126554	1700818127095	OK	 
REQUEST		WebSocket Connect	1700818126555	1700818127105	OK	 
REQUEST		WebSocket Connect	1700818126555	1700818127115	OK	 
REQUEST		WebSocket Connect	1700818126555	1700818127115	OK	 
REQUEST		WebSocket Connect	1700818126538	1700818127232	OK	 
REQUEST		WebSocket Connect	1700818126551	1700818127783	OK	 
REQUEST		WebSocket Connect	1700818126539	1700818127793	OK	 
REQUEST		WebSocket Connect	1700818126553	1700818127809	OK	 
REQUEST		WebSocket Connect	1700818126552	1700818127809	OK	 
REQUEST		WebSocket Connect	1700818126555	1700818127826	OK	 
REQUEST		WebSocket Connect	1700818126552	1700818127840	OK	 
REQUEST		WebSocket Connect	1700818126551	1700818127840	OK	 
REQUEST		WebSocket Connect	1700818126547	1700818127846	OK	 
REQUEST		WebSocket Connect	1700818126555	1700818127855	OK	 
REQUEST		WebSocket Connect	1700818126555	1700818127864	OK	 
REQUEST		WebSocket Connect	1700818126556	1700818127872	OK	 
REQUEST		WebSocket Connect	1700818126550	1700818127881	OK	 
REQUEST		WebSocket Connect	1700818126555	1700818127891	OK	 
REQUEST		WebSocket Connect	1700818126555	1700818127899	OK	 
REQUEST		WebSocket Connect	1700818126549	1700818127907	OK	 
REQUEST		WebSocket Connect	1700818126555	1700818127914	OK	 
REQUEST		WebSocket Connect	1700818126557	1700818127924	OK	 
REQUEST		WebSocket Connect	1700818126548	1700818127932	OK	 
REQUEST		WebSocket Connect	1700818126554	1700818127941	OK	 
REQUEST		WebSocket Connect	1700818126553	1700818127950	OK	 
REQUEST		WebSocket Connect	1700818126537	1700818127961	OK	 
REQUEST		WebSocket Connect	1700818126549	1700818127968	OK	 
REQUEST		WebSocket Connect	1700818126551	1700818127976	OK	 
REQUEST		WebSocket Connect	1700818126548	1700818127985	OK	 
REQUEST		WebSocket Connect	1700818126554	1700818127995	OK	 
REQUEST		WebSocket Connect	1700818126549	1700818128001	OK	 
REQUEST		WebSocket Connect	1700818126552	1700818128010	OK	 
REQUEST		WebSocket Connect	1700818126554	1700818128019	OK	 
REQUEST		WebSocket Connect	1700818126556	1700818128028	OK	 
REQUEST		WebSocket Connect	1700818126550	1700818128037	OK	 
REQUEST		WebSocket Connect	1700818126552	1700818128045	OK	 
REQUEST		WebSocket Connect	1700818126557	1700818128054	OK	 
REQUEST		WebSocket Connect	1700818126556	1700818128064	OK	 
REQUEST		WebSocket Connect	1700818126556	1700818128071	OK	 
REQUEST		WebSocket Connect	1700818126535	1700818128072	OK	 
REQUEST		WebSocket Connect	1700818126558	1700818128232	OK	 
REQUEST		WebSocket Connect	1700818126556	1700818128240	OK	 
REQUEST		WebSocket Connect	1700818126553	1700818129241	OK	 
REQUEST		WebSocket Connect	1700818126558	1700818129257	OK	 
REQUEST		WebSocket Connect	1700818126557	1700818129265	OK	 
REQUEST		WebSocket Connect	1700818126553	1700818129265	OK	 
REQUEST		WebSocket Connect	1700818126551	1700818130255	OK	 
REQUEST		WebSocket Connect	1700818126559	1700818130268	OK	 
REQUEST		WebSocket Connect	1700818126554	1700818130285	OK	 
REQUEST		WebSocket Connect	1700818126558	1700818130292	OK	 
REQUEST		WebSocket Connect	1700818126538	1700818130301	OK	 
REQUEST		WebSocket Connect	1700818126557	1700818130310	OK	 
REQUEST		WebSocket Connect	1700818126537	1700818130320	OK	 
REQUEST		WebSocket Connect	1700818126553	1700818130321	OK	 
REQUEST		WebSocket Connect	1700818126554	1700818131269	OK	 
REQUEST		WebSocket Connect	1700818126547	1700818131287	OK	 
REQUEST		WebSocket Connect	1700818126554	1700818131304	OK	 
REQUEST		WebSocket Connect	1700818126556	1700818131319	OK	 
REQUEST		WebSocket Connect	1700818126557	1700818131328	OK	 
REQUEST		WebSocket Connect	1700818126558	1700818131333	OK	 
REQUEST		WebSocket Connect	1700818126555	1700818131344	OK	 
REQUEST		WebSocket Connect	1700818126558	1700818131351	OK	 
REQUEST		WebSocket Connect	1700818126557	1700818131359	OK	 
REQUEST		WebSocket Connect	1700818126559	1700818131367	OK	 
REQUEST		WebSocket Connect	1700818126555	1700818131400	OK	 
REQUEST		WebSocket Connect	1700818126559	1700818131409	OK	 
REQUEST		WebSocket Connect	1700818126535	1700818131417	OK	 
REQUEST		WebSocket Connect	1700818126556	1700818131430	OK	 
REQUEST		WebSocket Connect	1700818126557	1700818131438	OK	 
REQUEST		WebSocket Connect	1700818126559	1700818131438	OK	 
REQUEST		WebSocket Connect	1700818126560	1700818132379	OK	 
REQUEST		WebSocket Connect	1700818126559	1700818132398	OK	 
REQUEST		WebSocket Connect	1700818126557	1700818132418	OK	 
REQUEST		WebSocket Connect	1700818126560	1700818132435	OK	 
REQUEST		WebSocket Connect	1700818126560	1700818132447	OK	 
REQUEST		WebSocket Connect	1700818126558	1700818132467	OK	 
REQUEST		WebSocket Connect	1700818126561	1700818132493	OK	 
REQUEST		WebSocket Connect	1700818126559	1700818132493	OK	 
REQUEST		WebSocket Connect	1700818126558	1700818132507	OK	 
REQUEST		WebSocket Connect	1700818126559	1700818132525	OK	 
REQUEST		WebSocket Connect	1700818126561	1700818132525	OK	 
REQUEST		Send Request type in Websocket	1700818136743	1700818136743	OK	 
REQUEST		Send Request type in Websocket	1700818136743	1700818136743	OK	 
REQUEST		Send Request type in Websocket	1700818136773	1700818136773	OK	 
REQUEST		Send Request type in Websocket	1700818136788	1700818136788	OK	 
REQUEST		Send Request type in Websocket	1700818136788	1700818136788	OK	 
REQUEST		Send Request type in Websocket	1700818136804	1700818136804	OK	 
REQUEST		Send Request type in Websocket	1700818136804	1700818136804	OK	 
REQUEST		Send Request type in Websocket	1700818136804	1700818136804	OK	 
REQUEST		Send Request type in Websocket	1700818136804	1700818136804	OK	 
REQUEST		Send Request type in Websocket	1700818136820	1700818136820	OK	 
REQUEST		Send Request type in Websocket	1700818136835	1700818136835	OK	 
REQUEST		Send Request type in Websocket	1700818136844	1700818136844	OK	 
REQUEST		Send Request type in Websocket	1700818136851	1700818136851	OK	 
REQUEST		Send Request type in Websocket	1700818136852	1700818136852	OK	 
REQUEST		Send Request type in Websocket	1700818136867	1700818136867	OK	 
REQUEST		Send Request type in Websocket	1700818136874	1700818136874	OK	 
REQUEST		Send Request type in Websocket	1700818136882	1700818136882	OK	 
REQUEST		Send Request type in Websocket	1700818136897	1700818136897	OK	 
REQUEST		Send Request type in Websocket	1700818136898	1700818136898	OK	 
REQUEST		Send Request type in Websocket	1700818136914	1700818136914	OK	 
REQUEST		Send Request type in Websocket	1700818136929	1700818136929	OK	 
REQUEST		Send Request type in Websocket	1700818136944	1700818136944	OK	 
REQUEST		Send Request type in Websocket	1700818136944	1700818136944	OK	 
REQUEST		Send Request type in Websocket	1700818136944	1700818136944	OK	 
REQUEST		Send Request type in Websocket	1700818136960	1700818136960	OK	 
REQUEST		Send Request type in Websocket	1700818136976	1700818136976	OK	 
REQUEST		Send Request type in Websocket	1700818136976	1700818136976	OK	 
REQUEST		Send Request type in Websocket	1700818136992	1700818136992	OK	 
REQUEST		Send Request type in Websocket	1700818136992	1700818136992	OK	 
REQUEST		Send Request type in Websocket	1700818137008	1700818137008	OK	 
REQUEST		Send Request type in Websocket	1700818137007	1700818137007	OK	 
REQUEST		Send Request type in Websocket	1700818137023	1700818137023	OK	 
REQUEST		Send Request type in Websocket	1700818137038	1700818137038	OK	 
REQUEST		Send Request type in Websocket	1700818137038	1700818137038	OK	 
REQUEST		Send Request type in Websocket	1700818137054	1700818137054	OK	 
REQUEST		Send Request type in Websocket	1700818137056	1700818137056	OK	 
REQUEST		Send Request type in Websocket	1700818137070	1700818137070	OK	 
REQUEST		Send Request type in Websocket	1700818137085	1700818137085	OK	 
REQUEST		Send Request type in Websocket	1700818137086	1700818137086	OK	 
REQUEST		Send Request type in Websocket	1700818137101	1700818137101	OK	 
REQUEST		Send Request type in Websocket	1700818137117	1700818137117	OK	 
REQUEST		Send Request type in Websocket	1700818137117	1700818137117	OK	 
REQUEST		Send Request type in Websocket	1700818137117	1700818137117	OK	 
REQUEST		Send Request type in Websocket	1700818137241	1700818137241	OK	 
REQUEST		Send Request type in Websocket	1700818137788	1700818137788	OK	 
REQUEST		Send Request type in Websocket	1700818137804	1700818137804	OK	 
REQUEST		Send Request type in Websocket	1700818137820	1700818137820	OK	 
REQUEST		Send Request type in Websocket	1700818137820	1700818137820	OK	 
REQUEST		Send Request type in Websocket	1700818137835	1700818137835	OK	 
REQUEST		Send Request type in Websocket	1700818137851	1700818137851	OK	 
REQUEST		Send Request type in Websocket	1700818137851	1700818137851	OK	 
REQUEST		Send Request type in Websocket	1700818137852	1700818137852	OK	 
REQUEST		Send Request type in Websocket	1700818137867	1700818137867	OK	 
REQUEST		Send Request type in Websocket	1700818137867	1700818137867	OK	 
REQUEST		Send Request type in Websocket	1700818137882	1700818137882	OK	 
REQUEST		Send Request type in Websocket	1700818137882	1700818137882	OK	 
REQUEST		Send Request type in Websocket	1700818137898	1700818137898	OK	 
REQUEST		Send Request type in Websocket	1700818137914	1700818137914	OK	 
REQUEST		Send Request type in Websocket	1700818137914	1700818137914	OK	 
REQUEST		Send Request type in Websocket	1700818137929	1700818137929	OK	 
REQUEST		Send Request type in Websocket	1700818137930	1700818137930	OK	 
REQUEST		Send Request type in Websocket	1700818137945	1700818137945	OK	 
REQUEST		Send Request type in Websocket	1700818137945	1700818137945	OK	 
REQUEST		Send Request type in Websocket	1700818137962	1700818137962	OK	 
REQUEST		Send Request type in Websocket	1700818137977	1700818137977	OK	 
REQUEST		Send Request type in Websocket	1700818137977	1700818137977	OK	 
REQUEST		Send Request type in Websocket	1700818137977	1700818137977	OK	 
REQUEST		Send Request type in Websocket	1700818137992	1700818137992	OK	 
REQUEST		Send Request type in Websocket	1700818138008	1700818138008	OK	 
REQUEST		Send Request type in Websocket	1700818138008	1700818138008	OK	 
REQUEST		Send Request type in Websocket	1700818138013	1700818138013	OK	 
REQUEST		Send Request type in Websocket	1700818138023	1700818138023	OK	 
REQUEST		Send Request type in Websocket	1700818138038	1700818138038	OK	 
REQUEST		Send Request type in Websocket	1700818138038	1700818138038	OK	 
REQUEST		Send Request type in Websocket	1700818138046	1700818138046	OK	 
REQUEST		Send Request type in Websocket	1700818138069	1700818138069	OK	 
REQUEST		Send Request type in Websocket	1700818138069	1700818138069	OK	 
REQUEST		Send Request type in Websocket	1700818138073	1700818138073	OK	 
REQUEST		Send Request type in Websocket	1700818138074	1700818138074	OK	 
REQUEST		Send Request type in Websocket	1700818138241	1700818138241	OK	 
REQUEST		Send Request type in Websocket	1700818138256	1700818138256	OK	 
REQUEST		Send Request type in Websocket	1700818139255	1700818139255	OK	 
REQUEST		Send Request type in Websocket	1700818139272	1700818139272	OK	 
REQUEST		Send Request type in Websocket	1700818139272	1700818139272	OK	 
REQUEST		Send Request type in Websocket	1700818139272	1700818139272	OK	 
REQUEST		Send Request type in Websocket	1700818140256	1700818140256	OK	 
REQUEST		Send Request type in Websocket	1700818140271	1700818140271	OK	 
REQUEST		Send Request type in Websocket	1700818140287	1700818140287	OK	 
REQUEST		Send Request type in Websocket	1700818140302	1700818140302	OK	 
REQUEST		Send Request type in Websocket	1700818140302	1700818140302	OK	 
REQUEST		Send Request type in Websocket	1700818140318	1700818140318	OK	 
REQUEST		Send Request type in Websocket	1700818140334	1700818140334	OK	 
REQUEST		Send Request type in Websocket	1700818140334	1700818140334	OK	 
REQUEST		Send Request type in Websocket	1700818141285	1700818141285	OK	 
REQUEST		Send Request type in Websocket	1700818141301	1700818141301	OK	 
REQUEST		Send Request type in Websocket	1700818141316	1700818141316	OK	 
REQUEST		Send Request type in Websocket	1700818141332	1700818141332	OK	 
REQUEST		Send Request type in Websocket	1700818141332	1700818141332	OK	 
REQUEST		Send Request type in Websocket	1700818141347	1700818141347	OK	 
REQUEST		Send Request type in Websocket	1700818141347	1700818141347	OK	 
REQUEST		Send Request type in Websocket	1700818141363	1700818141363	OK	 
REQUEST		Send Request type in Websocket	1700818141363	1700818141363	OK	 
REQUEST		Send Request type in Websocket	1700818141368	1700818141368	OK	 
REQUEST		Send Request type in Websocket	1700818141409	1700818141409	OK	 
REQUEST		Send Request type in Websocket	1700818141424	1700818141424	OK	 
REQUEST		Send Request type in Websocket	1700818141424	1700818141424	OK	 
REQUEST		Send Request type in Websocket	1700818141440	1700818141440	OK	 
REQUEST		Send Request type in Websocket	1700818141440	1700818141440	OK	 
REQUEST		Send Request type in Websocket	1700818141440	1700818141440	OK	 
USER	WebSocket Scenario	END	1700818141753
USER	WebSocket Scenario	END	1700818141753
USER	WebSocket Scenario	END	1700818141781
USER	WebSocket Scenario	END	1700818141797
USER	WebSocket Scenario	END	1700818141797
USER	WebSocket Scenario	END	1700818141813
USER	WebSocket Scenario	END	1700818141813
USER	WebSocket Scenario	END	1700818141813
USER	WebSocket Scenario	END	1700818141813
USER	WebSocket Scenario	END	1700818141828
USER	WebSocket Scenario	END	1700818141843
USER	WebSocket Scenario	END	1700818141858
USER	WebSocket Scenario	END	1700818141859
USER	WebSocket Scenario	END	1700818141859
USER	WebSocket Scenario	END	1700818141874
USER	WebSocket Scenario	END	1700818141889
USER	WebSocket Scenario	END	1700818141890
USER	WebSocket Scenario	END	1700818141906
USER	WebSocket Scenario	END	1700818141906
USER	WebSocket Scenario	END	1700818141922
USER	WebSocket Scenario	END	1700818141938
USER	WebSocket Scenario	END	1700818141953
USER	WebSocket Scenario	END	1700818141953
USER	WebSocket Scenario	END	1700818141953
USER	WebSocket Scenario	END	1700818141969
USER	WebSocket Scenario	END	1700818141984
USER	WebSocket Scenario	END	1700818141984
USER	WebSocket Scenario	END	1700818142000
USER	WebSocket Scenario	END	1700818142000
USER	WebSocket Scenario	END	1700818142016
USER	WebSocket Scenario	END	1700818142016
USER	WebSocket Scenario	END	1700818142031
USER	WebSocket Scenario	END	1700818142047
USER	WebSocket Scenario	END	1700818142047
USER	WebSocket Scenario	END	1700818142062
USER	WebSocket Scenario	END	1700818142062
USER	WebSocket Scenario	END	1700818142078
USER	WebSocket Scenario	END	1700818142093
USER	WebSocket Scenario	END	1700818142094
USER	WebSocket Scenario	END	1700818142109
USER	WebSocket Scenario	END	1700818142125
USER	WebSocket Scenario	END	1700818142125
USER	WebSocket Scenario	END	1700818142125
USER	WebSocket Scenario	END	1700818142249
REQUEST		Send Request type in Websocket	1700818142390	1700818142390	OK	 
REQUEST		Send Request type in Websocket	1700818142406	1700818142406	OK	 
REQUEST		Send Request type in Websocket	1700818142422	1700818142422	OK	 
REQUEST		Send Request type in Websocket	1700818142437	1700818142437	OK	 
REQUEST		Send Request type in Websocket	1700818142452	1700818142452	OK	 
REQUEST		Send Request type in Websocket	1700818142468	1700818142468	OK	 
REQUEST		Send Request type in Websocket	1700818142499	1700818142499	OK	 
REQUEST		Send Request type in Websocket	1700818142499	1700818142499	OK	 
REQUEST		Send Request type in Websocket	1700818142515	1700818142515	OK	 
REQUEST		Send Request type in Websocket	1700818142530	1700818142530	OK	 
REQUEST		Send Request type in Websocket	1700818142530	1700818142530	OK	 
USER	WebSocket Scenario	END	1700818142794
USER	WebSocket Scenario	END	1700818142809
USER	WebSocket Scenario	END	1700818142825
USER	WebSocket Scenario	END	1700818142825
USER	WebSocket Scenario	END	1700818142841
USER	WebSocket Scenario	END	1700818142856
USER	WebSocket Scenario	END	1700818142856
USER	WebSocket Scenario	END	1700818142856
USER	WebSocket Scenario	END	1700818142871
USER	WebSocket Scenario	END	1700818142871
USER	WebSocket Scenario	END	1700818142887
USER	WebSocket Scenario	END	1700818142887
USER	WebSocket Scenario	END	1700818142903
USER	WebSocket Scenario	END	1700818142918
USER	WebSocket Scenario	END	1700818142935
USER	WebSocket Scenario	END	1700818142935
USER	WebSocket Scenario	END	1700818142935
USER	WebSocket Scenario	END	1700818142951
USER	WebSocket Scenario	END	1700818142966
USER	WebSocket Scenario	END	1700818142966
USER	WebSocket Scenario	END	1700818142981
USER	WebSocket Scenario	END	1700818142982
USER	WebSocket Scenario	END	1700818142982
USER	WebSocket Scenario	END	1700818142997
USER	WebSocket Scenario	END	1700818143013
USER	WebSocket Scenario	END	1700818143013
USER	WebSocket Scenario	END	1700818143028
USER	WebSocket Scenario	END	1700818143028
USER	WebSocket Scenario	END	1700818143043
USER	WebSocket Scenario	END	1700818143043
USER	WebSocket Scenario	END	1700818143059
USER	WebSocket Scenario	END	1700818143074
USER	WebSocket Scenario	END	1700818143074
USER	WebSocket Scenario	END	1700818143090
USER	WebSocket Scenario	END	1700818143090
USER	WebSocket Scenario	END	1700818143246
USER	WebSocket Scenario	END	1700818143262
USER	WebSocket Scenario	END	1700818144259
USER	WebSocket Scenario	END	1700818144274
USER	WebSocket Scenario	END	1700818144274
USER	WebSocket Scenario	END	1700818144274
USER	WebSocket Scenario	END	1700818145271
USER	WebSocket Scenario	END	1700818145287
USER	WebSocket Scenario	END	1700818145302
USER	WebSocket Scenario	END	1700818145317
USER	WebSocket Scenario	END	1700818145317
USER	WebSocket Scenario	END	1700818145333
USER	WebSocket Scenario	END	1700818145348
USER	WebSocket Scenario	END	1700818145348
USER	WebSocket Scenario	END	1700818146290
USER	WebSocket Scenario	END	1700818146306
USER	WebSocket Scenario	END	1700818146322
USER	WebSocket Scenario	END	1700818146337
USER	WebSocket Scenario	END	1700818146337
USER	WebSocket Scenario	END	1700818146352
USER	WebSocket Scenario	END	1700818146353
USER	WebSocket Scenario	END	1700818146368
USER	WebSocket Scenario	END	1700818146368
USER	WebSocket Scenario	END	1700818146368
USER	WebSocket Scenario	END	1700818146414
USER	WebSocket Scenario	END	1700818146430
USER	WebSocket Scenario	END	1700818146430
USER	WebSocket Scenario	END	1700818146446
USER	WebSocket Scenario	END	1700818146446
USER	WebSocket Scenario	END	1700818146446
USER	WebSocket Scenario	END	1700818147397
USER	WebSocket Scenario	END	1700818147412
USER	WebSocket Scenario	END	1700818147428
USER	WebSocket Scenario	END	1700818147444
USER	WebSocket Scenario	END	1700818147460
USER	WebSocket Scenario	END	1700818147476
USER	WebSocket Scenario	END	1700818147507
USER	WebSocket Scenario	END	1700818147507
USER	WebSocket Scenario	END	1700818147523
USER	WebSocket Scenario	END	1700818147538
USER	WebSocket Scenario	END	1700818147538
