RUN	computerdatabase.ComputerDatabaseSimulation	computerdatabasesimulation	1699632450422	socket load	3.9.5
USER	WebSocket and HTTP Scenario	START	1699632452206
USER	WebSocket and HTTP Scenario	START	1699632452206
USER	WebSocket and HTTP Scenario	START	1699632452206
USER	WebSocket and HTTP Scenario	START	1699632452206
USER	WebSocket and HTTP Scenario	START	1699632452207
USER	WebSocket and HTTP Scenario	START	1699632452206
USER	WebSocket and HTTP Scenario	START	1699632452207
USER	WebSocket and HTTP Scenario	START	1699632452207
USER	WebSocket and HTTP Scenario	START	1699632452206
USER	WebSocket and HTTP Scenario	START	1699632452207
REQUEST		HTTP Request	1699632452282	1699632452402	KO	status.find.in([200, 209], 304), found 405
REQUEST		HTTP Request	1699632452282	1699632452407	KO	status.find.in([200, 209], 304), found 405
REQUEST		HTTP Request	1699632452282	1699632452411	KO	status.find.in([200, 209], 304), found 405
REQUEST		HTTP Request	1699632452282	1699632452406	KO	status.find.in([200, 209], 304), found 405
REQUEST		HTTP Request	1699632452288	1699632452409	KO	status.find.in([200, 209], 304), found 405
REQUEST		HTTP Request	1699632452287	1699632452406	KO	status.find.in([200, 209], 304), found 405
REQUEST		HTTP Request	1699632452285	1699632452403	KO	status.find.in([200, 209], 304), found 405
REQUEST		HTTP Request	1699632452285	1699632452411	KO	status.find.in([200, 209], 304), found 405
REQUEST		HTTP Request	1699632452282	1699632452403	KO	status.find.in([200, 209], 304), found 405
REQUEST		HTTP Request	1699632452282	1699632452405	KO	status.find.in([200, 209], 304), found 405
REQUEST		WebSocket Connect	1699632453479	1699632453637	OK	 
REQUEST		WebSocket Connect	1699632453479	1699632453642	OK	 
REQUEST		WebSocket Connect	1699632453479	1699632453649	OK	 
REQUEST		WebSocket Connect	1699632453479	1699632453657	OK	 
REQUEST		WebSocket Connect	1699632453479	1699632453666	OK	 
REQUEST		WebSocket Connect	1699632453482	1699632453673	OK	 
REQUEST		WebSocket Connect	1699632453482	1699632453682	OK	 
REQUEST		WebSocket Connect	1699632453482	1699632453689	OK	 
REQUEST		WebSocket Connect	1699632453478	1699632453698	OK	 
REQUEST		WebSocket Connect	1699632453482	1699632453699	OK	 
USER	WebSocket and HTTP Scenario	END	1699632573651
USER	WebSocket and HTTP Scenario	END	1699632573652
USER	WebSocket and HTTP Scenario	END	1699632573661
USER	WebSocket and HTTP Scenario	END	1699632573661
USER	WebSocket and HTTP Scenario	END	1699632573676
USER	WebSocket and HTTP Scenario	END	1699632573677
USER	WebSocket and HTTP Scenario	END	1699632573692
USER	WebSocket and HTTP Scenario	END	1699632573692
USER	WebSocket and HTTP Scenario	END	1699632573708
USER	WebSocket and HTTP Scenario	END	1699632573708
