RUN	computerdatabase.ComputerDatabaseSimulation	computerdatabasesimulation	1700815225441	Socket Connect	3.9.5
USER	WebSocket Scenario	START	1700815227301
USER	WebSocket Scenario	START	1700815227302
USER	WebSocket Scenario	START	1700815227301
USER	WebSocket Scenario	START	1700815227301
USER	WebSocket Scenario	START	1700815227302
USER	WebSocket Scenario	START	1700815227302
USER	WebSocket Scenario	START	1700815227301
USER	WebSocket Scenario	START	1700815227303
USER	WebSocket Scenario	START	1700815227301
USER	WebSocket Scenario	START	1700815227303
USER	WebSocket Scenario	START	1700815227303
USER	WebSocket Scenario	START	1700815227303
USER	WebSocket Scenario	START	1700815227303
USER	WebSocket Scenario	START	1700815227303
USER	WebSocket Scenario	START	1700815227303
USER	WebSocket Scenario	START	1700815227303
USER	WebSocket Scenario	START	1700815227303
USER	WebSocket Scenario	START	1700815227303
USER	WebSocket Scenario	START	1700815227303
USER	WebSocket Scenario	START	1700815227303
USER	WebSocket Scenario	START	1700815227303
USER	WebSocket Scenario	START	1700815227304
USER	WebSocket Scenario	START	1700815227304
USER	WebSocket Scenario	START	1700815227304
USER	WebSocket Scenario	START	1700815227304
USER	WebSocket Scenario	START	1700815227304
USER	WebSocket Scenario	START	1700815227305
USER	WebSocket Scenario	START	1700815227305
USER	WebSocket Scenario	START	1700815227305
USER	WebSocket Scenario	START	1700815227305
USER	WebSocket Scenario	START	1700815227305
USER	WebSocket Scenario	START	1700815227305
USER	WebSocket Scenario	START	1700815227306
USER	WebSocket Scenario	START	1700815227306
USER	WebSocket Scenario	START	1700815227306
USER	WebSocket Scenario	START	1700815227307
USER	WebSocket Scenario	START	1700815227307
USER	WebSocket Scenario	START	1700815227314
USER	WebSocket Scenario	START	1700815227314
USER	WebSocket Scenario	START	1700815227314
REQUEST		WebSocket Connect	1700815227354	1700815227520	OK	 
REQUEST		WebSocket Connect	1700815227387	1700815227546	OK	 
REQUEST		WebSocket Connect	1700815227353	1700815227566	OK	 
REQUEST		WebSocket Connect	1700815227383	1700815227574	OK	 
REQUEST		WebSocket Connect	1700815227384	1700815227589	OK	 
REQUEST		WebSocket Connect	1700815227382	1700815227601	OK	 
REQUEST		WebSocket Connect	1700815227384	1700815227622	OK	 
REQUEST		WebSocket Connect	1700815227358	1700815227644	OK	 
REQUEST		WebSocket Connect	1700815227358	1700815227657	OK	 
REQUEST		WebSocket Connect	1700815227383	1700815227657	OK	 
REQUEST		WebSocket Connect	1700815227362	1700815227768	OK	 
REQUEST		WebSocket Connect	1700815227385	1700815228828	OK	 
REQUEST		WebSocket Connect	1700815227384	1700815228828	OK	 
REQUEST		WebSocket Connect	1700815227385	1700815229842	OK	 
REQUEST		WebSocket Connect	1700815227386	1700815229880	OK	 
REQUEST		WebSocket Connect	1700815227360	1700815229894	OK	 
REQUEST		WebSocket Connect	1700815227382	1700815229903	OK	 
REQUEST		WebSocket Connect	1700815227387	1700815230880	OK	 
REQUEST		WebSocket Connect	1700815227359	1700815230932	OK	 
REQUEST		WebSocket Connect	1700815227353	1700815230954	OK	 
REQUEST		WebSocket Connect	1700815227362	1700815230970	OK	 
REQUEST		WebSocket Connect	1700815227387	1700815231000	OK	 
REQUEST		WebSocket Connect	1700815227383	1700815231008	OK	 
REQUEST		WebSocket Connect	1700815227353	1700815231301	OK	 
REQUEST		WebSocket Connect	1700815227355	1700815231322	OK	 
REQUEST		WebSocket Connect	1700815227353	1700815231903	OK	 
REQUEST		WebSocket Connect	1700815227388	1700815231937	OK	 
REQUEST		WebSocket Connect	1700815227386	1700815231954	OK	 
REQUEST		WebSocket Connect	1700815227386	1700815231958	OK	 
REQUEST		WebSocket Connect	1700815227389	1700815231969	OK	 
REQUEST		WebSocket Connect	1700815227383	1700815231982	OK	 
REQUEST		WebSocket Connect	1700815227389	1700815231993	OK	 
REQUEST		WebSocket Connect	1700815227353	1700815232006	OK	 
REQUEST		WebSocket Connect	1700815227390	1700815232014	OK	 
REQUEST		WebSocket Connect	1700815227353	1700815232022	OK	 
REQUEST		WebSocket Connect	1700815227388	1700815232039	OK	 
REQUEST		WebSocket Connect	1700815227361	1700815232042	OK	 
REQUEST		WebSocket Connect	1700815227362	1700815232078	OK	 
REQUEST		WebSocket Connect	1700815227390	1700815232078	OK	 
REQUEST		WebSocket Connect	1700815227385	1700815232279	OK	 
REQUEST		Send Request type in Websocket	1700815237554	1700815237554	OK	 
REQUEST		Send Request type in Websocket	1700815237561	1700815237561	OK	 
REQUEST		Send Request type in Websocket	1700815237576	1700815237576	OK	 
REQUEST		Send Request type in Websocket	1700815237576	1700815237576	OK	 
REQUEST		Send Request type in Websocket	1700815237591	1700815237591	OK	 
REQUEST		Send Request type in Websocket	1700815237607	1700815237607	OK	 
REQUEST		Send Request type in Websocket	1700815237623	1700815237623	OK	 
REQUEST		Send Request type in Websocket	1700815237654	1700815237654	OK	 
REQUEST		Send Request type in Websocket	1700815237669	1700815237669	OK	 
REQUEST		Send Request type in Websocket	1700815237669	1700815237669	OK	 
REQUEST		Send Request type in Websocket	1700815237779	1700815237779	OK	 
REQUEST		Send Request type in Websocket	1700815238842	1700815238842	OK	 
REQUEST		Send Request type in Websocket	1700815238842	1700815238842	OK	 
REQUEST		Send Request type in Websocket	1700815239846	1700815239846	OK	 
REQUEST		Send Request type in Websocket	1700815239892	1700815239892	OK	 
REQUEST		Send Request type in Websocket	1700815239907	1700815239907	OK	 
REQUEST		Send Request type in Websocket	1700815239907	1700815239907	OK	 
REQUEST		Send Request type in Websocket	1700815240889	1700815240889	OK	 
REQUEST		Send Request type in Websocket	1700815240936	1700815240936	OK	 
REQUEST		Send Request type in Websocket	1700815240967	1700815240967	OK	 
REQUEST		Send Request type in Websocket	1700815240982	1700815240982	OK	 
REQUEST		Send Request type in Websocket	1700815241014	1700815241014	OK	 
REQUEST		Send Request type in Websocket	1700815241014	1700815241014	OK	 
REQUEST		Send Request type in Websocket	1700815241310	1700815241310	OK	 
REQUEST		Send Request type in Websocket	1700815241326	1700815241326	OK	 
REQUEST		Send Request type in Websocket	1700815241910	1700815241910	OK	 
REQUEST		Send Request type in Websocket	1700815241941	1700815241941	OK	 
REQUEST		Send Request type in Websocket	1700815241957	1700815241957	OK	 
REQUEST		Send Request type in Websocket	1700815241972	1700815241972	OK	 
REQUEST		Send Request type in Websocket	1700815241972	1700815241972	OK	 
REQUEST		Send Request type in Websocket	1700815241988	1700815241988	OK	 
REQUEST		Send Request type in Websocket	1700815242004	1700815242004	OK	 
REQUEST		Send Request type in Websocket	1700815242010	1700815242010	OK	 
REQUEST		Send Request type in Websocket	1700815242019	1700815242019	OK	 
REQUEST		Send Request type in Websocket	1700815242035	1700815242035	OK	 
REQUEST		Send Request type in Websocket	1700815242051	1700815242051	OK	 
REQUEST		Send Request type in Websocket	1700815242051	1700815242051	OK	 
REQUEST		Send Request type in Websocket	1700815242082	1700815242082	OK	 
REQUEST		Send Request type in Websocket	1700815242082	1700815242082	OK	 
REQUEST		Send Request type in Websocket	1700815242286	1700815242286	OK	 
USER	WebSocket Scenario	END	1700815242571
USER	WebSocket Scenario	END	1700815242571
USER	WebSocket Scenario	END	1700815242583
USER	WebSocket Scenario	END	1700815242583
USER	WebSocket Scenario	END	1700815242599
USER	WebSocket Scenario	END	1700815242614
USER	WebSocket Scenario	END	1700815242629
USER	WebSocket Scenario	END	1700815242660
USER	WebSocket Scenario	END	1700815242676
USER	WebSocket Scenario	END	1700815242677
USER	WebSocket Scenario	END	1700815242786
USER	WebSocket Scenario	END	1700815243844
USER	WebSocket Scenario	END	1700815243844
USER	WebSocket Scenario	END	1700815244851
USER	WebSocket Scenario	END	1700815244897
USER	WebSocket Scenario	END	1700815244913
USER	WebSocket Scenario	END	1700815244913
USER	WebSocket Scenario	END	1700815245903
USER	WebSocket Scenario	END	1700815245950
USER	WebSocket Scenario	END	1700815245981
USER	WebSocket Scenario	END	1700815245996
USER	WebSocket Scenario	END	1700815246027
USER	WebSocket Scenario	END	1700815246027
USER	WebSocket Scenario	END	1700815246323
USER	WebSocket Scenario	END	1700815246341
USER	WebSocket Scenario	END	1700815246916
USER	WebSocket Scenario	END	1700815246945
USER	WebSocket Scenario	END	1700815246962
USER	WebSocket Scenario	END	1700815246975
USER	WebSocket Scenario	END	1700815246978
USER	WebSocket Scenario	END	1700815246995
USER	WebSocket Scenario	END	1700815247010
USER	WebSocket Scenario	END	1700815247026
USER	WebSocket Scenario	END	1700815247027
USER	WebSocket Scenario	END	1700815247041
USER	WebSocket Scenario	END	1700815247057
USER	WebSocket Scenario	END	1700815247057
USER	WebSocket Scenario	END	1700815247088
USER	WebSocket Scenario	END	1700815247088
USER	WebSocket Scenario	END	1700815247288
