RUN	computerdatabase.ComputerDatabaseSimulation	computerdatabasesimulation	1700807758454	Socket connect	3.9.5
USER	WebSocket Scenario	START	1700807760209
USER	WebSocket Scenario	START	1700807760209
USER	WebSocket Scenario	START	1700807760210
USER	WebSocket Scenario	START	1700807760209
USER	WebSocket Scenario	START	1700807760210
USER	WebSocket Scenario	START	1700807760211
USER	WebSocket Scenario	START	1700807760211
USER	WebSocket Scenario	START	1700807760211
USER	WebSocket Scenario	START	1700807760211
USER	WebSocket Scenario	START	1700807760211
USER	WebSocket Scenario	START	1700807760211
USER	WebSocket Scenario	START	1700807760211
USER	WebSocket Scenario	START	1700807760211
USER	WebSocket Scenario	START	1700807760211
USER	WebSocket Scenario	START	1700807760211
USER	WebSocket Scenario	START	1700807760211
USER	WebSocket Scenario	START	1700807760211
USER	WebSocket Scenario	START	1700807760211
USER	WebSocket Scenario	START	1700807760212
USER	WebSocket Scenario	START	1700807760212
USER	WebSocket Scenario	START	1700807760210
USER	WebSocket Scenario	START	1700807760212
USER	WebSocket Scenario	START	1700807760212
USER	WebSocket Scenario	START	1700807760212
USER	WebSocket Scenario	START	1700807760212
USER	WebSocket Scenario	START	1700807760212
USER	WebSocket Scenario	START	1700807760212
USER	WebSocket Scenario	START	1700807760212
USER	WebSocket Scenario	START	1700807760212
USER	WebSocket Scenario	START	1700807760212
USER	WebSocket Scenario	START	1700807760212
USER	WebSocket Scenario	START	1700807760212
USER	WebSocket Scenario	START	1700807760212
USER	WebSocket Scenario	START	1700807760212
USER	WebSocket Scenario	START	1700807760212
USER	WebSocket Scenario	START	1700807760212
USER	WebSocket Scenario	START	1700807760212
USER	WebSocket Scenario	START	1700807760212
USER	WebSocket Scenario	START	1700807760212
USER	WebSocket Scenario	START	1700807760213
USER	WebSocket Scenario	START	1700807760213
USER	WebSocket Scenario	START	1700807760213
USER	WebSocket Scenario	START	1700807760213
USER	WebSocket Scenario	START	1700807760213
USER	WebSocket Scenario	START	1700807760213
USER	WebSocket Scenario	START	1700807760213
USER	WebSocket Scenario	START	1700807760213
USER	WebSocket Scenario	START	1700807760213
USER	WebSocket Scenario	START	1700807760213
USER	WebSocket Scenario	START	1700807760213
REQUEST		WebSocket Connect	1700807760270	1700807760471	OK	 
REQUEST		WebSocket Connect	1700807760301	1700807760492	OK	 
REQUEST		WebSocket Connect	1700807760275	1700807760512	OK	 
REQUEST		WebSocket Connect	1700807760269	1700807760521	OK	 
REQUEST		WebSocket Connect	1700807760268	1700807760536	OK	 
REQUEST		WebSocket Connect	1700807760269	1700807760549	OK	 
REQUEST		WebSocket Connect	1700807760298	1700807760557	OK	 
REQUEST		WebSocket Connect	1700807760298	1700807760557	OK	 
REQUEST		WebSocket Connect	1700807760301	1700807760980	OK	 
REQUEST		WebSocket Connect	1700807760300	1700807761886	OK	 
REQUEST		WebSocket Connect	1700807760268	1700807762918	OK	 
REQUEST		WebSocket Connect	1700807760301	1700807763832	OK	 
REQUEST		WebSocket Connect	1700807760307	1700807764859	OK	 
REQUEST		WebSocket Connect	1700807760304	1700807765880	OK	 
REQUEST		WebSocket Connect	1700807760297	1700807765889	OK	 
REQUEST		WebSocket Connect	1700807760301	1700807766903	OK	 
REQUEST		WebSocket Connect	1700807760304	1700807766924	OK	 
REQUEST		WebSocket Connect	1700807760303	1700807766936	OK	 
REQUEST		WebSocket Connect	1700807760296	1700807766936	OK	 
REQUEST		WebSocket Connect	1700807760268	1700807767832	OK	 
REQUEST		WebSocket Connect	1700807760298	1700807767856	OK	 
REQUEST		WebSocket Connect	1700807760307	1700807767872	OK	 
REQUEST		WebSocket Connect	1700807760298	1700807767877	OK	 
REQUEST		WebSocket Connect	1700807760269	1700807767897	OK	 
REQUEST		WebSocket Connect	1700807760304	1700807767901	OK	 
REQUEST		WebSocket Connect	1700807760296	1700807767919	OK	 
REQUEST		WebSocket Connect	1700807760297	1700807767919	OK	 
REQUEST		WebSocket Connect	1700807760270	1700807768948	OK	 
REQUEST		WebSocket Connect	1700807760305	1700807768965	OK	 
REQUEST		WebSocket Connect	1700807760296	1700807768981	OK	 
REQUEST		WebSocket Connect	1700807760304	1700807768998	OK	 
REQUEST		WebSocket Connect	1700807760306	1700807768998	OK	 
REQUEST		WebSocket Connect	1700807760271	1700807769247	OK	 
REQUEST		WebSocket Connect	1700807760270	1700807769333	OK	 
REQUEST		WebSocket Connect	1700807760308	1700807769371	OK	 
REQUEST		WebSocket Connect	1700807760274	1700807769381	OK	 
REQUEST		WebSocket Connect	1700807760305	1700807769391	OK	 
REQUEST		WebSocket Connect	1700807760268	1700807769411	OK	 
REQUEST		WebSocket Connect	1700807760306	1700807769418	OK	 
REQUEST		WebSocket Connect	1700807760269	1700807769427	OK	 
REQUEST		WebSocket Connect	1700807760268	1700807769428	OK	 
REQUEST		WebSocket Connect	1700807760303	1700807769445	OK	 
REQUEST		WebSocket Connect	1700807760303	1700807769445	OK	 
REQUEST		WebSocket Connect	1700807760309	1700807770027	OK	 
REQUEST		WebSocket Connect	1700807760305	1700807770027	OK	 
REQUEST		WebSocket Connect	1700807760307	1700807770033	OK	 
REQUEST		WebSocket Connect	1700807760302	1700807770044	OK	 
REQUEST		WebSocket Connect	1700807760307	1700807770057	OK	 
REQUEST		WebSocket Connect	1700807760298	1700807770057	OK	 
REQUEST		WebSocket Connect	1700807760272	1700807770273	OK	 
REQUEST		Send WebSocket Request	1700808760503	1700808760503	OK	 
REQUEST		Send WebSocket Request	1700808760506	1700808760506	OK	 
USER	WebSocket Scenario	END	1700808760510
USER	WebSocket Scenario	END	1700808760510
REQUEST		Send WebSocket Request	1700808760525	1700808760525	OK	 
REQUEST		Send WebSocket Request	1700808760525	1700808760525	OK	 
USER	WebSocket Scenario	END	1700808760526
USER	WebSocket Scenario	END	1700808760527
REQUEST		Send WebSocket Request	1700808760541	1700808760541	OK	 
USER	WebSocket Scenario	END	1700808760542
REQUEST		Send WebSocket Request	1700808760557	1700808760557	OK	 
USER	WebSocket Scenario	END	1700808760558
REQUEST		Send WebSocket Request	1700808760558	1700808760558	OK	 
USER	WebSocket Scenario	END	1700808760559
REQUEST		Send WebSocket Request	1700808760560	1700808760560	OK	 
USER	WebSocket Scenario	END	1700808760560
REQUEST		Send WebSocket Request	1700808760996	1700808760996	OK	 
USER	WebSocket Scenario	END	1700808760997
REQUEST		Send WebSocket Request	1700808761893	1700808761893	OK	 
USER	WebSocket Scenario	END	1700808761893
REQUEST		Send WebSocket Request	1700808762932	1700808762932	OK	 
USER	WebSocket Scenario	END	1700808762933
REQUEST		Send WebSocket Request	1700808763845	1700808763845	OK	 
USER	WebSocket Scenario	END	1700808763846
REQUEST		Send WebSocket Request	1700808764868	1700808764868	OK	 
USER	WebSocket Scenario	END	1700808764869
REQUEST		Send WebSocket Request	1700808765889	1700808765889	OK	 
USER	WebSocket Scenario	END	1700808765890
REQUEST		Send WebSocket Request	1700808765905	1700808765905	OK	 
USER	WebSocket Scenario	END	1700808765906
REQUEST		Send WebSocket Request	1700808766910	1700808766910	OK	 
USER	WebSocket Scenario	END	1700808766911
REQUEST		Send WebSocket Request	1700808766926	1700808766926	OK	 
USER	WebSocket Scenario	END	1700808766927
REQUEST		Send WebSocket Request	1700808766942	1700808766942	OK	 
REQUEST		Send WebSocket Request	1700808766942	1700808766942	OK	 
USER	WebSocket Scenario	END	1700808766943
USER	WebSocket Scenario	END	1700808766943
REQUEST		Send WebSocket Request	1700808767837	1700808767837	OK	 
USER	WebSocket Scenario	END	1700808767838
REQUEST		Send WebSocket Request	1700808767868	1700808767868	OK	 
USER	WebSocket Scenario	END	1700808767869
REQUEST		Send WebSocket Request	1700808767884	1700808767884	OK	 
REQUEST		Send WebSocket Request	1700808767884	1700808767884	OK	 
USER	WebSocket Scenario	END	1700808767884
USER	WebSocket Scenario	END	1700808767885
REQUEST		Send WebSocket Request	1700808767900	1700808767900	OK	 
USER	WebSocket Scenario	END	1700808767900
REQUEST		Send WebSocket Request	1700808767916	1700808767916	OK	 
USER	WebSocket Scenario	END	1700808767917
REQUEST		Send WebSocket Request	1700808767931	1700808767931	OK	 
REQUEST		Send WebSocket Request	1700808767931	1700808767931	OK	 
USER	WebSocket Scenario	END	1700808767932
USER	WebSocket Scenario	END	1700808767932
REQUEST		Send WebSocket Request	1700808768955	1700808768955	OK	 
USER	WebSocket Scenario	END	1700808768956
REQUEST		Send WebSocket Request	1700808768970	1700808768970	OK	 
USER	WebSocket Scenario	END	1700808768971
REQUEST		Send WebSocket Request	1700808768986	1700808768986	OK	 
USER	WebSocket Scenario	END	1700808768987
REQUEST		Send WebSocket Request	1700808769001	1700808769001	OK	 
REQUEST		Send WebSocket Request	1700808769001	1700808769001	OK	 
USER	WebSocket Scenario	END	1700808769002
USER	WebSocket Scenario	END	1700808769002
REQUEST		Send WebSocket Request	1700808769254	1700808769254	OK	 
USER	WebSocket Scenario	END	1700808769255
REQUEST		Send WebSocket Request	1700808769348	1700808769348	OK	 
USER	WebSocket Scenario	END	1700808769349
REQUEST		Send WebSocket Request	1700808769380	1700808769380	OK	 
USER	WebSocket Scenario	END	1700808769380
REQUEST		Send WebSocket Request	1700808769396	1700808769396	OK	 
REQUEST		Send WebSocket Request	1700808769396	1700808769396	OK	 
USER	WebSocket Scenario	END	1700808769397
USER	WebSocket Scenario	END	1700808769397
REQUEST		Send WebSocket Request	1700808769422	1700808769422	OK	 
USER	WebSocket Scenario	END	1700808769423
REQUEST		Send WebSocket Request	1700808769427	1700808769427	OK	 
USER	WebSocket Scenario	END	1700808769428
REQUEST		Send WebSocket Request	1700808769443	1700808769443	OK	 
REQUEST		Send WebSocket Request	1700808769443	1700808769443	OK	 
USER	WebSocket Scenario	END	1700808769444
USER	WebSocket Scenario	END	1700808769444
REQUEST		Send WebSocket Request	1700808769459	1700808769459	OK	 
REQUEST		Send WebSocket Request	1700808769459	1700808769459	OK	 
USER	WebSocket Scenario	END	1700808769460
USER	WebSocket Scenario	END	1700808769460
REQUEST		Send WebSocket Request	1700808770040	1700808770040	OK	 
REQUEST		Send WebSocket Request	1700808770041	1700808770041	OK	 
REQUEST		Send WebSocket Request	1700808770040	1700808770040	OK	 
USER	WebSocket Scenario	END	1700808770041
USER	WebSocket Scenario	END	1700808770041
USER	WebSocket Scenario	END	1700808770041
REQUEST		Send WebSocket Request	1700808770056	1700808770056	OK	 
USER	WebSocket Scenario	END	1700808770057
REQUEST		Send WebSocket Request	1700808770072	1700808770072	OK	 
REQUEST		Send WebSocket Request	1700808770072	1700808770072	OK	 
USER	WebSocket Scenario	END	1700808770073
USER	WebSocket Scenario	END	1700808770073
REQUEST		Send WebSocket Request	1700808770278	1700808770278	OK	 
USER	WebSocket Scenario	END	1700808770279
