RUN	computerdatabase.ComputerDatabaseSimulation	computerdatabasesimulation	1700817060959	Socket connect	3.9.5
USER	WebSocket Scenario	START	1700817062794
USER	WebSocket Scenario	START	1700817062795
USER	WebSocket Scenario	START	1700817062793
USER	WebSocket Scenario	START	1700817062795
USER	WebSocket Scenario	START	1700817062793
USER	WebSocket Scenario	START	1700817062795
USER	WebSocket Scenario	START	1700817062793
USER	WebSocket Scenario	START	1700817062795
USER	WebSocket Scenario	START	1700817062795
USER	WebSocket Scenario	START	1700817062795
USER	WebSocket Scenario	START	1700817062795
USER	WebSocket Scenario	START	1700817062795
USER	WebSocket Scenario	START	1700817062795
USER	WebSocket Scenario	START	1700817062795
USER	WebSocket Scenario	START	1700817062793
USER	WebSocket Scenario	START	1700817062796
USER	WebSocket Scenario	START	1700817062796
USER	WebSocket Scenario	START	1700817062796
USER	WebSocket Scenario	START	1700817062796
USER	WebSocket Scenario	START	1700817062796
USER	WebSocket Scenario	START	1700817062796
USER	WebSocket Scenario	START	1700817062793
USER	WebSocket Scenario	START	1700817062797
USER	WebSocket Scenario	START	1700817062797
USER	WebSocket Scenario	START	1700817062797
USER	WebSocket Scenario	START	1700817062797
USER	WebSocket Scenario	START	1700817062797
USER	WebSocket Scenario	START	1700817062797
USER	WebSocket Scenario	START	1700817062799
USER	WebSocket Scenario	START	1700817062799
REQUEST		WebSocket Connect	1700817062853	1700817063035	OK	 
REQUEST		WebSocket Connect	1700817062855	1700817063035	OK	 
REQUEST		WebSocket Connect	1700817062849	1700817063044	OK	 
REQUEST		WebSocket Connect	1700817062847	1700817063056	OK	 
REQUEST		WebSocket Connect	1700817062887	1700817063066	OK	 
REQUEST		WebSocket Connect	1700817062847	1700817063076	OK	 
REQUEST		WebSocket Connect	1700817062853	1700817063090	OK	 
REQUEST		WebSocket Connect	1700817062847	1700817063098	OK	 
REQUEST		WebSocket Connect	1700817062885	1700817063107	OK	 
REQUEST		WebSocket Connect	1700817062882	1700817063109	OK	 
REQUEST		WebSocket Connect	1700817062847	1700817063563	OK	 
REQUEST		WebSocket Connect	1700817062882	1700817064507	OK	 
REQUEST		WebSocket Connect	1700817062887	1700817064507	OK	 
REQUEST		WebSocket Connect	1700817062889	1700817065510	OK	 
REQUEST		WebSocket Connect	1700817062849	1700817065528	OK	 
REQUEST		WebSocket Connect	1700817062855	1700817065535	OK	 
REQUEST		WebSocket Connect	1700817062855	1700817065535	OK	 
REQUEST		WebSocket Connect	1700817062890	1700817066535	OK	 
REQUEST		WebSocket Connect	1700817062893	1700817066560	OK	 
REQUEST		WebSocket Connect	1700817062895	1700817066571	OK	 
REQUEST		WebSocket Connect	1700817062889	1700817066581	OK	 
REQUEST		WebSocket Connect	1700817062851	1700817066581	OK	 
REQUEST		WebSocket Connect	1700817062887	1700817066953	OK	 
REQUEST		WebSocket Connect	1700817062852	1700817066956	OK	 
REQUEST		WebSocket Connect	1700817062847	1700817066967	OK	 
REQUEST		WebSocket Connect	1700817062890	1700817067555	OK	 
REQUEST		WebSocket Connect	1700817062893	1700817067578	OK	 
REQUEST		WebSocket Connect	1700817062847	1700817067592	OK	 
REQUEST		WebSocket Connect	1700817062886	1700817067603	OK	 
REQUEST		WebSocket Connect	1700817062847	1700817067603	OK	 
REQUEST		Send Request type in Websocket	1700817073063	1700817073063	OK	 
REQUEST		Send Request type in Websocket	1700817073063	1700817073063	OK	 
REQUEST		Send Request type in Websocket	1700817073063	1700817073063	OK	 
REQUEST		Send Request type in Websocket	1700817073064	1700817073064	OK	 
REQUEST		Send Request type in Websocket	1700817073080	1700817073080	OK	 
REQUEST		Send Request type in Websocket	1700817073080	1700817073080	OK	 
REQUEST		Send Request type in Websocket	1700817073096	1700817073096	OK	 
REQUEST		Send Request type in Websocket	1700817073111	1700817073111	OK	 
REQUEST		Send Request type in Websocket	1700817073111	1700817073111	OK	 
REQUEST		Send Request type in Websocket	1700817073111	1700817073111	OK	 
REQUEST		Send Request type in Websocket	1700817073579	1700817073579	OK	 
REQUEST		Send Request type in Websocket	1700817074518	1700817074518	OK	 
REQUEST		Send Request type in Websocket	1700817074518	1700817074518	OK	 
REQUEST		Send Request type in Websocket	1700817075513	1700817075513	OK	 
REQUEST		Send Request type in Websocket	1700817075545	1700817075545	OK	 
REQUEST		Send Request type in Websocket	1700817075545	1700817075545	OK	 
REQUEST		Send Request type in Websocket	1700817075545	1700817075545	OK	 
REQUEST		Send Request type in Websocket	1700817076547	1700817076547	OK	 
REQUEST		Send Request type in Websocket	1700817076563	1700817076563	OK	 
REQUEST		Send Request type in Websocket	1700817076579	1700817076579	OK	 
REQUEST		Send Request type in Websocket	1700817076594	1700817076594	OK	 
REQUEST		Send Request type in Websocket	1700817076595	1700817076595	OK	 
REQUEST		Send Request type in Websocket	1700817076955	1700817076955	OK	 
REQUEST		Send Request type in Websocket	1700817076971	1700817076971	OK	 
REQUEST		Send Request type in Websocket	1700817076971	1700817076971	OK	 
REQUEST		Send Request type in Websocket	1700817077564	1700817077564	OK	 
REQUEST		Send Request type in Websocket	1700817077581	1700817077581	OK	 
REQUEST		Send Request type in Websocket	1700817077596	1700817077596	OK	 
REQUEST		Send Request type in Websocket	1700817077612	1700817077612	OK	 
REQUEST		Send Request type in Websocket	1700817077612	1700817077612	OK	 
USER	WebSocket Scenario	END	1700817078086
USER	WebSocket Scenario	END	1700817078086
USER	WebSocket Scenario	END	1700817078086
USER	WebSocket Scenario	END	1700817078086
USER	WebSocket Scenario	END	1700817078097
USER	WebSocket Scenario	END	1700817078097
USER	WebSocket Scenario	END	1700817078113
USER	WebSocket Scenario	END	1700817078113
USER	WebSocket Scenario	END	1700817078113
USER	WebSocket Scenario	END	1700817078128
USER	WebSocket Scenario	END	1700817078583
USER	WebSocket Scenario	END	1700817079535
USER	WebSocket Scenario	END	1700817079536
USER	WebSocket Scenario	END	1700817080526
USER	WebSocket Scenario	END	1700817080557
USER	WebSocket Scenario	END	1700817080557
USER	WebSocket Scenario	END	1700817080557
USER	WebSocket Scenario	END	1700817081557
USER	WebSocket Scenario	END	1700817081572
USER	WebSocket Scenario	END	1700817081588
USER	WebSocket Scenario	END	1700817081604
USER	WebSocket Scenario	END	1700817081604
USER	WebSocket Scenario	END	1700817081963
USER	WebSocket Scenario	END	1700817081978
USER	WebSocket Scenario	END	1700817081978
USER	WebSocket Scenario	END	1700817082570
USER	WebSocket Scenario	END	1700817082586
USER	WebSocket Scenario	END	1700817082601
USER	WebSocket Scenario	END	1700817082617
USER	WebSocket Scenario	END	1700817082617
