RUN	computerdatabase.ComputerDatabaseSimulation	computerdatabasesimulation	1701863789096	Socket Connect	3.9.5
USER	WebSocket Scenario	START	1701863790184
USER	WebSocket Scenario	START	1701863790236
USER	WebSocket Scenario	START	1701863790283
USER	WebSocket Scenario	START	1701863790329
USER	WebSocket Scenario	START	1701863790376
REQUEST		WebSocket Connect	1701863790237	1701863790400	OK	 
REQUEST		WebSocket Connect	1701863790199	1701863790398	OK	 
REQUEST		WebSocket Connect	1701863790283	1701863790411	OK	 
USER	WebSocket Scenario	START	1701863790437
REQUEST		WebSocket Connect	1701863790329	1701863790464	OK	 
USER	WebSocket Scenario	START	1701863790484
REQUEST		WebSocket Connect	1701863790377	1701863790487	OK	 
USER	WebSocket Scenario	START	1701863790531
REQUEST		WebSocket Connect	1701863790438	1701863790540	OK	 
USER	WebSocket Scenario	START	1701863790577
REQUEST		WebSocket Connect	1701863790485	1701863790579	OK	 
REQUEST		WebSocket Connect	1701863790531	1701863790634	OK	 
USER	WebSocket Scenario	START	1701863790639
USER	WebSocket Scenario	START	1701863790687
REQUEST		WebSocket Connect	1701863790577	1701863790699	OK	 
USER	WebSocket Scenario	START	1701863790735
REQUEST		WebSocket Connect	1701863790640	1701863790764	OK	 
USER	WebSocket Scenario	START	1701863790783
USER	WebSocket Scenario	START	1701863790829
USER	WebSocket Scenario	START	1701863790891
USER	WebSocket Scenario	START	1701863790937
USER	WebSocket Scenario	START	1701863790984
USER	WebSocket Scenario	START	1701863791032
USER	WebSocket Scenario	START	1701863791077
REQUEST		WebSocket Connect	1701863790688	1701863791095	OK	 
USER	WebSocket Scenario	START	1701863791139
USER	WebSocket Scenario	START	1701863791186
USER	WebSocket Scenario	START	1701863791233
USER	WebSocket Scenario	START	1701863791280
USER	WebSocket Scenario	START	1701863791327
USER	WebSocket Scenario	START	1701863791389
USER	WebSocket Scenario	START	1701863791435
USER	WebSocket Scenario	START	1701863791481
USER	WebSocket Scenario	START	1701863791527
USER	WebSocket Scenario	START	1701863791590
USER	WebSocket Scenario	START	1701863791637
USER	WebSocket Scenario	START	1701863791682
USER	WebSocket Scenario	START	1701863791728
USER	WebSocket Scenario	START	1701863791789
USER	WebSocket Scenario	START	1701863791836
USER	WebSocket Scenario	START	1701863791882
USER	WebSocket Scenario	START	1701863791929
USER	WebSocket Scenario	START	1701863791992
USER	WebSocket Scenario	START	1701863792037
USER	WebSocket Scenario	START	1701863792083
REQUEST		WebSocket Connect	1701863790784	1701863792096	OK	 
REQUEST		WebSocket Connect	1701863790737	1701863792103	OK	 
USER	WebSocket Scenario	START	1701863792132
REQUEST		WebSocket Connect	1701863790892	1701863793098	OK	 
REQUEST		WebSocket Connect	1701863790830	1701863793113	OK	 
REQUEST		WebSocket Connect	1701863790985	1701863793121	OK	 
REQUEST		WebSocket Connect	1701863790938	1701863793121	OK	 
REQUEST		WebSocket Connect	1701863791033	1701863794113	OK	 
REQUEST		WebSocket Connect	1701863791078	1701863794126	OK	 
REQUEST		WebSocket Connect	1701863791281	1701863794134	OK	 
REQUEST		WebSocket Connect	1701863791187	1701863794143	OK	 
REQUEST		WebSocket Connect	1701863791390	1701863794150	OK	 
REQUEST		WebSocket Connect	1701863791140	1701863794158	OK	 
REQUEST		WebSocket Connect	1701863791234	1701863794166	OK	 
REQUEST		WebSocket Connect	1701863791328	1701863794167	OK	 
REQUEST		WebSocket Connect	1701863791436	1701863795105	OK	 
REQUEST		WebSocket Connect	1701863791482	1701863795115	OK	 
REQUEST		WebSocket Connect	1701863791528	1701863795130	OK	 
REQUEST		WebSocket Connect	1701863791729	1701863795136	OK	 
REQUEST		WebSocket Connect	1701863791683	1701863795146	OK	 
REQUEST		WebSocket Connect	1701863791638	1701863795150	OK	 
REQUEST		WebSocket Connect	1701863791591	1701863795158	OK	 
REQUEST		WebSocket Connect	1701863791837	1701863795166	OK	 
REQUEST		WebSocket Connect	1701863791883	1701863795174	OK	 
REQUEST		WebSocket Connect	1701863791930	1701863795182	OK	 
REQUEST		WebSocket Connect	1701863791993	1701863795189	OK	 
REQUEST		WebSocket Connect	1701863791790	1701863795197	OK	 
REQUEST		WebSocket Connect	1701863792038	1701863795224	OK	 
REQUEST		WebSocket Connect	1701863792084	1701863795230	OK	 
REQUEST		WebSocket Connect	1701863792133	1701863795231	OK	 
REQUEST		Send Request type in Websocket	1701863800414	1701863800414	OK	 
REQUEST		Send Request type in Websocket	1701863800414	1701863800414	OK	 
REQUEST		Send Request type in Websocket	1701863800426	1701863800426	OK	 
REQUEST		Send Request type in Websocket	1701863800472	1701863800472	OK	 
REQUEST		Send Request type in Websocket	1701863800488	1701863800488	OK	 
REQUEST		Send Request type in Websocket	1701863800551	1701863800551	OK	 
REQUEST		Send Request type in Websocket	1701863800581	1701863800581	OK	 
REQUEST		Send Request type in Websocket	1701863800644	1701863800644	OK	 
REQUEST		Send Request type in Websocket	1701863800706	1701863800706	OK	 
REQUEST		Send Request type in Websocket	1701863800769	1701863800769	OK	 
REQUEST		Send Request type in Websocket	1701863801099	1701863801099	OK	 
REQUEST		Send Request type in Websocket	1701863802112	1701863802112	OK	 
REQUEST		Send Request type in Websocket	1701863802112	1701863802112	OK	 
REQUEST		Send Request type in Websocket	1701863803110	1701863803110	OK	 
REQUEST		Send Request type in Websocket	1701863803126	1701863803126	OK	 
REQUEST		Send Request type in Websocket	1701863803126	1701863803126	OK	 
REQUEST		Send Request type in Websocket	1701863803126	1701863803126	OK	 
REQUEST		Send Request type in Websocket	1701863804125	1701863804125	OK	 
REQUEST		Send Request type in Websocket	1701863804140	1701863804140	OK	 
REQUEST		Send Request type in Websocket	1701863804140	1701863804140	OK	 
REQUEST		Send Request type in Websocket	1701863804156	1701863804156	OK	 
REQUEST		Send Request type in Websocket	1701863804156	1701863804156	OK	 
REQUEST		Send Request type in Websocket	1701863804171	1701863804171	OK	 
REQUEST		Send Request type in Websocket	1701863804171	1701863804171	OK	 
REQUEST		Send Request type in Websocket	1701863804171	1701863804171	OK	 
REQUEST		Send Request type in Websocket	1701863805111	1701863805111	OK	 
REQUEST		Send Request type in Websocket	1701863805127	1701863805127	OK	 
REQUEST		Send Request type in Websocket	1701863805142	1701863805142	OK	 
REQUEST		Send Request type in Websocket	1701863805142	1701863805142	OK	 
REQUEST		Send Request type in Websocket	1701863805159	1701863805159	OK	 
REQUEST		Send Request type in Websocket	1701863805159	1701863805159	OK	 
REQUEST		Send Request type in Websocket	1701863805174	1701863805174	OK	 
REQUEST		Send Request type in Websocket	1701863805174	1701863805174	OK	 
REQUEST		Send Request type in Websocket	1701863805190	1701863805190	OK	 
REQUEST		Send Request type in Websocket	1701863805190	1701863805190	OK	 
REQUEST		Send Request type in Websocket	1701863805204	1701863805204	OK	 
REQUEST		Send Request type in Websocket	1701863805204	1701863805204	OK	 
REQUEST		Send Request type in Websocket	1701863805236	1701863805236	OK	 
REQUEST		Send Request type in Websocket	1701863805236	1701863805236	OK	 
REQUEST		Send Request type in Websocket	1701863805236	1701863805236	OK	 
USER	WebSocket Scenario	END	1701863805428
USER	WebSocket Scenario	END	1701863805428
USER	WebSocket Scenario	END	1701863805438
USER	WebSocket Scenario	END	1701863805485
USER	WebSocket Scenario	END	1701863805500
USER	WebSocket Scenario	END	1701863805563
USER	WebSocket Scenario	END	1701863805594
USER	WebSocket Scenario	END	1701863805657
USER	WebSocket Scenario	END	1701863805719
USER	WebSocket Scenario	END	1701863805781
USER	WebSocket Scenario	END	1701863806110
USER	WebSocket Scenario	END	1701863807128
USER	WebSocket Scenario	END	1701863807128
USER	WebSocket Scenario	END	1701863808126
USER	WebSocket Scenario	END	1701863808141
USER	WebSocket Scenario	END	1701863808142
USER	WebSocket Scenario	END	1701863808142
USER	WebSocket Scenario	END	1701863809139
USER	WebSocket Scenario	END	1701863809154
USER	WebSocket Scenario	END	1701863809154
USER	WebSocket Scenario	END	1701863809170
USER	WebSocket Scenario	END	1701863809170
USER	WebSocket Scenario	END	1701863809186
USER	WebSocket Scenario	END	1701863809186
USER	WebSocket Scenario	END	1701863809186
USER	WebSocket Scenario	END	1701863810120
USER	WebSocket Scenario	END	1701863810135
USER	WebSocket Scenario	END	1701863810151
USER	WebSocket Scenario	END	1701863810151
USER	WebSocket Scenario	END	1701863810166
USER	WebSocket Scenario	END	1701863810166
USER	WebSocket Scenario	END	1701863810181
USER	WebSocket Scenario	END	1701863810182
USER	WebSocket Scenario	END	1701863810197
USER	WebSocket Scenario	END	1701863810197
USER	WebSocket Scenario	END	1701863810213
USER	WebSocket Scenario	END	1701863810213
USER	WebSocket Scenario	END	1701863810245
USER	WebSocket Scenario	END	1701863810245
USER	WebSocket Scenario	END	1701863810245
