RUN	computerdatabase.ComputerDatabaseSimulation	computerdatabasesimulation	1700809270145	Socket connect and send request	3.9.5
USER	WebSocket Scenario	START	1700809271972
USER	WebSocket Scenario	START	1700809271971
USER	WebSocket Scenario	START	1700809271971
USER	WebSocket Scenario	START	1700809271971
USER	WebSocket Scenario	START	1700809271971
USER	WebSocket Scenario	START	1700809271972
USER	WebSocket Scenario	START	1700809271972
USER	WebSocket Scenario	START	1700809271972
USER	WebSocket Scenario	START	1700809271972
USER	WebSocket Scenario	START	1700809271972
USER	WebSocket Scenario	START	1700809271972
USER	WebSocket Scenario	START	1700809271972
USER	WebSocket Scenario	START	1700809271972
USER	WebSocket Scenario	START	1700809271973
USER	WebSocket Scenario	START	1700809271973
USER	WebSocket Scenario	START	1700809271973
USER	WebSocket Scenario	START	1700809271973
USER	WebSocket Scenario	START	1700809271973
USER	WebSocket Scenario	START	1700809271973
USER	WebSocket Scenario	START	1700809271973
USER	WebSocket Scenario	START	1700809271973
USER	WebSocket Scenario	START	1700809271973
USER	WebSocket Scenario	START	1700809271973
USER	WebSocket Scenario	START	1700809271973
USER	WebSocket Scenario	START	1700809271973
USER	WebSocket Scenario	START	1700809271973
USER	WebSocket Scenario	START	1700809271973
USER	WebSocket Scenario	START	1700809271973
USER	WebSocket Scenario	START	1700809271973
USER	WebSocket Scenario	START	1700809271973
USER	WebSocket Scenario	START	1700809271973
USER	WebSocket Scenario	START	1700809271973
USER	WebSocket Scenario	START	1700809271973
USER	WebSocket Scenario	START	1700809271973
USER	WebSocket Scenario	START	1700809271974
USER	WebSocket Scenario	START	1700809271974
USER	WebSocket Scenario	START	1700809271974
USER	WebSocket Scenario	START	1700809271974
USER	WebSocket Scenario	START	1700809271974
USER	WebSocket Scenario	START	1700809271974
USER	WebSocket Scenario	START	1700809271974
USER	WebSocket Scenario	START	1700809271974
USER	WebSocket Scenario	START	1700809271974
USER	WebSocket Scenario	START	1700809271974
USER	WebSocket Scenario	START	1700809271974
USER	WebSocket Scenario	START	1700809271974
USER	WebSocket Scenario	START	1700809271974
USER	WebSocket Scenario	START	1700809271974
USER	WebSocket Scenario	START	1700809271974
USER	WebSocket Scenario	START	1700809271974
USER	WebSocket Scenario	START	1700809271975
USER	WebSocket Scenario	START	1700809271975
USER	WebSocket Scenario	START	1700809271975
USER	WebSocket Scenario	START	1700809271975
USER	WebSocket Scenario	START	1700809271975
USER	WebSocket Scenario	START	1700809271975
USER	WebSocket Scenario	START	1700809271975
USER	WebSocket Scenario	START	1700809271975
USER	WebSocket Scenario	START	1700809271975
USER	WebSocket Scenario	START	1700809271975
USER	WebSocket Scenario	START	1700809271975
USER	WebSocket Scenario	START	1700809271975
USER	WebSocket Scenario	START	1700809271976
USER	WebSocket Scenario	START	1700809271976
USER	WebSocket Scenario	START	1700809271976
USER	WebSocket Scenario	START	1700809271976
USER	WebSocket Scenario	START	1700809271976
USER	WebSocket Scenario	START	1700809271976
USER	WebSocket Scenario	START	1700809271976
USER	WebSocket Scenario	START	1700809271977
REQUEST		WebSocket Connect	1700809272057	1700809272360	OK	 
REQUEST		WebSocket Connect	1700809272032	1700809272375	OK	 
REQUEST		WebSocket Connect	1700809272056	1700809272387	OK	 
REQUEST		WebSocket Connect	1700809272064	1700809272388	OK	 
REQUEST		WebSocket Connect	1700809272032	1700809272397	OK	 
REQUEST		WebSocket Connect	1700809272059	1700809272408	OK	 
REQUEST		WebSocket Connect	1700809272056	1700809272419	OK	 
REQUEST		WebSocket Connect	1700809272025	1700809272426	OK	 
REQUEST		WebSocket Connect	1700809272059	1700809272433	OK	 
REQUEST		WebSocket Connect	1700809272058	1700809272436	OK	 
REQUEST		WebSocket Connect	1700809272028	1700809273263	OK	 
REQUEST		WebSocket Connect	1700809272065	1700809274175	OK	 
REQUEST		WebSocket Connect	1700809272063	1700809274175	OK	 
REQUEST		WebSocket Connect	1700809272033	1700809275186	OK	 
REQUEST		WebSocket Connect	1700809272030	1700809275201	OK	 
REQUEST		WebSocket Connect	1700809272056	1700809275211	OK	 
REQUEST		WebSocket Connect	1700809272058	1700809275211	OK	 
REQUEST		WebSocket Connect	1700809272062	1700809276229	OK	 
REQUEST		WebSocket Connect	1700809272058	1700809276251	OK	 
REQUEST		WebSocket Connect	1700809272059	1700809276263	OK	 
REQUEST		WebSocket Connect	1700809272061	1700809276273	OK	 
REQUEST		WebSocket Connect	1700809272064	1700809276275	OK	 
REQUEST		WebSocket Connect	1700809272063	1700809276532	OK	 
REQUEST		WebSocket Connect	1700809272070	1700809276628	OK	 
REQUEST		WebSocket Connect	1700809272025	1700809276658	OK	 
REQUEST		WebSocket Connect	1700809272026	1700809277204	OK	 
REQUEST		WebSocket Connect	1700809272058	1700809277225	OK	 
REQUEST		WebSocket Connect	1700809272063	1700809277253	OK	 
REQUEST		WebSocket Connect	1700809272026	1700809277273	OK	 
REQUEST		WebSocket Connect	1700809272064	1700809277292	OK	 
REQUEST		WebSocket Connect	1700809272028	1700809277304	OK	 
REQUEST		WebSocket Connect	1700809272063	1700809277316	OK	 
REQUEST		WebSocket Connect	1700809272065	1700809277329	OK	 
REQUEST		WebSocket Connect	1700809272069	1700809277340	OK	 
REQUEST		WebSocket Connect	1700809272056	1700809277349	OK	 
REQUEST		WebSocket Connect	1700809272058	1700809277359	OK	 
REQUEST		WebSocket Connect	1700809272059	1700809277371	OK	 
REQUEST		WebSocket Connect	1700809272060	1700809277384	OK	 
REQUEST		WebSocket Connect	1700809272032	1700809277394	OK	 
REQUEST		WebSocket Connect	1700809272032	1700809277411	OK	 
REQUEST		WebSocket Connect	1700809272061	1700809277411	OK	 
REQUEST		WebSocket Connect	1700809272025	1700809278388	OK	 
REQUEST		WebSocket Connect	1700809272067	1700809278432	OK	 
REQUEST		WebSocket Connect	1700809272061	1700809278443	OK	 
REQUEST		WebSocket Connect	1700809272065	1700809278455	OK	 
REQUEST		WebSocket Connect	1700809272069	1700809278466	OK	 
REQUEST		WebSocket Connect	1700809272070	1700809278475	OK	 
REQUEST		WebSocket Connect	1700809272075	1700809278485	OK	 
REQUEST		WebSocket Connect	1700809272072	1700809278493	OK	 
REQUEST		WebSocket Connect	1700809272067	1700809278503	OK	 
REQUEST		WebSocket Connect	1700809272030	1700809278517	OK	 
REQUEST		WebSocket Connect	1700809272070	1700809278529	OK	 
REQUEST		WebSocket Connect	1700809272070	1700809278590	OK	 
REQUEST		WebSocket Connect	1700809272066	1700809278590	OK	 
REQUEST		WebSocket Connect	1700809272075	1700809278592	OK	 
REQUEST		WebSocket Connect	1700809272077	1700809278593	OK	 
REQUEST		WebSocket Connect	1700809272076	1700809278596	OK	 
REQUEST		WebSocket Connect	1700809272073	1700809278597	OK	 
REQUEST		WebSocket Connect	1700809272025	1700809278935	OK	 
REQUEST		WebSocket Connect	1700809272066	1700809278935	OK	 
REQUEST		WebSocket Connect	1700809272074	1700809278957	OK	 
REQUEST		WebSocket Connect	1700809272072	1700809278967	OK	 
REQUEST		WebSocket Connect	1700809272069	1700809278974	OK	 
REQUEST		WebSocket Connect	1700809272071	1700809278986	OK	 
REQUEST		WebSocket Connect	1700809272069	1700809278992	OK	 
REQUEST		WebSocket Connect	1700809272025	1700809278998	OK	 
REQUEST		WebSocket Connect	1700809272071	1700809279010	OK	 
REQUEST		WebSocket Connect	1700809272069	1700809279024	OK	 
REQUEST		WebSocket Connect	1700809272070	1700809279034	OK	 
REQUEST		WebSocket Connect	1700809272065	1700809279034	OK	 
REQUEST		Send Request type in Websocket	1700809292389	1700809292389	OK	 
REQUEST		Send Request type in Websocket	1700809292393	1700809292393	OK	 
USER	WebSocket Scenario	END	1700809292396
REQUEST		Send Request type in Websocket	1700809292396	1700809292396	OK	 
USER	WebSocket Scenario	END	1700809292397
USER	WebSocket Scenario	END	1700809292398
REQUEST		Send Request type in Websocket	1700809292397	1700809292397	OK	 
USER	WebSocket Scenario	END	1700809292398
REQUEST		Send Request type in Websocket	1700809292398	1700809292398	OK	 
USER	WebSocket Scenario	END	1700809292399
REQUEST		Send Request type in Websocket	1700809292413	1700809292413	OK	 
USER	WebSocket Scenario	END	1700809292415
REQUEST		Send Request type in Websocket	1700809292429	1700809292429	OK	 
USER	WebSocket Scenario	END	1700809292430
REQUEST		Send Request type in Websocket	1700809292430	1700809292430	OK	 
USER	WebSocket Scenario	END	1700809292431
REQUEST		Send Request type in Websocket	1700809292445	1700809292445	OK	 
USER	WebSocket Scenario	END	1700809292446
REQUEST		Send Request type in Websocket	1700809292446	1700809292446	OK	 
USER	WebSocket Scenario	END	1700809292447
REQUEST		Send Request type in Websocket	1700809293278	1700809293278	OK	 
USER	WebSocket Scenario	END	1700809293280
REQUEST		Send Request type in Websocket	1700809294189	1700809294189	OK	 
REQUEST		Send Request type in Websocket	1700809294189	1700809294189	OK	 
USER	WebSocket Scenario	END	1700809294191
USER	WebSocket Scenario	END	1700809294191
REQUEST		Send Request type in Websocket	1700809295195	1700809295195	OK	 
USER	WebSocket Scenario	END	1700809295197
REQUEST		Send Request type in Websocket	1700809295211	1700809295211	OK	 
USER	WebSocket Scenario	END	1700809295212
REQUEST		Send Request type in Websocket	1700809295227	1700809295227	OK	 
REQUEST		Send Request type in Websocket	1700809295227	1700809295227	OK	 
USER	WebSocket Scenario	END	1700809295228
USER	WebSocket Scenario	END	1700809295228
REQUEST		Send Request type in Websocket	1700809296232	1700809296232	OK	 
USER	WebSocket Scenario	END	1700809296234
REQUEST		Send Request type in Websocket	1700809296264	1700809296264	OK	 
USER	WebSocket Scenario	END	1700809296265
REQUEST		Send Request type in Websocket	1700809296279	1700809296279	OK	 
REQUEST		Send Request type in Websocket	1700809296279	1700809296279	OK	 
REQUEST		Send Request type in Websocket	1700809296279	1700809296279	OK	 
USER	WebSocket Scenario	END	1700809296280
USER	WebSocket Scenario	END	1700809296280
USER	WebSocket Scenario	END	1700809296280
REQUEST		Send Request type in Websocket	1700809296547	1700809296547	OK	 
USER	WebSocket Scenario	END	1700809296549
REQUEST		Send Request type in Websocket	1700809296642	1700809296642	OK	 
USER	WebSocket Scenario	END	1700809296643
REQUEST		Send Request type in Websocket	1700809296673	1700809296673	OK	 
USER	WebSocket Scenario	END	1700809296674
REQUEST		Send Request type in Websocket	1700809297208	1700809297208	OK	 
USER	WebSocket Scenario	END	1700809297210
REQUEST		Send Request type in Websocket	1700809297240	1700809297240	OK	 
USER	WebSocket Scenario	END	1700809297241
REQUEST		Send Request type in Websocket	1700809297256	1700809297256	OK	 
USER	WebSocket Scenario	END	1700809297257
REQUEST		Send Request type in Websocket	1700809297287	1700809297287	OK	 
USER	WebSocket Scenario	END	1700809297288
REQUEST		Send Request type in Websocket	1700809297303	1700809297303	OK	 
USER	WebSocket Scenario	END	1700809297304
REQUEST		Send Request type in Websocket	1700809297318	1700809297318	OK	 
REQUEST		Send Request type in Websocket	1700809297318	1700809297318	OK	 
USER	WebSocket Scenario	END	1700809297320
USER	WebSocket Scenario	END	1700809297320
REQUEST		Send Request type in Websocket	1700809297334	1700809297334	OK	 
USER	WebSocket Scenario	END	1700809297336
REQUEST		Send Request type in Websocket	1700809297350	1700809297350	OK	 
REQUEST		Send Request type in Websocket	1700809297350	1700809297350	OK	 
USER	WebSocket Scenario	END	1700809297351
USER	WebSocket Scenario	END	1700809297351
REQUEST		Send Request type in Websocket	1700809297366	1700809297366	OK	 
USER	WebSocket Scenario	END	1700809297367
REQUEST		Send Request type in Websocket	1700809297381	1700809297381	OK	 
USER	WebSocket Scenario	END	1700809297383
REQUEST		Send Request type in Websocket	1700809297397	1700809297397	OK	 
USER	WebSocket Scenario	END	1700809297399
REQUEST		Send Request type in Websocket	1700809297399	1700809297399	OK	 
USER	WebSocket Scenario	END	1700809297404
REQUEST		Send Request type in Websocket	1700809297413	1700809297413	OK	 
REQUEST		Send Request type in Websocket	1700809297413	1700809297413	OK	 
USER	WebSocket Scenario	END	1700809297414
USER	WebSocket Scenario	END	1700809297414
REQUEST		Send Request type in Websocket	1700809298404	1700809298404	OK	 
USER	WebSocket Scenario	END	1700809298406
REQUEST		Send Request type in Websocket	1700809298436	1700809298436	OK	 
USER	WebSocket Scenario	END	1700809298437
REQUEST		Send Request type in Websocket	1700809298452	1700809298452	OK	 
USER	WebSocket Scenario	END	1700809298454
REQUEST		Send Request type in Websocket	1700809298468	1700809298468	OK	 
REQUEST		Send Request type in Websocket	1700809298468	1700809298468	OK	 
USER	WebSocket Scenario	END	1700809298469
USER	WebSocket Scenario	END	1700809298469
REQUEST		Send Request type in Websocket	1700809298483	1700809298483	OK	 
USER	WebSocket Scenario	END	1700809298484
REQUEST		Send Request type in Websocket	1700809298498	1700809298498	OK	 
REQUEST		Send Request type in Websocket	1700809298498	1700809298498	OK	 
USER	WebSocket Scenario	END	1700809298500
USER	WebSocket Scenario	END	1700809298500
REQUEST		Send Request type in Websocket	1700809298514	1700809298514	OK	 
USER	WebSocket Scenario	END	1700809298516
REQUEST		Send Request type in Websocket	1700809298530	1700809298530	OK	 
REQUEST		Send Request type in Websocket	1700809298530	1700809298530	OK	 
USER	WebSocket Scenario	END	1700809298531
USER	WebSocket Scenario	END	1700809298531
REQUEST		Send Request type in Websocket	1700809298593	1700809298593	OK	 
REQUEST		Send Request type in Websocket	1700809298593	1700809298593	OK	 
USER	WebSocket Scenario	END	1700809298595
REQUEST		Send Request type in Websocket	1700809298594	1700809298594	OK	 
USER	WebSocket Scenario	END	1700809298595
USER	WebSocket Scenario	END	1700809298595
REQUEST		Send Request type in Websocket	1700809298595	1700809298595	OK	 
USER	WebSocket Scenario	END	1700809298596
REQUEST		Send Request type in Websocket	1700809298610	1700809298610	OK	 
REQUEST		Send Request type in Websocket	1700809298610	1700809298610	OK	 
USER	WebSocket Scenario	END	1700809298611
USER	WebSocket Scenario	END	1700809298612
REQUEST		Send Request type in Websocket	1700809298939	1700809298939	OK	 
REQUEST		Send Request type in Websocket	1700809298939	1700809298939	OK	 
USER	WebSocket Scenario	END	1700809298940
USER	WebSocket Scenario	END	1700809298940
REQUEST		Send Request type in Websocket	1700809298971	1700809298971	OK	 
REQUEST		Send Request type in Websocket	1700809298971	1700809298971	OK	 
USER	WebSocket Scenario	END	1700809298972
USER	WebSocket Scenario	END	1700809298972
REQUEST		Send Request type in Websocket	1700809298987	1700809298987	OK	 
USER	WebSocket Scenario	END	1700809298988
REQUEST		Send Request type in Websocket	1700809299003	1700809299003	OK	 
REQUEST		Send Request type in Websocket	1700809299003	1700809299003	OK	 
REQUEST		Send Request type in Websocket	1700809299003	1700809299003	OK	 
USER	WebSocket Scenario	END	1700809299004
USER	WebSocket Scenario	END	1700809299004
USER	WebSocket Scenario	END	1700809299004
REQUEST		Send Request type in Websocket	1700809299019	1700809299019	OK	 
USER	WebSocket Scenario	END	1700809299020
REQUEST		Send Request type in Websocket	1700809299035	1700809299035	OK	 
REQUEST		Send Request type in Websocket	1700809299035	1700809299035	OK	 
USER	WebSocket Scenario	END	1700809299036
USER	WebSocket Scenario	END	1700809299036
REQUEST		Send Request type in Websocket	1700809299051	1700809299051	OK	 
USER	WebSocket Scenario	END	1700809299051
