RUN	computerdatabase.ComputerDatabaseSimulation	computerdatabasesimulation	1700817515202	Socket Connect	3.9.5
USER	WebSocket Scenario	START	1700817516511
USER	WebSocket Scenario	START	1700817516512
USER	WebSocket Scenario	START	1700817516511
USER	WebSocket Scenario	START	1700817516512
USER	WebSocket Scenario	START	1700817516512
USER	WebSocket Scenario	START	1700817516512
USER	WebSocket Scenario	START	1700817516512
USER	WebSocket Scenario	START	1700817516512
USER	WebSocket Scenario	START	1700817516512
USER	WebSocket Scenario	START	1700817516512
USER	WebSocket Scenario	START	1700817516512
USER	WebSocket Scenario	START	1700817516512
USER	WebSocket Scenario	START	1700817516512
USER	WebSocket Scenario	START	1700817516512
USER	WebSocket Scenario	START	1700817516512
USER	WebSocket Scenario	START	1700817516512
USER	WebSocket Scenario	START	1700817516512
USER	WebSocket Scenario	START	1700817516512
USER	WebSocket Scenario	START	1700817516513
USER	WebSocket Scenario	START	1700817516513
USER	WebSocket Scenario	START	1700817516513
USER	WebSocket Scenario	START	1700817516513
USER	WebSocket Scenario	START	1700817516513
USER	WebSocket Scenario	START	1700817516511
USER	WebSocket Scenario	START	1700817516513
USER	WebSocket Scenario	START	1700817516513
USER	WebSocket Scenario	START	1700817516513
USER	WebSocket Scenario	START	1700817516513
USER	WebSocket Scenario	START	1700817516513
USER	WebSocket Scenario	START	1700817516513
USER	WebSocket Scenario	START	1700817516513
USER	WebSocket Scenario	START	1700817516513
USER	WebSocket Scenario	START	1700817516513
USER	WebSocket Scenario	START	1700817516513
USER	WebSocket Scenario	START	1700817516511
USER	WebSocket Scenario	START	1700817516511
USER	WebSocket Scenario	START	1700817516511
USER	WebSocket Scenario	START	1700817516513
USER	WebSocket Scenario	START	1700817516513
USER	WebSocket Scenario	START	1700817516513
USER	WebSocket Scenario	START	1700817516513
USER	WebSocket Scenario	START	1700817516513
USER	WebSocket Scenario	START	1700817516513
USER	WebSocket Scenario	START	1700817516513
USER	WebSocket Scenario	START	1700817516513
USER	WebSocket Scenario	START	1700817516513
USER	WebSocket Scenario	START	1700817516513
USER	WebSocket Scenario	START	1700817516513
USER	WebSocket Scenario	START	1700817516513
USER	WebSocket Scenario	START	1700817516513
USER	WebSocket Scenario	START	1700817516513
USER	WebSocket Scenario	START	1700817516513
USER	WebSocket Scenario	START	1700817516513
USER	WebSocket Scenario	START	1700817516513
USER	WebSocket Scenario	START	1700817516513
USER	WebSocket Scenario	START	1700817516514
USER	WebSocket Scenario	START	1700817516514
USER	WebSocket Scenario	START	1700817516514
USER	WebSocket Scenario	START	1700817516514
USER	WebSocket Scenario	START	1700817516514
REQUEST		WebSocket Connect	1700817516537	1700817516678	OK	 
REQUEST		WebSocket Connect	1700817516536	1700817516691	OK	 
REQUEST		WebSocket Connect	1700817516537	1700817516701	OK	 
REQUEST		WebSocket Connect	1700817516538	1700817516710	OK	 
REQUEST		WebSocket Connect	1700817516554	1700817516718	OK	 
REQUEST		WebSocket Connect	1700817516539	1700817516727	OK	 
REQUEST		WebSocket Connect	1700817516553	1700817516735	OK	 
REQUEST		WebSocket Connect	1700817516553	1700817516744	OK	 
REQUEST		WebSocket Connect	1700817516553	1700817516762	OK	 
REQUEST		WebSocket Connect	1700817516553	1700817516762	OK	 
REQUEST		WebSocket Connect	1700817516539	1700817517126	OK	 
REQUEST		WebSocket Connect	1700817516553	1700817518132	OK	 
REQUEST		WebSocket Connect	1700817516554	1700817518137	OK	 
REQUEST		WebSocket Connect	1700817516553	1700817519145	OK	 
REQUEST		WebSocket Connect	1700817516555	1700817519158	OK	 
REQUEST		WebSocket Connect	1700817516555	1700817519167	OK	 
REQUEST		WebSocket Connect	1700817516555	1700817519167	OK	 
REQUEST		WebSocket Connect	1700817516556	1700817520151	OK	 
REQUEST		WebSocket Connect	1700817516553	1700817520172	OK	 
REQUEST		WebSocket Connect	1700817516556	1700817520182	OK	 
REQUEST		WebSocket Connect	1700817516539	1700817520193	OK	 
REQUEST		WebSocket Connect	1700817516554	1700817520204	OK	 
REQUEST		WebSocket Connect	1700817516540	1700817520215	OK	 
REQUEST		WebSocket Connect	1700817516537	1700817520227	OK	 
REQUEST		WebSocket Connect	1700817516554	1700817520228	OK	 
REQUEST		WebSocket Connect	1700817516536	1700817521187	OK	 
REQUEST		WebSocket Connect	1700817516556	1700817521208	OK	 
REQUEST		WebSocket Connect	1700817516556	1700817521245	OK	 
REQUEST		WebSocket Connect	1700817516556	1700817521257	OK	 
REQUEST		WebSocket Connect	1700817516556	1700817521283	OK	 
REQUEST		WebSocket Connect	1700817516539	1700817521291	OK	 
REQUEST		WebSocket Connect	1700817516557	1700817521301	OK	 
REQUEST		WebSocket Connect	1700817516556	1700817521311	OK	 
REQUEST		WebSocket Connect	1700817516537	1700817521318	OK	 
REQUEST		WebSocket Connect	1700817516557	1700817521329	OK	 
REQUEST		WebSocket Connect	1700817516538	1700817521340	OK	 
REQUEST		WebSocket Connect	1700817516556	1700817521348	OK	 
REQUEST		WebSocket Connect	1700817516553	1700817521363	OK	 
REQUEST		WebSocket Connect	1700817516555	1700817521371	OK	 
REQUEST		WebSocket Connect	1700817516540	1700817521381	OK	 
REQUEST		WebSocket Connect	1700817516559	1700817521381	OK	 
REQUEST		WebSocket Connect	1700817516556	1700817522381	OK	 
REQUEST		WebSocket Connect	1700817516539	1700817522435	OK	 
REQUEST		WebSocket Connect	1700817516539	1700817522480	OK	 
REQUEST		WebSocket Connect	1700817516558	1700817522535	OK	 
REQUEST		WebSocket Connect	1700817516555	1700817522546	OK	 
REQUEST		WebSocket Connect	1700817516558	1700817522553	OK	 
REQUEST		WebSocket Connect	1700817516560	1700817522563	OK	 
REQUEST		WebSocket Connect	1700817516553	1700817522584	OK	 
REQUEST		WebSocket Connect	1700817516556	1700817522584	OK	 
REQUEST		WebSocket Connect	1700817516556	1700817522590	OK	 
REQUEST		WebSocket Connect	1700817516558	1700817522598	OK	 
REQUEST		WebSocket Connect	1700817516559	1700817522610	OK	 
REQUEST		WebSocket Connect	1700817516559	1700817522620	OK	 
REQUEST		WebSocket Connect	1700817516561	1700817522629	OK	 
REQUEST		WebSocket Connect	1700817516558	1700817522639	OK	 
REQUEST		WebSocket Connect	1700817516554	1700817522657	OK	 
REQUEST		WebSocket Connect	1700817516559	1700817522661	OK	 
REQUEST		WebSocket Connect	1700817516560	1700817522679	OK	 
REQUEST		WebSocket Connect	1700817516559	1700817522679	OK	 
REQUEST		Send Request type in Websocket	1700817526703	1700817526703	OK	 
REQUEST		Send Request type in Websocket	1700817526703	1700817526703	OK	 
REQUEST		Send Request type in Websocket	1700817526713	1700817526713	OK	 
REQUEST		Send Request type in Websocket	1700817526713	1700817526713	OK	 
REQUEST		Send Request type in Websocket	1700817526729	1700817526729	OK	 
REQUEST		Send Request type in Websocket	1700817526730	1700817526730	OK	 
REQUEST		Send Request type in Websocket	1700817526739	1700817526739	OK	 
REQUEST		Send Request type in Websocket	1700817526745	1700817526745	OK	 
REQUEST		Send Request type in Websocket	1700817526763	1700817526763	OK	 
REQUEST		Send Request type in Websocket	1700817526769	1700817526769	OK	 
REQUEST		Send Request type in Websocket	1700817527136	1700817527136	OK	 
REQUEST		Send Request type in Websocket	1700817528137	1700817528137	OK	 
REQUEST		Send Request type in Websocket	1700817528152	1700817528152	OK	 
REQUEST		Send Request type in Websocket	1700817529149	1700817529149	OK	 
REQUEST		Send Request type in Websocket	1700817529165	1700817529165	OK	 
REQUEST		Send Request type in Websocket	1700817529179	1700817529179	OK	 
REQUEST		Send Request type in Websocket	1700817529180	1700817529180	OK	 
REQUEST		Send Request type in Websocket	1700817530163	1700817530163	OK	 
REQUEST		Send Request type in Websocket	1700817530178	1700817530178	OK	 
REQUEST		Send Request type in Websocket	1700817530194	1700817530194	OK	 
REQUEST		Send Request type in Websocket	1700817530194	1700817530194	OK	 
REQUEST		Send Request type in Websocket	1700817530209	1700817530209	OK	 
REQUEST		Send Request type in Websocket	1700817530224	1700817530224	OK	 
REQUEST		Send Request type in Websocket	1700817530239	1700817530239	OK	 
REQUEST		Send Request type in Websocket	1700817530239	1700817530239	OK	 
REQUEST		Send Request type in Websocket	1700817531192	1700817531192	OK	 
REQUEST		Send Request type in Websocket	1700817531223	1700817531223	OK	 
REQUEST		Send Request type in Websocket	1700817531254	1700817531254	OK	 
REQUEST		Send Request type in Websocket	1700817531269	1700817531269	OK	 
REQUEST		Send Request type in Websocket	1700817531285	1700817531285	OK	 
REQUEST		Send Request type in Websocket	1700817531300	1700817531300	OK	 
REQUEST		Send Request type in Websocket	1700817531316	1700817531316	OK	 
REQUEST		Send Request type in Websocket	1700817531316	1700817531316	OK	 
REQUEST		Send Request type in Websocket	1700817531332	1700817531332	OK	 
REQUEST		Send Request type in Websocket	1700817531332	1700817531332	OK	 
REQUEST		Send Request type in Websocket	1700817531347	1700817531347	OK	 
REQUEST		Send Request type in Websocket	1700817531363	1700817531363	OK	 
REQUEST		Send Request type in Websocket	1700817531379	1700817531379	OK	 
REQUEST		Send Request type in Websocket	1700817531379	1700817531379	OK	 
REQUEST		Send Request type in Websocket	1700817531394	1700817531394	OK	 
REQUEST		Send Request type in Websocket	1700817531394	1700817531394	OK	 
USER	WebSocket Scenario	END	1700817531725
USER	WebSocket Scenario	END	1700817531725
USER	WebSocket Scenario	END	1700817531725
USER	WebSocket Scenario	END	1700817531725
USER	WebSocket Scenario	END	1700817531737
USER	WebSocket Scenario	END	1700817531738
USER	WebSocket Scenario	END	1700817531753
USER	WebSocket Scenario	END	1700817531753
USER	WebSocket Scenario	END	1700817531769
USER	WebSocket Scenario	END	1700817531784
USER	WebSocket Scenario	END	1700817532141
REQUEST		Send Request type in Websocket	1700817532392	1700817532392	OK	 
REQUEST		Send Request type in Websocket	1700817532438	1700817532438	OK	 
REQUEST		Send Request type in Websocket	1700817532485	1700817532485	OK	 
REQUEST		Send Request type in Websocket	1700817532546	1700817532546	OK	 
REQUEST		Send Request type in Websocket	1700817532561	1700817532561	OK	 
REQUEST		Send Request type in Websocket	1700817532561	1700817532561	OK	 
REQUEST		Send Request type in Websocket	1700817532577	1700817532577	OK	 
REQUEST		Send Request type in Websocket	1700817532592	1700817532592	OK	 
REQUEST		Send Request type in Websocket	1700817532592	1700817532592	OK	 
REQUEST		Send Request type in Websocket	1700817532592	1700817532592	OK	 
REQUEST		Send Request type in Websocket	1700817532607	1700817532607	OK	 
REQUEST		Send Request type in Websocket	1700817532623	1700817532623	OK	 
REQUEST		Send Request type in Websocket	1700817532623	1700817532623	OK	 
REQUEST		Send Request type in Websocket	1700817532638	1700817532638	OK	 
REQUEST		Send Request type in Websocket	1700817532654	1700817532654	OK	 
REQUEST		Send Request type in Websocket	1700817532669	1700817532669	OK	 
REQUEST		Send Request type in Websocket	1700817532669	1700817532669	OK	 
REQUEST		Send Request type in Websocket	1700817532685	1700817532685	OK	 
REQUEST		Send Request type in Websocket	1700817532685	1700817532685	OK	 
USER	WebSocket Scenario	END	1700817533153
USER	WebSocket Scenario	END	1700817533154
USER	WebSocket Scenario	END	1700817534153
USER	WebSocket Scenario	END	1700817534169
USER	WebSocket Scenario	END	1700817534184
USER	WebSocket Scenario	END	1700817534185
USER	WebSocket Scenario	END	1700817535170
USER	WebSocket Scenario	END	1700817535186
USER	WebSocket Scenario	END	1700817535201
USER	WebSocket Scenario	END	1700817535201
USER	WebSocket Scenario	END	1700817535216
USER	WebSocket Scenario	END	1700817535232
USER	WebSocket Scenario	END	1700817535248
USER	WebSocket Scenario	END	1700817535248
USER	WebSocket Scenario	END	1700817536202
USER	WebSocket Scenario	END	1700817536233
USER	WebSocket Scenario	END	1700817536265
USER	WebSocket Scenario	END	1700817536280
USER	WebSocket Scenario	END	1700817536295
USER	WebSocket Scenario	END	1700817536311
USER	WebSocket Scenario	END	1700817536326
USER	WebSocket Scenario	END	1700817536326
USER	WebSocket Scenario	END	1700817536342
USER	WebSocket Scenario	END	1700817536342
USER	WebSocket Scenario	END	1700817536357
USER	WebSocket Scenario	END	1700817536373
USER	WebSocket Scenario	END	1700817536388
USER	WebSocket Scenario	END	1700817536388
USER	WebSocket Scenario	END	1700817536403
USER	WebSocket Scenario	END	1700817536403
USER	WebSocket Scenario	END	1700817537403
USER	WebSocket Scenario	END	1700817537450
USER	WebSocket Scenario	END	1700817537498
USER	WebSocket Scenario	END	1700817537560
USER	WebSocket Scenario	END	1700817537577
USER	WebSocket Scenario	END	1700817537577
USER	WebSocket Scenario	END	1700817537592
USER	WebSocket Scenario	END	1700817537608
USER	WebSocket Scenario	END	1700817537608
USER	WebSocket Scenario	END	1700817537608
USER	WebSocket Scenario	END	1700817537624
USER	WebSocket Scenario	END	1700817537624
USER	WebSocket Scenario	END	1700817537639
USER	WebSocket Scenario	END	1700817537654
USER	WebSocket Scenario	END	1700817537669
USER	WebSocket Scenario	END	1700817537685
USER	WebSocket Scenario	END	1700817537685
USER	WebSocket Scenario	END	1700817537701
USER	WebSocket Scenario	END	1700817537701
