RUN	computerdatabase.ComputerDatabaseSimulation	computerdatabasesimulation	1700815341000	Socket connect	3.9.5
USER	WebSocket Scenario	START	1700815342791
USER	WebSocket Scenario	START	1700815342791
USER	WebSocket Scenario	START	1700815342792
USER	WebSocket Scenario	START	1700815342792
USER	WebSocket Scenario	START	1700815342792
USER	WebSocket Scenario	START	1700815342792
USER	WebSocket Scenario	START	1700815342792
USER	WebSocket Scenario	START	1700815342792
USER	WebSocket Scenario	START	1700815342792
USER	WebSocket Scenario	START	1700815342792
USER	WebSocket Scenario	START	1700815342792
USER	WebSocket Scenario	START	1700815342791
USER	WebSocket Scenario	START	1700815342793
USER	WebSocket Scenario	START	1700815342793
USER	WebSocket Scenario	START	1700815342793
USER	WebSocket Scenario	START	1700815342793
USER	WebSocket Scenario	START	1700815342793
USER	WebSocket Scenario	START	1700815342793
USER	WebSocket Scenario	START	1700815342793
USER	WebSocket Scenario	START	1700815342793
USER	WebSocket Scenario	START	1700815342793
USER	WebSocket Scenario	START	1700815342793
USER	WebSocket Scenario	START	1700815342793
USER	WebSocket Scenario	START	1700815342794
USER	WebSocket Scenario	START	1700815342794
USER	WebSocket Scenario	START	1700815342794
USER	WebSocket Scenario	START	1700815342794
USER	WebSocket Scenario	START	1700815342794
USER	WebSocket Scenario	START	1700815342794
USER	WebSocket Scenario	START	1700815342795
USER	WebSocket Scenario	START	1700815342795
USER	WebSocket Scenario	START	1700815342795
USER	WebSocket Scenario	START	1700815342795
USER	WebSocket Scenario	START	1700815342796
USER	WebSocket Scenario	START	1700815342796
USER	WebSocket Scenario	START	1700815342798
USER	WebSocket Scenario	START	1700815342802
USER	WebSocket Scenario	START	1700815342802
USER	WebSocket Scenario	START	1700815342802
USER	WebSocket Scenario	START	1700815342881
REQUEST		WebSocket Connect	1700815342884	1700815343041	OK	 
REQUEST		WebSocket Connect	1700815342885	1700815343051	OK	 
REQUEST		WebSocket Connect	1700815342881	1700815343051	OK	 
REQUEST		WebSocket Connect	1700815342851	1700815343059	OK	 
REQUEST		WebSocket Connect	1700815342856	1700815343068	OK	 
REQUEST		WebSocket Connect	1700815342851	1700815343077	OK	 
REQUEST		WebSocket Connect	1700815342864	1700815343087	OK	 
REQUEST		WebSocket Connect	1700815342881	1700815343097	OK	 
REQUEST		WebSocket Connect	1700815342863	1700815343106	OK	 
REQUEST		WebSocket Connect	1700815342851	1700815343106	OK	 
REQUEST		WebSocket Connect	1700815342881	1700815343184	OK	 
REQUEST		WebSocket Connect	1700815342885	1700815344226	OK	 
REQUEST		WebSocket Connect	1700815342884	1700815344237	OK	 
REQUEST		WebSocket Connect	1700815342862	1700815345198	OK	 
REQUEST		WebSocket Connect	1700815342888	1700815345209	OK	 
REQUEST		WebSocket Connect	1700815342864	1700815345241	OK	 
REQUEST		WebSocket Connect	1700815342861	1700815345248	OK	 
REQUEST		WebSocket Connect	1700815342889	1700815346309	OK	 
REQUEST		WebSocket Connect	1700815342884	1700815346321	OK	 
REQUEST		WebSocket Connect	1700815342885	1700815346321	OK	 
REQUEST		WebSocket Connect	1700815342860	1700815346321	OK	 
REQUEST		WebSocket Connect	1700815342887	1700815346332	OK	 
REQUEST		WebSocket Connect	1700815342881	1700815346340	OK	 
REQUEST		WebSocket Connect	1700815342887	1700815346571	OK	 
REQUEST		WebSocket Connect	1700815342890	1700815346687	OK	 
REQUEST		WebSocket Connect	1700815342886	1700815347301	OK	 
REQUEST		WebSocket Connect	1700815342860	1700815347318	OK	 
REQUEST		WebSocket Connect	1700815342884	1700815347330	OK	 
REQUEST		WebSocket Connect	1700815342856	1700815347344	OK	 
REQUEST		WebSocket Connect	1700815342886	1700815347352	OK	 
REQUEST		WebSocket Connect	1700815342856	1700815347361	OK	 
REQUEST		WebSocket Connect	1700815342856	1700815347372	OK	 
REQUEST		WebSocket Connect	1700815342887	1700815347383	OK	 
REQUEST		WebSocket Connect	1700815342891	1700815347395	OK	 
REQUEST		WebSocket Connect	1700815342888	1700815347406	OK	 
REQUEST		WebSocket Connect	1700815342860	1700815347426	OK	 
REQUEST		WebSocket Connect	1700815342851	1700815347437	OK	 
REQUEST		WebSocket Connect	1700815342889	1700815347438	OK	 
REQUEST		WebSocket Connect	1700815342892	1700815347447	OK	 
REQUEST		WebSocket Connect	1700815342889	1700815347818	OK	 
REQUEST		Send Request type in Websocket	1700815353063	1700815353063	OK	 
REQUEST		Send Request type in Websocket	1700815353064	1700815353064	OK	 
REQUEST		Send Request type in Websocket	1700815353063	1700815353063	OK	 
REQUEST		Send Request type in Websocket	1700815353074	1700815353074	OK	 
REQUEST		Send Request type in Websocket	1700815353074	1700815353074	OK	 
REQUEST		Send Request type in Websocket	1700815353089	1700815353089	OK	 
REQUEST		Send Request type in Websocket	1700815353089	1700815353089	OK	 
REQUEST		Send Request type in Websocket	1700815353105	1700815353105	OK	 
REQUEST		Send Request type in Websocket	1700815353120	1700815353120	OK	 
REQUEST		Send Request type in Websocket	1700815353120	1700815353120	OK	 
REQUEST		Send Request type in Websocket	1700815353197	1700815353197	OK	 
REQUEST		Send Request type in Websocket	1700815354235	1700815354235	OK	 
REQUEST		Send Request type in Websocket	1700815354251	1700815354251	OK	 
REQUEST		Send Request type in Websocket	1700815355205	1700815355205	OK	 
REQUEST		Send Request type in Websocket	1700815355221	1700815355221	OK	 
REQUEST		Send Request type in Websocket	1700815355252	1700815355252	OK	 
REQUEST		Send Request type in Websocket	1700815355252	1700815355252	OK	 
REQUEST		Send Request type in Websocket	1700815356314	1700815356314	OK	 
REQUEST		Send Request type in Websocket	1700815356330	1700815356330	OK	 
REQUEST		Send Request type in Websocket	1700815356330	1700815356330	OK	 
REQUEST		Send Request type in Websocket	1700815356330	1700815356330	OK	 
REQUEST		Send Request type in Websocket	1700815356346	1700815356346	OK	 
REQUEST		Send Request type in Websocket	1700815356346	1700815356346	OK	 
REQUEST		Send Request type in Websocket	1700815356579	1700815356579	OK	 
REQUEST		Send Request type in Websocket	1700815356689	1700815356689	OK	 
REQUEST		Send Request type in Websocket	1700815357316	1700815357316	OK	 
REQUEST		Send Request type in Websocket	1700815357331	1700815357331	OK	 
REQUEST		Send Request type in Websocket	1700815357331	1700815357331	OK	 
REQUEST		Send Request type in Websocket	1700815357346	1700815357346	OK	 
REQUEST		Send Request type in Websocket	1700815357362	1700815357362	OK	 
REQUEST		Send Request type in Websocket	1700815357363	1700815357363	OK	 
REQUEST		Send Request type in Websocket	1700815357378	1700815357378	OK	 
REQUEST		Send Request type in Websocket	1700815357393	1700815357393	OK	 
REQUEST		Send Request type in Websocket	1700815357408	1700815357408	OK	 
REQUEST		Send Request type in Websocket	1700815357408	1700815357408	OK	 
REQUEST		Send Request type in Websocket	1700815357440	1700815357440	OK	 
REQUEST		Send Request type in Websocket	1700815357440	1700815357440	OK	 
REQUEST		Send Request type in Websocket	1700815357441	1700815357441	OK	 
REQUEST		Send Request type in Websocket	1700815357451	1700815357451	OK	 
REQUEST		Send Request type in Websocket	1700815357833	1700815357833	OK	 
USER	WebSocket Scenario	END	1700815358085
USER	WebSocket Scenario	END	1700815358085
USER	WebSocket Scenario	END	1700815358085
USER	WebSocket Scenario	END	1700815358085
USER	WebSocket Scenario	END	1700815358085
USER	WebSocket Scenario	END	1700815358097
USER	WebSocket Scenario	END	1700815358097
USER	WebSocket Scenario	END	1700815358112
USER	WebSocket Scenario	END	1700815358128
USER	WebSocket Scenario	END	1700815358129
USER	WebSocket Scenario	END	1700815358201
USER	WebSocket Scenario	END	1700815359237
USER	WebSocket Scenario	END	1700815359269
USER	WebSocket Scenario	END	1700815360209
USER	WebSocket Scenario	END	1700815360240
USER	WebSocket Scenario	END	1700815360256
USER	WebSocket Scenario	END	1700815360256
USER	WebSocket Scenario	END	1700815361316
USER	WebSocket Scenario	END	1700815361347
USER	WebSocket Scenario	END	1700815361347
USER	WebSocket Scenario	END	1700815361347
USER	WebSocket Scenario	END	1700815361347
USER	WebSocket Scenario	END	1700815361362
USER	WebSocket Scenario	END	1700815361581
USER	WebSocket Scenario	END	1700815361706
USER	WebSocket Scenario	END	1700815362319
USER	WebSocket Scenario	END	1700815362334
USER	WebSocket Scenario	END	1700815362335
USER	WebSocket Scenario	END	1700815362350
USER	WebSocket Scenario	END	1700815362366
USER	WebSocket Scenario	END	1700815362366
USER	WebSocket Scenario	END	1700815362382
USER	WebSocket Scenario	END	1700815362398
USER	WebSocket Scenario	END	1700815362414
USER	WebSocket Scenario	END	1700815362414
USER	WebSocket Scenario	END	1700815362445
USER	WebSocket Scenario	END	1700815362445
USER	WebSocket Scenario	END	1700815362445
USER	WebSocket Scenario	END	1700815362461
USER	WebSocket Scenario	END	1700815362846
