RUN	computerdatabase.ComputerDatabaseSimulation	computerdatabasesimulation	1700813825217	Socket connect	3.9.5
USER	WebSocket Scenario	START	1700813826935
USER	WebSocket Scenario	START	1700813826937
USER	WebSocket Scenario	START	1700813826935
USER	WebSocket Scenario	START	1700813826936
USER	WebSocket Scenario	START	1700813826937
USER	WebSocket Scenario	START	1700813826937
USER	WebSocket Scenario	START	1700813826937
USER	WebSocket Scenario	START	1700813826935
USER	WebSocket Scenario	START	1700813826935
USER	WebSocket Scenario	START	1700813826937
REQUEST		WebSocket Connect	1700813826986	1700813827211	OK	 
REQUEST		WebSocket Connect	1700813826986	1700813827211	OK	 
REQUEST		WebSocket Connect	1700813826986	1700813827210	OK	 
REQUEST		WebSocket Connect	1700813826987	1700813827215	OK	 
REQUEST		WebSocket Connect	1700813826987	1700813827211	OK	 
REQUEST		WebSocket Connect	1700813826986	1700813827222	OK	 
REQUEST		WebSocket Connect	1700813826986	1700813827228	OK	 
REQUEST		WebSocket Connect	1700813826987	1700813827240	OK	 
REQUEST		WebSocket Connect	1700813826986	1700813827256	OK	 
REQUEST		WebSocket Connect	1700813826987	1700813827256	OK	 
REQUEST		Send Request type in Websocket	1700813835242	1700813835242	OK	 
REQUEST		Send Request type in Websocket	1700813835242	1700813835242	OK	 
REQUEST		Send Request type in Websocket	1700813835242	1700813835242	OK	 
REQUEST		Send Request type in Websocket	1700813835242	1700813835242	OK	 
REQUEST		Send Request type in Websocket	1700813835242	1700813835242	OK	 
REQUEST		Send Request type in Websocket	1700813835244	1700813835244	OK	 
REQUEST		Send Request type in Websocket	1700813835242	1700813835242	OK	 
REQUEST		Send Request type in Websocket	1700813835253	1700813835253	OK	 
REQUEST		Send Request type in Websocket	1700813835261	1700813835261	OK	 
REQUEST		Send Request type in Websocket	1700813835261	1700813835261	OK	 
USER	WebSocket Scenario	END	1700813840256
USER	WebSocket Scenario	END	1700813840256
USER	WebSocket Scenario	END	1700813840256
USER	WebSocket Scenario	END	1700813840256
USER	WebSocket Scenario	END	1700813840256
USER	WebSocket Scenario	END	1700813840256
USER	WebSocket Scenario	END	1700813840256
USER	WebSocket Scenario	END	1700813840264
USER	WebSocket Scenario	END	1700813840272
USER	WebSocket Scenario	END	1700813840272
