RUN	computerdatabase.ComputerDatabaseSimulation	computerdatabasesimulation	1700814747968	Socket connection	3.9.5
USER	WebSocket Scenario	START	1700814749778
USER	WebSocket Scenario	START	1700814749778
USER	WebSocket Scenario	START	1700814749778
USER	WebSocket Scenario	START	1700814749779
USER	WebSocket Scenario	START	1700814749779
USER	WebSocket Scenario	START	1700814749778
USER	WebSocket Scenario	START	1700814749779
USER	WebSocket Scenario	START	1700814749779
USER	WebSocket Scenario	START	1700814749779
USER	WebSocket Scenario	START	1700814749779
USER	WebSocket Scenario	START	1700814749778
USER	WebSocket Scenario	START	1700814749779
USER	WebSocket Scenario	START	1700814749779
USER	WebSocket Scenario	START	1700814749780
USER	WebSocket Scenario	START	1700814749780
USER	WebSocket Scenario	START	1700814749781
USER	WebSocket Scenario	START	1700814749780
USER	WebSocket Scenario	START	1700814749782
USER	WebSocket Scenario	START	1700814749782
USER	WebSocket Scenario	START	1700814749782
REQUEST		WebSocket Connect	1700814749826	1700814749990	OK	 
REQUEST		WebSocket Connect	1700814749826	1700814750000	OK	 
REQUEST		WebSocket Connect	1700814749826	1700814750007	OK	 
REQUEST		WebSocket Connect	1700814749826	1700814750017	OK	 
REQUEST		WebSocket Connect	1700814749852	1700814750025	OK	 
REQUEST		WebSocket Connect	1700814749834	1700814750034	OK	 
REQUEST		WebSocket Connect	1700814749826	1700814750043	OK	 
REQUEST		WebSocket Connect	1700814749830	1700814750051	OK	 
REQUEST		WebSocket Connect	1700814749826	1700814750067	OK	 
REQUEST		WebSocket Connect	1700814749832	1700814750068	OK	 
REQUEST		WebSocket Connect	1700814749826	1700814750155	OK	 
REQUEST		WebSocket Connect	1700814749826	1700814751205	OK	 
REQUEST		WebSocket Connect	1700814749826	1700814751215	OK	 
REQUEST		WebSocket Connect	1700814749826	1700814752230	OK	 
REQUEST		WebSocket Connect	1700814749827	1700814752259	OK	 
REQUEST		WebSocket Connect	1700814749826	1700814752262	OK	 
REQUEST		WebSocket Connect	1700814749828	1700814752262	OK	 
REQUEST		WebSocket Connect	1700814749855	1700814753188	OK	 
REQUEST		WebSocket Connect	1700814749852	1700814753211	OK	 
REQUEST		WebSocket Connect	1700814749853	1700814753219	OK	 
REQUEST		Send Request type in Websocket	1700814760013	1700814760013	OK	 
REQUEST		Send Request type in Websocket	1700814760013	1700814760013	OK	 
REQUEST		Send Request type in Websocket	1700814760024	1700814760024	OK	 
REQUEST		Send Request type in Websocket	1700814760023	1700814760023	OK	 
REQUEST		Send Request type in Websocket	1700814760039	1700814760039	OK	 
REQUEST		Send Request type in Websocket	1700814760039	1700814760039	OK	 
REQUEST		Send Request type in Websocket	1700814760055	1700814760055	OK	 
REQUEST		Send Request type in Websocket	1700814760055	1700814760055	OK	 
REQUEST		Send Request type in Websocket	1700814760070	1700814760070	OK	 
REQUEST		Send Request type in Websocket	1700814760070	1700814760070	OK	 
REQUEST		Send Request type in Websocket	1700814760164	1700814760164	OK	 
REQUEST		Send Request type in Websocket	1700814761218	1700814761218	OK	 
REQUEST		Send Request type in Websocket	1700814761218	1700814761218	OK	 
REQUEST		Send Request type in Websocket	1700814762236	1700814762236	OK	 
REQUEST		Send Request type in Websocket	1700814762267	1700814762267	OK	 
REQUEST		Send Request type in Websocket	1700814762267	1700814762267	OK	 
REQUEST		Send Request type in Websocket	1700814762267	1700814762267	OK	 
REQUEST		Send Request type in Websocket	1700814763202	1700814763202	OK	 
REQUEST		Send Request type in Websocket	1700814763218	1700814763218	OK	 
REQUEST		Send Request type in Websocket	1700814763233	1700814763233	OK	 
USER	WebSocket Scenario	END	1700814765029
USER	WebSocket Scenario	END	1700814765029
USER	WebSocket Scenario	END	1700814765036
USER	WebSocket Scenario	END	1700814765036
USER	WebSocket Scenario	END	1700814765052
USER	WebSocket Scenario	END	1700814765052
USER	WebSocket Scenario	END	1700814765068
USER	WebSocket Scenario	END	1700814765068
USER	WebSocket Scenario	END	1700814765083
USER	WebSocket Scenario	END	1700814765084
USER	WebSocket Scenario	END	1700814765176
USER	WebSocket Scenario	END	1700814766222
USER	WebSocket Scenario	END	1700814766223
USER	WebSocket Scenario	END	1700814767254
USER	WebSocket Scenario	END	1700814767269
USER	WebSocket Scenario	END	1700814767269
USER	WebSocket Scenario	END	1700814767270
USER	WebSocket Scenario	END	1700814768205
USER	WebSocket Scenario	END	1700814768221
USER	WebSocket Scenario	END	1700814768237
