RUN	computerdatabase.ComputerDatabaseSimulation	computerdatabasesimulation	1700809893903	Socket connect	3.9.5
USER	WebSocket Scenario	START	1700809895741
USER	WebSocket Scenario	START	1700809895742
USER	WebSocket Scenario	START	1700809895741
USER	WebSocket Scenario	START	1700809895741
USER	WebSocket Scenario	START	1700809895743
USER	WebSocket Scenario	START	1700809895743
USER	WebSocket Scenario	START	1700809895743
USER	WebSocket Scenario	START	1700809895743
USER	WebSocket Scenario	START	1700809895743
USER	WebSocket Scenario	START	1700809895743
USER	WebSocket Scenario	START	1700809895743
USER	WebSocket Scenario	START	1700809895743
USER	WebSocket Scenario	START	1700809895743
USER	WebSocket Scenario	START	1700809895743
USER	WebSocket Scenario	START	1700809895743
USER	WebSocket Scenario	START	1700809895743
USER	WebSocket Scenario	START	1700809895743
USER	WebSocket Scenario	START	1700809895741
USER	WebSocket Scenario	START	1700809895744
USER	WebSocket Scenario	START	1700809895744
USER	WebSocket Scenario	START	1700809895744
USER	WebSocket Scenario	START	1700809895744
USER	WebSocket Scenario	START	1700809895744
USER	WebSocket Scenario	START	1700809895744
USER	WebSocket Scenario	START	1700809895744
USER	WebSocket Scenario	START	1700809895744
USER	WebSocket Scenario	START	1700809895744
USER	WebSocket Scenario	START	1700809895744
USER	WebSocket Scenario	START	1700809895745
USER	WebSocket Scenario	START	1700809895746
USER	WebSocket Scenario	START	1700809895747
USER	WebSocket Scenario	START	1700809895747
USER	WebSocket Scenario	START	1700809895747
USER	WebSocket Scenario	START	1700809895747
USER	WebSocket Scenario	START	1700809895747
USER	WebSocket Scenario	START	1700809895748
USER	WebSocket Scenario	START	1700809895749
USER	WebSocket Scenario	START	1700809895749
USER	WebSocket Scenario	START	1700809895749
USER	WebSocket Scenario	START	1700809895751
USER	WebSocket Scenario	START	1700809895751
USER	WebSocket Scenario	START	1700809895751
USER	WebSocket Scenario	START	1700809895751
USER	WebSocket Scenario	START	1700809895754
USER	WebSocket Scenario	START	1700809895755
USER	WebSocket Scenario	START	1700809895755
USER	WebSocket Scenario	START	1700809895751
USER	WebSocket Scenario	START	1700809895756
USER	WebSocket Scenario	START	1700809895756
USER	WebSocket Scenario	START	1700809895757
REQUEST		WebSocket Connect	1700809895826	1700809895992	OK	 
REQUEST		WebSocket Connect	1700809895804	1700809896000	OK	 
REQUEST		WebSocket Connect	1700809895826	1700809896014	OK	 
REQUEST		WebSocket Connect	1700809895800	1700809896022	OK	 
REQUEST		WebSocket Connect	1700809895795	1700809896035	OK	 
REQUEST		WebSocket Connect	1700809895794	1700809896043	OK	 
REQUEST		WebSocket Connect	1700809895835	1700809896051	OK	 
REQUEST		WebSocket Connect	1700809895831	1700809896059	OK	 
REQUEST		WebSocket Connect	1700809895802	1700809896059	OK	 
REQUEST		WebSocket Connect	1700809895829	1700809896489	OK	 
REQUEST		WebSocket Connect	1700809895829	1700809897536	OK	 
REQUEST		WebSocket Connect	1700809895830	1700809897536	OK	 
REQUEST		WebSocket Connect	1700809895824	1700809898538	OK	 
REQUEST		WebSocket Connect	1700809895794	1700809898557	OK	 
REQUEST		WebSocket Connect	1700809895802	1700809898564	OK	 
REQUEST		WebSocket Connect	1700809895824	1700809898564	OK	 
REQUEST		WebSocket Connect	1700809895826	1700809899558	OK	 
REQUEST		WebSocket Connect	1700809895824	1700809899576	OK	 
REQUEST		WebSocket Connect	1700809895829	1700809899586	OK	 
REQUEST		WebSocket Connect	1700809895830	1700809899595	OK	 
REQUEST		WebSocket Connect	1700809895824	1700809899604	OK	 
REQUEST		WebSocket Connect	1700809895802	1700809899604	OK	 
REQUEST		WebSocket Connect	1700809895794	1700809899915	OK	 
REQUEST		WebSocket Connect	1700809895802	1700809899997	OK	 
REQUEST		WebSocket Connect	1700809895831	1700809900587	OK	 
REQUEST		WebSocket Connect	1700809895829	1700809900604	OK	 
REQUEST		WebSocket Connect	1700809895826	1700809900616	OK	 
REQUEST		WebSocket Connect	1700809895800	1700809900616	OK	 
REQUEST		WebSocket Connect	1700809895827	1700809901041	OK	 
REQUEST		WebSocket Connect	1700809895824	1700809901046	OK	 
REQUEST		WebSocket Connect	1700809895826	1700809901050	OK	 
REQUEST		WebSocket Connect	1700809895836	1700809901068	OK	 
REQUEST		WebSocket Connect	1700809895799	1700809901074	OK	 
REQUEST		WebSocket Connect	1700809895834	1700809901084	OK	 
REQUEST		WebSocket Connect	1700809895794	1700809901094	OK	 
REQUEST		WebSocket Connect	1700809895836	1700809901112	OK	 
REQUEST		WebSocket Connect	1700809895833	1700809901119	OK	 
REQUEST		WebSocket Connect	1700809895832	1700809901132	OK	 
REQUEST		WebSocket Connect	1700809895833	1700809901141	OK	 
REQUEST		WebSocket Connect	1700809895794	1700809901143	OK	 
REQUEST		WebSocket Connect	1700809895830	1700809901648	OK	 
REQUEST		WebSocket Connect	1700809895837	1700809901673	OK	 
REQUEST		WebSocket Connect	1700809895833	1700809901684	OK	 
REQUEST		WebSocket Connect	1700809895797	1700809901706	OK	 
REQUEST		WebSocket Connect	1700809895794	1700809901713	OK	 
REQUEST		WebSocket Connect	1700809895836	1700809901721	OK	 
REQUEST		WebSocket Connect	1700809895838	1700809901731	OK	 
REQUEST		WebSocket Connect	1700809895838	1700809901740	OK	 
REQUEST		WebSocket Connect	1700809895834	1700809901746	OK	 
REQUEST		WebSocket Connect	1700809895833	1700809901746	OK	 
REQUEST		Send Request type in Websocket	1700809906020	1700809906020	OK	 
REQUEST		Send Request type in Websocket	1700809906020	1700809906020	OK	 
REQUEST		Send Request type in Websocket	1700809906032	1700809906032	OK	 
REQUEST		Send Request type in Websocket	1700809906031	1700809906031	OK	 
REQUEST		Send Request type in Websocket	1700809906045	1700809906045	OK	 
REQUEST		Send Request type in Websocket	1700809906045	1700809906045	OK	 
REQUEST		Send Request type in Websocket	1700809906064	1700809906064	OK	 
REQUEST		Send Request type in Websocket	1700809906064	1700809906064	OK	 
REQUEST		Send Request type in Websocket	1700809906065	1700809906065	OK	 
REQUEST		Send Request type in Websocket	1700809906504	1700809906504	OK	 
REQUEST		Send Request type in Websocket	1700809907543	1700809907543	OK	 
REQUEST		Send Request type in Websocket	1700809907543	1700809907543	OK	 
USER	WebSocket Scenario	END	1700809908050
USER	WebSocket Scenario	END	1700809908050
USER	WebSocket Scenario	END	1700809908050
USER	WebSocket Scenario	END	1700809908050
USER	WebSocket Scenario	END	1700809908051
USER	WebSocket Scenario	END	1700809908051
USER	WebSocket Scenario	END	1700809908082
USER	WebSocket Scenario	END	1700809908082
USER	WebSocket Scenario	END	1700809908082
USER	WebSocket Scenario	END	1700809908507
REQUEST		Send Request type in Websocket	1700809908553	1700809908553	OK	 
REQUEST		Send Request type in Websocket	1700809908569	1700809908569	OK	 
REQUEST		Send Request type in Websocket	1700809908569	1700809908569	OK	 
REQUEST		Send Request type in Websocket	1700809908569	1700809908569	OK	 
USER	WebSocket Scenario	END	1700809909558
USER	WebSocket Scenario	END	1700809909559
REQUEST		Send Request type in Websocket	1700809909573	1700809909573	OK	 
REQUEST		Send Request type in Websocket	1700809909589	1700809909589	OK	 
REQUEST		Send Request type in Websocket	1700809909589	1700809909589	OK	 
REQUEST		Send Request type in Websocket	1700809909605	1700809909605	OK	 
REQUEST		Send Request type in Websocket	1700809909605	1700809909605	OK	 
REQUEST		Send Request type in Websocket	1700809909605	1700809909605	OK	 
REQUEST		Send Request type in Websocket	1700809909919	1700809909919	OK	 
REQUEST		Send Request type in Websocket	1700809910013	1700809910013	OK	 
USER	WebSocket Scenario	END	1700809910561
USER	WebSocket Scenario	END	1700809910578
USER	WebSocket Scenario	END	1700809910578
USER	WebSocket Scenario	END	1700809910578
REQUEST		Send Request type in Websocket	1700809910592	1700809910592	OK	 
REQUEST		Send Request type in Websocket	1700809910609	1700809910609	OK	 
REQUEST		Send Request type in Websocket	1700809910625	1700809910625	OK	 
REQUEST		Send Request type in Websocket	1700809910624	1700809910624	OK	 
REQUEST		Send Request type in Websocket	1700809911049	1700809911049	OK	 
REQUEST		Send Request type in Websocket	1700809911049	1700809911049	OK	 
REQUEST		Send Request type in Websocket	1700809911051	1700809911051	OK	 
REQUEST		Send Request type in Websocket	1700809911080	1700809911080	OK	 
REQUEST		Send Request type in Websocket	1700809911080	1700809911080	OK	 
REQUEST		Send Request type in Websocket	1700809911095	1700809911095	OK	 
REQUEST		Send Request type in Websocket	1700809911095	1700809911095	OK	 
REQUEST		Send Request type in Websocket	1700809911127	1700809911127	OK	 
REQUEST		Send Request type in Websocket	1700809911127	1700809911127	OK	 
REQUEST		Send Request type in Websocket	1700809911143	1700809911143	OK	 
REQUEST		Send Request type in Websocket	1700809911143	1700809911143	OK	 
REQUEST		Send Request type in Websocket	1700809911158	1700809911158	OK	 
USER	WebSocket Scenario	END	1700809911583
USER	WebSocket Scenario	END	1700809911599
USER	WebSocket Scenario	END	1700809911600
USER	WebSocket Scenario	END	1700809911615
USER	WebSocket Scenario	END	1700809911615
USER	WebSocket Scenario	END	1700809911616
REQUEST		Send Request type in Websocket	1700809911662	1700809911662	OK	 
REQUEST		Send Request type in Websocket	1700809911677	1700809911677	OK	 
REQUEST		Send Request type in Websocket	1700809911693	1700809911693	OK	 
REQUEST		Send Request type in Websocket	1700809911707	1700809911707	OK	 
REQUEST		Send Request type in Websocket	1700809911725	1700809911725	OK	 
REQUEST		Send Request type in Websocket	1700809911726	1700809911726	OK	 
REQUEST		Send Request type in Websocket	1700809911741	1700809911741	OK	 
REQUEST		Send Request type in Websocket	1700809911756	1700809911756	OK	 
REQUEST		Send Request type in Websocket	1700809911756	1700809911756	OK	 
REQUEST		Send Request type in Websocket	1700809911756	1700809911756	OK	 
USER	WebSocket Scenario	END	1700809911928
USER	WebSocket Scenario	END	1700809912023
USER	WebSocket Scenario	END	1700809912603
USER	WebSocket Scenario	END	1700809912619
USER	WebSocket Scenario	END	1700809912634
USER	WebSocket Scenario	END	1700809912634
USER	WebSocket Scenario	END	1700809913058
USER	WebSocket Scenario	END	1700809913058
USER	WebSocket Scenario	END	1700809913058
USER	WebSocket Scenario	END	1700809913089
USER	WebSocket Scenario	END	1700809913089
USER	WebSocket Scenario	END	1700809913105
USER	WebSocket Scenario	END	1700809913105
USER	WebSocket Scenario	END	1700809913136
USER	WebSocket Scenario	END	1700809913136
USER	WebSocket Scenario	END	1700809913152
USER	WebSocket Scenario	END	1700809913152
USER	WebSocket Scenario	END	1700809913167
USER	WebSocket Scenario	END	1700809913671
USER	WebSocket Scenario	END	1700809913687
USER	WebSocket Scenario	END	1700809913703
USER	WebSocket Scenario	END	1700809913718
USER	WebSocket Scenario	END	1700809913734
USER	WebSocket Scenario	END	1700809913734
USER	WebSocket Scenario	END	1700809913750
USER	WebSocket Scenario	END	1700809913765
USER	WebSocket Scenario	END	1700809913765
USER	WebSocket Scenario	END	1700809913765
