RUN	computerdatabase.ComputerDatabaseSimulation	computerdatabasesimulation	1701927041157	Socket connect	3.9.5
USER	WebSocket Scenario	START	1701927042193
USER	WebSocket Scenario	START	1701927042292
REQUEST		WebSocket Connect	1701927042210	1701927042361	OK	 
USER	WebSocket Scenario	START	1701927042385
REQUEST		WebSocket Connect	1701927042293	1701927042386	OK	 
USER	WebSocket Scenario	START	1701927042495
REQUEST		WebSocket Connect	1701927042386	1701927042524	OK	 
USER	WebSocket Scenario	START	1701927042589
REQUEST		WebSocket Connect	1701927042495	1701927042625	OK	 
USER	WebSocket Scenario	START	1701927042698
REQUEST		WebSocket Connect	1701927042589	1701927042730	OK	 
USER	WebSocket Scenario	START	1701927042791
REQUEST		WebSocket Connect	1701927042699	1701927042792	OK	 
USER	WebSocket Scenario	START	1701927042886
REQUEST		WebSocket Connect	1701927042792	1701927042888	OK	 
REQUEST		WebSocket Connect	1701927042886	1701927042984	OK	 
USER	WebSocket Scenario	START	1701927042993
USER	WebSocket Scenario	START	1701927043087
REQUEST		WebSocket Connect	1701927042994	1701927043103	OK	 
REQUEST		WebSocket Connect	1701927043087	1701927043178	OK	 
REQUEST		Send Request type in Websocket	1701927072380	1701927072380	OK	 
REQUEST		Send Request type in Websocket	1701927072393	1701927072393	OK	 
REQUEST		Send Request type in Websocket	1701927072534	1701927072534	OK	 
REQUEST		Send Request type in Websocket	1701927072628	1701927072628	OK	 
REQUEST		Send Request type in Websocket	1701927072736	1701927072736	OK	 
REQUEST		Send Request type in Websocket	1701927072798	1701927072798	OK	 
REQUEST		Send Request type in Websocket	1701927072890	1701927072890	OK	 
REQUEST		Send Request type in Websocket	1701927072997	1701927072997	OK	 
REQUEST		Send Request type in Websocket	1701927073108	1701927073108	OK	 
REQUEST		Send Request type in Websocket	1701927073187	1701927073187	OK	 
USER	WebSocket Scenario	END	1701927077389
USER	WebSocket Scenario	END	1701927077401
USER	WebSocket Scenario	END	1701927077544
USER	WebSocket Scenario	END	1701927077638
USER	WebSocket Scenario	END	1701927077747
USER	WebSocket Scenario	END	1701927077810
USER	WebSocket Scenario	END	1701927077905
USER	WebSocket Scenario	END	1701927078000
USER	WebSocket Scenario	END	1701927078111
USER	WebSocket Scenario	END	1701927078190
