RUN	computerdatabase.ComputerDatabaseSimulation	computerdatabasesimulation	1700743520982	Socket connect	3.9.5
USER	WebSocket Scenario	START	1700743522930
USER	WebSocket Scenario	START	1700743522930
USER	WebSocket Scenario	START	1700743522930
USER	WebSocket Scenario	START	1700743522931
USER	WebSocket Scenario	START	1700743522931
USER	WebSocket Scenario	START	1700743522931
USER	WebSocket Scenario	START	1700743522931
USER	WebSocket Scenario	START	1700743522932
USER	WebSocket Scenario	START	1700743522932
USER	WebSocket Scenario	START	1700743522932
USER	WebSocket Scenario	START	1700743522932
USER	WebSocket Scenario	START	1700743522930
USER	WebSocket Scenario	START	1700743522932
USER	WebSocket Scenario	START	1700743522932
USER	WebSocket Scenario	START	1700743522932
USER	WebSocket Scenario	START	1700743522932
USER	WebSocket Scenario	START	1700743522933
USER	WebSocket Scenario	START	1700743522933
USER	WebSocket Scenario	START	1700743522933
USER	WebSocket Scenario	START	1700743522933
USER	WebSocket Scenario	START	1700743522933
USER	WebSocket Scenario	START	1700743522930
USER	WebSocket Scenario	START	1700743522933
USER	WebSocket Scenario	START	1700743522933
USER	WebSocket Scenario	START	1700743522933
USER	WebSocket Scenario	START	1700743522933
USER	WebSocket Scenario	START	1700743522934
USER	WebSocket Scenario	START	1700743522934
USER	WebSocket Scenario	START	1700743522934
USER	WebSocket Scenario	START	1700743522934
USER	WebSocket Scenario	START	1700743522934
USER	WebSocket Scenario	START	1700743522934
USER	WebSocket Scenario	START	1700743522934
USER	WebSocket Scenario	START	1700743522935
USER	WebSocket Scenario	START	1700743522935
USER	WebSocket Scenario	START	1700743522934
USER	WebSocket Scenario	START	1700743522934
USER	WebSocket Scenario	START	1700743522936
USER	WebSocket Scenario	START	1700743522936
USER	WebSocket Scenario	START	1700743522936
USER	WebSocket Scenario	START	1700743522937
USER	WebSocket Scenario	START	1700743522937
USER	WebSocket Scenario	START	1700743522938
USER	WebSocket Scenario	START	1700743522938
USER	WebSocket Scenario	START	1700743522941
USER	WebSocket Scenario	START	1700743522941
USER	WebSocket Scenario	START	1700743522944
USER	WebSocket Scenario	START	1700743522945
USER	WebSocket Scenario	START	1700743522945
USER	WebSocket Scenario	START	1700743522946
REQUEST		WebSocket Connect	1700743522989	1700743523272	OK	 
REQUEST		WebSocket Connect	1700743523033	1700743523272	OK	 
REQUEST		WebSocket Connect	1700743522990	1700743523292	OK	 
REQUEST		WebSocket Connect	1700743522990	1700743523299	OK	 
REQUEST		WebSocket Connect	1700743522989	1700743523315	OK	 
REQUEST		WebSocket Connect	1700743522990	1700743523321	OK	 
REQUEST		WebSocket Connect	1700743523028	1700743523321	OK	 
REQUEST		WebSocket Connect	1700743523026	1700743523329	OK	 
REQUEST		WebSocket Connect	1700743523026	1700743523340	OK	 
REQUEST		WebSocket Connect	1700743523028	1700743523342	OK	 
REQUEST		WebSocket Connect	1700743523026	1700743523796	OK	 
REQUEST		WebSocket Connect	1700743523028	1700743524727	OK	 
REQUEST		WebSocket Connect	1700743522990	1700743524727	OK	 
REQUEST		WebSocket Connect	1700743523033	1700743525786	OK	 
REQUEST		WebSocket Connect	1700743523032	1700743525803	OK	 
REQUEST		WebSocket Connect	1700743523034	1700743525803	OK	 
REQUEST		WebSocket Connect	1700743523035	1700743525809	OK	 
REQUEST		WebSocket Connect	1700743522989	1700743525886	OK	 
REQUEST		WebSocket Connect	1700743523032	1700743526791	OK	 
REQUEST		WebSocket Connect	1700743523039	1700743526798	OK	 
REQUEST		WebSocket Connect	1700743522990	1700743526807	OK	 
REQUEST		WebSocket Connect	1700743522989	1700743526807	OK	 
REQUEST		WebSocket Connect	1700743523031	1700743526822	OK	 
REQUEST		WebSocket Connect	1700743522990	1700743526822	OK	 
REQUEST		WebSocket Connect	1700743523039	1700743527545	OK	 
REQUEST		WebSocket Connect	1700743522990	1700743527585	OK	 
REQUEST		WebSocket Connect	1700743523040	1700743527760	OK	 
REQUEST		WebSocket Connect	1700743523040	1700743527773	OK	 
REQUEST		WebSocket Connect	1700743522989	1700743527784	OK	 
REQUEST		WebSocket Connect	1700743523040	1700743527809	OK	 
REQUEST		WebSocket Connect	1700743523036	1700743527809	OK	 
REQUEST		WebSocket Connect	1700743523031	1700743527809	OK	 
REQUEST		WebSocket Connect	1700743523033	1700743527813	OK	 
REQUEST		WebSocket Connect	1700743522990	1700743527838	OK	 
REQUEST		WebSocket Connect	1700743523037	1700743527838	OK	 
REQUEST		WebSocket Connect	1700743523042	1700743527859	OK	 
REQUEST		WebSocket Connect	1700743522989	1700743527860	OK	 
REQUEST		WebSocket Connect	1700743523040	1700743527861	OK	 
REQUEST		WebSocket Connect	1700743523043	1700743527872	OK	 
REQUEST		WebSocket Connect	1700743523026	1700743527889	OK	 
REQUEST		WebSocket Connect	1700743522989	1700743527889	OK	 
REQUEST		WebSocket Connect	1700743522989	1700743527901	OK	 
REQUEST		WebSocket Connect	1700743523036	1700743528748	OK	 
REQUEST		WebSocket Connect	1700743523033	1700743528770	OK	 
REQUEST		WebSocket Connect	1700743523037	1700743528770	OK	 
REQUEST		WebSocket Connect	1700743523037	1700743528797	OK	 
REQUEST		WebSocket Connect	1700743523042	1700743528797	OK	 
REQUEST		WebSocket Connect	1700743523028	1700743528802	OK	 
REQUEST		WebSocket Connect	1700743523035	1700743528810	OK	 
REQUEST		WebSocket Connect	1700743523036	1700743528816	OK	 
REQUEST		Send WebSocket Request	1700744523301	1700744523301	OK	 
REQUEST		Send WebSocket Request	1700744523301	1700744523301	OK	 
REQUEST		Send WebSocket Request	1700744523301	1700744523301	OK	 
USER	WebSocket Scenario	END	1700744523306
USER	WebSocket Scenario	END	1700744523306
USER	WebSocket Scenario	END	1700744523306
REQUEST		Send WebSocket Request	1700744523309	1700744523309	OK	 
USER	WebSocket Scenario	END	1700744523310
REQUEST		Send WebSocket Request	1700744523325	1700744523325	OK	 
REQUEST		Send WebSocket Request	1700744523325	1700744523325	OK	 
REQUEST		Send WebSocket Request	1700744523325	1700744523325	OK	 
USER	WebSocket Scenario	END	1700744523325
USER	WebSocket Scenario	END	1700744523325
USER	WebSocket Scenario	END	1700744523325
REQUEST		Send WebSocket Request	1700744523340	1700744523340	OK	 
USER	WebSocket Scenario	END	1700744523341
REQUEST		Send WebSocket Request	1700744523357	1700744523357	OK	 
USER	WebSocket Scenario	END	1700744523357
REQUEST		Send WebSocket Request	1700744523357	1700744523357	OK	 
USER	WebSocket Scenario	END	1700744523358
REQUEST		Send WebSocket Request	1700744523808	1700744523808	OK	 
USER	WebSocket Scenario	END	1700744523808
REQUEST		Send WebSocket Request	1700744524729	1700744524729	OK	 
REQUEST		Send WebSocket Request	1700744524729	1700744524729	OK	 
USER	WebSocket Scenario	END	1700744524729
USER	WebSocket Scenario	END	1700744524729
REQUEST		Send WebSocket Request	1700744525793	1700744525793	KO	Client issued text frame but server has closed the WebSocket and max reconnects is reached
USER	WebSocket Scenario	END	1700744525795
REQUEST		Send WebSocket Request	1700744525806	1700744525806	OK	 
REQUEST		Send WebSocket Request	1700744525806	1700744525806	OK	 
USER	WebSocket Scenario	END	1700744525807
USER	WebSocket Scenario	END	1700744525807
REQUEST		Send WebSocket Request	1700744525821	1700744525821	OK	 
USER	WebSocket Scenario	END	1700744525822
REQUEST		Send WebSocket Request	1700744525900	1700744525900	OK	 
USER	WebSocket Scenario	END	1700744525900
REQUEST		Send WebSocket Request	1700744526798	1700744526798	OK	 
USER	WebSocket Scenario	END	1700744526799
REQUEST		Send WebSocket Request	1700744526813	1700744526813	OK	 
REQUEST		Send WebSocket Request	1700744526813	1700744526813	OK	 
REQUEST		Send WebSocket Request	1700744526813	1700744526813	OK	 
USER	WebSocket Scenario	END	1700744526814
USER	WebSocket Scenario	END	1700744526814
USER	WebSocket Scenario	END	1700744526814
REQUEST		Send WebSocket Request	1700744526829	1700744526829	OK	 
REQUEST		Send WebSocket Request	1700744526829	1700744526829	OK	 
USER	WebSocket Scenario	END	1700744526829
USER	WebSocket Scenario	END	1700744526829
REQUEST		Send WebSocket Request	1700744527549	1700744527549	OK	 
USER	WebSocket Scenario	END	1700744527549
REQUEST		Send WebSocket Request	1700744527595	1700744527595	OK	 
USER	WebSocket Scenario	END	1700744527596
REQUEST		Send WebSocket Request	1700744527767	1700744527767	OK	 
USER	WebSocket Scenario	END	1700744527768
REQUEST		Send WebSocket Request	1700744527783	1700744527783	OK	 
USER	WebSocket Scenario	END	1700744527784
REQUEST		Send WebSocket Request	1700744527797	1700744527797	OK	 
USER	WebSocket Scenario	END	1700744527798
REQUEST		Send WebSocket Request	1700744527813	1700744527813	OK	 
REQUEST		Send WebSocket Request	1700744527813	1700744527813	OK	 
REQUEST		Send WebSocket Request	1700744527813	1700744527813	OK	 
REQUEST		Send WebSocket Request	1700744527813	1700744527813	OK	 
USER	WebSocket Scenario	END	1700744527814
USER	WebSocket Scenario	END	1700744527814
USER	WebSocket Scenario	END	1700744527814
USER	WebSocket Scenario	END	1700744527814
REQUEST		Send WebSocket Request	1700744527844	1700744527844	OK	 
REQUEST		Send WebSocket Request	1700744527844	1700744527844	OK	 
USER	WebSocket Scenario	END	1700744527844
USER	WebSocket Scenario	END	1700744527845
REQUEST		Send WebSocket Request	1700744527874	1700744527874	OK	 
REQUEST		Send WebSocket Request	1700744527874	1700744527874	OK	 
USER	WebSocket Scenario	END	1700744527875
USER	WebSocket Scenario	END	1700744527875
REQUEST		Send WebSocket Request	1700744527875	1700744527875	OK	 
REQUEST		Send WebSocket Request	1700744527875	1700744527875	OK	 
USER	WebSocket Scenario	END	1700744527876
USER	WebSocket Scenario	END	1700744527876
REQUEST		Send WebSocket Request	1700744527906	1700744527906	OK	 
REQUEST		Send WebSocket Request	1700744527906	1700744527906	OK	 
REQUEST		Send WebSocket Request	1700744527906	1700744527906	OK	 
USER	WebSocket Scenario	END	1700744527906
USER	WebSocket Scenario	END	1700744527906
USER	WebSocket Scenario	END	1700744527906
REQUEST		Send WebSocket Request	1700744528764	1700744528764	OK	 
USER	WebSocket Scenario	END	1700744528765
REQUEST		Send WebSocket Request	1700744528780	1700744528780	OK	 
REQUEST		Send WebSocket Request	1700744528780	1700744528780	OK	 
USER	WebSocket Scenario	END	1700744528781
USER	WebSocket Scenario	END	1700744528781
REQUEST		Send WebSocket Request	1700744528812	1700744528812	OK	 
REQUEST		Send WebSocket Request	1700744528812	1700744528812	OK	 
REQUEST		Send WebSocket Request	1700744528812	1700744528812	OK	 
USER	WebSocket Scenario	END	1700744528812
USER	WebSocket Scenario	END	1700744528812
USER	WebSocket Scenario	END	1700744528812
REQUEST		Send WebSocket Request	1700744528827	1700744528827	OK	 
REQUEST		Send WebSocket Request	1700744528827	1700744528827	OK	 
USER	WebSocket Scenario	END	1700744528827
USER	WebSocket Scenario	END	1700744528827
