RUN	computerdatabase.ComputerDatabaseSimulation	computerdatabasesimulation	1700822237400	Socket connection	3.9.5
USER	WebSocket Scenario	START	1700822238609
USER	WebSocket Scenario	START	1700822238608
USER	WebSocket Scenario	START	1700822238609
USER	WebSocket Scenario	START	1700822238609
USER	WebSocket Scenario	START	1700822238609
USER	WebSocket Scenario	START	1700822238609
USER	WebSocket Scenario	START	1700822238609
USER	WebSocket Scenario	START	1700822238609
USER	WebSocket Scenario	START	1700822238609
USER	WebSocket Scenario	START	1700822238609
USER	WebSocket Scenario	START	1700822238609
USER	WebSocket Scenario	START	1700822238609
USER	WebSocket Scenario	START	1700822238609
USER	WebSocket Scenario	START	1700822238609
USER	WebSocket Scenario	START	1700822238609
USER	WebSocket Scenario	START	1700822238609
USER	WebSocket Scenario	START	1700822238609
USER	WebSocket Scenario	START	1700822238609
USER	WebSocket Scenario	START	1700822238609
USER	WebSocket Scenario	START	1700822238609
USER	WebSocket Scenario	START	1700822238609
USER	WebSocket Scenario	START	1700822238609
USER	WebSocket Scenario	START	1700822238609
USER	WebSocket Scenario	START	1700822238609
USER	WebSocket Scenario	START	1700822238609
USER	WebSocket Scenario	START	1700822238609
USER	WebSocket Scenario	START	1700822238609
USER	WebSocket Scenario	START	1700822238609
USER	WebSocket Scenario	START	1700822238609
USER	WebSocket Scenario	START	1700822238609
USER	WebSocket Scenario	START	1700822238609
USER	WebSocket Scenario	START	1700822238609
USER	WebSocket Scenario	START	1700822238609
USER	WebSocket Scenario	START	1700822238609
USER	WebSocket Scenario	START	1700822238609
USER	WebSocket Scenario	START	1700822238609
USER	WebSocket Scenario	START	1700822238609
USER	WebSocket Scenario	START	1700822238609
USER	WebSocket Scenario	START	1700822238609
USER	WebSocket Scenario	START	1700822238609
USER	WebSocket Scenario	START	1700822238610
USER	WebSocket Scenario	START	1700822238610
USER	WebSocket Scenario	START	1700822238610
USER	WebSocket Scenario	START	1700822238610
USER	WebSocket Scenario	START	1700822238610
USER	WebSocket Scenario	START	1700822238610
USER	WebSocket Scenario	START	1700822238610
USER	WebSocket Scenario	START	1700822238610
USER	WebSocket Scenario	START	1700822238610
USER	WebSocket Scenario	START	1700822238610
USER	WebSocket Scenario	START	1700822238610
USER	WebSocket Scenario	START	1700822238610
USER	WebSocket Scenario	START	1700822238609
USER	WebSocket Scenario	START	1700822238610
USER	WebSocket Scenario	START	1700822238610
USER	WebSocket Scenario	START	1700822238610
USER	WebSocket Scenario	START	1700822238608
USER	WebSocket Scenario	START	1700822238610
USER	WebSocket Scenario	START	1700822238610
USER	WebSocket Scenario	START	1700822238610
USER	WebSocket Scenario	START	1700822238610
USER	WebSocket Scenario	START	1700822238610
USER	WebSocket Scenario	START	1700822238610
USER	WebSocket Scenario	START	1700822238610
USER	WebSocket Scenario	START	1700822238610
USER	WebSocket Scenario	START	1700822238610
USER	WebSocket Scenario	START	1700822238610
USER	WebSocket Scenario	START	1700822238610
USER	WebSocket Scenario	START	1700822238610
USER	WebSocket Scenario	START	1700822238610
USER	WebSocket Scenario	START	1700822238610
USER	WebSocket Scenario	START	1700822238610
USER	WebSocket Scenario	START	1700822238610
USER	WebSocket Scenario	START	1700822238610
USER	WebSocket Scenario	START	1700822238610
USER	WebSocket Scenario	START	1700822238610
USER	WebSocket Scenario	START	1700822238610
USER	WebSocket Scenario	START	1700822238610
USER	WebSocket Scenario	START	1700822238610
USER	WebSocket Scenario	START	1700822238610
USER	WebSocket Scenario	START	1700822238610
USER	WebSocket Scenario	START	1700822238610
USER	WebSocket Scenario	START	1700822238610
USER	WebSocket Scenario	START	1700822238610
USER	WebSocket Scenario	START	1700822238610
USER	WebSocket Scenario	START	1700822238610
USER	WebSocket Scenario	START	1700822238610
USER	WebSocket Scenario	START	1700822238610
USER	WebSocket Scenario	START	1700822238610
USER	WebSocket Scenario	START	1700822238610
USER	WebSocket Scenario	START	1700822238610
USER	WebSocket Scenario	START	1700822238610
USER	WebSocket Scenario	START	1700822238610
USER	WebSocket Scenario	START	1700822238610
USER	WebSocket Scenario	START	1700822238610
USER	WebSocket Scenario	START	1700822238611
USER	WebSocket Scenario	START	1700822238611
USER	WebSocket Scenario	START	1700822238611
USER	WebSocket Scenario	START	1700822238611
USER	WebSocket Scenario	START	1700822238611
USER	WebSocket Scenario	START	1700822238611
USER	WebSocket Scenario	START	1700822238611
USER	WebSocket Scenario	START	1700822238611
USER	WebSocket Scenario	START	1700822238611
USER	WebSocket Scenario	START	1700822238611
USER	WebSocket Scenario	START	1700822238611
USER	WebSocket Scenario	START	1700822238611
USER	WebSocket Scenario	START	1700822238611
USER	WebSocket Scenario	START	1700822238611
USER	WebSocket Scenario	START	1700822238611
USER	WebSocket Scenario	START	1700822238611
USER	WebSocket Scenario	START	1700822238611
USER	WebSocket Scenario	START	1700822238611
USER	WebSocket Scenario	START	1700822238611
USER	WebSocket Scenario	START	1700822238611
USER	WebSocket Scenario	START	1700822238611
USER	WebSocket Scenario	START	1700822238611
USER	WebSocket Scenario	START	1700822238611
USER	WebSocket Scenario	START	1700822238611
USER	WebSocket Scenario	START	1700822238611
USER	WebSocket Scenario	START	1700822238611
USER	WebSocket Scenario	START	1700822238611
USER	WebSocket Scenario	START	1700822238611
USER	WebSocket Scenario	START	1700822238611
USER	WebSocket Scenario	START	1700822238611
USER	WebSocket Scenario	START	1700822238611
USER	WebSocket Scenario	START	1700822238612
USER	WebSocket Scenario	START	1700822238612
USER	WebSocket Scenario	START	1700822238613
USER	WebSocket Scenario	START	1700822238613
USER	WebSocket Scenario	START	1700822238613
USER	WebSocket Scenario	START	1700822238613
USER	WebSocket Scenario	START	1700822238613
USER	WebSocket Scenario	START	1700822238615
USER	WebSocket Scenario	START	1700822238616
USER	WebSocket Scenario	START	1700822238616
USER	WebSocket Scenario	START	1700822238616
USER	WebSocket Scenario	START	1700822238616
USER	WebSocket Scenario	START	1700822238616
USER	WebSocket Scenario	START	1700822238619
USER	WebSocket Scenario	START	1700822238619
USER	WebSocket Scenario	START	1700822238619
USER	WebSocket Scenario	START	1700822238619
USER	WebSocket Scenario	START	1700822238619
USER	WebSocket Scenario	START	1700822238621
USER	WebSocket Scenario	START	1700822238621
USER	WebSocket Scenario	START	1700822238623
USER	WebSocket Scenario	START	1700822238623
USER	WebSocket Scenario	START	1700822238623
USER	WebSocket Scenario	START	1700822238623
USER	WebSocket Scenario	START	1700822238623
USER	WebSocket Scenario	START	1700822238623
USER	WebSocket Scenario	START	1700822238623
USER	WebSocket Scenario	START	1700822238624
USER	WebSocket Scenario	START	1700822238624
USER	WebSocket Scenario	START	1700822238624
USER	WebSocket Scenario	START	1700822238624
USER	WebSocket Scenario	START	1700822238624
USER	WebSocket Scenario	START	1700822238624
USER	WebSocket Scenario	START	1700822238625
USER	WebSocket Scenario	START	1700822238625
USER	WebSocket Scenario	START	1700822238625
USER	WebSocket Scenario	START	1700822238625
USER	WebSocket Scenario	START	1700822238625
USER	WebSocket Scenario	START	1700822238625
USER	WebSocket Scenario	START	1700822238625
USER	WebSocket Scenario	START	1700822238625
USER	WebSocket Scenario	START	1700822238625
USER	WebSocket Scenario	START	1700822238625
USER	WebSocket Scenario	START	1700822238625
REQUEST		WebSocket Connect	1700822238650	1700822238825	OK	 
REQUEST		WebSocket Connect	1700822238637	1700822238849	OK	 
REQUEST		WebSocket Connect	1700822238651	1700822238862	OK	 
REQUEST		WebSocket Connect	1700822238651	1700822238870	OK	 
REQUEST		WebSocket Connect	1700822238637	1700822238881	OK	 
REQUEST		WebSocket Connect	1700822238635	1700822238892	OK	 
REQUEST		WebSocket Connect	1700822238653	1700822238905	OK	 
REQUEST		WebSocket Connect	1700822238649	1700822238918	OK	 
REQUEST		WebSocket Connect	1700822238651	1700822238927	OK	 
REQUEST		WebSocket Connect	1700822238653	1700822238928	OK	 
REQUEST		WebSocket Connect	1700822238652	1700822238945	OK	 
REQUEST		WebSocket Connect	1700822238650	1700822239949	OK	 
REQUEST		WebSocket Connect	1700822238650	1700822239959	OK	 
REQUEST		WebSocket Connect	1700822238650	1700822241007	OK	 
REQUEST		WebSocket Connect	1700822238652	1700822241013	OK	 
REQUEST		WebSocket Connect	1700822238635	1700822241021	OK	 
REQUEST		WebSocket Connect	1700822238652	1700822241021	OK	 
REQUEST		WebSocket Connect	1700822238652	1700822241973	OK	 
REQUEST		WebSocket Connect	1700822238651	1700822241990	OK	 
REQUEST		WebSocket Connect	1700822238655	1700822241997	OK	 
REQUEST		WebSocket Connect	1700822238639	1700822242005	OK	 
REQUEST		WebSocket Connect	1700822238649	1700822242017	OK	 
REQUEST		WebSocket Connect	1700822238653	1700822242026	OK	 
REQUEST		WebSocket Connect	1700822238653	1700822242034	OK	 
REQUEST		WebSocket Connect	1700822238651	1700822242035	OK	 
REQUEST		WebSocket Connect	1700822238638	1700822243028	OK	 
REQUEST		WebSocket Connect	1700822238639	1700822243078	OK	 
REQUEST		WebSocket Connect	1700822238651	1700822243097	OK	 
REQUEST		WebSocket Connect	1700822238658	1700822243104	OK	 
REQUEST		WebSocket Connect	1700822238655	1700822243116	OK	 
REQUEST		WebSocket Connect	1700822238654	1700822243124	OK	 
REQUEST		WebSocket Connect	1700822238652	1700822243135	OK	 
REQUEST		WebSocket Connect	1700822238653	1700822243146	OK	 
REQUEST		WebSocket Connect	1700822238637	1700822243156	OK	 
REQUEST		WebSocket Connect	1700822238650	1700822243167	OK	 
REQUEST		WebSocket Connect	1700822238653	1700822243181	OK	 
REQUEST		WebSocket Connect	1700822238651	1700822243191	OK	 
REQUEST		WebSocket Connect	1700822238654	1700822243202	OK	 
REQUEST		WebSocket Connect	1700822238652	1700822243215	OK	 
REQUEST		WebSocket Connect	1700822238655	1700822243229	OK	 
REQUEST		WebSocket Connect	1700822238654	1700822243230	OK	 
REQUEST		WebSocket Connect	1700822238654	1700822244203	OK	 
REQUEST		WebSocket Connect	1700822238653	1700822244203	OK	 
REQUEST		WebSocket Connect	1700822238652	1700822244203	OK	 
REQUEST		WebSocket Connect	1700822238652	1700822244240	OK	 
REQUEST		WebSocket Connect	1700822238654	1700822244269	OK	 
REQUEST		WebSocket Connect	1700822238653	1700822244299	OK	 
REQUEST		WebSocket Connect	1700822238639	1700822244354	OK	 
REQUEST		WebSocket Connect	1700822238655	1700822244396	OK	 
REQUEST		WebSocket Connect	1700822238658	1700822244418	OK	 
REQUEST		WebSocket Connect	1700822238649	1700822244444	OK	 
REQUEST		WebSocket Connect	1700822238653	1700822244497	OK	 
REQUEST		WebSocket Connect	1700822238658	1700822244520	OK	 
REQUEST		WebSocket Connect	1700822238650	1700822244540	OK	 
REQUEST		WebSocket Connect	1700822238636	1700822244556	OK	 
REQUEST		WebSocket Connect	1700822238650	1700822244570	OK	 
REQUEST		WebSocket Connect	1700822238654	1700822244582	OK	 
REQUEST		WebSocket Connect	1700822238639	1700822244597	OK	 
REQUEST		WebSocket Connect	1700822238653	1700822244610	OK	 
REQUEST		WebSocket Connect	1700822238656	1700822244625	OK	 
REQUEST		WebSocket Connect	1700822238655	1700822244641	OK	 
REQUEST		WebSocket Connect	1700822238654	1700822244651	OK	 
REQUEST		WebSocket Connect	1700822238659	1700822244662	OK	 
REQUEST		WebSocket Connect	1700822238649	1700822244673	OK	 
REQUEST		WebSocket Connect	1700822238660	1700822244686	OK	 
REQUEST		WebSocket Connect	1700822238657	1700822244698	OK	 
REQUEST		WebSocket Connect	1700822238654	1700822244708	OK	 
REQUEST		WebSocket Connect	1700822238650	1700822244720	OK	 
REQUEST		WebSocket Connect	1700822238657	1700822244734	OK	 
REQUEST		WebSocket Connect	1700822238656	1700822244741	OK	 
REQUEST		WebSocket Connect	1700822238659	1700822244752	OK	 
REQUEST		WebSocket Connect	1700822238651	1700822244760	OK	 
REQUEST		WebSocket Connect	1700822238655	1700822244760	OK	 
REQUEST		WebSocket Connect	1700822238659	1700822245524	OK	 
REQUEST		WebSocket Connect	1700822238651	1700822245546	OK	 
REQUEST		WebSocket Connect	1700822238658	1700822245568	OK	 
REQUEST		WebSocket Connect	1700822238656	1700822245585	OK	 
REQUEST		WebSocket Connect	1700822238660	1700822245608	OK	 
REQUEST		WebSocket Connect	1700822238659	1700822245663	OK	 
REQUEST		WebSocket Connect	1700822238658	1700822245684	OK	 
REQUEST		WebSocket Connect	1700822238658	1700822245699	OK	 
REQUEST		WebSocket Connect	1700822238635	1700822245707	OK	 
REQUEST		WebSocket Connect	1700822238657	1700822245718	OK	 
REQUEST		WebSocket Connect	1700822238660	1700822245727	OK	 
REQUEST		WebSocket Connect	1700822238652	1700822245735	OK	 
REQUEST		WebSocket Connect	1700822238661	1700822245740	OK	 
REQUEST		WebSocket Connect	1700822238652	1700822245743	OK	 
REQUEST		WebSocket Connect	1700822238660	1700822245751	OK	 
REQUEST		WebSocket Connect	1700822238659	1700822245761	OK	 
REQUEST		WebSocket Connect	1700822238653	1700822245764	OK	 
REQUEST		WebSocket Connect	1700822238660	1700822245774	OK	 
REQUEST		WebSocket Connect	1700822238661	1700822245787	OK	 
REQUEST		WebSocket Connect	1700822238659	1700822245797	OK	 
REQUEST		WebSocket Connect	1700822238650	1700822245799	OK	 
REQUEST		WebSocket Connect	1700822238660	1700822245810	OK	 
REQUEST		WebSocket Connect	1700822238637	1700822245824	OK	 
REQUEST		WebSocket Connect	1700822238660	1700822245847	OK	 
REQUEST		WebSocket Connect	1700822238655	1700822245856	OK	 
REQUEST		WebSocket Connect	1700822238654	1700822245865	OK	 
REQUEST		WebSocket Connect	1700822238655	1700822245877	OK	 
REQUEST		WebSocket Connect	1700822238654	1700822245886	OK	 
REQUEST		WebSocket Connect	1700822238662	1700822245898	OK	 
REQUEST		WebSocket Connect	1700822238666	1700822245909	OK	 
REQUEST		WebSocket Connect	1700822238651	1700822245923	OK	 
REQUEST		WebSocket Connect	1700822238662	1700822245933	OK	 
REQUEST		WebSocket Connect	1700822238660	1700822245943	OK	 
REQUEST		WebSocket Connect	1700822238649	1700822245954	OK	 
REQUEST		WebSocket Connect	1700822238654	1700822245954	OK	 
REQUEST		WebSocket Connect	1700822238635	1700822246765	OK	 
REQUEST		WebSocket Connect	1700822238657	1700822246780	OK	 
REQUEST		WebSocket Connect	1700822238663	1700822246809	OK	 
REQUEST		WebSocket Connect	1700822238655	1700822246821	OK	 
REQUEST		WebSocket Connect	1700822238662	1700822246835	OK	 
REQUEST		WebSocket Connect	1700822238650	1700822246903	OK	 
REQUEST		WebSocket Connect	1700822238655	1700822246914	OK	 
REQUEST		WebSocket Connect	1700822238655	1700822246929	OK	 
REQUEST		WebSocket Connect	1700822238656	1700822246948	OK	 
REQUEST		WebSocket Connect	1700822238651	1700822246963	OK	 
REQUEST		WebSocket Connect	1700822238662	1700822246973	OK	 
REQUEST		WebSocket Connect	1700822238667	1700822246990	OK	 
REQUEST		WebSocket Connect	1700822238664	1700822247000	OK	 
REQUEST		WebSocket Connect	1700822238651	1700822247014	OK	 
REQUEST		WebSocket Connect	1700822238650	1700822247039	OK	 
REQUEST		WebSocket Connect	1700822238650	1700822247039	OK	 
REQUEST		WebSocket Connect	1700822238651	1700822247049	OK	 
REQUEST		WebSocket Connect	1700822238663	1700822247258	OK	 
REQUEST		WebSocket Connect	1700822238651	1700822247258	OK	 
REQUEST		WebSocket Connect	1700822238664	1700822247258	OK	 
REQUEST		WebSocket Connect	1700822238662	1700822247258	OK	 
REQUEST		WebSocket Connect	1700822238635	1700822247258	OK	 
REQUEST		WebSocket Connect	1700822238656	1700822247258	OK	 
REQUEST		WebSocket Connect	1700822238656	1700822247258	OK	 
REQUEST		WebSocket Connect	1700822238662	1700822247259	OK	 
REQUEST		WebSocket Connect	1700822238662	1700822247259	OK	 
REQUEST		WebSocket Connect	1700822238662	1700822247259	OK	 
REQUEST		WebSocket Connect	1700822238663	1700822247259	OK	 
REQUEST		WebSocket Connect	1700822238663	1700822247259	OK	 
REQUEST		WebSocket Connect	1700822238663	1700822247259	OK	 
REQUEST		WebSocket Connect	1700822238663	1700822247260	OK	 
REQUEST		WebSocket Connect	1700822238663	1700822247348	OK	 
REQUEST		WebSocket Connect	1700822238664	1700822247974	OK	 
REQUEST		WebSocket Connect	1700822238664	1700822247983	OK	 
REQUEST		WebSocket Connect	1700822238660	1700822247999	OK	 
REQUEST		WebSocket Connect	1700822238664	1700822248013	OK	 
REQUEST		WebSocket Connect	1700822238664	1700822248020	OK	 
REQUEST		WebSocket Connect	1700822238658	1700822248029	OK	 
REQUEST		WebSocket Connect	1700822238663	1700822248039	OK	 
REQUEST		WebSocket Connect	1700822238663	1700822248049	OK	 
REQUEST		WebSocket Connect	1700822238657	1700822248058	OK	 
REQUEST		WebSocket Connect	1700822238665	1700822248070	OK	 
REQUEST		WebSocket Connect	1700822238666	1700822248080	OK	 
REQUEST		WebSocket Connect	1700822238666	1700822248089	OK	 
REQUEST		WebSocket Connect	1700822238639	1700822248089	OK	 
REQUEST		WebSocket Connect	1700822238657	1700822248767	KO	i.n.h.s.SslHandshakeTimeoutException: handshake timed out after 10000ms
REQUEST		WebSocket Connect	1700822238658	1700822248767	KO	i.n.h.s.SslHandshakeTimeoutException: handshake timed out after 10000ms
REQUEST		WebSocket Connect	1700822238661	1700822248767	KO	i.n.h.s.SslHandshakeTimeoutException: handshake timed out after 10000ms
REQUEST		WebSocket Connect	1700822238659	1700822248788	KO	i.n.h.s.SslHandshakeTimeoutException: handshake timed out after 10000ms
REQUEST		WebSocket Connect	1700822238661	1700822248788	KO	i.n.h.s.SslHandshakeTimeoutException: handshake timed out after 10000ms
REQUEST		WebSocket Connect	1700822238661	1700822248788	KO	i.n.h.s.SslHandshakeTimeoutException: handshake timed out after 10000ms
REQUEST		WebSocket Connect	1700822238667	1700822248788	KO	i.n.h.s.SslHandshakeTimeoutException: handshake timed out after 10000ms
REQUEST		WebSocket Connect	1700822238666	1700822248789	KO	i.n.h.s.SslHandshakeTimeoutException: handshake timed out after 10000ms
REQUEST		WebSocket Connect	1700822238660	1700822248789	KO	i.n.h.s.SslHandshakeTimeoutException: handshake timed out after 10000ms
REQUEST		WebSocket Connect	1700822238668	1700822248789	KO	i.n.h.s.SslHandshakeTimeoutException: handshake timed out after 10000ms
REQUEST		WebSocket Connect	1700822238660	1700822248789	KO	i.n.h.s.SslHandshakeTimeoutException: handshake timed out after 10000ms
REQUEST		WebSocket Connect	1700822238666	1700822248789	KO	i.n.h.s.SslHandshakeTimeoutException: handshake timed out after 10000ms
REQUEST		WebSocket Connect	1700822238660	1700822248790	KO	i.n.h.s.SslHandshakeTimeoutException: handshake timed out after 10000ms
REQUEST		WebSocket Connect	1700822238661	1700822248790	KO	i.n.h.s.SslHandshakeTimeoutException: handshake timed out after 10000ms
REQUEST		WebSocket Connect	1700822238661	1700822248791	KO	i.n.h.s.SslHandshakeTimeoutException: handshake timed out after 10000ms
REQUEST		WebSocket Connect	1700822238666	1700822248791	KO	i.n.h.s.SslHandshakeTimeoutException: handshake timed out after 10000ms
REQUEST		WebSocket Connect	1700822238666	1700822248792	KO	i.n.h.s.SslHandshakeTimeoutException: handshake timed out after 10000ms
REQUEST		Send Request type in Websocket	1700822248842	1700822248842	OK	 
REQUEST		Send Request type in Websocket	1700822248853	1700822248853	OK	 
REQUEST		Send Request type in Websocket	1700822248869	1700822248869	OK	 
REQUEST		Send Request type in Websocket	1700822248886	1700822248886	OK	 
REQUEST		Send Request type in Websocket	1700822248886	1700822248886	OK	 
REQUEST		Send Request type in Websocket	1700822248901	1700822248901	OK	 
REQUEST		Send Request type in Websocket	1700822248917	1700822248917	OK	 
REQUEST		Send Request type in Websocket	1700822248918	1700822248918	OK	 
REQUEST		Send Request type in Websocket	1700822248933	1700822248933	OK	 
REQUEST		Send Request type in Websocket	1700822248934	1700822248934	OK	 
REQUEST		Send Request type in Websocket	1700822248949	1700822248949	OK	 
REQUEST		Send Request type in Websocket	1700822249954	1700822249954	OK	 
REQUEST		Send Request type in Websocket	1700822249970	1700822249970	OK	 
REQUEST		Send Request type in Websocket	1700822251017	1700822251017	OK	 
REQUEST		Send Request type in Websocket	1700822251017	1700822251017	OK	 
REQUEST		Send Request type in Websocket	1700822251033	1700822251033	OK	 
REQUEST		Send Request type in Websocket	1700822251033	1700822251033	OK	 
REQUEST		Send Request type in Websocket	1700822251986	1700822251986	OK	 
REQUEST		Send Request type in Websocket	1700822252001	1700822252001	OK	 
REQUEST		Send Request type in Websocket	1700822252001	1700822252001	OK	 
REQUEST		Send Request type in Websocket	1700822252017	1700822252017	OK	 
REQUEST		Send Request type in Websocket	1700822252033	1700822252033	OK	 
REQUEST		Send Request type in Websocket	1700822252033	1700822252033	OK	 
REQUEST		Send Request type in Websocket	1700822252047	1700822252047	OK	 
REQUEST		Send Request type in Websocket	1700822252049	1700822252049	OK	 
REQUEST		Send Request type in Websocket	1700822253035	1700822253035	OK	 
REQUEST		Send Request type in Websocket	1700822253083	1700822253083	OK	 
REQUEST		Send Request type in Websocket	1700822253099	1700822253099	OK	 
REQUEST		Send Request type in Websocket	1700822253115	1700822253115	OK	 
REQUEST		Send Request type in Websocket	1700822253130	1700822253130	OK	 
REQUEST		Send Request type in Websocket	1700822253131	1700822253131	OK	 
REQUEST		Send Request type in Websocket	1700822253146	1700822253146	OK	 
REQUEST		Send Request type in Websocket	1700822253162	1700822253162	OK	 
REQUEST		Send Request type in Websocket	1700822253162	1700822253162	OK	 
REQUEST		Send Request type in Websocket	1700822253178	1700822253178	OK	 
REQUEST		Send Request type in Websocket	1700822253194	1700822253194	OK	 
REQUEST		Send Request type in Websocket	1700822253194	1700822253194	OK	 
REQUEST		Send Request type in Websocket	1700822253210	1700822253210	OK	 
REQUEST		Send Request type in Websocket	1700822253226	1700822253226	OK	 
REQUEST		Send Request type in Websocket	1700822253242	1700822253242	OK	 
REQUEST		Send Request type in Websocket	1700822253242	1700822253242	OK	 
USER	WebSocket Scenario	END	1700822253849
USER	WebSocket Scenario	END	1700822253862
USER	WebSocket Scenario	END	1700822253878
USER	WebSocket Scenario	END	1700822253894
USER	WebSocket Scenario	END	1700822253894
USER	WebSocket Scenario	END	1700822253910
USER	WebSocket Scenario	END	1700822253926
USER	WebSocket Scenario	END	1700822253926
USER	WebSocket Scenario	END	1700822253942
USER	WebSocket Scenario	END	1700822253942
USER	WebSocket Scenario	END	1700822253958
REQUEST		Send Request type in Websocket	1700822254212	1700822254212	OK	 
REQUEST		Send Request type in Websocket	1700822254212	1700822254212	OK	 
REQUEST		Send Request type in Websocket	1700822254212	1700822254212	OK	 
REQUEST		Send Request type in Websocket	1700822254245	1700822254245	OK	 
REQUEST		Send Request type in Websocket	1700822254276	1700822254276	OK	 
REQUEST		Send Request type in Websocket	1700822254308	1700822254308	OK	 
REQUEST		Send Request type in Websocket	1700822254356	1700822254356	OK	 
REQUEST		Send Request type in Websocket	1700822254404	1700822254404	OK	 
REQUEST		Send Request type in Websocket	1700822254421	1700822254421	OK	 
REQUEST		Send Request type in Websocket	1700822254452	1700822254452	OK	 
REQUEST		Send Request type in Websocket	1700822254501	1700822254501	OK	 
REQUEST		Send Request type in Websocket	1700822254533	1700822254533	OK	 
REQUEST		Send Request type in Websocket	1700822254549	1700822254549	OK	 
REQUEST		Send Request type in Websocket	1700822254565	1700822254565	OK	 
REQUEST		Send Request type in Websocket	1700822254579	1700822254579	OK	 
REQUEST		Send Request type in Websocket	1700822254597	1700822254597	OK	 
REQUEST		Send Request type in Websocket	1700822254613	1700822254613	OK	 
REQUEST		Send Request type in Websocket	1700822254613	1700822254613	OK	 
REQUEST		Send Request type in Websocket	1700822254629	1700822254629	OK	 
REQUEST		Send Request type in Websocket	1700822254645	1700822254645	OK	 
REQUEST		Send Request type in Websocket	1700822254661	1700822254661	OK	 
REQUEST		Send Request type in Websocket	1700822254677	1700822254677	OK	 
REQUEST		Send Request type in Websocket	1700822254677	1700822254677	OK	 
REQUEST		Send Request type in Websocket	1700822254692	1700822254692	OK	 
REQUEST		Send Request type in Websocket	1700822254708	1700822254708	OK	 
REQUEST		Send Request type in Websocket	1700822254724	1700822254724	OK	 
REQUEST		Send Request type in Websocket	1700822254724	1700822254724	OK	 
REQUEST		Send Request type in Websocket	1700822254741	1700822254741	OK	 
REQUEST		Send Request type in Websocket	1700822254755	1700822254755	OK	 
REQUEST		Send Request type in Websocket	1700822254755	1700822254755	OK	 
REQUEST		Send Request type in Websocket	1700822254771	1700822254771	OK	 
REQUEST		Send Request type in Websocket	1700822254771	1700822254771	OK	 
USER	WebSocket Scenario	END	1700822254962
USER	WebSocket Scenario	END	1700822254978
REQUEST		Send Request type in Websocket	1700822255535	1700822255535	OK	 
REQUEST		Send Request type in Websocket	1700822255551	1700822255551	OK	 
REQUEST		Send Request type in Websocket	1700822255583	1700822255583	OK	 
REQUEST		Send Request type in Websocket	1700822255599	1700822255599	OK	 
REQUEST		Send Request type in Websocket	1700822255614	1700822255614	OK	 
REQUEST		Send Request type in Websocket	1700822255678	1700822255678	OK	 
REQUEST		Send Request type in Websocket	1700822255695	1700822255695	OK	 
REQUEST		Send Request type in Websocket	1700822255710	1700822255710	OK	 
REQUEST		Send Request type in Websocket	1700822255710	1700822255710	OK	 
REQUEST		Send Request type in Websocket	1700822255723	1700822255723	OK	 
REQUEST		Send Request type in Websocket	1700822255741	1700822255741	OK	 
REQUEST		Send Request type in Websocket	1700822255741	1700822255741	OK	 
REQUEST		Send Request type in Websocket	1700822255742	1700822255742	OK	 
REQUEST		Send Request type in Websocket	1700822255757	1700822255757	OK	 
REQUEST		Send Request type in Websocket	1700822255759	1700822255759	KO	Client issued text frame but server has closed the WebSocket and max reconnects is reached
REQUEST		Send Request type in Websocket	1700822255774	1700822255774	OK	 
REQUEST		Send Request type in Websocket	1700822255774	1700822255774	OK	 
REQUEST		Send Request type in Websocket	1700822255789	1700822255789	KO	Client issued text frame but server has closed the WebSocket and max reconnects is reached
REQUEST		Send Request type in Websocket	1700822255789	1700822255789	OK	 
REQUEST		Send Request type in Websocket	1700822255805	1700822255805	OK	 
REQUEST		Send Request type in Websocket	1700822255805	1700822255805	OK	 
REQUEST		Send Request type in Websocket	1700822255821	1700822255821	KO	Client issued text frame but server has closed the WebSocket and max reconnects is reached
REQUEST		Send Request type in Websocket	1700822255837	1700822255837	OK	 
REQUEST		Send Request type in Websocket	1700822255853	1700822255853	OK	 
REQUEST		Send Request type in Websocket	1700822255869	1700822255869	OK	 
REQUEST		Send Request type in Websocket	1700822255870	1700822255870	OK	 
REQUEST		Send Request type in Websocket	1700822255885	1700822255885	OK	 
REQUEST		Send Request type in Websocket	1700822255901	1700822255901	OK	 
REQUEST		Send Request type in Websocket	1700822255901	1700822255901	OK	 
REQUEST		Send Request type in Websocket	1700822255916	1700822255916	OK	 
REQUEST		Send Request type in Websocket	1700822255932	1700822255932	OK	 
REQUEST		Send Request type in Websocket	1700822255948	1700822255948	OK	 
REQUEST		Send Request type in Websocket	1700822255949	1700822255949	OK	 
REQUEST		Send Request type in Websocket	1700822255961	1700822255961	OK	 
REQUEST		Send Request type in Websocket	1700822255964	1700822255964	OK	 
USER	WebSocket Scenario	END	1700822256028
USER	WebSocket Scenario	END	1700822256028
USER	WebSocket Scenario	END	1700822256045
USER	WebSocket Scenario	END	1700822256045
REQUEST		Send Request type in Websocket	1700822256777	1700822256777	OK	 
REQUEST		Send Request type in Websocket	1700822256792	1700822256792	OK	 
REQUEST		Send Request type in Websocket	1700822256824	1700822256824	OK	 
REQUEST		Send Request type in Websocket	1700822256824	1700822256824	OK	 
REQUEST		Send Request type in Websocket	1700822256840	1700822256840	OK	 
REQUEST		Send Request type in Websocket	1700822256904	1700822256904	OK	 
REQUEST		Send Request type in Websocket	1700822256920	1700822256920	OK	 
REQUEST		Send Request type in Websocket	1700822256936	1700822256936	OK	 
REQUEST		Send Request type in Websocket	1700822256949	1700822256949	OK	 
REQUEST		Send Request type in Websocket	1700822256968	1700822256968	OK	 
REQUEST		Send Request type in Websocket	1700822256984	1700822256984	OK	 
USER	WebSocket Scenario	END	1700822257000
REQUEST		Send Request type in Websocket	1700822257000	1700822257000	OK	 
USER	WebSocket Scenario	END	1700822257016
USER	WebSocket Scenario	END	1700822257016
REQUEST		Send Request type in Websocket	1700822257016	1700822257016	OK	 
REQUEST		Send Request type in Websocket	1700822257016	1700822257016	OK	 
USER	WebSocket Scenario	END	1700822257032
REQUEST		Send Request type in Websocket	1700822257048	1700822257048	OK	 
USER	WebSocket Scenario	END	1700822257048
REQUEST		Send Request type in Websocket	1700822257048	1700822257048	OK	 
USER	WebSocket Scenario	END	1700822257048
USER	WebSocket Scenario	END	1700822257048
USER	WebSocket Scenario	END	1700822257064
REQUEST		Send Request type in Websocket	1700822257064	1700822257064	OK	 
REQUEST		Send Request type in Websocket	1700822257271	1700822257271	OK	 
REQUEST		Send Request type in Websocket	1700822257271	1700822257271	OK	 
REQUEST		Send Request type in Websocket	1700822257271	1700822257271	OK	 
REQUEST		Send Request type in Websocket	1700822257271	1700822257271	OK	 
REQUEST		Send Request type in Websocket	1700822257271	1700822257271	OK	 
REQUEST		Send Request type in Websocket	1700822257271	1700822257271	OK	 
REQUEST		Send Request type in Websocket	1700822257271	1700822257271	OK	 
REQUEST		Send Request type in Websocket	1700822257271	1700822257271	OK	 
REQUEST		Send Request type in Websocket	1700822257271	1700822257271	OK	 
REQUEST		Send Request type in Websocket	1700822257271	1700822257271	OK	 
REQUEST		Send Request type in Websocket	1700822257272	1700822257272	OK	 
REQUEST		Send Request type in Websocket	1700822257272	1700822257272	OK	 
REQUEST		Send Request type in Websocket	1700822257272	1700822257272	OK	 
REQUEST		Send Request type in Websocket	1700822257272	1700822257272	OK	 
REQUEST		Send Request type in Websocket	1700822257350	1700822257350	OK	 
REQUEST		Send Request type in Websocket	1700822257988	1700822257988	OK	 
REQUEST		Send Request type in Websocket	1700822257988	1700822257988	OK	 
REQUEST		Send Request type in Websocket	1700822258003	1700822258003	OK	 
REQUEST		Send Request type in Websocket	1700822258019	1700822258019	OK	 
REQUEST		Send Request type in Websocket	1700822258035	1700822258035	OK	 
REQUEST		Send Request type in Websocket	1700822258035	1700822258035	OK	 
USER	WebSocket Scenario	END	1700822258051
REQUEST		Send Request type in Websocket	1700822258050	1700822258050	OK	 
REQUEST		Send Request type in Websocket	1700822258050	1700822258050	OK	 
REQUEST		Send Request type in Websocket	1700822258067	1700822258067	OK	 
REQUEST		Send Request type in Websocket	1700822258083	1700822258083	OK	 
REQUEST		Send Request type in Websocket	1700822258083	1700822258083	OK	 
USER	WebSocket Scenario	END	1700822258099
REQUEST		Send Request type in Websocket	1700822258099	1700822258099	OK	 
REQUEST		Send Request type in Websocket	1700822258099	1700822258099	OK	 
USER	WebSocket Scenario	END	1700822258115
USER	WebSocket Scenario	END	1700822258131
USER	WebSocket Scenario	END	1700822258147
USER	WebSocket Scenario	END	1700822258147
USER	WebSocket Scenario	END	1700822258163
USER	WebSocket Scenario	END	1700822258178
USER	WebSocket Scenario	END	1700822258178
USER	WebSocket Scenario	END	1700822258194
USER	WebSocket Scenario	END	1700822258210
USER	WebSocket Scenario	END	1700822258210
USER	WebSocket Scenario	END	1700822258226
USER	WebSocket Scenario	END	1700822258243
USER	WebSocket Scenario	END	1700822258258
USER	WebSocket Scenario	END	1700822258258
REQUEST		Send Request type in Websocket	1700822258787	1700822258787	KO	Client issued text frame but server has closed the WebSocket and max reconnects is reached
REQUEST		Send Request type in Websocket	1700822258787	1700822258787	KO	Client issued text frame but server has closed the WebSocket and max reconnects is reached
REQUEST		Send Request type in Websocket	1700822258787	1700822258787	KO	Client issued text frame but server has closed the WebSocket and max reconnects is reached
REQUEST		Send Request type in Websocket	1700822258803	1700822258803	KO	Client issued text frame but server has closed the WebSocket and max reconnects is reached
REQUEST		Send Request type in Websocket	1700822258803	1700822258803	KO	Client issued text frame but server has closed the WebSocket and max reconnects is reached
REQUEST		Send Request type in Websocket	1700822258803	1700822258803	KO	Client issued text frame but server has closed the WebSocket and max reconnects is reached
REQUEST		Send Request type in Websocket	1700822258803	1700822258803	KO	Client issued text frame but server has closed the WebSocket and max reconnects is reached
REQUEST		Send Request type in Websocket	1700822258803	1700822258803	KO	Client issued text frame but server has closed the WebSocket and max reconnects is reached
REQUEST		Send Request type in Websocket	1700822258803	1700822258803	KO	Client issued text frame but server has closed the WebSocket and max reconnects is reached
REQUEST		Send Request type in Websocket	1700822258803	1700822258803	KO	Client issued text frame but server has closed the WebSocket and max reconnects is reached
REQUEST		Send Request type in Websocket	1700822258803	1700822258803	KO	Client issued text frame but server has closed the WebSocket and max reconnects is reached
REQUEST		Send Request type in Websocket	1700822258803	1700822258803	KO	Client issued text frame but server has closed the WebSocket and max reconnects is reached
REQUEST		Send Request type in Websocket	1700822258803	1700822258803	KO	Client issued text frame but server has closed the WebSocket and max reconnects is reached
REQUEST		Send Request type in Websocket	1700822258803	1700822258803	KO	Client issued text frame but server has closed the WebSocket and max reconnects is reached
REQUEST		Send Request type in Websocket	1700822258803	1700822258803	KO	Client issued text frame but server has closed the WebSocket and max reconnects is reached
REQUEST		Send Request type in Websocket	1700822258803	1700822258803	KO	Client issued text frame but server has closed the WebSocket and max reconnects is reached
REQUEST		Send Request type in Websocket	1700822258803	1700822258803	KO	Client issued text frame but server has closed the WebSocket and max reconnects is reached
USER	WebSocket Scenario	END	1700822259219
USER	WebSocket Scenario	END	1700822259219
USER	WebSocket Scenario	END	1700822259219
USER	WebSocket Scenario	END	1700822259251
USER	WebSocket Scenario	END	1700822259283
USER	WebSocket Scenario	END	1700822259315
USER	WebSocket Scenario	END	1700822259363
USER	WebSocket Scenario	END	1700822259411
USER	WebSocket Scenario	END	1700822259426
USER	WebSocket Scenario	END	1700822259459
USER	WebSocket Scenario	END	1700822259506
USER	WebSocket Scenario	END	1700822259538
USER	WebSocket Scenario	END	1700822259554
USER	WebSocket Scenario	END	1700822259570
USER	WebSocket Scenario	END	1700822259586
USER	WebSocket Scenario	END	1700822259602
USER	WebSocket Scenario	END	1700822259618
USER	WebSocket Scenario	END	1700822259618
USER	WebSocket Scenario	END	1700822259634
USER	WebSocket Scenario	END	1700822259650
USER	WebSocket Scenario	END	1700822259666
USER	WebSocket Scenario	END	1700822259682
USER	WebSocket Scenario	END	1700822259682
USER	WebSocket Scenario	END	1700822259698
USER	WebSocket Scenario	END	1700822259714
USER	WebSocket Scenario	END	1700822259730
USER	WebSocket Scenario	END	1700822259730
USER	WebSocket Scenario	END	1700822259746
USER	WebSocket Scenario	END	1700822259762
USER	WebSocket Scenario	END	1700822259762
USER	WebSocket Scenario	END	1700822259777
USER	WebSocket Scenario	END	1700822259777
USER	WebSocket Scenario	END	1700822260544
USER	WebSocket Scenario	END	1700822260560
USER	WebSocket Scenario	END	1700822260593
USER	WebSocket Scenario	END	1700822260608
USER	WebSocket Scenario	END	1700822260623
USER	WebSocket Scenario	END	1700822260687
USER	WebSocket Scenario	END	1700822260703
USER	WebSocket Scenario	END	1700822260719
USER	WebSocket Scenario	END	1700822260719
USER	WebSocket Scenario	END	1700822260735
USER	WebSocket Scenario	END	1700822260751
USER	WebSocket Scenario	END	1700822260751
USER	WebSocket Scenario	END	1700822260751
USER	WebSocket Scenario	END	1700822260767
USER	WebSocket Scenario	END	1700822260767
USER	WebSocket Scenario	END	1700822260783
USER	WebSocket Scenario	END	1700822260783
USER	WebSocket Scenario	END	1700822260799
USER	WebSocket Scenario	END	1700822260799
USER	WebSocket Scenario	END	1700822260814
USER	WebSocket Scenario	END	1700822260814
USER	WebSocket Scenario	END	1700822260830
USER	WebSocket Scenario	END	1700822260846
USER	WebSocket Scenario	END	1700822260862
USER	WebSocket Scenario	END	1700822260878
USER	WebSocket Scenario	END	1700822260878
USER	WebSocket Scenario	END	1700822260895
USER	WebSocket Scenario	END	1700822260911
USER	WebSocket Scenario	END	1700822260911
USER	WebSocket Scenario	END	1700822260926
USER	WebSocket Scenario	END	1700822260942
USER	WebSocket Scenario	END	1700822260958
USER	WebSocket Scenario	END	1700822260958
USER	WebSocket Scenario	END	1700822260974
USER	WebSocket Scenario	END	1700822260975
USER	WebSocket Scenario	END	1700822261789
USER	WebSocket Scenario	END	1700822261804
USER	WebSocket Scenario	END	1700822261836
USER	WebSocket Scenario	END	1700822261836
USER	WebSocket Scenario	END	1700822261852
USER	WebSocket Scenario	END	1700822261916
USER	WebSocket Scenario	END	1700822261932
USER	WebSocket Scenario	END	1700822261948
USER	WebSocket Scenario	END	1700822261964
USER	WebSocket Scenario	END	1700822261980
USER	WebSocket Scenario	END	1700822261996
USER	WebSocket Scenario	END	1700822262013
USER	WebSocket Scenario	END	1700822262028
USER	WebSocket Scenario	END	1700822262029
USER	WebSocket Scenario	END	1700822262060
USER	WebSocket Scenario	END	1700822262060
USER	WebSocket Scenario	END	1700822262076
USER	WebSocket Scenario	END	1700822262284
USER	WebSocket Scenario	END	1700822262285
USER	WebSocket Scenario	END	1700822262285
USER	WebSocket Scenario	END	1700822262285
USER	WebSocket Scenario	END	1700822262285
USER	WebSocket Scenario	END	1700822262285
USER	WebSocket Scenario	END	1700822262285
USER	WebSocket Scenario	END	1700822262285
USER	WebSocket Scenario	END	1700822262285
USER	WebSocket Scenario	END	1700822262285
USER	WebSocket Scenario	END	1700822262285
USER	WebSocket Scenario	END	1700822262285
USER	WebSocket Scenario	END	1700822262285
USER	WebSocket Scenario	END	1700822262285
USER	WebSocket Scenario	END	1700822262365
USER	WebSocket Scenario	END	1700822263004
USER	WebSocket Scenario	END	1700822263004
USER	WebSocket Scenario	END	1700822263020
USER	WebSocket Scenario	END	1700822263036
USER	WebSocket Scenario	END	1700822263036
USER	WebSocket Scenario	END	1700822263052
USER	WebSocket Scenario	END	1700822263052
USER	WebSocket Scenario	END	1700822263068
USER	WebSocket Scenario	END	1700822263083
USER	WebSocket Scenario	END	1700822263099
USER	WebSocket Scenario	END	1700822263100
USER	WebSocket Scenario	END	1700822263100
USER	WebSocket Scenario	END	1700822263115
USER	WebSocket Scenario	END	1700822263800
USER	WebSocket Scenario	END	1700822263800
USER	WebSocket Scenario	END	1700822263800
USER	WebSocket Scenario	END	1700822263816
USER	WebSocket Scenario	END	1700822263817
USER	WebSocket Scenario	END	1700822263817
USER	WebSocket Scenario	END	1700822263817
USER	WebSocket Scenario	END	1700822263817
USER	WebSocket Scenario	END	1700822263817
USER	WebSocket Scenario	END	1700822263817
USER	WebSocket Scenario	END	1700822263817
USER	WebSocket Scenario	END	1700822263817
USER	WebSocket Scenario	END	1700822263817
USER	WebSocket Scenario	END	1700822263817
USER	WebSocket Scenario	END	1700822263817
USER	WebSocket Scenario	END	1700822263817
USER	WebSocket Scenario	END	1700822263817
