RUN	computerdatabase.ComputerDatabaseSimulation	computerdatabasesimulation	1700817430595	Socket Connection	3.9.5
USER	WebSocket Scenario	START	1700817432329
USER	WebSocket Scenario	START	1700817432329
USER	WebSocket Scenario	START	1700817432329
USER	WebSocket Scenario	START	1700817432329
USER	WebSocket Scenario	START	1700817432331
USER	WebSocket Scenario	START	1700817432331
USER	WebSocket Scenario	START	1700817432331
USER	WebSocket Scenario	START	1700817432331
USER	WebSocket Scenario	START	1700817432331
USER	WebSocket Scenario	START	1700817432331
USER	WebSocket Scenario	START	1700817432331
USER	WebSocket Scenario	START	1700817432331
USER	WebSocket Scenario	START	1700817432331
USER	WebSocket Scenario	START	1700817432331
USER	WebSocket Scenario	START	1700817432330
USER	WebSocket Scenario	START	1700817432329
USER	WebSocket Scenario	START	1700817432332
USER	WebSocket Scenario	START	1700817432332
USER	WebSocket Scenario	START	1700817432332
USER	WebSocket Scenario	START	1700817432332
USER	WebSocket Scenario	START	1700817432332
USER	WebSocket Scenario	START	1700817432332
USER	WebSocket Scenario	START	1700817432332
USER	WebSocket Scenario	START	1700817432333
USER	WebSocket Scenario	START	1700817432334
USER	WebSocket Scenario	START	1700817432334
USER	WebSocket Scenario	START	1700817432334
USER	WebSocket Scenario	START	1700817432334
USER	WebSocket Scenario	START	1700817432335
USER	WebSocket Scenario	START	1700817432335
USER	WebSocket Scenario	START	1700817432335
USER	WebSocket Scenario	START	1700817432335
USER	WebSocket Scenario	START	1700817432335
USER	WebSocket Scenario	START	1700817432342
USER	WebSocket Scenario	START	1700817432343
USER	WebSocket Scenario	START	1700817432343
USER	WebSocket Scenario	START	1700817432343
USER	WebSocket Scenario	START	1700817432343
USER	WebSocket Scenario	START	1700817432343
USER	WebSocket Scenario	START	1700817432343
USER	WebSocket Scenario	START	1700817432344
USER	WebSocket Scenario	START	1700817432344
USER	WebSocket Scenario	START	1700817432344
USER	WebSocket Scenario	START	1700817432345
USER	WebSocket Scenario	START	1700817432345
USER	WebSocket Scenario	START	1700817432345
USER	WebSocket Scenario	START	1700817432345
USER	WebSocket Scenario	START	1700817432345
USER	WebSocket Scenario	START	1700817432345
USER	WebSocket Scenario	START	1700817432345
REQUEST		WebSocket Connect	1700817432396	1700817432794	OK	 
REQUEST		WebSocket Connect	1700817432393	1700817432795	OK	 
REQUEST		WebSocket Connect	1700817432398	1700817432794	OK	 
REQUEST		WebSocket Connect	1700817432416	1700817432808	OK	 
REQUEST		WebSocket Connect	1700817432388	1700817432813	OK	 
REQUEST		WebSocket Connect	1700817432388	1700817432819	OK	 
REQUEST		WebSocket Connect	1700817432417	1700817432828	OK	 
REQUEST		WebSocket Connect	1700817432416	1700817432839	OK	 
REQUEST		WebSocket Connect	1700817432417	1700817432849	OK	 
REQUEST		WebSocket Connect	1700817432418	1700817432865	OK	 
REQUEST		WebSocket Connect	1700817432418	1700817432865	OK	 
REQUEST		WebSocket Connect	1700817432418	1700817433868	OK	 
REQUEST		WebSocket Connect	1700817432419	1700817433882	OK	 
REQUEST		WebSocket Connect	1700817432388	1700817434879	OK	 
REQUEST		WebSocket Connect	1700817432421	1700817434906	OK	 
REQUEST		WebSocket Connect	1700817432417	1700817434916	OK	 
REQUEST		WebSocket Connect	1700817432396	1700817434918	OK	 
REQUEST		WebSocket Connect	1700817432418	1700817435926	OK	 
REQUEST		WebSocket Connect	1700817432420	1700817435937	OK	 
REQUEST		WebSocket Connect	1700817432416	1700817435949	OK	 
REQUEST		WebSocket Connect	1700817432420	1700817435962	OK	 
REQUEST		WebSocket Connect	1700817432395	1700817435971	OK	 
REQUEST		WebSocket Connect	1700817432421	1700817435972	OK	 
REQUEST		WebSocket Connect	1700817432420	1700817436361	OK	 
REQUEST		WebSocket Connect	1700817432420	1700817436372	OK	 
REQUEST		WebSocket Connect	1700817432424	1700817436927	OK	 
REQUEST		WebSocket Connect	1700817432420	1700817436951	OK	 
REQUEST		WebSocket Connect	1700817432425	1700817436960	OK	 
REQUEST		WebSocket Connect	1700817432423	1700817436975	OK	 
REQUEST		WebSocket Connect	1700817432426	1700817436980	OK	 
REQUEST		WebSocket Connect	1700817432422	1700817436982	OK	 
REQUEST		WebSocket Connect	1700817432388	1700817437398	OK	 
REQUEST		WebSocket Connect	1700817432388	1700817437410	OK	 
REQUEST		WebSocket Connect	1700817432425	1700817437419	OK	 
REQUEST		WebSocket Connect	1700817432427	1700817437429	OK	 
REQUEST		WebSocket Connect	1700817432396	1700817437438	OK	 
REQUEST		WebSocket Connect	1700817432396	1700817437450	OK	 
REQUEST		WebSocket Connect	1700817432398	1700817437461	OK	 
REQUEST		WebSocket Connect	1700817432424	1700817437470	OK	 
REQUEST		WebSocket Connect	1700817432425	1700817437475	OK	 
REQUEST		WebSocket Connect	1700817432424	1700817437477	OK	 
REQUEST		WebSocket Connect	1700817432395	1700817437975	OK	 
REQUEST		WebSocket Connect	1700817432388	1700817437986	OK	 
REQUEST		WebSocket Connect	1700817432427	1700817437993	OK	 
REQUEST		WebSocket Connect	1700817432422	1700817438003	OK	 
REQUEST		WebSocket Connect	1700817432426	1700817438012	OK	 
REQUEST		WebSocket Connect	1700817432428	1700817438022	OK	 
REQUEST		WebSocket Connect	1700817432415	1700817438032	OK	 
REQUEST		WebSocket Connect	1700817432393	1700817438039	OK	 
REQUEST		WebSocket Connect	1700817432424	1700817438047	OK	 
REQUEST		Send Request type in Websocket	1700817442828	1700817442828	OK	 
REQUEST		Send Request type in Websocket	1700817442828	1700817442828	OK	 
REQUEST		Send Request type in Websocket	1700817442828	1700817442828	OK	 
REQUEST		Send Request type in Websocket	1700817442829	1700817442829	OK	 
REQUEST		Send Request type in Websocket	1700817442829	1700817442829	OK	 
REQUEST		Send Request type in Websocket	1700817442830	1700817442830	OK	 
REQUEST		Send Request type in Websocket	1700817442831	1700817442831	OK	 
REQUEST		Send Request type in Websocket	1700817442853	1700817442853	OK	 
REQUEST		Send Request type in Websocket	1700817442853	1700817442853	OK	 
REQUEST		Send Request type in Websocket	1700817442869	1700817442869	OK	 
REQUEST		Send Request type in Websocket	1700817442869	1700817442869	OK	 
REQUEST		Send Request type in Websocket	1700817443872	1700817443872	OK	 
REQUEST		Send Request type in Websocket	1700817443888	1700817443888	OK	 
REQUEST		Send Request type in Websocket	1700817444888	1700817444888	OK	 
REQUEST		Send Request type in Websocket	1700817444919	1700817444919	OK	 
REQUEST		Send Request type in Websocket	1700817444920	1700817444920	OK	 
REQUEST		Send Request type in Websocket	1700817444921	1700817444921	OK	 
REQUEST		Send Request type in Websocket	1700817445935	1700817445935	OK	 
REQUEST		Send Request type in Websocket	1700817445951	1700817445951	OK	 
REQUEST		Send Request type in Websocket	1700817445951	1700817445951	OK	 
REQUEST		Send Request type in Websocket	1700817445967	1700817445967	OK	 
REQUEST		Send Request type in Websocket	1700817445983	1700817445983	OK	 
REQUEST		Send Request type in Websocket	1700817445983	1700817445983	OK	 
REQUEST		Send Request type in Websocket	1700817446376	1700817446376	OK	 
REQUEST		Send Request type in Websocket	1700817446377	1700817446377	OK	 
REQUEST		Send Request type in Websocket	1700817446939	1700817446939	OK	 
REQUEST		Send Request type in Websocket	1700817446955	1700817446955	OK	 
REQUEST		Send Request type in Websocket	1700817446970	1700817446970	OK	 
REQUEST		Send Request type in Websocket	1700817446986	1700817446986	OK	 
REQUEST		Send Request type in Websocket	1700817446986	1700817446986	OK	 
REQUEST		Send Request type in Websocket	1700817446986	1700817446986	OK	 
REQUEST		Send Request type in Websocket	1700817447408	1700817447408	OK	 
REQUEST		Send Request type in Websocket	1700817447423	1700817447423	OK	 
REQUEST		Send Request type in Websocket	1700817447423	1700817447423	OK	 
REQUEST		Send Request type in Websocket	1700817447439	1700817447439	OK	 
REQUEST		Send Request type in Websocket	1700817447439	1700817447439	OK	 
REQUEST		Send Request type in Websocket	1700817447456	1700817447456	OK	 
REQUEST		Send Request type in Websocket	1700817447470	1700817447470	OK	 
REQUEST		Send Request type in Websocket	1700817447486	1700817447486	OK	 
REQUEST		Send Request type in Websocket	1700817447486	1700817447486	OK	 
REQUEST		Send Request type in Websocket	1700817447486	1700817447486	OK	 
USER	WebSocket Scenario	END	1700817447850
USER	WebSocket Scenario	END	1700817447850
USER	WebSocket Scenario	END	1700817447850
USER	WebSocket Scenario	END	1700817447850
USER	WebSocket Scenario	END	1700817447850
USER	WebSocket Scenario	END	1700817447850
USER	WebSocket Scenario	END	1700817447850
USER	WebSocket Scenario	END	1700817447861
USER	WebSocket Scenario	END	1700817447861
USER	WebSocket Scenario	END	1700817447876
USER	WebSocket Scenario	END	1700817447876
REQUEST		Send Request type in Websocket	1700817447986	1700817447986	OK	 
REQUEST		Send Request type in Websocket	1700817448002	1700817448002	OK	 
REQUEST		Send Request type in Websocket	1700817448002	1700817448002	OK	 
REQUEST		Send Request type in Websocket	1700817448017	1700817448017	OK	 
REQUEST		Send Request type in Websocket	1700817448017	1700817448017	OK	 
REQUEST		Send Request type in Websocket	1700817448033	1700817448033	OK	 
REQUEST		Send Request type in Websocket	1700817448041	1700817448041	OK	 
REQUEST		Send Request type in Websocket	1700817448049	1700817448049	OK	 
REQUEST		Send Request type in Websocket	1700817448049	1700817448049	OK	 
USER	WebSocket Scenario	END	1700817448890
USER	WebSocket Scenario	END	1700817448890
USER	WebSocket Scenario	END	1700817449890
USER	WebSocket Scenario	END	1700817449936
USER	WebSocket Scenario	END	1700817449936
USER	WebSocket Scenario	END	1700817449936
USER	WebSocket Scenario	END	1700817450954
USER	WebSocket Scenario	END	1700817450954
USER	WebSocket Scenario	END	1700817450954
USER	WebSocket Scenario	END	1700817450969
USER	WebSocket Scenario	END	1700817450985
USER	WebSocket Scenario	END	1700817450985
USER	WebSocket Scenario	END	1700817451393
USER	WebSocket Scenario	END	1700817451394
USER	WebSocket Scenario	END	1700817451943
USER	WebSocket Scenario	END	1700817451959
USER	WebSocket Scenario	END	1700817451975
USER	WebSocket Scenario	END	1700817451990
USER	WebSocket Scenario	END	1700817451990
USER	WebSocket Scenario	END	1700817451990
USER	WebSocket Scenario	END	1700817452413
USER	WebSocket Scenario	END	1700817452428
USER	WebSocket Scenario	END	1700817452428
USER	WebSocket Scenario	END	1700817452444
USER	WebSocket Scenario	END	1700817452444
USER	WebSocket Scenario	END	1700817452460
USER	WebSocket Scenario	END	1700817452475
USER	WebSocket Scenario	END	1700817452491
USER	WebSocket Scenario	END	1700817452491
USER	WebSocket Scenario	END	1700817452491
USER	WebSocket Scenario	END	1700817452991
USER	WebSocket Scenario	END	1700817453007
USER	WebSocket Scenario	END	1700817453008
USER	WebSocket Scenario	END	1700817453022
USER	WebSocket Scenario	END	1700817453022
USER	WebSocket Scenario	END	1700817453038
USER	WebSocket Scenario	END	1700817453054
USER	WebSocket Scenario	END	1700817453054
USER	WebSocket Scenario	END	1700817453054
