RUN	computerdatabase.ComputerDatabaseSimulation	computerdatabasesimulation	1699679298234	so	3.9.5
USER	WebSocket and HTTP Scenario	START	1699679299277
USER	WebSocket and HTTP Scenario	START	1699679299277
USER	WebSocket and HTTP Scenario	START	1699679299277
USER	WebSocket and HTTP Scenario	START	1699679299277
USER	WebSocket and HTTP Scenario	START	1699679299277
USER	WebSocket and HTTP Scenario	START	1699679299277
USER	WebSocket and HTTP Scenario	START	1699679299277
USER	WebSocket and HTTP Scenario	START	1699679299277
USER	WebSocket and HTTP Scenario	START	1699679299277
USER	WebSocket and HTTP Scenario	START	1699679299277
REQUEST		WebSocket Connect	1699679299300	1699679299441	OK	 
REQUEST		WebSocket Connect	1699679299300	1699679299441	OK	 
REQUEST		WebSocket Connect	1699679299303	1699679299447	OK	 
REQUEST		WebSocket Connect	1699679299300	1699679299461	OK	 
REQUEST		WebSocket Connect	1699679299300	1699679299469	OK	 
REQUEST		WebSocket Connect	1699679299300	1699679299479	OK	 
REQUEST		WebSocket Connect	1699679299300	1699679299493	OK	 
REQUEST		WebSocket Connect	1699679299300	1699679299501	OK	 
REQUEST		WebSocket Connect	1699679299300	1699679299503	OK	 
REQUEST		WebSocket Connect	1699679299300	1699679299863	OK	 
REQUEST		HTTP Request	1699679304478	1699679304559	KO	status.find.in([200, 209], 304), found 405
REQUEST		HTTP Request	1699679304478	1699679304567	KO	status.find.in([200, 209], 304), found 405
REQUEST		HTTP Request	1699679304478	1699679304567	KO	status.find.in([200, 209], 304), found 405
REQUEST		HTTP Request	1699679304478	1699679304559	KO	status.find.in([200, 209], 304), found 405
REQUEST		HTTP Request	1699679304484	1699679304609	KO	status.find.in([200, 209], 304), found 405
REQUEST		HTTP Request	1699679304484	1699679304609	KO	status.find.in([200, 209], 304), found 405
REQUEST		HTTP Request	1699679304500	1699679304617	KO	status.find.in([200, 209], 304), found 405
REQUEST		HTTP Request	1699679304515	1699679304623	KO	status.find.in([200, 209], 304), found 405
REQUEST		HTTP Request	1699679304515	1699679304666	KO	status.find.in([200, 209], 304), found 405
REQUEST		HTTP Request	1699679304873	1699679304965	KO	status.find.in([200, 209], 304), found 405
USER	WebSocket and HTTP Scenario	END	1699679424590
USER	WebSocket and HTTP Scenario	END	1699679424590
USER	WebSocket and HTTP Scenario	END	1699679424590
USER	WebSocket and HTTP Scenario	END	1699679424590
USER	WebSocket and HTTP Scenario	END	1699679424615
USER	WebSocket and HTTP Scenario	END	1699679424615
USER	WebSocket and HTTP Scenario	END	1699679424631
USER	WebSocket and HTTP Scenario	END	1699679424631
USER	WebSocket and HTTP Scenario	END	1699679424677
USER	WebSocket and HTTP Scenario	END	1699679424973
