RUN	computerdatabase.ComputerDatabaseSimulation	computerdatabasesimulation	1699633078450	s	3.9.5
USER	WebSocket and HTTP Scenario	START	1699633079486
USER	WebSocket and HTTP Scenario	START	1699633079486
USER	WebSocket and HTTP Scenario	START	1699633079486
USER	WebSocket and HTTP Scenario	START	1699633079487
USER	WebSocket and HTTP Scenario	START	1699633079487
USER	WebSocket and HTTP Scenario	START	1699633079487
USER	WebSocket and HTTP Scenario	START	1699633079487
USER	WebSocket and HTTP Scenario	START	1699633079487
USER	WebSocket and HTTP Scenario	START	1699633079487
USER	WebSocket and HTTP Scenario	START	1699633079487
USER	WebSocket and HTTP Scenario	START	1699633079487
USER	WebSocket and HTTP Scenario	START	1699633079487
USER	WebSocket and HTTP Scenario	START	1699633079487
USER	WebSocket and HTTP Scenario	START	1699633079487
USER	WebSocket and HTTP Scenario	START	1699633079487
USER	WebSocket and HTTP Scenario	START	1699633079488
USER	WebSocket and HTTP Scenario	START	1699633079488
USER	WebSocket and HTTP Scenario	START	1699633079488
USER	WebSocket and HTTP Scenario	START	1699633079488
USER	WebSocket and HTTP Scenario	START	1699633079488
USER	WebSocket and HTTP Scenario	START	1699633079488
USER	WebSocket and HTTP Scenario	START	1699633079488
USER	WebSocket and HTTP Scenario	START	1699633079488
USER	WebSocket and HTTP Scenario	START	1699633079488
USER	WebSocket and HTTP Scenario	START	1699633079488
USER	WebSocket and HTTP Scenario	START	1699633079488
USER	WebSocket and HTTP Scenario	START	1699633079488
USER	WebSocket and HTTP Scenario	START	1699633079488
USER	WebSocket and HTTP Scenario	START	1699633079488
USER	WebSocket and HTTP Scenario	START	1699633079488
USER	WebSocket and HTTP Scenario	START	1699633079488
USER	WebSocket and HTTP Scenario	START	1699633079488
USER	WebSocket and HTTP Scenario	START	1699633079488
USER	WebSocket and HTTP Scenario	START	1699633079488
USER	WebSocket and HTTP Scenario	START	1699633079488
USER	WebSocket and HTTP Scenario	START	1699633079488
USER	WebSocket and HTTP Scenario	START	1699633079488
USER	WebSocket and HTTP Scenario	START	1699633079488
USER	WebSocket and HTTP Scenario	START	1699633079488
USER	WebSocket and HTTP Scenario	START	1699633079488
USER	WebSocket and HTTP Scenario	START	1699633079489
USER	WebSocket and HTTP Scenario	START	1699633079489
USER	WebSocket and HTTP Scenario	START	1699633079489
USER	WebSocket and HTTP Scenario	START	1699633079489
USER	WebSocket and HTTP Scenario	START	1699633079489
USER	WebSocket and HTTP Scenario	START	1699633079489
USER	WebSocket and HTTP Scenario	START	1699633079489
USER	WebSocket and HTTP Scenario	START	1699633079489
USER	WebSocket and HTTP Scenario	START	1699633079490
USER	WebSocket and HTTP Scenario	START	1699633079491
REQUEST		WebSocket Connect	1699633079536	1699633079662	OK	 
REQUEST		WebSocket Connect	1699633079523	1699633079672	OK	 
REQUEST		WebSocket Connect	1699633079523	1699633079680	OK	 
REQUEST		WebSocket Connect	1699633079527	1699633079685	OK	 
REQUEST		WebSocket Connect	1699633079536	1699633079693	OK	 
REQUEST		WebSocket Connect	1699633079523	1699633079703	OK	 
REQUEST		WebSocket Connect	1699633079536	1699633079707	OK	 
REQUEST		WebSocket Connect	1699633079523	1699633079714	OK	 
REQUEST		WebSocket Connect	1699633079537	1699633079722	OK	 
REQUEST		WebSocket Connect	1699633079536	1699633079724	OK	 
REQUEST		WebSocket Connect	1699633079523	1699633080337	OK	 
REQUEST		WebSocket Connect	1699633079537	1699633081353	OK	 
REQUEST		WebSocket Connect	1699633079526	1699633081610	OK	 
REQUEST		WebSocket Connect	1699633079537	1699633082281	OK	 
REQUEST		WebSocket Connect	1699633079538	1699633082292	OK	 
REQUEST		WebSocket Connect	1699633079537	1699633082297	OK	 
REQUEST		WebSocket Connect	1699633079538	1699633082299	OK	 
REQUEST		WebSocket Connect	1699633079527	1699633083299	OK	 
REQUEST		WebSocket Connect	1699633079539	1699633083319	OK	 
REQUEST		WebSocket Connect	1699633079536	1699633083329	OK	 
REQUEST		WebSocket Connect	1699633079538	1699633083330	OK	 
REQUEST		WebSocket Connect	1699633079538	1699633083337	OK	 
REQUEST		WebSocket Connect	1699633079539	1699633083347	OK	 
REQUEST		WebSocket Connect	1699633079539	1699633083352	OK	 
REQUEST		WebSocket Connect	1699633079526	1699633083352	OK	 
REQUEST		WebSocket Connect	1699633079537	1699633083407	OK	 
REQUEST		WebSocket Connect	1699633079524	1699633084339	OK	 
REQUEST		WebSocket Connect	1699633079538	1699633084351	OK	 
REQUEST		WebSocket Connect	1699633079539	1699633084351	OK	 
REQUEST		WebSocket Connect	1699633079539	1699633084359	OK	 
REQUEST		WebSocket Connect	1699633079541	1699633084370	OK	 
REQUEST		WebSocket Connect	1699633079540	1699633084378	OK	 
REQUEST		WebSocket Connect	1699633079541	1699633084387	OK	 
REQUEST		WebSocket Connect	1699633079524	1699633084401	OK	 
REQUEST		WebSocket Connect	1699633079540	1699633084408	OK	 
REQUEST		WebSocket Connect	1699633079527	1699633084421	OK	 
REQUEST		WebSocket Connect	1699633079526	1699633084497	OK	 
REQUEST		WebSocket Connect	1699633079542	1699633084557	OK	 
REQUEST		WebSocket Connect	1699633079523	1699633084637	OK	 
REQUEST		WebSocket Connect	1699633079540	1699633084652	OK	 
REQUEST		WebSocket Connect	1699633079541	1699633084661	OK	 
REQUEST		WebSocket Connect	1699633079541	1699633084670	OK	 
REQUEST		WebSocket Connect	1699633079541	1699633084670	OK	 
ERROR	HTTP Request: Failed to build request: No attribute named 'file_url' is defined 	1699633084679
ERROR	HTTP Request: Failed to build request: No attribute named 'file_url' is defined 	1699633084684
ERROR	HTTP Request: Failed to build request: No attribute named 'file_url' is defined 	1699633084684
ERROR	HTTP Request: Failed to build request: No attribute named 'file_url' is defined 	1699633084700
ERROR	HTTP Request: Failed to build request: No attribute named 'file_url' is defined 	1699633084700
ERROR	HTTP Request: Failed to build request: No attribute named 'file_url' is defined 	1699633084715
ERROR	HTTP Request: Failed to build request: No attribute named 'file_url' is defined 	1699633084715
ERROR	HTTP Request: Failed to build request: No attribute named 'file_url' is defined 	1699633084715
ERROR	HTTP Request: Failed to build request: No attribute named 'file_url' is defined 	1699633084732
ERROR	HTTP Request: Failed to build request: No attribute named 'file_url' is defined 	1699633084734
REQUEST		WebSocket Connect	1699633079542	1699633085329	OK	 
ERROR	HTTP Request: Failed to build request: No attribute named 'file_url' is defined 	1699633085342
REQUEST		WebSocket Connect	1699633079522	1699633085360	OK	 
REQUEST		WebSocket Connect	1699633079542	1699633085370	OK	 
REQUEST		WebSocket Connect	1699633079523	1699633085379	OK	 
REQUEST		WebSocket Connect	1699633079542	1699633085390	OK	 
REQUEST		WebSocket Connect	1699633079543	1699633085396	OK	 
REQUEST		WebSocket Connect	1699633079541	1699633085397	OK	 
ERROR	HTTP Request: Failed to build request: No attribute named 'file_url' is defined 	1699633086368
ERROR	HTTP Request: Failed to build request: No attribute named 'file_url' is defined 	1699633086618
ERROR	HTTP Request: Failed to build request: No attribute named 'file_url' is defined 	1699633087285
ERROR	HTTP Request: Failed to build request: No attribute named 'file_url' is defined 	1699633087300
ERROR	HTTP Request: Failed to build request: No attribute named 'file_url' is defined 	1699633087300
ERROR	HTTP Request: Failed to build request: No attribute named 'file_url' is defined 	1699633087302
ERROR	HTTP Request: Failed to build request: No attribute named 'file_url' is defined 	1699633088309
ERROR	HTTP Request: Failed to build request: No attribute named 'file_url' is defined 	1699633088325
ERROR	HTTP Request: Failed to build request: No attribute named 'file_url' is defined 	1699633088340
ERROR	HTTP Request: Failed to build request: No attribute named 'file_url' is defined 	1699633088340
ERROR	HTTP Request: Failed to build request: No attribute named 'file_url' is defined 	1699633088340
ERROR	HTTP Request: Failed to build request: No attribute named 'file_url' is defined 	1699633088356
ERROR	HTTP Request: Failed to build request: No attribute named 'file_url' is defined 	1699633088356
ERROR	HTTP Request: Failed to build request: No attribute named 'file_url' is defined 	1699633088357
ERROR	HTTP Request: Failed to build request: No attribute named 'file_url' is defined 	1699633088419
ERROR	HTTP Request: Failed to build request: No attribute named 'file_url' is defined 	1699633089351
ERROR	HTTP Request: Failed to build request: No attribute named 'file_url' is defined 	1699633089367
ERROR	HTTP Request: Failed to build request: No attribute named 'file_url' is defined 	1699633089367
ERROR	HTTP Request: Failed to build request: No attribute named 'file_url' is defined 	1699633089367
ERROR	HTTP Request: Failed to build request: No attribute named 'file_url' is defined 	1699633089382
ERROR	HTTP Request: Failed to build request: No attribute named 'file_url' is defined 	1699633089382
ERROR	HTTP Request: Failed to build request: No attribute named 'file_url' is defined 	1699633089398
ERROR	HTTP Request: Failed to build request: No attribute named 'file_url' is defined 	1699633089414
ERROR	HTTP Request: Failed to build request: No attribute named 'file_url' is defined 	1699633089414
ERROR	HTTP Request: Failed to build request: No attribute named 'file_url' is defined 	1699633089429
ERROR	HTTP Request: Failed to build request: No attribute named 'file_url' is defined 	1699633089507
ERROR	HTTP Request: Failed to build request: No attribute named 'file_url' is defined 	1699633089568
ERROR	HTTP Request: Failed to build request: No attribute named 'file_url' is defined 	1699633089646
ERROR	HTTP Request: Failed to build request: No attribute named 'file_url' is defined 	1699633089661
ERROR	HTTP Request: Failed to build request: No attribute named 'file_url' is defined 	1699633089677
ERROR	HTTP Request: Failed to build request: No attribute named 'file_url' is defined 	1699633089677
ERROR	HTTP Request: Failed to build request: No attribute named 'file_url' is defined 	1699633089677
ERROR	HTTP Request: Failed to build request: No attribute named 'file_url' is defined 	1699633090334
ERROR	HTTP Request: Failed to build request: No attribute named 'file_url' is defined 	1699633090366
ERROR	HTTP Request: Failed to build request: No attribute named 'file_url' is defined 	1699633090381
ERROR	HTTP Request: Failed to build request: No attribute named 'file_url' is defined 	1699633090381
ERROR	HTTP Request: Failed to build request: No attribute named 'file_url' is defined 	1699633090397
ERROR	HTTP Request: Failed to build request: No attribute named 'file_url' is defined 	1699633090397
ERROR	HTTP Request: Failed to build request: No attribute named 'file_url' is defined 	1699633090398
USER	WebSocket and HTTP Scenario	END	1699633204704
USER	WebSocket and HTTP Scenario	END	1699633204704
USER	WebSocket and HTTP Scenario	END	1699633204704
USER	WebSocket and HTTP Scenario	END	1699633204714
USER	WebSocket and HTTP Scenario	END	1699633204715
USER	WebSocket and HTTP Scenario	END	1699633204729
USER	WebSocket and HTTP Scenario	END	1699633204729
USER	WebSocket and HTTP Scenario	END	1699633204729
USER	WebSocket and HTTP Scenario	END	1699633204745
USER	WebSocket and HTTP Scenario	END	1699633204745
USER	WebSocket and HTTP Scenario	END	1699633205352
USER	WebSocket and HTTP Scenario	END	1699633206382
USER	WebSocket and HTTP Scenario	END	1699633206630
USER	WebSocket and HTTP Scenario	END	1699633207302
USER	WebSocket and HTTP Scenario	END	1699633207316
USER	WebSocket and HTTP Scenario	END	1699633207316
USER	WebSocket and HTTP Scenario	END	1699633207317
USER	WebSocket and HTTP Scenario	END	1699633208317
USER	WebSocket and HTTP Scenario	END	1699633208332
USER	WebSocket and HTTP Scenario	END	1699633208347
USER	WebSocket and HTTP Scenario	END	1699633208348
USER	WebSocket and HTTP Scenario	END	1699633208348
USER	WebSocket and HTTP Scenario	END	1699633208364
USER	WebSocket and HTTP Scenario	END	1699633208364
USER	WebSocket and HTTP Scenario	END	1699633208364
USER	WebSocket and HTTP Scenario	END	1699633208426
USER	WebSocket and HTTP Scenario	END	1699633209364
USER	WebSocket and HTTP Scenario	END	1699633209379
USER	WebSocket and HTTP Scenario	END	1699633209380
USER	WebSocket and HTTP Scenario	END	1699633209380
USER	WebSocket and HTTP Scenario	END	1699633209394
USER	WebSocket and HTTP Scenario	END	1699633209394
USER	WebSocket and HTTP Scenario	END	1699633209410
USER	WebSocket and HTTP Scenario	END	1699633209426
USER	WebSocket and HTTP Scenario	END	1699633209426
USER	WebSocket and HTTP Scenario	END	1699633209441
USER	WebSocket and HTTP Scenario	END	1699633209519
USER	WebSocket and HTTP Scenario	END	1699633209582
USER	WebSocket and HTTP Scenario	END	1699633209661
USER	WebSocket and HTTP Scenario	END	1699633209677
USER	WebSocket and HTTP Scenario	END	1699633209692
USER	WebSocket and HTTP Scenario	END	1699633209693
USER	WebSocket and HTTP Scenario	END	1699633209693
USER	WebSocket and HTTP Scenario	END	1699633210345
USER	WebSocket and HTTP Scenario	END	1699633210377
USER	WebSocket and HTTP Scenario	END	1699633210392
USER	WebSocket and HTTP Scenario	END	1699633210392
USER	WebSocket and HTTP Scenario	END	1699633210408
USER	WebSocket and HTTP Scenario	END	1699633210408
USER	WebSocket and HTTP Scenario	END	1699633210408
