RUN	computerdatabase.ComputerDatabaseSimulation	computerdatabasesimulation	1700814183725	Socket connect	3.9.5
USER	WebSocket Scenario	START	1700814185448
USER	WebSocket Scenario	START	1700814185448
USER	WebSocket Scenario	START	1700814185448
USER	WebSocket Scenario	START	1700814185449
USER	WebSocket Scenario	START	1700814185449
USER	WebSocket Scenario	START	1700814185449
USER	WebSocket Scenario	START	1700814185449
USER	WebSocket Scenario	START	1700814185448
USER	WebSocket Scenario	START	1700814185449
USER	WebSocket Scenario	START	1700814185449
USER	WebSocket Scenario	START	1700814185449
USER	WebSocket Scenario	START	1700814185449
USER	WebSocket Scenario	START	1700814185450
USER	WebSocket Scenario	START	1700814185447
USER	WebSocket Scenario	START	1700814185450
USER	WebSocket Scenario	START	1700814185450
USER	WebSocket Scenario	START	1700814185450
USER	WebSocket Scenario	START	1700814185447
USER	WebSocket Scenario	START	1700814185450
USER	WebSocket Scenario	START	1700814185451
USER	WebSocket Scenario	START	1700814185448
USER	WebSocket Scenario	START	1700814185451
USER	WebSocket Scenario	START	1700814185451
USER	WebSocket Scenario	START	1700814185451
USER	WebSocket Scenario	START	1700814185451
USER	WebSocket Scenario	START	1700814185451
USER	WebSocket Scenario	START	1700814185451
USER	WebSocket Scenario	START	1700814185451
USER	WebSocket Scenario	START	1700814185451
USER	WebSocket Scenario	START	1700814185451
REQUEST		WebSocket Connect	1700814185500	1700814185658	OK	 
REQUEST		WebSocket Connect	1700814185527	1700814185670	OK	 
REQUEST		WebSocket Connect	1700814185506	1700814185675	OK	 
REQUEST		WebSocket Connect	1700814185531	1700814185686	OK	 
REQUEST		WebSocket Connect	1700814185499	1700814185694	OK	 
REQUEST		WebSocket Connect	1700814185499	1700814185703	OK	 
REQUEST		WebSocket Connect	1700814185500	1700814185708	OK	 
REQUEST		WebSocket Connect	1700814185499	1700814185716	OK	 
REQUEST		WebSocket Connect	1700814185532	1700814185723	OK	 
REQUEST		WebSocket Connect	1700814185532	1700814185724	OK	 
REQUEST		WebSocket Connect	1700814185500	1700814186680	OK	 
REQUEST		WebSocket Connect	1700814185500	1700814187692	OK	 
REQUEST		WebSocket Connect	1700814185527	1700814187701	OK	 
REQUEST		WebSocket Connect	1700814185507	1700814188724	OK	 
REQUEST		WebSocket Connect	1700814185530	1700814188735	OK	 
REQUEST		WebSocket Connect	1700814185532	1700814188749	OK	 
REQUEST		WebSocket Connect	1700814185531	1700814188749	OK	 
REQUEST		WebSocket Connect	1700814185529	1700814189626	OK	 
REQUEST		WebSocket Connect	1700814185499	1700814189644	OK	 
REQUEST		WebSocket Connect	1700814185509	1700814189655	OK	 
REQUEST		WebSocket Connect	1700814185527	1700814189666	OK	 
REQUEST		WebSocket Connect	1700814185499	1700814189677	OK	 
REQUEST		WebSocket Connect	1700814185499	1700814189689	OK	 
REQUEST		WebSocket Connect	1700814185529	1700814189699	OK	 
REQUEST		WebSocket Connect	1700814185509	1700814189700	OK	 
REQUEST		WebSocket Connect	1700814185531	1700814190669	OK	 
REQUEST		WebSocket Connect	1700814185507	1700814190680	OK	 
REQUEST		WebSocket Connect	1700814185531	1700814190689	OK	 
REQUEST		WebSocket Connect	1700814185528	1700814190702	OK	 
REQUEST		WebSocket Connect	1700814185504	1700814190703	OK	 
REQUEST		Send Request type in Websocket	1700814195677	1700814195677	OK	 
REQUEST		Send Request type in Websocket	1700814195679	1700814195679	OK	 
REQUEST		Send Request type in Websocket	1700814195688	1700814195688	OK	 
REQUEST		Send Request type in Websocket	1700814195689	1700814195689	OK	 
REQUEST		Send Request type in Websocket	1700814195697	1700814195697	OK	 
REQUEST		Send Request type in Websocket	1700814195705	1700814195705	OK	 
REQUEST		Send Request type in Websocket	1700814195721	1700814195721	OK	 
REQUEST		Send Request type in Websocket	1700814195721	1700814195721	OK	 
REQUEST		Send Request type in Websocket	1700814195730	1700814195730	OK	 
REQUEST		Send Request type in Websocket	1700814195730	1700814195730	OK	 
REQUEST		Send Request type in Websocket	1700814196690	1700814196690	OK	 
REQUEST		Send Request type in Websocket	1700814197708	1700814197708	OK	 
REQUEST		Send Request type in Websocket	1700814197710	1700814197710	OK	 
REQUEST		Send Request type in Websocket	1700814198726	1700814198726	OK	 
REQUEST		Send Request type in Websocket	1700814198743	1700814198743	OK	 
REQUEST		Send Request type in Websocket	1700814198759	1700814198759	OK	 
REQUEST		Send Request type in Websocket	1700814198759	1700814198759	OK	 
REQUEST		Send Request type in Websocket	1700814199641	1700814199641	OK	 
REQUEST		Send Request type in Websocket	1700814199649	1700814199649	OK	 
REQUEST		Send Request type in Websocket	1700814199657	1700814199657	OK	 
REQUEST		Send Request type in Websocket	1700814199673	1700814199673	OK	 
REQUEST		Send Request type in Websocket	1700814199681	1700814199681	OK	 
REQUEST		Send Request type in Websocket	1700814199690	1700814199690	OK	 
REQUEST		Send Request type in Websocket	1700814199711	1700814199711	OK	 
REQUEST		Send Request type in Websocket	1700814199711	1700814199711	OK	 
REQUEST		Send Request type in Websocket	1700814200670	1700814200670	OK	 
REQUEST		Send Request type in Websocket	1700814200694	1700814200694	OK	 
USER	WebSocket Scenario	END	1700814200699
USER	WebSocket Scenario	END	1700814200700
USER	WebSocket Scenario	END	1700814200700
USER	WebSocket Scenario	END	1700814200700
REQUEST		Send Request type in Websocket	1700814200694	1700814200694	OK	 
REQUEST		Send Request type in Websocket	1700814200707	1700814200707	OK	 
USER	WebSocket Scenario	END	1700814200708
REQUEST		Send Request type in Websocket	1700814200707	1700814200707	OK	 
USER	WebSocket Scenario	END	1700814200708
USER	WebSocket Scenario	END	1700814200732
USER	WebSocket Scenario	END	1700814200732
USER	WebSocket Scenario	END	1700814200732
USER	WebSocket Scenario	END	1700814200740
USER	WebSocket Scenario	END	1700814201698
USER	WebSocket Scenario	END	1700814202712
USER	WebSocket Scenario	END	1700814202712
USER	WebSocket Scenario	END	1700814203734
USER	WebSocket Scenario	END	1700814203750
USER	WebSocket Scenario	END	1700814203767
USER	WebSocket Scenario	END	1700814203767
USER	WebSocket Scenario	END	1700814204651
USER	WebSocket Scenario	END	1700814204660
USER	WebSocket Scenario	END	1700814204660
USER	WebSocket Scenario	END	1700814204684
USER	WebSocket Scenario	END	1700814204684
USER	WebSocket Scenario	END	1700814204692
USER	WebSocket Scenario	END	1700814204724
USER	WebSocket Scenario	END	1700814204725
USER	WebSocket Scenario	END	1700814205677
USER	WebSocket Scenario	END	1700814205709
USER	WebSocket Scenario	END	1700814205710
USER	WebSocket Scenario	END	1700814205717
USER	WebSocket Scenario	END	1700814205717
