RUN	computerdatabase.ComputerDatabaseSimulation	computerdatabasesimulation	1700811285719	Socket connection	3.9.5
USER	WebSocket Scenario	START	1700811287547
USER	WebSocket Scenario	START	1700811287548
USER	WebSocket Scenario	START	1700811287548
USER	WebSocket Scenario	START	1700811287548
USER	WebSocket Scenario	START	1700811287548
USER	WebSocket Scenario	START	1700811287548
USER	WebSocket Scenario	START	1700811287548
USER	WebSocket Scenario	START	1700811287548
USER	WebSocket Scenario	START	1700811287549
USER	WebSocket Scenario	START	1700811287549
USER	WebSocket Scenario	START	1700811287549
USER	WebSocket Scenario	START	1700811287549
USER	WebSocket Scenario	START	1700811287549
USER	WebSocket Scenario	START	1700811287549
USER	WebSocket Scenario	START	1700811287549
USER	WebSocket Scenario	START	1700811287549
USER	WebSocket Scenario	START	1700811287549
USER	WebSocket Scenario	START	1700811287549
USER	WebSocket Scenario	START	1700811287549
USER	WebSocket Scenario	START	1700811287549
USER	WebSocket Scenario	START	1700811287549
USER	WebSocket Scenario	START	1700811287549
USER	WebSocket Scenario	START	1700811287549
USER	WebSocket Scenario	START	1700811287549
USER	WebSocket Scenario	START	1700811287549
USER	WebSocket Scenario	START	1700811287549
USER	WebSocket Scenario	START	1700811287549
USER	WebSocket Scenario	START	1700811287549
USER	WebSocket Scenario	START	1700811287550
USER	WebSocket Scenario	START	1700811287550
USER	WebSocket Scenario	START	1700811287550
USER	WebSocket Scenario	START	1700811287550
USER	WebSocket Scenario	START	1700811287550
USER	WebSocket Scenario	START	1700811287550
USER	WebSocket Scenario	START	1700811287550
USER	WebSocket Scenario	START	1700811287550
USER	WebSocket Scenario	START	1700811287550
USER	WebSocket Scenario	START	1700811287550
USER	WebSocket Scenario	START	1700811287547
USER	WebSocket Scenario	START	1700811287550
USER	WebSocket Scenario	START	1700811287550
USER	WebSocket Scenario	START	1700811287550
USER	WebSocket Scenario	START	1700811287550
USER	WebSocket Scenario	START	1700811287550
USER	WebSocket Scenario	START	1700811287550
USER	WebSocket Scenario	START	1700811287550
USER	WebSocket Scenario	START	1700811287551
USER	WebSocket Scenario	START	1700811287551
USER	WebSocket Scenario	START	1700811287551
USER	WebSocket Scenario	START	1700811287551
USER	WebSocket Scenario	START	1700811287551
USER	WebSocket Scenario	START	1700811287551
USER	WebSocket Scenario	START	1700811287551
USER	WebSocket Scenario	START	1700811287551
USER	WebSocket Scenario	START	1700811287551
USER	WebSocket Scenario	START	1700811287551
USER	WebSocket Scenario	START	1700811287551
USER	WebSocket Scenario	START	1700811287551
USER	WebSocket Scenario	START	1700811287551
USER	WebSocket Scenario	START	1700811287551
USER	WebSocket Scenario	START	1700811287551
USER	WebSocket Scenario	START	1700811287551
USER	WebSocket Scenario	START	1700811287551
USER	WebSocket Scenario	START	1700811287552
USER	WebSocket Scenario	START	1700811287552
USER	WebSocket Scenario	START	1700811287552
USER	WebSocket Scenario	START	1700811287552
USER	WebSocket Scenario	START	1700811287552
USER	WebSocket Scenario	START	1700811287552
USER	WebSocket Scenario	START	1700811287547
USER	WebSocket Scenario	START	1700811287552
USER	WebSocket Scenario	START	1700811287552
USER	WebSocket Scenario	START	1700811287552
USER	WebSocket Scenario	START	1700811287552
USER	WebSocket Scenario	START	1700811287552
USER	WebSocket Scenario	START	1700811287552
USER	WebSocket Scenario	START	1700811287552
USER	WebSocket Scenario	START	1700811287552
USER	WebSocket Scenario	START	1700811287552
USER	WebSocket Scenario	START	1700811287552
USER	WebSocket Scenario	START	1700811287552
USER	WebSocket Scenario	START	1700811287553
USER	WebSocket Scenario	START	1700811287552
USER	WebSocket Scenario	START	1700811287553
USER	WebSocket Scenario	START	1700811287553
USER	WebSocket Scenario	START	1700811287553
USER	WebSocket Scenario	START	1700811287553
USER	WebSocket Scenario	START	1700811287553
USER	WebSocket Scenario	START	1700811287553
USER	WebSocket Scenario	START	1700811287553
USER	WebSocket Scenario	START	1700811287553
USER	WebSocket Scenario	START	1700811287553
USER	WebSocket Scenario	START	1700811287553
USER	WebSocket Scenario	START	1700811287553
USER	WebSocket Scenario	START	1700811287553
USER	WebSocket Scenario	START	1700811287553
USER	WebSocket Scenario	START	1700811287553
USER	WebSocket Scenario	START	1700811287553
USER	WebSocket Scenario	START	1700811287553
USER	WebSocket Scenario	START	1700811287553
USER	WebSocket Scenario	START	1700811287553
USER	WebSocket Scenario	START	1700811287554
USER	WebSocket Scenario	START	1700811287554
USER	WebSocket Scenario	START	1700811287554
USER	WebSocket Scenario	START	1700811287554
USER	WebSocket Scenario	START	1700811287554
USER	WebSocket Scenario	START	1700811287554
USER	WebSocket Scenario	START	1700811287554
USER	WebSocket Scenario	START	1700811287554
USER	WebSocket Scenario	START	1700811287554
USER	WebSocket Scenario	START	1700811287555
USER	WebSocket Scenario	START	1700811287555
USER	WebSocket Scenario	START	1700811287555
USER	WebSocket Scenario	START	1700811287555
USER	WebSocket Scenario	START	1700811287555
USER	WebSocket Scenario	START	1700811287555
USER	WebSocket Scenario	START	1700811287555
USER	WebSocket Scenario	START	1700811287555
USER	WebSocket Scenario	START	1700811287555
USER	WebSocket Scenario	START	1700811287556
USER	WebSocket Scenario	START	1700811287556
USER	WebSocket Scenario	START	1700811287556
USER	WebSocket Scenario	START	1700811287556
USER	WebSocket Scenario	START	1700811287556
USER	WebSocket Scenario	START	1700811287556
USER	WebSocket Scenario	START	1700811287556
USER	WebSocket Scenario	START	1700811287556
USER	WebSocket Scenario	START	1700811287556
USER	WebSocket Scenario	START	1700811287556
USER	WebSocket Scenario	START	1700811287556
USER	WebSocket Scenario	START	1700811287556
USER	WebSocket Scenario	START	1700811287557
USER	WebSocket Scenario	START	1700811287557
USER	WebSocket Scenario	START	1700811287557
USER	WebSocket Scenario	START	1700811287557
USER	WebSocket Scenario	START	1700811287557
USER	WebSocket Scenario	START	1700811287558
USER	WebSocket Scenario	START	1700811287558
USER	WebSocket Scenario	START	1700811287558
USER	WebSocket Scenario	START	1700811287557
USER	WebSocket Scenario	START	1700811287557
USER	WebSocket Scenario	START	1700811287565
USER	WebSocket Scenario	START	1700811287565
USER	WebSocket Scenario	START	1700811287565
USER	WebSocket Scenario	START	1700811287565
USER	WebSocket Scenario	START	1700811287565
USER	WebSocket Scenario	START	1700811287565
USER	WebSocket Scenario	START	1700811287566
USER	WebSocket Scenario	START	1700811287566
USER	WebSocket Scenario	START	1700811287566
REQUEST		WebSocket Connect	1700811287642	1700811287849	OK	 
REQUEST		WebSocket Connect	1700811287639	1700811287849	OK	 
REQUEST		WebSocket Connect	1700811287612	1700811287869	OK	 
REQUEST		WebSocket Connect	1700811287654	1700811287869	OK	 
REQUEST		WebSocket Connect	1700811287639	1700811287890	OK	 
REQUEST		WebSocket Connect	1700811287644	1700811287890	OK	 
REQUEST		WebSocket Connect	1700811287640	1700811287901	OK	 
REQUEST		WebSocket Connect	1700811287646	1700811287907	OK	 
REQUEST		WebSocket Connect	1700811287605	1700811287919	OK	 
REQUEST		WebSocket Connect	1700811287641	1700811287922	OK	 
REQUEST		WebSocket Connect	1700811287644	1700811288172	OK	 
REQUEST		WebSocket Connect	1700811287639	1700811289179	OK	 
REQUEST		WebSocket Connect	1700811287612	1700811289180	OK	 
REQUEST		WebSocket Connect	1700811287656	1700811290190	OK	 
REQUEST		WebSocket Connect	1700811287643	1700811290218	OK	 
REQUEST		WebSocket Connect	1700811287650	1700811290228	OK	 
REQUEST		WebSocket Connect	1700811287644	1700811290229	OK	 
REQUEST		WebSocket Connect	1700811287612	1700811291121	OK	 
REQUEST		WebSocket Connect	1700811287653	1700811291141	OK	 
REQUEST		WebSocket Connect	1700811287609	1700811291146	OK	 
REQUEST		WebSocket Connect	1700811287643	1700811291154	OK	 
REQUEST		WebSocket Connect	1700811287642	1700811291164	OK	 
REQUEST		WebSocket Connect	1700811287652	1700811291170	OK	 
REQUEST		WebSocket Connect	1700811287609	1700811291181	OK	 
REQUEST		WebSocket Connect	1700811287651	1700811291182	OK	 
REQUEST		WebSocket Connect	1700811287652	1700811292143	OK	 
REQUEST		WebSocket Connect	1700811287644	1700811292154	OK	 
REQUEST		WebSocket Connect	1700811287644	1700811292163	OK	 
REQUEST		WebSocket Connect	1700811287641	1700811292169	OK	 
REQUEST		WebSocket Connect	1700811287653	1700811292179	OK	 
REQUEST		WebSocket Connect	1700811287645	1700811292187	OK	 
REQUEST		WebSocket Connect	1700811287654	1700811292193	OK	 
REQUEST		WebSocket Connect	1700811287646	1700811292202	OK	 
REQUEST		WebSocket Connect	1700811287645	1700811292211	OK	 
REQUEST		WebSocket Connect	1700811287654	1700811292220	OK	 
REQUEST		WebSocket Connect	1700811287612	1700811292229	OK	 
REQUEST		WebSocket Connect	1700811287655	1700811292238	OK	 
REQUEST		WebSocket Connect	1700811287647	1700811292248	OK	 
REQUEST		WebSocket Connect	1700811287647	1700811292257	OK	 
REQUEST		WebSocket Connect	1700811287662	1700811292265	OK	 
REQUEST		WebSocket Connect	1700811287643	1700811292265	OK	 
REQUEST		WebSocket Connect	1700811287656	1700811293208	OK	 
REQUEST		WebSocket Connect	1700811287648	1700811293239	OK	 
REQUEST		WebSocket Connect	1700811287639	1700811293269	OK	 
REQUEST		WebSocket Connect	1700811287662	1700811293278	OK	 
REQUEST		WebSocket Connect	1700811287647	1700811293303	OK	 
REQUEST		WebSocket Connect	1700811287657	1700811293330	OK	 
REQUEST		WebSocket Connect	1700811287650	1700811293352	OK	 
REQUEST		WebSocket Connect	1700811287660	1700811293370	OK	 
REQUEST		WebSocket Connect	1700811287644	1700811293378	OK	 
REQUEST		WebSocket Connect	1700811287658	1700811293394	OK	 
REQUEST		WebSocket Connect	1700811287642	1700811293405	OK	 
REQUEST		WebSocket Connect	1700811287649	1700811293414	OK	 
REQUEST		WebSocket Connect	1700811287658	1700811293422	OK	 
REQUEST		WebSocket Connect	1700811287607	1700811293435	OK	 
REQUEST		WebSocket Connect	1700811287663	1700811293441	OK	 
REQUEST		WebSocket Connect	1700811287613	1700811293453	OK	 
REQUEST		WebSocket Connect	1700811287656	1700811293467	OK	 
REQUEST		WebSocket Connect	1700811287611	1700811293476	OK	 
REQUEST		WebSocket Connect	1700811287662	1700811293485	OK	 
REQUEST		WebSocket Connect	1700811287658	1700811293495	OK	 
REQUEST		WebSocket Connect	1700811287656	1700811293509	OK	 
REQUEST		WebSocket Connect	1700811287657	1700811293519	OK	 
REQUEST		WebSocket Connect	1700811287664	1700811293527	OK	 
REQUEST		WebSocket Connect	1700811287611	1700811293535	OK	 
REQUEST		WebSocket Connect	1700811287644	1700811293544	OK	 
REQUEST		WebSocket Connect	1700811287658	1700811293553	OK	 
REQUEST		WebSocket Connect	1700811287656	1700811293560	OK	 
REQUEST		WebSocket Connect	1700811287646	1700811293568	OK	 
REQUEST		WebSocket Connect	1700811287659	1700811293578	OK	 
REQUEST		WebSocket Connect	1700811287659	1700811293589	OK	 
REQUEST		WebSocket Connect	1700811287660	1700811293597	OK	 
REQUEST		WebSocket Connect	1700811287660	1700811293597	OK	 
REQUEST		WebSocket Connect	1700811287661	1700811294431	OK	 
REQUEST		WebSocket Connect	1700811287665	1700811294442	OK	 
REQUEST		WebSocket Connect	1700811287668	1700811294476	OK	 
REQUEST		WebSocket Connect	1700811287660	1700811294499	OK	 
REQUEST		WebSocket Connect	1700811287607	1700811294511	OK	 
REQUEST		WebSocket Connect	1700811287650	1700811294537	OK	 
REQUEST		WebSocket Connect	1700811287669	1700811294550	OK	 
REQUEST		WebSocket Connect	1700811287647	1700811294559	OK	 
REQUEST		WebSocket Connect	1700811287662	1700811294572	OK	 
REQUEST		WebSocket Connect	1700811287664	1700811294586	OK	 
REQUEST		WebSocket Connect	1700811287664	1700811294598	OK	 
REQUEST		WebSocket Connect	1700811287663	1700811294606	OK	 
REQUEST		WebSocket Connect	1700811287663	1700811294616	OK	 
REQUEST		WebSocket Connect	1700811287649	1700811294625	OK	 
REQUEST		WebSocket Connect	1700811287670	1700811294633	OK	 
REQUEST		WebSocket Connect	1700811287663	1700811294644	OK	 
REQUEST		WebSocket Connect	1700811287664	1700811294656	OK	 
REQUEST		WebSocket Connect	1700811287665	1700811294663	OK	 
REQUEST		WebSocket Connect	1700811287667	1700811294675	OK	 
REQUEST		WebSocket Connect	1700811287671	1700811294683	OK	 
REQUEST		WebSocket Connect	1700811287666	1700811294703	OK	 
REQUEST		WebSocket Connect	1700811287672	1700811294715	OK	 
REQUEST		WebSocket Connect	1700811287666	1700811294726	OK	 
REQUEST		WebSocket Connect	1700811287655	1700811294739	OK	 
REQUEST		WebSocket Connect	1700811287668	1700811294746	OK	 
REQUEST		WebSocket Connect	1700811287672	1700811294756	OK	 
REQUEST		WebSocket Connect	1700811287658	1700811294770	OK	 
REQUEST		WebSocket Connect	1700811287666	1700811294783	OK	 
REQUEST		WebSocket Connect	1700811287651	1700811294796	OK	 
REQUEST		WebSocket Connect	1700811287665	1700811294806	OK	 
REQUEST		WebSocket Connect	1700811287609	1700811294816	OK	 
REQUEST		WebSocket Connect	1700811287673	1700811294817	OK	 
REQUEST		WebSocket Connect	1700811287667	1700811295601	OK	 
REQUEST		WebSocket Connect	1700811287671	1700811295633	OK	 
REQUEST		WebSocket Connect	1700811287655	1700811295648	OK	 
REQUEST		WebSocket Connect	1700811287655	1700811295667	OK	 
REQUEST		WebSocket Connect	1700811287604	1700811295696	OK	 
REQUEST		WebSocket Connect	1700811287610	1700811295714	OK	 
REQUEST		WebSocket Connect	1700811287649	1700811295723	OK	 
REQUEST		WebSocket Connect	1700811287657	1700811295740	OK	 
REQUEST		WebSocket Connect	1700811287658	1700811295754	OK	 
REQUEST		WebSocket Connect	1700811287669	1700811295765	OK	 
REQUEST		WebSocket Connect	1700811287646	1700811295780	OK	 
REQUEST		WebSocket Connect	1700811287659	1700811295793	OK	 
REQUEST		WebSocket Connect	1700811287672	1700811295805	OK	 
REQUEST		WebSocket Connect	1700811287672	1700811295815	OK	 
REQUEST		WebSocket Connect	1700811287671	1700811295832	OK	 
REQUEST		WebSocket Connect	1700811287659	1700811295839	OK	 
REQUEST		WebSocket Connect	1700811287671	1700811295862	OK	 
REQUEST		WebSocket Connect	1700811287660	1700811295871	OK	 
REQUEST		WebSocket Connect	1700811287668	1700811295879	OK	 
REQUEST		WebSocket Connect	1700811287673	1700811295889	OK	 
REQUEST		WebSocket Connect	1700811287674	1700811295901	OK	 
REQUEST		WebSocket Connect	1700811287675	1700811295915	OK	 
REQUEST		WebSocket Connect	1700811287660	1700811295921	OK	 
REQUEST		WebSocket Connect	1700811287669	1700811295940	OK	 
REQUEST		WebSocket Connect	1700811287676	1700811295949	OK	 
REQUEST		WebSocket Connect	1700811287674	1700811295959	OK	 
REQUEST		WebSocket Connect	1700811287647	1700811295965	OK	 
REQUEST		WebSocket Connect	1700811287668	1700811295975	OK	 
REQUEST		WebSocket Connect	1700811287676	1700811295982	OK	 
REQUEST		WebSocket Connect	1700811287660	1700811295990	OK	 
REQUEST		WebSocket Connect	1700811287675	1700811295998	OK	 
REQUEST		WebSocket Connect	1700811287677	1700811295998	OK	 
REQUEST		WebSocket Connect	1700811287678	1700811296863	OK	 
REQUEST		WebSocket Connect	1700811287649	1700811296864	OK	 
REQUEST		WebSocket Connect	1700811287669	1700811296891	OK	 
REQUEST		WebSocket Connect	1700811287670	1700811296901	OK	 
REQUEST		WebSocket Connect	1700811287653	1700811296911	OK	 
REQUEST		WebSocket Connect	1700811287671	1700811296921	OK	 
REQUEST		WebSocket Connect	1700811287651	1700811296932	OK	 
REQUEST		WebSocket Connect	1700811287663	1700811296932	OK	 
REQUEST		WebSocket Connect	1700811287662	1700811296954	OK	 
REQUEST		WebSocket Connect	1700811287662	1700811296956	OK	 
REQUEST		WebSocket Connect	1700811287652	1700811297049	OK	 
REQUEST		WebSocket Connect	1700811287661	1700811297573	OK	 
USER	WebSocket Scenario	END	1700811297870
USER	WebSocket Scenario	END	1700811297870
USER	WebSocket Scenario	END	1700811297885
USER	WebSocket Scenario	END	1700811297886
USER	WebSocket Scenario	END	1700811297901
USER	WebSocket Scenario	END	1700811297901
USER	WebSocket Scenario	END	1700811297917
USER	WebSocket Scenario	END	1700811297917
USER	WebSocket Scenario	END	1700811297933
USER	WebSocket Scenario	END	1700811297933
USER	WebSocket Scenario	END	1700811298184
REQUEST		WebSocket Connect	1700811287604	1700811298701	KO	i.n.h.s.SslHandshakeTimeoutException: handshake timed out after 10000ms
USER	WebSocket Scenario	END	1700811299189
USER	WebSocket Scenario	END	1700811299189
USER	WebSocket Scenario	END	1700811300205
USER	WebSocket Scenario	END	1700811300221
USER	WebSocket Scenario	END	1700811300237
USER	WebSocket Scenario	END	1700811300237
USER	WebSocket Scenario	END	1700811301128
USER	WebSocket Scenario	END	1700811301147
USER	WebSocket Scenario	END	1700811301147
USER	WebSocket Scenario	END	1700811301163
USER	WebSocket Scenario	END	1700811301179
USER	WebSocket Scenario	END	1700811301179
USER	WebSocket Scenario	END	1700811301187
USER	WebSocket Scenario	END	1700811301188
USER	WebSocket Scenario	END	1700811302145
USER	WebSocket Scenario	END	1700811302161
USER	WebSocket Scenario	END	1700811302177
USER	WebSocket Scenario	END	1700811302177
USER	WebSocket Scenario	END	1700811302193
USER	WebSocket Scenario	END	1700811302193
USER	WebSocket Scenario	END	1700811302208
USER	WebSocket Scenario	END	1700811302208
USER	WebSocket Scenario	END	1700811302224
USER	WebSocket Scenario	END	1700811302224
USER	WebSocket Scenario	END	1700811302240
USER	WebSocket Scenario	END	1700811302240
USER	WebSocket Scenario	END	1700811302255
USER	WebSocket Scenario	END	1700811302271
USER	WebSocket Scenario	END	1700811302271
USER	WebSocket Scenario	END	1700811302271
USER	WebSocket Scenario	END	1700811303216
USER	WebSocket Scenario	END	1700811303247
USER	WebSocket Scenario	END	1700811303279
USER	WebSocket Scenario	END	1700811303294
USER	WebSocket Scenario	END	1700811303310
USER	WebSocket Scenario	END	1700811303341
USER	WebSocket Scenario	END	1700811303357
USER	WebSocket Scenario	END	1700811303373
USER	WebSocket Scenario	END	1700811303389
USER	WebSocket Scenario	END	1700811303405
USER	WebSocket Scenario	END	1700811303420
USER	WebSocket Scenario	END	1700811303421
USER	WebSocket Scenario	END	1700811303436
USER	WebSocket Scenario	END	1700811303452
USER	WebSocket Scenario	END	1700811303452
USER	WebSocket Scenario	END	1700811303468
USER	WebSocket Scenario	END	1700811303484
USER	WebSocket Scenario	END	1700811303484
USER	WebSocket Scenario	END	1700811303500
USER	WebSocket Scenario	END	1700811303500
USER	WebSocket Scenario	END	1700811303515
USER	WebSocket Scenario	END	1700811303531
USER	WebSocket Scenario	END	1700811303532
USER	WebSocket Scenario	END	1700811303548
USER	WebSocket Scenario	END	1700811303548
USER	WebSocket Scenario	END	1700811303563
USER	WebSocket Scenario	END	1700811303564
USER	WebSocket Scenario	END	1700811303579
USER	WebSocket Scenario	END	1700811303579
USER	WebSocket Scenario	END	1700811303595
USER	WebSocket Scenario	END	1700811303611
USER	WebSocket Scenario	END	1700811303611
USER	WebSocket Scenario	END	1700811304432
USER	WebSocket Scenario	END	1700811304448
USER	WebSocket Scenario	END	1700811304479
USER	WebSocket Scenario	END	1700811304511
USER	WebSocket Scenario	END	1700811304526
USER	WebSocket Scenario	END	1700811304542
USER	WebSocket Scenario	END	1700811304558
USER	WebSocket Scenario	END	1700811304574
USER	WebSocket Scenario	END	1700811304574
USER	WebSocket Scenario	END	1700811304590
USER	WebSocket Scenario	END	1700811304605
USER	WebSocket Scenario	END	1700811304621
USER	WebSocket Scenario	END	1700811304621
USER	WebSocket Scenario	END	1700811304637
USER	WebSocket Scenario	END	1700811304637
USER	WebSocket Scenario	END	1700811304653
USER	WebSocket Scenario	END	1700811304669
USER	WebSocket Scenario	END	1700811304669
USER	WebSocket Scenario	END	1700811304685
USER	WebSocket Scenario	END	1700811304685
USER	WebSocket Scenario	END	1700811304716
USER	WebSocket Scenario	END	1700811304732
USER	WebSocket Scenario	END	1700811304732
USER	WebSocket Scenario	END	1700811304748
USER	WebSocket Scenario	END	1700811304748
USER	WebSocket Scenario	END	1700811304765
USER	WebSocket Scenario	END	1700811304780
USER	WebSocket Scenario	END	1700811304796
USER	WebSocket Scenario	END	1700811304811
USER	WebSocket Scenario	END	1700811304811
USER	WebSocket Scenario	END	1700811304827
USER	WebSocket Scenario	END	1700811304827
USER	WebSocket Scenario	END	1700811305617
USER	WebSocket Scenario	END	1700811305649
USER	WebSocket Scenario	END	1700811305665
USER	WebSocket Scenario	END	1700811305680
USER	WebSocket Scenario	END	1700811305712
USER	WebSocket Scenario	END	1700811305727
USER	WebSocket Scenario	END	1700811305727
USER	WebSocket Scenario	END	1700811305743
USER	WebSocket Scenario	END	1700811305759
USER	WebSocket Scenario	END	1700811305775
USER	WebSocket Scenario	END	1700811305790
USER	WebSocket Scenario	END	1700811305806
USER	WebSocket Scenario	END	1700811305806
USER	WebSocket Scenario	END	1700811305822
USER	WebSocket Scenario	END	1700811305837
USER	WebSocket Scenario	END	1700811305853
USER	WebSocket Scenario	END	1700811305869
USER	WebSocket Scenario	END	1700811305885
USER	WebSocket Scenario	END	1700811305885
USER	WebSocket Scenario	END	1700811305901
USER	WebSocket Scenario	END	1700811305917
USER	WebSocket Scenario	END	1700811305917
USER	WebSocket Scenario	END	1700811305933
USER	WebSocket Scenario	END	1700811305948
USER	WebSocket Scenario	END	1700811305964
USER	WebSocket Scenario	END	1700811305964
USER	WebSocket Scenario	END	1700811305980
USER	WebSocket Scenario	END	1700811305980
USER	WebSocket Scenario	END	1700811305995
USER	WebSocket Scenario	END	1700811305995
USER	WebSocket Scenario	END	1700811306011
USER	WebSocket Scenario	END	1700811306011
USER	WebSocket Scenario	END	1700811306879
USER	WebSocket Scenario	END	1700811306879
USER	WebSocket Scenario	END	1700811306895
USER	WebSocket Scenario	END	1700811306911
USER	WebSocket Scenario	END	1700811306927
USER	WebSocket Scenario	END	1700811306927
USER	WebSocket Scenario	END	1700811306942
USER	WebSocket Scenario	END	1700811306942
USER	WebSocket Scenario	END	1700811306958
USER	WebSocket Scenario	END	1700811306958
USER	WebSocket Scenario	END	1700811307053
USER	WebSocket Scenario	END	1700811307577
USER	WebSocket Scenario	END	1700811308711
