RUN	computerdatabase.ComputerDatabaseSimulation	computerdatabasesimulation	1700816989962	Socket connect	3.9.5
USER	WebSocket Scenario	START	1700816991686
USER	WebSocket Scenario	START	1700816991686
USER	WebSocket Scenario	START	1700816991686
USER	WebSocket Scenario	START	1700816991686
USER	WebSocket Scenario	START	1700816991687
USER	WebSocket Scenario	START	1700816991687
USER	WebSocket Scenario	START	1700816991687
USER	WebSocket Scenario	START	1700816991687
USER	WebSocket Scenario	START	1700816991687
USER	WebSocket Scenario	START	1700816991687
USER	WebSocket Scenario	START	1700816991687
USER	WebSocket Scenario	START	1700816991687
USER	WebSocket Scenario	START	1700816991687
USER	WebSocket Scenario	START	1700816991687
USER	WebSocket Scenario	START	1700816991687
USER	WebSocket Scenario	START	1700816991688
USER	WebSocket Scenario	START	1700816991688
USER	WebSocket Scenario	START	1700816991688
USER	WebSocket Scenario	START	1700816991688
USER	WebSocket Scenario	START	1700816991688
REQUEST		WebSocket Connect	1700816991739	1700816991904	OK	 
REQUEST		WebSocket Connect	1700816991737	1700816991914	OK	 
REQUEST		WebSocket Connect	1700816991741	1700816991926	OK	 
REQUEST		WebSocket Connect	1700816991734	1700816991927	OK	 
REQUEST		WebSocket Connect	1700816991741	1700816991945	OK	 
REQUEST		WebSocket Connect	1700816991735	1700816991960	OK	 
REQUEST		WebSocket Connect	1700816991735	1700816991968	OK	 
REQUEST		WebSocket Connect	1700816991735	1700816991977	OK	 
REQUEST		WebSocket Connect	1700816991760	1700816991988	OK	 
REQUEST		WebSocket Connect	1700816991734	1700816991991	OK	 
REQUEST		WebSocket Connect	1700816991741	1700816992397	OK	 
REQUEST		WebSocket Connect	1700816991741	1700816993310	OK	 
REQUEST		WebSocket Connect	1700816991757	1700816993318	OK	 
REQUEST		WebSocket Connect	1700816991757	1700816994308	OK	 
REQUEST		WebSocket Connect	1700816991734	1700816994323	OK	 
REQUEST		WebSocket Connect	1700816991739	1700816994346	OK	 
REQUEST		WebSocket Connect	1700816991735	1700816994350	OK	 
REQUEST		WebSocket Connect	1700816991735	1700816995365	OK	 
REQUEST		WebSocket Connect	1700816991758	1700816995388	OK	 
REQUEST		WebSocket Connect	1700816991740	1700816995388	OK	 
REQUEST		Send Request type in Websocket	1700817001934	1700817001934	OK	 
REQUEST		Send Request type in Websocket	1700817001934	1700817001934	OK	 
REQUEST		Send Request type in Websocket	1700817001934	1700817001934	OK	 
REQUEST		Send Request type in Websocket	1700817001934	1700817001934	OK	 
REQUEST		Send Request type in Websocket	1700817001960	1700817001960	OK	 
REQUEST		Send Request type in Websocket	1700817001975	1700817001975	OK	 
REQUEST		Send Request type in Websocket	1700817001975	1700817001975	OK	 
REQUEST		Send Request type in Websocket	1700817001991	1700817001991	OK	 
REQUEST		Send Request type in Websocket	1700817001991	1700817001991	OK	 
REQUEST		Send Request type in Websocket	1700817001992	1700817001992	OK	 
REQUEST		Send Request type in Websocket	1700817002412	1700817002412	OK	 
REQUEST		Send Request type in Websocket	1700817003315	1700817003315	OK	 
REQUEST		Send Request type in Websocket	1700817003332	1700817003332	OK	 
REQUEST		Send Request type in Websocket	1700817004319	1700817004319	OK	 
REQUEST		Send Request type in Websocket	1700817004334	1700817004334	OK	 
REQUEST		Send Request type in Websocket	1700817004349	1700817004349	OK	 
REQUEST		Send Request type in Websocket	1700817004365	1700817004365	OK	 
REQUEST		Send Request type in Websocket	1700817005366	1700817005366	OK	 
REQUEST		Send Request type in Websocket	1700817005397	1700817005397	OK	 
REQUEST		Send Request type in Websocket	1700817005397	1700817005397	OK	 
USER	WebSocket Scenario	END	1700817006950
USER	WebSocket Scenario	END	1700817006950
USER	WebSocket Scenario	END	1700817006950
USER	WebSocket Scenario	END	1700817006950
USER	WebSocket Scenario	END	1700817006975
USER	WebSocket Scenario	END	1700817006991
USER	WebSocket Scenario	END	1700817006991
USER	WebSocket Scenario	END	1700817007006
USER	WebSocket Scenario	END	1700817007006
USER	WebSocket Scenario	END	1700817007006
USER	WebSocket Scenario	END	1700817007415
USER	WebSocket Scenario	END	1700817008321
USER	WebSocket Scenario	END	1700817008335
USER	WebSocket Scenario	END	1700817009322
USER	WebSocket Scenario	END	1700817009338
USER	WebSocket Scenario	END	1700817009354
USER	WebSocket Scenario	END	1700817009370
USER	WebSocket Scenario	END	1700817010369
USER	WebSocket Scenario	END	1700817010402
USER	WebSocket Scenario	END	1700817010402
