RUN	computerdatabase.API	api	1701942888273	Api Load Send Message = 400 request	3.9.5
USER	API Scenario	START	1701942889106
USER	API Scenario	START	1701942889106
USER	API Scenario	START	1701942889106
USER	API Scenario	START	1701942889107
USER	API Scenario	START	1701942889107
USER	API Scenario	START	1701942889107
USER	API Scenario	START	1701942889107
USER	API Scenario	START	1701942889107
USER	API Scenario	START	1701942889107
USER	API Scenario	START	1701942889107
USER	API Scenario	START	1701942889107
USER	API Scenario	START	1701942889107
USER	API Scenario	START	1701942889107
USER	API Scenario	START	1701942889107
USER	API Scenario	START	1701942889107
USER	API Scenario	START	1701942889107
USER	API Scenario	START	1701942889107
USER	API Scenario	START	1701942889107
USER	API Scenario	START	1701942889107
USER	API Scenario	START	1701942889107
USER	API Scenario	START	1701942889107
USER	API Scenario	START	1701942889107
USER	API Scenario	START	1701942889108
USER	API Scenario	START	1701942889108
USER	API Scenario	START	1701942889108
USER	API Scenario	START	1701942889108
USER	API Scenario	START	1701942889108
USER	API Scenario	START	1701942889108
USER	API Scenario	START	1701942889108
USER	API Scenario	START	1701942889108
USER	API Scenario	START	1701942889108
USER	API Scenario	START	1701942889108
USER	API Scenario	START	1701942889108
USER	API Scenario	START	1701942889108
USER	API Scenario	START	1701942889108
USER	API Scenario	START	1701942889108
USER	API Scenario	START	1701942889108
USER	API Scenario	START	1701942889108
USER	API Scenario	START	1701942889108
USER	API Scenario	START	1701942889108
USER	API Scenario	START	1701942889108
USER	API Scenario	START	1701942889108
USER	API Scenario	START	1701942889108
USER	API Scenario	START	1701942889108
USER	API Scenario	START	1701942889108
USER	API Scenario	START	1701942889108
USER	API Scenario	START	1701942889108
USER	API Scenario	START	1701942889108
USER	API Scenario	START	1701942889108
USER	API Scenario	START	1701942889108
USER	API Scenario	START	1701942889108
USER	API Scenario	START	1701942889108
USER	API Scenario	START	1701942889108
USER	API Scenario	START	1701942889108
USER	API Scenario	START	1701942889108
USER	API Scenario	START	1701942889108
USER	API Scenario	START	1701942889108
USER	API Scenario	START	1701942889108
USER	API Scenario	START	1701942889108
USER	API Scenario	START	1701942889108
USER	API Scenario	START	1701942889108
USER	API Scenario	START	1701942889108
USER	API Scenario	START	1701942889108
USER	API Scenario	START	1701942889108
USER	API Scenario	START	1701942889108
USER	API Scenario	START	1701942889108
USER	API Scenario	START	1701942889108
USER	API Scenario	START	1701942889108
USER	API Scenario	START	1701942889108
USER	API Scenario	START	1701942889108
USER	API Scenario	START	1701942889108
USER	API Scenario	START	1701942889108
USER	API Scenario	START	1701942889108
USER	API Scenario	START	1701942889108
USER	API Scenario	START	1701942889109
USER	API Scenario	START	1701942889109
USER	API Scenario	START	1701942889109
USER	API Scenario	START	1701942889109
USER	API Scenario	START	1701942889109
USER	API Scenario	START	1701942889109
USER	API Scenario	START	1701942889109
USER	API Scenario	START	1701942889109
USER	API Scenario	START	1701942889109
USER	API Scenario	START	1701942889109
USER	API Scenario	START	1701942889109
USER	API Scenario	START	1701942889109
USER	API Scenario	START	1701942889109
USER	API Scenario	START	1701942889109
USER	API Scenario	START	1701942889109
USER	API Scenario	START	1701942889109
USER	API Scenario	START	1701942889109
USER	API Scenario	START	1701942889109
USER	API Scenario	START	1701942889109
USER	API Scenario	START	1701942889109
USER	API Scenario	START	1701942889109
USER	API Scenario	START	1701942889109
USER	API Scenario	START	1701942889109
USER	API Scenario	START	1701942889109
USER	API Scenario	START	1701942889109
USER	API Scenario	START	1701942889110
USER	API Scenario	START	1701942889110
USER	API Scenario	START	1701942889110
USER	API Scenario	START	1701942889110
USER	API Scenario	START	1701942889110
USER	API Scenario	START	1701942889110
USER	API Scenario	START	1701942889110
USER	API Scenario	START	1701942889110
USER	API Scenario	START	1701942889110
USER	API Scenario	START	1701942889110
USER	API Scenario	START	1701942889110
USER	API Scenario	START	1701942889110
USER	API Scenario	START	1701942889110
USER	API Scenario	START	1701942889110
USER	API Scenario	START	1701942889110
USER	API Scenario	START	1701942889110
USER	API Scenario	START	1701942889110
USER	API Scenario	START	1701942889110
USER	API Scenario	START	1701942889110
USER	API Scenario	START	1701942889110
USER	API Scenario	START	1701942889110
USER	API Scenario	START	1701942889110
USER	API Scenario	START	1701942889110
USER	API Scenario	START	1701942889110
USER	API Scenario	START	1701942889110
USER	API Scenario	START	1701942889110
USER	API Scenario	START	1701942889110
USER	API Scenario	START	1701942889110
USER	API Scenario	START	1701942889110
USER	API Scenario	START	1701942889110
USER	API Scenario	START	1701942889110
USER	API Scenario	START	1701942889111
USER	API Scenario	START	1701942889111
USER	API Scenario	START	1701942889111
USER	API Scenario	START	1701942889111
USER	API Scenario	START	1701942889111
USER	API Scenario	START	1701942889111
USER	API Scenario	START	1701942889111
USER	API Scenario	START	1701942889111
USER	API Scenario	START	1701942889111
USER	API Scenario	START	1701942889111
USER	API Scenario	START	1701942889111
USER	API Scenario	START	1701942889111
USER	API Scenario	START	1701942889111
USER	API Scenario	START	1701942889111
USER	API Scenario	START	1701942889111
USER	API Scenario	START	1701942889111
USER	API Scenario	START	1701942889111
USER	API Scenario	START	1701942889111
USER	API Scenario	START	1701942889111
USER	API Scenario	START	1701942889111
USER	API Scenario	START	1701942889111
USER	API Scenario	START	1701942889110
USER	API Scenario	START	1701942889111
USER	API Scenario	START	1701942889111
USER	API Scenario	START	1701942889111
USER	API Scenario	START	1701942889111
USER	API Scenario	START	1701942889111
USER	API Scenario	START	1701942889111
USER	API Scenario	START	1701942889111
USER	API Scenario	START	1701942889112
USER	API Scenario	START	1701942889112
USER	API Scenario	START	1701942889112
USER	API Scenario	START	1701942889112
USER	API Scenario	START	1701942889112
USER	API Scenario	START	1701942889112
USER	API Scenario	START	1701942889112
USER	API Scenario	START	1701942889112
USER	API Scenario	START	1701942889112
USER	API Scenario	START	1701942889112
USER	API Scenario	START	1701942889112
USER	API Scenario	START	1701942889112
USER	API Scenario	START	1701942889112
USER	API Scenario	START	1701942889112
USER	API Scenario	START	1701942889112
USER	API Scenario	START	1701942889112
USER	API Scenario	START	1701942889112
USER	API Scenario	START	1701942889112
USER	API Scenario	START	1701942889112
USER	API Scenario	START	1701942889112
USER	API Scenario	START	1701942889112
USER	API Scenario	START	1701942889112
USER	API Scenario	START	1701942889112
USER	API Scenario	START	1701942889112
USER	API Scenario	START	1701942889112
USER	API Scenario	START	1701942889112
USER	API Scenario	START	1701942889112
USER	API Scenario	START	1701942889112
USER	API Scenario	START	1701942889112
USER	API Scenario	START	1701942889112
USER	API Scenario	START	1701942889112
USER	API Scenario	START	1701942889112
USER	API Scenario	START	1701942889112
USER	API Scenario	START	1701942889112
USER	API Scenario	START	1701942889112
USER	API Scenario	START	1701942889112
USER	API Scenario	START	1701942889112
USER	API Scenario	START	1701942889112
USER	API Scenario	START	1701942889112
USER	API Scenario	START	1701942889112
USER	API Scenario	START	1701942889112
USER	API Scenario	START	1701942889112
USER	API Scenario	START	1701942889112
USER	API Scenario	START	1701942889112
USER	API Scenario	START	1701942889112
USER	API Scenario	START	1701942889112
USER	API Scenario	START	1701942889112
USER	API Scenario	START	1701942889113
USER	API Scenario	START	1701942889113
USER	API Scenario	START	1701942889113
USER	API Scenario	START	1701942889113
USER	API Scenario	START	1701942889113
USER	API Scenario	START	1701942889113
USER	API Scenario	START	1701942889113
USER	API Scenario	START	1701942889113
USER	API Scenario	START	1701942889113
USER	API Scenario	START	1701942889113
USER	API Scenario	START	1701942889113
USER	API Scenario	START	1701942889113
USER	API Scenario	START	1701942889113
USER	API Scenario	START	1701942889113
USER	API Scenario	START	1701942889113
USER	API Scenario	START	1701942889113
USER	API Scenario	START	1701942889113
USER	API Scenario	START	1701942889113
USER	API Scenario	START	1701942889113
USER	API Scenario	START	1701942889113
USER	API Scenario	START	1701942889113
USER	API Scenario	START	1701942889113
USER	API Scenario	START	1701942889113
USER	API Scenario	START	1701942889113
USER	API Scenario	START	1701942889113
USER	API Scenario	START	1701942889113
USER	API Scenario	START	1701942889113
USER	API Scenario	START	1701942889113
USER	API Scenario	START	1701942889113
USER	API Scenario	START	1701942889113
USER	API Scenario	START	1701942889113
USER	API Scenario	START	1701942889113
USER	API Scenario	START	1701942889113
USER	API Scenario	START	1701942889113
USER	API Scenario	START	1701942889113
USER	API Scenario	START	1701942889113
USER	API Scenario	START	1701942889113
USER	API Scenario	START	1701942889113
USER	API Scenario	START	1701942889113
USER	API Scenario	START	1701942889113
USER	API Scenario	START	1701942889113
USER	API Scenario	START	1701942889113
USER	API Scenario	START	1701942889113
USER	API Scenario	START	1701942889113
USER	API Scenario	START	1701942889114
USER	API Scenario	START	1701942889114
USER	API Scenario	START	1701942889114
USER	API Scenario	START	1701942889114
USER	API Scenario	START	1701942889114
USER	API Scenario	START	1701942889114
USER	API Scenario	START	1701942889114
USER	API Scenario	START	1701942889114
USER	API Scenario	START	1701942889114
USER	API Scenario	START	1701942889114
USER	API Scenario	START	1701942889114
USER	API Scenario	START	1701942889114
USER	API Scenario	START	1701942889115
USER	API Scenario	START	1701942889115
USER	API Scenario	START	1701942889115
USER	API Scenario	START	1701942889115
USER	API Scenario	START	1701942889115
USER	API Scenario	START	1701942889115
USER	API Scenario	START	1701942889115
USER	API Scenario	START	1701942889115
USER	API Scenario	START	1701942889115
USER	API Scenario	START	1701942889116
USER	API Scenario	START	1701942889116
USER	API Scenario	START	1701942889116
USER	API Scenario	START	1701942889116
USER	API Scenario	START	1701942889116
USER	API Scenario	START	1701942889116
USER	API Scenario	START	1701942889116
USER	API Scenario	START	1701942889116
USER	API Scenario	START	1701942889116
USER	API Scenario	START	1701942889116
USER	API Scenario	START	1701942889116
USER	API Scenario	START	1701942889116
USER	API Scenario	START	1701942889116
USER	API Scenario	START	1701942889116
USER	API Scenario	START	1701942889116
USER	API Scenario	START	1701942889116
USER	API Scenario	START	1701942889116
USER	API Scenario	START	1701942889116
USER	API Scenario	START	1701942889120
USER	API Scenario	START	1701942889120
USER	API Scenario	START	1701942889120
USER	API Scenario	START	1701942889120
USER	API Scenario	START	1701942889120
USER	API Scenario	START	1701942889120
USER	API Scenario	START	1701942889121
USER	API Scenario	START	1701942889121
USER	API Scenario	START	1701942889121
USER	API Scenario	START	1701942889121
USER	API Scenario	START	1701942889121
USER	API Scenario	START	1701942889121
USER	API Scenario	START	1701942889121
USER	API Scenario	START	1701942889121
USER	API Scenario	START	1701942889121
USER	API Scenario	START	1701942889121
USER	API Scenario	START	1701942889121
USER	API Scenario	START	1701942889121
USER	API Scenario	START	1701942889121
USER	API Scenario	START	1701942889121
USER	API Scenario	START	1701942889121
USER	API Scenario	START	1701942889121
USER	API Scenario	START	1701942889121
USER	API Scenario	START	1701942889121
USER	API Scenario	START	1701942889121
USER	API Scenario	START	1701942889121
USER	API Scenario	START	1701942889121
USER	API Scenario	START	1701942889121
USER	API Scenario	START	1701942889121
USER	API Scenario	START	1701942889121
USER	API Scenario	START	1701942889121
USER	API Scenario	START	1701942889121
USER	API Scenario	START	1701942889121
USER	API Scenario	START	1701942889122
USER	API Scenario	START	1701942889122
USER	API Scenario	START	1701942889122
USER	API Scenario	START	1701942889122
USER	API Scenario	START	1701942889122
USER	API Scenario	START	1701942889122
USER	API Scenario	START	1701942889123
USER	API Scenario	START	1701942889123
USER	API Scenario	START	1701942889123
USER	API Scenario	START	1701942889123
USER	API Scenario	START	1701942889123
USER	API Scenario	START	1701942889123
USER	API Scenario	START	1701942889123
USER	API Scenario	START	1701942889123
USER	API Scenario	START	1701942889124
USER	API Scenario	START	1701942889124
USER	API Scenario	START	1701942889124
USER	API Scenario	START	1701942889124
USER	API Scenario	START	1701942889124
USER	API Scenario	START	1701942889124
USER	API Scenario	START	1701942889124
USER	API Scenario	START	1701942889124
USER	API Scenario	START	1701942889124
USER	API Scenario	START	1701942889124
USER	API Scenario	START	1701942889124
USER	API Scenario	START	1701942889124
USER	API Scenario	START	1701942889124
USER	API Scenario	START	1701942889124
USER	API Scenario	START	1701942889125
USER	API Scenario	START	1701942889125
USER	API Scenario	START	1701942889125
USER	API Scenario	START	1701942889125
USER	API Scenario	START	1701942889125
USER	API Scenario	START	1701942889126
USER	API Scenario	START	1701942889126
USER	API Scenario	START	1701942889126
USER	API Scenario	START	1701942889126
USER	API Scenario	START	1701942889126
USER	API Scenario	START	1701942889126
USER	API Scenario	START	1701942889127
USER	API Scenario	START	1701942889127
USER	API Scenario	START	1701942889127
USER	API Scenario	START	1701942889127
USER	API Scenario	START	1701942889127
USER	API Scenario	START	1701942889129
USER	API Scenario	START	1701942889129
USER	API Scenario	START	1701942889129
USER	API Scenario	START	1701942889129
USER	API Scenario	START	1701942889129
USER	API Scenario	START	1701942889129
USER	API Scenario	START	1701942889129
USER	API Scenario	START	1701942889129
USER	API Scenario	START	1701942889131
USER	API Scenario	START	1701942889131
USER	API Scenario	START	1701942889131
USER	API Scenario	START	1701942889131
USER	API Scenario	START	1701942889131
USER	API Scenario	START	1701942889131
USER	API Scenario	START	1701942889131
USER	API Scenario	START	1701942889131
USER	API Scenario	START	1701942889131
USER	API Scenario	START	1701942889131
USER	API Scenario	START	1701942889131
USER	API Scenario	START	1701942889131
USER	API Scenario	START	1701942889131
USER	API Scenario	START	1701942889131
USER	API Scenario	START	1701942889151
USER	API Scenario	START	1701942889151
USER	API Scenario	START	1701942889151
USER	API Scenario	START	1701942889151
USER	API Scenario	START	1701942889151
USER	API Scenario	START	1701942889151
USER	API Scenario	START	1701942889151
USER	API Scenario	START	1701942889153
USER	API Scenario	START	1701942889153
USER	API Scenario	START	1701942889153
USER	API Scenario	START	1701942889179
USER	API Scenario	START	1701942889179
REQUEST		Send API Request	1701942889152	1701942889465	OK	 
REQUEST		Send API Request	1701942889151	1701942889469	OK	 
USER	API Scenario	END	1701942889539
USER	API Scenario	END	1701942889539
REQUEST		Send API Request	1701942889156	1701942889541	OK	 
USER	API Scenario	END	1701942889542
REQUEST		Send API Request	1701942889154	1701942889543	OK	 
USER	API Scenario	END	1701942889543
REQUEST		Send API Request	1701942889170	1701942889574	OK	 
USER	API Scenario	END	1701942889575
REQUEST		Send API Request	1701942889149	1701942889629	OK	 
USER	API Scenario	END	1701942889629
REQUEST		Send API Request	1701942889150	1701942889637	OK	 
USER	API Scenario	END	1701942889638
REQUEST		Send API Request	1701942889169	1701942889641	OK	 
USER	API Scenario	END	1701942889642
REQUEST		Send API Request	1701942889149	1701942889654	OK	 
USER	API Scenario	END	1701942889655
REQUEST		Send API Request	1701942889153	1701942889661	OK	 
USER	API Scenario	END	1701942889662
REQUEST		Send API Request	1701942889151	1701942889666	OK	 
USER	API Scenario	END	1701942889667
REQUEST		Send API Request	1701942889155	1701942889668	OK	 
REQUEST		Send API Request	1701942889151	1701942889668	OK	 
USER	API Scenario	END	1701942889669
USER	API Scenario	END	1701942889669
REQUEST		Send API Request	1701942889156	1701942889672	OK	 
USER	API Scenario	END	1701942889673
REQUEST		Send API Request	1701942889157	1701942889733	OK	 
USER	API Scenario	END	1701942889734
REQUEST		Send API Request	1701942889170	1701942889774	OK	 
USER	API Scenario	END	1701942889776
REQUEST		Send API Request	1701942889171	1701942889787	OK	 
USER	API Scenario	END	1701942889788
REQUEST		Send API Request	1701942889164	1701942889790	OK	 
USER	API Scenario	END	1701942889791
REQUEST		Send API Request	1701942889157	1701942889799	OK	 
USER	API Scenario	END	1701942889800
REQUEST		Send API Request	1701942889149	1701942889810	OK	 
REQUEST		Send API Request	1701942889157	1701942889810	OK	 
USER	API Scenario	END	1701942889811
USER	API Scenario	END	1701942889811
REQUEST		Send API Request	1701942889158	1701942889811	OK	 
USER	API Scenario	END	1701942889812
REQUEST		Send API Request	1701942889158	1701942889813	OK	 
USER	API Scenario	END	1701942889813
REQUEST		Send API Request	1701942889172	1701942889820	OK	 
USER	API Scenario	END	1701942889821
REQUEST		Send API Request	1701942889160	1701942889842	OK	 
USER	API Scenario	END	1701942889842
REQUEST		Send API Request	1701942889153	1701942889973	OK	 
REQUEST		Send API Request	1701942889162	1701942889973	OK	 
REQUEST		Send API Request	1701942889157	1701942889973	OK	 
REQUEST		Send API Request	1701942889173	1701942889973	OK	 
REQUEST		Send API Request	1701942889168	1701942889973	OK	 
USER	API Scenario	END	1701942889974
USER	API Scenario	END	1701942889974
USER	API Scenario	END	1701942889974
USER	API Scenario	END	1701942889974
USER	API Scenario	END	1701942889974
REQUEST		Send API Request	1701942889174	1701942889976	OK	 
REQUEST		Send API Request	1701942889158	1701942889976	OK	 
REQUEST		Send API Request	1701942889152	1701942889976	OK	 
USER	API Scenario	END	1701942889977
USER	API Scenario	END	1701942889977
USER	API Scenario	END	1701942889977
REQUEST		Send API Request	1701942889160	1701942889978	OK	 
USER	API Scenario	END	1701942889979
REQUEST		Send API Request	1701942889176	1701942890076	OK	 
USER	API Scenario	END	1701942890077
REQUEST		Send API Request	1701942889162	1701942890135	OK	 
USER	API Scenario	END	1701942890136
REQUEST		Send API Request	1701942889157	1701942890138	OK	 
USER	API Scenario	END	1701942890139
REQUEST		Send API Request	1701942889163	1701942890143	OK	 
USER	API Scenario	END	1701942890144
REQUEST		Send API Request	1701942889163	1701942890146	OK	 
USER	API Scenario	END	1701942890147
REQUEST		Send API Request	1701942889190	1701942890148	OK	 
USER	API Scenario	END	1701942890149
REQUEST		Send API Request	1701942889164	1701942890149	OK	 
USER	API Scenario	END	1701942890150
REQUEST		Send API Request	1701942889163	1701942890154	OK	 
USER	API Scenario	END	1701942890154
REQUEST		Send API Request	1701942889161	1701942890155	OK	 
USER	API Scenario	END	1701942890156
REQUEST		Send API Request	1701942889165	1701942890158	OK	 
USER	API Scenario	END	1701942890159
REQUEST		Send API Request	1701942889178	1701942890178	OK	 
USER	API Scenario	END	1701942890179
REQUEST		Send API Request	1701942889191	1701942890251	OK	 
USER	API Scenario	END	1701942890253
REQUEST		Send API Request	1701942889166	1701942890280	OK	 
USER	API Scenario	END	1701942890282
REQUEST		Send API Request	1701942889175	1701942890285	OK	 
USER	API Scenario	END	1701942890286
REQUEST		Send API Request	1701942889175	1701942890292	OK	 
USER	API Scenario	END	1701942890293
REQUEST		Send API Request	1701942889158	1701942890293	OK	 
USER	API Scenario	END	1701942890294
REQUEST		Send API Request	1701942889164	1701942890293	OK	 
USER	API Scenario	END	1701942890294
REQUEST		Send API Request	1701942889165	1701942890295	OK	 
USER	API Scenario	END	1701942890296
REQUEST		Send API Request	1701942889166	1701942890360	OK	 
REQUEST		Send API Request	1701942889162	1701942890360	OK	 
USER	API Scenario	END	1701942890362
USER	API Scenario	END	1701942890362
REQUEST		Send API Request	1701942889174	1701942890365	OK	 
USER	API Scenario	END	1701942890368
REQUEST		Send API Request	1701942889162	1701942890487	OK	 
USER	API Scenario	END	1701942890487
REQUEST		Send API Request	1701942889176	1701942890488	OK	 
USER	API Scenario	END	1701942890489
REQUEST		Send API Request	1701942889200	1701942890504	OK	 
REQUEST		Send API Request	1701942889168	1701942890504	OK	 
USER	API Scenario	END	1701942890505
USER	API Scenario	END	1701942890505
REQUEST		Send API Request	1701942889166	1701942890590	OK	 
REQUEST		Send API Request	1701942889164	1701942890590	OK	 
USER	API Scenario	END	1701942890590
USER	API Scenario	END	1701942890590
REQUEST		Send API Request	1701942889164	1701942890692	OK	 
REQUEST		Send API Request	1701942889175	1701942890692	OK	 
REQUEST		Send API Request	1701942889202	1701942890692	OK	 
USER	API Scenario	END	1701942890694
USER	API Scenario	END	1701942890694
USER	API Scenario	END	1701942890694
REQUEST		Send API Request	1701942889171	1701942890692	OK	 
USER	API Scenario	END	1701942890694
REQUEST		Send API Request	1701942889179	1701942890793	OK	 
REQUEST		Send API Request	1701942889182	1701942890793	OK	 
USER	API Scenario	END	1701942890794
USER	API Scenario	END	1701942890794
REQUEST		Send API Request	1701942889182	1701942890795	OK	 
USER	API Scenario	END	1701942890795
REQUEST		Send API Request	1701942889160	1701942890874	OK	 
USER	API Scenario	END	1701942890875
REQUEST		Send API Request	1701942889160	1701942890885	OK	 
USER	API Scenario	END	1701942890887
REQUEST		Send API Request	1701942889184	1701942890888	OK	 
USER	API Scenario	END	1701942890889
REQUEST		Send API Request	1701942889170	1701942890889	OK	 
USER	API Scenario	END	1701942890890
REQUEST		Send API Request	1701942889181	1701942890904	OK	 
USER	API Scenario	END	1701942890904
REQUEST		Send API Request	1701942889177	1701942890906	OK	 
USER	API Scenario	END	1701942890907
REQUEST		Send API Request	1701942889166	1701942890926	OK	 
USER	API Scenario	END	1701942890927
REQUEST		Send API Request	1701942889200	1701942891003	OK	 
REQUEST		Send API Request	1701942889177	1701942891003	OK	 
USER	API Scenario	END	1701942891004
USER	API Scenario	END	1701942891005
REQUEST		Send API Request	1701942889200	1701942891005	OK	 
USER	API Scenario	END	1701942891006
REQUEST		Send API Request	1701942889202	1701942891007	OK	 
USER	API Scenario	END	1701942891008
REQUEST		Send API Request	1701942889183	1701942891011	OK	 
REQUEST		Send API Request	1701942889167	1701942891011	OK	 
USER	API Scenario	END	1701942891012
USER	API Scenario	END	1701942891012
REQUEST		Send API Request	1701942889171	1701942891120	OK	 
USER	API Scenario	END	1701942891121
REQUEST		Send API Request	1701942889195	1701942891121	OK	 
REQUEST		Send API Request	1701942889177	1701942891122	OK	 
REQUEST		Send API Request	1701942889185	1701942891122	OK	 
USER	API Scenario	END	1701942891122
USER	API Scenario	END	1701942891122
USER	API Scenario	END	1701942891122
REQUEST		Send API Request	1701942889184	1701942891123	OK	 
USER	API Scenario	END	1701942891124
REQUEST		Send API Request	1701942889184	1701942891208	OK	 
USER	API Scenario	END	1701942891211
REQUEST		Send API Request	1701942889209	1701942891211	OK	 
USER	API Scenario	END	1701942891212
REQUEST		Send API Request	1701942889210	1701942891229	OK	 
USER	API Scenario	END	1701942891231
REQUEST		Send API Request	1701942889182	1701942891305	OK	 
REQUEST		Send API Request	1701942889185	1701942891305	OK	 
USER	API Scenario	END	1701942891307
USER	API Scenario	END	1701942891307
REQUEST		Send API Request	1701942889225	1701942891307	OK	 
REQUEST		Send API Request	1701942889193	1701942891307	OK	 
REQUEST		Send API Request	1701942889196	1701942891307	OK	 
USER	API Scenario	END	1701942891308
USER	API Scenario	END	1701942891308
USER	API Scenario	END	1701942891308
REQUEST		Send API Request	1701942889221	1701942891309	OK	 
REQUEST		Send API Request	1701942889184	1701942891309	OK	 
REQUEST		Send API Request	1701942889212	1701942891309	OK	 
USER	API Scenario	END	1701942891310
USER	API Scenario	END	1701942891310
USER	API Scenario	END	1701942891310
REQUEST		Send API Request	1701942889226	1701942891425	OK	 
REQUEST		Send API Request	1701942889225	1701942891425	OK	 
USER	API Scenario	END	1701942891427
USER	API Scenario	END	1701942891427
REQUEST		Send API Request	1701942889225	1701942891427	OK	 
USER	API Scenario	END	1701942891428
REQUEST		Send API Request	1701942889197	1701942891518	OK	 
USER	API Scenario	END	1701942891519
REQUEST		Send API Request	1701942889185	1701942891518	OK	 
USER	API Scenario	END	1701942891520
REQUEST		Send API Request	1701942889224	1701942891521	OK	 
USER	API Scenario	END	1701942891522
REQUEST		Send API Request	1701942889212	1701942891613	OK	 
USER	API Scenario	END	1701942891614
REQUEST		Send API Request	1701942889196	1701942891629	OK	 
REQUEST		Send API Request	1701942889229	1701942891629	OK	 
REQUEST		Send API Request	1701942889227	1701942891629	OK	 
REQUEST		Send API Request	1701942889192	1701942891630	OK	 
USER	API Scenario	END	1701942891631
REQUEST		Send API Request	1701942889222	1701942891629	OK	 
USER	API Scenario	END	1701942891632
USER	API Scenario	END	1701942891632
USER	API Scenario	END	1701942891632
USER	API Scenario	END	1701942891632
REQUEST		Send API Request	1701942889229	1701942891632	OK	 
USER	API Scenario	END	1701942891632
REQUEST		Send API Request	1701942889180	1701942891633	OK	 
USER	API Scenario	END	1701942891634
REQUEST		Send API Request	1701942889227	1701942891725	OK	 
USER	API Scenario	END	1701942891725
REQUEST		Send API Request	1701942889179	1701942891768	OK	 
REQUEST		Send API Request	1701942889193	1701942891768	OK	 
USER	API Scenario	END	1701942891769
USER	API Scenario	END	1701942891769
REQUEST		Send API Request	1701942889226	1701942891770	OK	 
USER	API Scenario	END	1701942891772
REQUEST		Send API Request	1701942889224	1701942891773	OK	 
USER	API Scenario	END	1701942891774
REQUEST		Send API Request	1701942889193	1701942891775	OK	 
USER	API Scenario	END	1701942891776
REQUEST		Send API Request	1701942889195	1701942891795	OK	 
REQUEST		Send API Request	1701942889231	1701942891795	OK	 
USER	API Scenario	END	1701942891795
USER	API Scenario	END	1701942891795
REQUEST		Send API Request	1701942889202	1701942891802	OK	 
USER	API Scenario	END	1701942891803
REQUEST		Send API Request	1701942889226	1701942891804	OK	 
USER	API Scenario	END	1701942891804
REQUEST		Send API Request	1701942889184	1701942891880	OK	 
USER	API Scenario	END	1701942891881
REQUEST		Send API Request	1701942889184	1701942891918	OK	 
REQUEST		Send API Request	1701942889215	1701942891918	OK	 
USER	API Scenario	END	1701942891919
USER	API Scenario	END	1701942891920
REQUEST		Send API Request	1701942889171	1701942891920	OK	 
USER	API Scenario	END	1701942891921
REQUEST		Send API Request	1701942889204	1701942891923	OK	 
USER	API Scenario	END	1701942891924
REQUEST		Send API Request	1701942889201	1701942891940	OK	 
USER	API Scenario	END	1701942891941
REQUEST		Send API Request	1701942889185	1701942891943	OK	 
USER	API Scenario	END	1701942891944
REQUEST		Send API Request	1701942889203	1701942891945	OK	 
USER	API Scenario	END	1701942891946
REQUEST		Send API Request	1701942889170	1701942891953	OK	 
USER	API Scenario	END	1701942891954
REQUEST		Send API Request	1701942889229	1701942892023	OK	 
USER	API Scenario	END	1701942892024
REQUEST		Send API Request	1701942889171	1701942892027	OK	 
USER	API Scenario	END	1701942892028
REQUEST		Send API Request	1701942889209	1701942892138	OK	 
USER	API Scenario	END	1701942892139
REQUEST		Send API Request	1701942889217	1701942892140	OK	 
USER	API Scenario	END	1701942892141
REQUEST		Send API Request	1701942889184	1701942892142	OK	 
REQUEST		Send API Request	1701942889202	1701942892142	OK	 
USER	API Scenario	END	1701942892143
USER	API Scenario	END	1701942892143
REQUEST		Send API Request	1701942889218	1701942892143	OK	 
USER	API Scenario	END	1701942892144
REQUEST		Send API Request	1701942889185	1701942892148	OK	 
USER	API Scenario	END	1701942892149
REQUEST		Send API Request	1701942889177	1701942892156	OK	 
USER	API Scenario	END	1701942892156
REQUEST		Send API Request	1701942889217	1701942892162	OK	 
REQUEST		Send API Request	1701942889234	1701942892162	OK	 
USER	API Scenario	END	1701942892163
USER	API Scenario	END	1701942892163
REQUEST		Send API Request	1701942889217	1701942892229	OK	 
REQUEST		Send API Request	1701942889169	1701942892229	OK	 
REQUEST		Send API Request	1701942889197	1701942892229	OK	 
USER	API Scenario	END	1701942892231
USER	API Scenario	END	1701942892231
USER	API Scenario	END	1701942892231
REQUEST		Send API Request	1701942889151	1701942892231	OK	 
USER	API Scenario	END	1701942892232
REQUEST		Send API Request	1701942889168	1701942892239	OK	 
USER	API Scenario	END	1701942892239
REQUEST		Send API Request	1701942889235	1701942892328	OK	 
REQUEST		Send API Request	1701942889169	1701942892328	OK	 
USER	API Scenario	END	1701942892329
USER	API Scenario	END	1701942892329
REQUEST		Send API Request	1701942889171	1701942892338	OK	 
USER	API Scenario	END	1701942892339
REQUEST		Send API Request	1701942889168	1701942892340	OK	 
REQUEST		Send API Request	1701942889153	1701942892340	OK	 
USER	API Scenario	END	1701942892341
USER	API Scenario	END	1701942892341
REQUEST		Send API Request	1701942889178	1701942892342	OK	 
USER	API Scenario	END	1701942892343
REQUEST		Send API Request	1701942889175	1701942892347	OK	 
USER	API Scenario	END	1701942892347
REQUEST		Send API Request	1701942889174	1701942892348	OK	 
USER	API Scenario	END	1701942892349
REQUEST		Send API Request	1701942889152	1701942892349	OK	 
USER	API Scenario	END	1701942892350
REQUEST		Send API Request	1701942889153	1701942892533	OK	 
USER	API Scenario	END	1701942892534
REQUEST		Send API Request	1701942889174	1701942892535	OK	 
REQUEST		Send API Request	1701942889176	1701942892535	OK	 
REQUEST		Send API Request	1701942889151	1701942892535	OK	 
REQUEST		Send API Request	1701942889162	1701942892535	OK	 
REQUEST		Send API Request	1701942889154	1701942892536	OK	 
REQUEST		Send API Request	1701942889165	1701942892535	OK	 
USER	API Scenario	END	1701942892537
USER	API Scenario	END	1701942892537
USER	API Scenario	END	1701942892537
USER	API Scenario	END	1701942892537
USER	API Scenario	END	1701942892537
USER	API Scenario	END	1701942892537
REQUEST		Send API Request	1701942889160	1701942892537	OK	 
REQUEST		Send API Request	1701942889154	1701942892537	OK	 
REQUEST		Send API Request	1701942889155	1701942892537	OK	 
USER	API Scenario	END	1701942892537
REQUEST		Send API Request	1701942889181	1701942892537	OK	 
USER	API Scenario	END	1701942892537
USER	API Scenario	END	1701942892537
USER	API Scenario	END	1701942892537
REQUEST		Send API Request	1701942889156	1701942892537	OK	 
REQUEST		Send API Request	1701942889154	1701942892537	OK	 
REQUEST		Send API Request	1701942889177	1701942892537	OK	 
USER	API Scenario	END	1701942892538
USER	API Scenario	END	1701942892538
USER	API Scenario	END	1701942892538
REQUEST		Send API Request	1701942889177	1701942892538	OK	 
USER	API Scenario	END	1701942892539
REQUEST		Send API Request	1701942889175	1701942892540	OK	 
USER	API Scenario	END	1701942892540
REQUEST		Send API Request	1701942889152	1701942892840	OK	 
REQUEST		Send API Request	1701942889176	1701942892840	OK	 
USER	API Scenario	END	1701942892841
USER	API Scenario	END	1701942892841
REQUEST		Send API Request	1701942889161	1701942892841	OK	 
REQUEST		Send API Request	1701942889155	1701942892841	OK	 
REQUEST		Send API Request	1701942889168	1701942892841	OK	 
USER	API Scenario	END	1701942892842
USER	API Scenario	END	1701942892842
USER	API Scenario	END	1701942892842
REQUEST		Send API Request	1701942889155	1701942892843	OK	 
REQUEST		Send API Request	1701942889156	1701942892843	OK	 
REQUEST		Send API Request	1701942889156	1701942892843	OK	 
REQUEST		Send API Request	1701942889173	1701942892843	OK	 
REQUEST		Send API Request	1701942889163	1701942892843	OK	 
USER	API Scenario	END	1701942892844
USER	API Scenario	END	1701942892844
USER	API Scenario	END	1701942892844
USER	API Scenario	END	1701942892844
USER	API Scenario	END	1701942892844
REQUEST		Send API Request	1701942889157	1701942892845	OK	 
REQUEST		Send API Request	1701942889176	1701942892845	OK	 
REQUEST		Send API Request	1701942889159	1701942892845	OK	 
USER	API Scenario	END	1701942892845
USER	API Scenario	END	1701942892846
USER	API Scenario	END	1701942892846
REQUEST		Send API Request	1701942889153	1701942892846	OK	 
USER	API Scenario	END	1701942892847
REQUEST		Send API Request	1701942889192	1701942892847	OK	 
REQUEST		Send API Request	1701942889149	1701942892847	OK	 
USER	API Scenario	END	1701942892847
USER	API Scenario	END	1701942892847
REQUEST		Send API Request	1701942889155	1701942892848	OK	 
USER	API Scenario	END	1701942892849
REQUEST		Send API Request	1701942889175	1701942893162	OK	 
USER	API Scenario	END	1701942893163
REQUEST		Send API Request	1701942889154	1701942893174	OK	 
USER	API Scenario	END	1701942893175
REQUEST		Send API Request	1701942889172	1701942893175	OK	 
USER	API Scenario	END	1701942893176
REQUEST		Send API Request	1701942889183	1701942893180	OK	 
USER	API Scenario	END	1701942893181
REQUEST		Send API Request	1701942889169	1701942893185	OK	 
USER	API Scenario	END	1701942893186
REQUEST		Send API Request	1701942889183	1701942893189	OK	 
USER	API Scenario	END	1701942893190
REQUEST		Send API Request	1701942889167	1701942893193	OK	 
USER	API Scenario	END	1701942893194
REQUEST		Send API Request	1701942889182	1701942893195	OK	 
USER	API Scenario	END	1701942893195
REQUEST		Send API Request	1701942889159	1701942893197	OK	 
USER	API Scenario	END	1701942893198
REQUEST		Send API Request	1701942889167	1701942893199	OK	 
USER	API Scenario	END	1701942893200
REQUEST		Send API Request	1701942889163	1701942893201	OK	 
USER	API Scenario	END	1701942893201
REQUEST		Send API Request	1701942889156	1701942893208	OK	 
REQUEST		Send API Request	1701942889159	1701942893208	OK	 
REQUEST		Send API Request	1701942889180	1701942893208	OK	 
USER	API Scenario	END	1701942893209
USER	API Scenario	END	1701942893209
USER	API Scenario	END	1701942893209
REQUEST		Send API Request	1701942889161	1701942893210	OK	 
REQUEST		Send API Request	1701942889180	1701942893210	OK	 
USER	API Scenario	END	1701942893210
USER	API Scenario	END	1701942893210
REQUEST		Send API Request	1701942889165	1701942893214	OK	 
USER	API Scenario	END	1701942893214
REQUEST		Send API Request	1701942889156	1701942893215	OK	 
USER	API Scenario	END	1701942893216
REQUEST		Send API Request	1701942889159	1701942893224	OK	 
USER	API Scenario	END	1701942893225
REQUEST		Send API Request	1701942889160	1701942893226	OK	 
USER	API Scenario	END	1701942893226
REQUEST		Send API Request	1701942889177	1701942893253	OK	 
USER	API Scenario	END	1701942893254
REQUEST		Send API Request	1701942889177	1701942893255	OK	 
USER	API Scenario	END	1701942893256
REQUEST		Send API Request	1701942889183	1701942893257	OK	 
USER	API Scenario	END	1701942893257
REQUEST		Send API Request	1701942889184	1701942893266	OK	 
USER	API Scenario	END	1701942893266
REQUEST		Send API Request	1701942889156	1701942893354	OK	 
REQUEST		Send API Request	1701942889158	1701942893354	OK	 
USER	API Scenario	END	1701942893355
USER	API Scenario	END	1701942893355
REQUEST		Send API Request	1701942889162	1701942893356	OK	 
USER	API Scenario	END	1701942893357
REQUEST		Send API Request	1701942889154	1701942893360	OK	 
USER	API Scenario	END	1701942893361
REQUEST		Send API Request	1701942889159	1701942893361	OK	 
USER	API Scenario	END	1701942893362
REQUEST		Send API Request	1701942889182	1701942893362	OK	 
USER	API Scenario	END	1701942893363
REQUEST		Send API Request	1701942889157	1701942893367	OK	 
USER	API Scenario	END	1701942893367
REQUEST		Send API Request	1701942889184	1701942893454	OK	 
REQUEST		Send API Request	1701942889160	1701942893454	OK	 
REQUEST		Send API Request	1701942889167	1701942893454	OK	 
USER	API Scenario	END	1701942893455
USER	API Scenario	END	1701942893455
USER	API Scenario	END	1701942893455
REQUEST		Send API Request	1701942889165	1701942893457	OK	 
REQUEST		Send API Request	1701942889158	1701942893456	OK	 
USER	API Scenario	END	1701942893457
USER	API Scenario	END	1701942893457
REQUEST		Send API Request	1701942889186	1701942893459	OK	 
USER	API Scenario	END	1701942893459
REQUEST		Send API Request	1701942889163	1701942893459	OK	 
USER	API Scenario	END	1701942893459
REQUEST		Send API Request	1701942889166	1701942893460	OK	 
USER	API Scenario	END	1701942893460
REQUEST		Send API Request	1701942889185	1701942893460	OK	 
USER	API Scenario	END	1701942893460
REQUEST		Send API Request	1701942889151	1701942893462	OK	 
USER	API Scenario	END	1701942893463
REQUEST		Send API Request	1701942889190	1701942893469	OK	 
USER	API Scenario	END	1701942893469
REQUEST		Send API Request	1701942889211	1701942893474	OK	 
USER	API Scenario	END	1701942893475
REQUEST		Send API Request	1701942889184	1701942893476	OK	 
USER	API Scenario	END	1701942893476
REQUEST		Send API Request	1701942889166	1701942893493	OK	 
REQUEST		Send API Request	1701942889166	1701942893493	OK	 
USER	API Scenario	END	1701942893494
USER	API Scenario	END	1701942893494
REQUEST		Send API Request	1701942889211	1701942893496	OK	 
USER	API Scenario	END	1701942893496
REQUEST		Send API Request	1701942889164	1701942893500	OK	 
USER	API Scenario	END	1701942893500
REQUEST		Send API Request	1701942889182	1701942893502	OK	 
USER	API Scenario	END	1701942893502
REQUEST		Send API Request	1701942889186	1701942893590	OK	 
USER	API Scenario	END	1701942893590
REQUEST		Send API Request	1701942889172	1701942893591	OK	 
USER	API Scenario	END	1701942893592
REQUEST		Send API Request	1701942889187	1701942893676	OK	 
USER	API Scenario	END	1701942893676
REQUEST		Send API Request	1701942889165	1701942893704	OK	 
USER	API Scenario	END	1701942893705
REQUEST		Send API Request	1701942889153	1701942893706	OK	 
USER	API Scenario	END	1701942893707
REQUEST		Send API Request	1701942889176	1701942893712	OK	 
USER	API Scenario	END	1701942893713
REQUEST		Send API Request	1701942889211	1701942893726	OK	 
USER	API Scenario	END	1701942893727
REQUEST		Send API Request	1701942889149	1701942893729	OK	 
USER	API Scenario	END	1701942893730
REQUEST		Send API Request	1701942889153	1701942893734	OK	 
USER	API Scenario	END	1701942893735
REQUEST		Send API Request	1701942889195	1701942893736	OK	 
REQUEST		Send API Request	1701942889210	1701942893736	OK	 
USER	API Scenario	END	1701942893737
USER	API Scenario	END	1701942893737
REQUEST		Send API Request	1701942889170	1701942893738	OK	 
REQUEST		Send API Request	1701942889184	1701942893738	OK	 
USER	API Scenario	END	1701942893738
USER	API Scenario	END	1701942893739
REQUEST		Send API Request	1701942889183	1701942893739	OK	 
USER	API Scenario	END	1701942893740
REQUEST		Send API Request	1701942889192	1701942893740	OK	 
USER	API Scenario	END	1701942893740
REQUEST		Send API Request	1701942889211	1701942893742	OK	 
USER	API Scenario	END	1701942893743
REQUEST		Send API Request	1701942889185	1701942893746	OK	 
USER	API Scenario	END	1701942893746
REQUEST		Send API Request	1701942889226	1701942893746	OK	 
REQUEST		Send API Request	1701942889193	1701942893746	OK	 
USER	API Scenario	END	1701942893747
USER	API Scenario	END	1701942893747
REQUEST		Send API Request	1701942889178	1701942893749	OK	 
USER	API Scenario	END	1701942893750
REQUEST		Send API Request	1701942889181	1701942893751	OK	 
REQUEST		Send API Request	1701942889173	1701942893751	OK	 
REQUEST		Send API Request	1701942889151	1701942893751	OK	 
USER	API Scenario	END	1701942893751
USER	API Scenario	END	1701942893751
USER	API Scenario	END	1701942893751
REQUEST		Send API Request	1701942889185	1701942893761	OK	 
USER	API Scenario	END	1701942893762
REQUEST		Send API Request	1701942889201	1701942893769	OK	 
USER	API Scenario	END	1701942893769
REQUEST		Send API Request	1701942889185	1701942893788	OK	 
USER	API Scenario	END	1701942893788
REQUEST		Send API Request	1701942889186	1701942893814	OK	 
USER	API Scenario	END	1701942893814
REQUEST		Send API Request	1701942889183	1701942893816	OK	 
USER	API Scenario	END	1701942893817
REQUEST		Send API Request	1701942889195	1701942893967	OK	 
REQUEST		Send API Request	1701942889175	1701942893967	OK	 
USER	API Scenario	END	1701942893968
USER	API Scenario	END	1701942893968
REQUEST		Send API Request	1701942889186	1701942893969	OK	 
USER	API Scenario	END	1701942893969
REQUEST		Send API Request	1701942889169	1701942893974	OK	 
USER	API Scenario	END	1701942893974
REQUEST		Send API Request	1701942889177	1701942893979	OK	 
USER	API Scenario	END	1701942893980
REQUEST		Send API Request	1701942889175	1701942893981	OK	 
REQUEST		Send API Request	1701942889199	1701942893981	OK	 
USER	API Scenario	END	1701942893981
USER	API Scenario	END	1701942893981
REQUEST		Send API Request	1701942889204	1701942894068	OK	 
REQUEST		Send API Request	1701942889190	1701942894068	OK	 
USER	API Scenario	END	1701942894069
USER	API Scenario	END	1701942894069
REQUEST		Send API Request	1701942889202	1701942894071	OK	 
REQUEST		Send API Request	1701942889176	1701942894071	OK	 
REQUEST		Send API Request	1701942889173	1701942894072	OK	 
REQUEST		Send API Request	1701942889210	1701942894073	OK	 
REQUEST		Send API Request	1701942889173	1701942894073	OK	 
REQUEST		Send API Request	1701942889183	1701942894073	OK	 
REQUEST		Send API Request	1701942889198	1701942894074	OK	 
REQUEST		Send API Request	1701942889174	1701942894074	OK	 
USER	API Scenario	END	1701942894075
REQUEST		Send API Request	1701942889195	1701942894075	OK	 
REQUEST		Send API Request	1701942889196	1701942894074	OK	 
USER	API Scenario	END	1701942894075
USER	API Scenario	END	1701942894075
USER	API Scenario	END	1701942894075
USER	API Scenario	END	1701942894075
USER	API Scenario	END	1701942894075
USER	API Scenario	END	1701942894075
USER	API Scenario	END	1701942894075
USER	API Scenario	END	1701942894075
USER	API Scenario	END	1701942894075
REQUEST		Send API Request	1701942889194	1701942894075	OK	 
REQUEST		Send API Request	1701942889200	1701942894075	OK	 
USER	API Scenario	END	1701942894076
USER	API Scenario	END	1701942894076
REQUEST		Send API Request	1701942889214	1701942894076	OK	 
USER	API Scenario	END	1701942894076
REQUEST		Send API Request	1701942889198	1701942894076	OK	 
REQUEST		Send API Request	1701942889176	1701942894076	OK	 
USER	API Scenario	END	1701942894076
USER	API Scenario	END	1701942894076
REQUEST		Send API Request	1701942889177	1701942894078	OK	 
USER	API Scenario	END	1701942894078
REQUEST		Send API Request	1701942889213	1701942894291	OK	 
USER	API Scenario	END	1701942894291
REQUEST		Send API Request	1701942889168	1701942894405	OK	 
USER	API Scenario	END	1701942894406
REQUEST		Send API Request	1701942889220	1701942894478	OK	 
REQUEST		Send API Request	1701942889219	1701942894478	OK	 
REQUEST		Send API Request	1701942889198	1701942894478	OK	 
REQUEST		Send API Request	1701942889195	1701942894478	OK	 
USER	API Scenario	END	1701942894479
USER	API Scenario	END	1701942894479
USER	API Scenario	END	1701942894479
USER	API Scenario	END	1701942894479
REQUEST		Send API Request	1701942889194	1701942894480	OK	 
REQUEST		Send API Request	1701942889200	1701942894480	OK	 
USER	API Scenario	END	1701942894480
USER	API Scenario	END	1701942894480
REQUEST		Send API Request	1701942889227	1701942894482	OK	 
USER	API Scenario	END	1701942894482
REQUEST		Send API Request	1701942889220	1701942894485	OK	 
USER	API Scenario	END	1701942894486
REQUEST		Send API Request	1701942889227	1701942894499	OK	 
USER	API Scenario	END	1701942894500
REQUEST		Send API Request	1701942889214	1701942894500	OK	 
USER	API Scenario	END	1701942894500
REQUEST		Send API Request	1701942889221	1701942894518	OK	 
USER	API Scenario	END	1701942894519
REQUEST		Send API Request	1701942889200	1701942894521	OK	 
USER	API Scenario	END	1701942894522
REQUEST		Send API Request	1701942889186	1701942894533	OK	 
USER	API Scenario	END	1701942894534
REQUEST		Send API Request	1701942889192	1701942894536	OK	 
USER	API Scenario	END	1701942894536
REQUEST		Send API Request	1701942889226	1701942894556	OK	 
USER	API Scenario	END	1701942894557
REQUEST		Send API Request	1701942889221	1701942894563	OK	 
USER	API Scenario	END	1701942894564
REQUEST		Send API Request	1701942889220	1701942894566	OK	 
USER	API Scenario	END	1701942894567
REQUEST		Send API Request	1701942889201	1701942894568	OK	 
USER	API Scenario	END	1701942894569
REQUEST		Send API Request	1701942889199	1701942894569	OK	 
USER	API Scenario	END	1701942894570
REQUEST		Send API Request	1701942889187	1701942894580	OK	 
USER	API Scenario	END	1701942894581
REQUEST		Send API Request	1701942889224	1701942894582	OK	 
USER	API Scenario	END	1701942894583
REQUEST		Send API Request	1701942889194	1701942894583	OK	 
USER	API Scenario	END	1701942894584
REQUEST		Send API Request	1701942889198	1701942894683	OK	 
USER	API Scenario	END	1701942894684
REQUEST		Send API Request	1701942889224	1701942894685	OK	 
REQUEST		Send API Request	1701942889226	1701942894685	OK	 
USER	API Scenario	END	1701942894685
USER	API Scenario	END	1701942894685
REQUEST		Send API Request	1701942889180	1701942894687	OK	 
REQUEST		Send API Request	1701942889219	1701942894687	OK	 
REQUEST		Send API Request	1701942889221	1701942894687	OK	 
REQUEST		Send API Request	1701942889217	1701942894687	OK	 
REQUEST		Send API Request	1701942889178	1701942894688	OK	 
REQUEST		Send API Request	1701942889220	1701942894688	OK	 
USER	API Scenario	END	1701942894688
USER	API Scenario	END	1701942894688
USER	API Scenario	END	1701942894689
USER	API Scenario	END	1701942894689
USER	API Scenario	END	1701942894689
USER	API Scenario	END	1701942894689
REQUEST		Send API Request	1701942889224	1701942894689	OK	 
USER	API Scenario	END	1701942894690
REQUEST		Send API Request	1701942889229	1701942894700	OK	 
REQUEST		Send API Request	1701942889214	1701942894700	OK	 
REQUEST		Send API Request	1701942889226	1701942894700	OK	 
REQUEST		Send API Request	1701942889213	1701942894700	OK	 
USER	API Scenario	END	1701942894701
USER	API Scenario	END	1701942894701
USER	API Scenario	END	1701942894701
USER	API Scenario	END	1701942894701
REQUEST		Send API Request	1701942889213	1701942894702	OK	 
USER	API Scenario	END	1701942894702
REQUEST		Send API Request	1701942889196	1701942894786	OK	 
REQUEST		Send API Request	1701942889204	1701942894786	OK	 
REQUEST		Send API Request	1701942889225	1701942894786	OK	 
REQUEST		Send API Request	1701942889235	1701942894786	OK	 
REQUEST		Send API Request	1701942889220	1701942894786	OK	 
USER	API Scenario	END	1701942894787
USER	API Scenario	END	1701942894787
USER	API Scenario	END	1701942894787
USER	API Scenario	END	1701942894787
USER	API Scenario	END	1701942894787
REQUEST		Send API Request	1701942889225	1701942894788	OK	 
USER	API Scenario	END	1701942894789
REQUEST		Send API Request	1701942889194	1701942894792	OK	 
USER	API Scenario	END	1701942894792
REQUEST		Send API Request	1701942889226	1701942894798	OK	 
REQUEST		Send API Request	1701942889214	1701942894798	OK	 
REQUEST		Send API Request	1701942889226	1701942894798	OK	 
USER	API Scenario	END	1701942894798
USER	API Scenario	END	1701942894798
USER	API Scenario	END	1701942894798
REQUEST		Send API Request	1701942889212	1701942894799	OK	 
REQUEST		Send API Request	1701942889218	1701942894799	OK	 
REQUEST		Send API Request	1701942889229	1701942894799	OK	 
USER	API Scenario	END	1701942894799
USER	API Scenario	END	1701942894799
USER	API Scenario	END	1701942894800
REQUEST		Send API Request	1701942889227	1701942894891	OK	 
USER	API Scenario	END	1701942894892
REQUEST		Send API Request	1701942889227	1701942894893	OK	 
REQUEST		Send API Request	1701942889227	1701942894894	OK	 
USER	API Scenario	END	1701942894895
USER	API Scenario	END	1701942894895
REQUEST		Send API Request	1701942889229	1701942894895	OK	 
USER	API Scenario	END	1701942894896
REQUEST		Send API Request	1701942889209	1701942894916	OK	 
REQUEST		Send API Request	1701942889222	1701942894915	OK	 
REQUEST		Send API Request	1701942889228	1701942894915	OK	 
USER	API Scenario	END	1701942894916
USER	API Scenario	END	1701942894916
USER	API Scenario	END	1701942894916
REQUEST		Send API Request	1701942889227	1701942894917	OK	 
USER	API Scenario	END	1701942894917
REQUEST		Send API Request	1701942889218	1701942894990	OK	 
USER	API Scenario	END	1701942894991
REQUEST		Send API Request	1701942889212	1701942894994	OK	 
USER	API Scenario	END	1701942894994
REQUEST		Send API Request	1701942889213	1701942894995	OK	 
USER	API Scenario	END	1701942894996
REQUEST		Send API Request	1701942889223	1701942895092	OK	 
USER	API Scenario	END	1701942895092
REQUEST		Send API Request	1701942889214	1701942895093	OK	 
REQUEST		Send API Request	1701942889230	1701942895093	OK	 
REQUEST		Send API Request	1701942889237	1701942895093	OK	 
REQUEST		Send API Request	1701942889204	1701942895093	OK	 
USER	API Scenario	END	1701942895094
USER	API Scenario	END	1701942895094
USER	API Scenario	END	1701942895094
USER	API Scenario	END	1701942895094
REQUEST		Send API Request	1701942889228	1701942895094	OK	 
REQUEST		Send API Request	1701942889236	1701942895094	OK	 
USER	API Scenario	END	1701942895095
USER	API Scenario	END	1701942895095
REQUEST		Send API Request	1701942889221	1701942895095	OK	 
REQUEST		Send API Request	1701942889224	1701942895095	OK	 
USER	API Scenario	END	1701942895095
USER	API Scenario	END	1701942895096
REQUEST		Send API Request	1701942889225	1701942895106	OK	 
USER	API Scenario	END	1701942895107
REQUEST		Send API Request	1701942889198	1701942895109	OK	 
USER	API Scenario	END	1701942895110
REQUEST		Send API Request	1701942889213	1701942895195	OK	 
USER	API Scenario	END	1701942895197
REQUEST		Send API Request	1701942889229	1701942895196	OK	 
USER	API Scenario	END	1701942895197
REQUEST		Send API Request	1701942889225	1701942895199	OK	 
REQUEST		Send API Request	1701942889189	1701942895199	OK	 
REQUEST		Send API Request	1701942889228	1701942895199	OK	 
USER	API Scenario	END	1701942895199
USER	API Scenario	END	1701942895200
USER	API Scenario	END	1701942895200
REQUEST		Send API Request	1701942889199	1701942895200	OK	 
REQUEST		Send API Request	1701942889225	1701942895200	OK	 
REQUEST		Send API Request	1701942889197	1701942895200	OK	 
USER	API Scenario	END	1701942895200
USER	API Scenario	END	1701942895200
USER	API Scenario	END	1701942895200
REQUEST		Send API Request	1701942889230	1701942895200	OK	 
USER	API Scenario	END	1701942895201
REQUEST		Send API Request	1701942889236	1701942895201	OK	 
USER	API Scenario	END	1701942895201
REQUEST		Send API Request	1701942889236	1701942895202	OK	 
USER	API Scenario	END	1701942895202
REQUEST		Send API Request	1701942889220	1701942895206	OK	 
USER	API Scenario	END	1701942895206
REQUEST		Send API Request	1701942889170	1701942895208	OK	 
USER	API Scenario	END	1701942895209
REQUEST		Send API Request	1701942889201	1701942895211	OK	 
REQUEST		Send API Request	1701942889189	1701942895211	OK	 
REQUEST		Send API Request	1701942889199	1701942895211	OK	 
USER	API Scenario	END	1701942895211
USER	API Scenario	END	1701942895211
USER	API Scenario	END	1701942895211
REQUEST		Send API Request	1701942889183	1701942895218	OK	 
USER	API Scenario	END	1701942895219
REQUEST		Send API Request	1701942889197	1701942895223	OK	 
USER	API Scenario	END	1701942895223
REQUEST		Send API Request	1701942889198	1701942895225	OK	 
USER	API Scenario	END	1701942895226
REQUEST		Send API Request	1701942889190	1701942895227	OK	 
USER	API Scenario	END	1701942895227
REQUEST		Send API Request	1701942889197	1701942895229	OK	 
USER	API Scenario	END	1701942895229
REQUEST		Send API Request	1701942889191	1701942895230	OK	 
USER	API Scenario	END	1701942895230
REQUEST		Send API Request	1701942889193	1701942895233	OK	 
USER	API Scenario	END	1701942895234
REQUEST		Send API Request	1701942889174	1701942895234	OK	 
USER	API Scenario	END	1701942895234
REQUEST		Send API Request	1701942889185	1701942895255	OK	 
USER	API Scenario	END	1701942895255
REQUEST		Send API Request	1701942889219	1701942895264	OK	 
REQUEST		Send API Request	1701942889202	1701942895264	OK	 
USER	API Scenario	END	1701942895265
USER	API Scenario	END	1701942895265
REQUEST		Send API Request	1701942889219	1701942895308	OK	 
USER	API Scenario	END	1701942895309
REQUEST		Send API Request	1701942889224	1701942895310	OK	 
USER	API Scenario	END	1701942895310
REQUEST		Send API Request	1701942889222	1701942895314	OK	 
USER	API Scenario	END	1701942895315
REQUEST		Send API Request	1701942889218	1701942895318	OK	 
USER	API Scenario	END	1701942895319
REQUEST		Send API Request	1701942889225	1701942895352	OK	 
USER	API Scenario	END	1701942895353
REQUEST		Send API Request	1701942889185	1701942895367	OK	 
USER	API Scenario	END	1701942895369
REQUEST		Send API Request	1701942889229	1701942895368	OK	 
USER	API Scenario	END	1701942895369
REQUEST		Send API Request	1701942889200	1701942895380	OK	 
USER	API Scenario	END	1701942895381
REQUEST		Send API Request	1701942889217	1701942895387	OK	 
USER	API Scenario	END	1701942895387
