RUN	computerdatabase.ComputerDatabaseSimulation	computerdatabasesimulation	1701872185568	Socket Connect	3.9.5
USER	WebSocket Scenario	START	1701872186803
USER	WebSocket Scenario	START	1701872186815
USER	WebSocket Scenario	START	1701872186815
USER	WebSocket Scenario	START	1701872186831
USER	WebSocket Scenario	START	1701872186831
USER	WebSocket Scenario	START	1701872186847
USER	WebSocket Scenario	START	1701872186862
USER	WebSocket Scenario	START	1701872186862
USER	WebSocket Scenario	START	1701872186878
USER	WebSocket Scenario	START	1701872186893
USER	WebSocket Scenario	START	1701872186893
USER	WebSocket Scenario	START	1701872186909
USER	WebSocket Scenario	START	1701872186924
USER	WebSocket Scenario	START	1701872186924
USER	WebSocket Scenario	START	1701872186939
USER	WebSocket Scenario	START	1701872186954
USER	WebSocket Scenario	START	1701872186954
USER	WebSocket Scenario	START	1701872186970
USER	WebSocket Scenario	START	1701872186985
USER	WebSocket Scenario	START	1701872186985
USER	WebSocket Scenario	START	1701872187001
USER	WebSocket Scenario	START	1701872187017
USER	WebSocket Scenario	START	1701872187017
USER	WebSocket Scenario	START	1701872187032
USER	WebSocket Scenario	START	1701872187041
USER	WebSocket Scenario	START	1701872187047
USER	WebSocket Scenario	START	1701872187055
USER	WebSocket Scenario	START	1701872187078
USER	WebSocket Scenario	START	1701872187078
USER	WebSocket Scenario	START	1701872187084
USER	WebSocket Scenario	START	1701872187094
USER	WebSocket Scenario	START	1701872187109
USER	WebSocket Scenario	START	1701872187122
USER	WebSocket Scenario	START	1701872187124
USER	WebSocket Scenario	START	1701872187139
USER	WebSocket Scenario	START	1701872187154
USER	WebSocket Scenario	START	1701872187154
USER	WebSocket Scenario	START	1701872187170
REQUEST		WebSocket Connect	1701872186831	1701872187173	OK	 
USER	WebSocket Scenario	START	1701872187181
REQUEST		WebSocket Connect	1701872186821	1701872187181	OK	 
REQUEST		WebSocket Connect	1701872186821	1701872187183	OK	 
USER	WebSocket Scenario	START	1701872187185
REQUEST		Send Request type in Websocket	1701872187188	1701872187188	OK	 
REQUEST		Send Request type in Websocket	1701872187188	1701872187188	OK	 
REQUEST		Send Request type in Websocket	1701872187188	1701872187188	OK	 
REQUEST		WebSocket Connect	1701872186821	1701872187197	OK	 
REQUEST		Send Request type in Websocket	1701872187198	1701872187198	OK	 
USER	WebSocket Scenario	START	1701872187201
REQUEST		WebSocket Connect	1701872186863	1701872187203	OK	 
REQUEST		Send Request type in Websocket	1701872187204	1701872187204	OK	 
REQUEST		WebSocket Connect	1701872186878	1701872187207	OK	 
REQUEST		Send Request type in Websocket	1701872187208	1701872187208	OK	 
USER	WebSocket Scenario	START	1701872187216
USER	WebSocket Scenario	START	1701872187216
REQUEST		WebSocket Connect	1701872186831	1701872187224	OK	 
REQUEST		Send Request type in Websocket	1701872187224	1701872187224	OK	 
REQUEST		WebSocket Connect	1701872186847	1701872187230	OK	 
REQUEST		WebSocket Connect	1701872186863	1701872187231	OK	 
REQUEST		WebSocket Connect	1701872186894	1701872187231	OK	 
REQUEST		Send Request type in Websocket	1701872187231	1701872187231	OK	 
REQUEST		Send Request type in Websocket	1701872187231	1701872187231	OK	 
REQUEST		Send Request type in Websocket	1701872187231	1701872187231	OK	 
USER	WebSocket Scenario	START	1701872187232
USER	WebSocket Scenario	START	1701872187247
USER	WebSocket Scenario	START	1701872187247
USER	WebSocket Scenario	START	1701872187263
USER	WebSocket Scenario	START	1701872187277
USER	WebSocket Scenario	START	1701872187277
USER	WebSocket Scenario	START	1701872187293
USER	WebSocket Scenario	START	1701872187308
USER	WebSocket Scenario	START	1701872187308
USER	WebSocket Scenario	START	1701872187319
USER	WebSocket Scenario	START	1701872187340
USER	WebSocket Scenario	START	1701872187340
USER	WebSocket Scenario	START	1701872187356
USER	WebSocket Scenario	START	1701872187356
USER	WebSocket Scenario	START	1701872187371
USER	WebSocket Scenario	START	1701872187386
USER	WebSocket Scenario	START	1701872187386
USER	WebSocket Scenario	START	1701872187402
USER	WebSocket Scenario	START	1701872187418
USER	WebSocket Scenario	START	1701872187418
USER	WebSocket Scenario	START	1701872187433
USER	WebSocket Scenario	START	1701872187448
USER	WebSocket Scenario	START	1701872187448
USER	WebSocket Scenario	START	1701872187463
USER	WebSocket Scenario	START	1701872187479
USER	WebSocket Scenario	START	1701872187479
USER	WebSocket Scenario	START	1701872187495
USER	WebSocket Scenario	START	1701872187510
USER	WebSocket Scenario	START	1701872187510
USER	WebSocket Scenario	START	1701872187525
USER	WebSocket Scenario	START	1701872187525
USER	WebSocket Scenario	START	1701872187541
USER	WebSocket Scenario	START	1701872187556
USER	WebSocket Scenario	START	1701872187556
USER	WebSocket Scenario	START	1701872187571
USER	WebSocket Scenario	START	1701872187587
USER	WebSocket Scenario	START	1701872187587
USER	WebSocket Scenario	START	1701872187601
USER	WebSocket Scenario	START	1701872187617
USER	WebSocket Scenario	START	1701872187617
USER	WebSocket Scenario	START	1701872187633
USER	WebSocket Scenario	START	1701872187648
USER	WebSocket Scenario	START	1701872187648
USER	WebSocket Scenario	START	1701872187664
USER	WebSocket Scenario	START	1701872187680
USER	WebSocket Scenario	START	1701872187680
USER	WebSocket Scenario	START	1701872187695
USER	WebSocket Scenario	START	1701872187711
USER	WebSocket Scenario	START	1701872187711
USER	WebSocket Scenario	START	1701872187726
USER	WebSocket Scenario	START	1701872187726
USER	WebSocket Scenario	START	1701872187742
USER	WebSocket Scenario	START	1701872187758
USER	WebSocket Scenario	START	1701872187758
USER	WebSocket Scenario	START	1701872187773
USER	WebSocket Scenario	START	1701872187789
USER	WebSocket Scenario	START	1701872187789
REQUEST		WebSocket Connect	1701872186894	1701872188125	OK	 
REQUEST		Send Request type in Websocket	1701872188126	1701872188126	OK	 
REQUEST		WebSocket Connect	1701872186926	1701872189155	OK	 
REQUEST		WebSocket Connect	1701872186910	1701872189155	OK	 
REQUEST		Send Request type in Websocket	1701872189155	1701872189155	OK	 
REQUEST		Send Request type in Websocket	1701872189155	1701872189155	OK	 
REQUEST		WebSocket Connect	1701872186940	1701872190131	OK	 
REQUEST		Send Request type in Websocket	1701872190132	1701872190132	OK	 
REQUEST		WebSocket Connect	1701872186956	1701872190153	OK	 
REQUEST		WebSocket Connect	1701872186987	1701872190153	OK	 
REQUEST		Send Request type in Websocket	1701872190153	1701872190153	OK	 
REQUEST		Send Request type in Websocket	1701872190153	1701872190153	OK	 
REQUEST		WebSocket Connect	1701872186925	1701872190159	OK	 
REQUEST		Send Request type in Websocket	1701872190160	1701872190160	OK	 
REQUEST		WebSocket Connect	1701872186971	1701872191138	OK	 
REQUEST		Send Request type in Websocket	1701872191138	1701872191138	OK	 
REQUEST		WebSocket Connect	1701872186987	1701872191149	OK	 
REQUEST		Send Request type in Websocket	1701872191150	1701872191150	OK	 
REQUEST		WebSocket Connect	1701872187018	1701872191168	OK	 
REQUEST		Send Request type in Websocket	1701872191169	1701872191169	OK	 
REQUEST		WebSocket Connect	1701872187043	1701872191174	OK	 
REQUEST		Send Request type in Websocket	1701872191174	1701872191174	OK	 
REQUEST		WebSocket Connect	1701872186956	1701872191200	OK	 
REQUEST		Send Request type in Websocket	1701872191200	1701872191200	OK	 
REQUEST		WebSocket Connect	1701872187003	1701872191205	OK	 
REQUEST		WebSocket Connect	1701872187018	1701872191205	OK	 
REQUEST		Send Request type in Websocket	1701872191206	1701872191206	OK	 
REQUEST		Send Request type in Websocket	1701872191206	1701872191206	OK	 
REQUEST		WebSocket Connect	1701872187033	1701872191221	OK	 
REQUEST		Send Request type in Websocket	1701872191222	1701872191222	OK	 
REQUEST		WebSocket Connect	1701872187056	1701872192113	OK	 
REQUEST		Send Request type in Websocket	1701872192114	1701872192114	OK	 
USER	WebSocket Scenario	END	1701872192206
USER	WebSocket Scenario	END	1701872192206
USER	WebSocket Scenario	END	1701872192206
USER	WebSocket Scenario	END	1701872192206
USER	WebSocket Scenario	END	1701872192213
USER	WebSocket Scenario	END	1701872192219
USER	WebSocket Scenario	END	1701872192235
USER	WebSocket Scenario	END	1701872192235
USER	WebSocket Scenario	END	1701872192235
USER	WebSocket Scenario	END	1701872192235
REQUEST		WebSocket Connect	1701872187048	1701872192288	OK	 
REQUEST		WebSocket Connect	1701872187079	1701872192288	OK	 
REQUEST		WebSocket Connect	1701872187079	1701872192288	OK	 
REQUEST		Send Request type in Websocket	1701872192288	1701872192288	OK	 
REQUEST		Send Request type in Websocket	1701872192289	1701872192289	OK	 
REQUEST		Send Request type in Websocket	1701872192289	1701872192289	OK	 
REQUEST		WebSocket Connect	1701872187084	1701872192301	OK	 
REQUEST		Send Request type in Websocket	1701872192301	1701872192301	OK	 
REQUEST		WebSocket Connect	1701872187110	1701872192305	OK	 
REQUEST		Send Request type in Websocket	1701872192306	1701872192306	OK	 
REQUEST		WebSocket Connect	1701872187125	1701872192311	OK	 
REQUEST		Send Request type in Websocket	1701872192312	1701872192312	OK	 
REQUEST		WebSocket Connect	1701872187123	1701872192317	OK	 
REQUEST		Send Request type in Websocket	1701872192318	1701872192318	OK	 
REQUEST		WebSocket Connect	1701872187095	1701872192340	OK	 
REQUEST		WebSocket Connect	1701872187140	1701872192340	OK	 
REQUEST		Send Request type in Websocket	1701872192340	1701872192340	OK	 
REQUEST		Send Request type in Websocket	1701872192340	1701872192340	OK	 
REQUEST		WebSocket Connect	1701872187155	1701872192351	OK	 
REQUEST		Send Request type in Websocket	1701872192352	1701872192352	OK	 
REQUEST		WebSocket Connect	1701872187187	1701872192357	OK	 
REQUEST		Send Request type in Websocket	1701872192358	1701872192358	OK	 
REQUEST		WebSocket Connect	1701872187182	1701872192363	OK	 
REQUEST		Send Request type in Websocket	1701872192363	1701872192363	OK	 
REQUEST		WebSocket Connect	1701872187155	1701872192369	OK	 
REQUEST		Send Request type in Websocket	1701872192369	1701872192369	OK	 
REQUEST		WebSocket Connect	1701872187171	1701872192401	OK	 
REQUEST		WebSocket Connect	1701872187202	1701872192401	OK	 
REQUEST		Send Request type in Websocket	1701872192402	1701872192402	OK	 
REQUEST		Send Request type in Websocket	1701872192402	1701872192402	OK	 
USER	WebSocket Scenario	END	1701872193135
REQUEST		WebSocket Connect	1701872187232	1701872193246	OK	 
REQUEST		Send Request type in Websocket	1701872193247	1701872193247	OK	 
REQUEST		WebSocket Connect	1701872187216	1701872193257	OK	 
REQUEST		Send Request type in Websocket	1701872193258	1701872193258	OK	 
REQUEST		WebSocket Connect	1701872187247	1701872193269	OK	 
REQUEST		Send Request type in Websocket	1701872193269	1701872193269	OK	 
REQUEST		WebSocket Connect	1701872187278	1701872193275	OK	 
REQUEST		Send Request type in Websocket	1701872193276	1701872193276	OK	 
REQUEST		WebSocket Connect	1701872187264	1701872193302	OK	 
REQUEST		Send Request type in Websocket	1701872193302	1701872193302	OK	 
REQUEST		WebSocket Connect	1701872187216	1701872193308	OK	 
REQUEST		Send Request type in Websocket	1701872193308	1701872193308	OK	 
REQUEST		WebSocket Connect	1701872187319	1701872193320	OK	 
REQUEST		Send Request type in Websocket	1701872193320	1701872193320	OK	 
REQUEST		WebSocket Connect	1701872187278	1701872193325	OK	 
REQUEST		Send Request type in Websocket	1701872193326	1701872193326	OK	 
REQUEST		WebSocket Connect	1701872187247	1701872193337	OK	 
REQUEST		Send Request type in Websocket	1701872193338	1701872193338	OK	 
REQUEST		WebSocket Connect	1701872187309	1701872193343	OK	 
REQUEST		Send Request type in Websocket	1701872193344	1701872193344	OK	 
REQUEST		WebSocket Connect	1701872187293	1701872193366	OK	 
REQUEST		Send Request type in Websocket	1701872193366	1701872193366	OK	 
REQUEST		WebSocket Connect	1701872187341	1701872193378	OK	 
REQUEST		WebSocket Connect	1701872187357	1701872193378	OK	 
REQUEST		Send Request type in Websocket	1701872193378	1701872193378	OK	 
REQUEST		Send Request type in Websocket	1701872193378	1701872193378	OK	 
REQUEST		WebSocket Connect	1701872187340	1701872193384	OK	 
REQUEST		Send Request type in Websocket	1701872193384	1701872193384	OK	 
REQUEST		WebSocket Connect	1701872187309	1701872193400	OK	 
REQUEST		WebSocket Connect	1701872187372	1701872193400	OK	 
REQUEST		Send Request type in Websocket	1701872193400	1701872193400	OK	 
REQUEST		Send Request type in Websocket	1701872193400	1701872193400	OK	 
REQUEST		WebSocket Connect	1701872187357	1701872193406	OK	 
REQUEST		Send Request type in Websocket	1701872193406	1701872193406	OK	 
REQUEST		WebSocket Connect	1701872187387	1701872193421	OK	 
REQUEST		Send Request type in Websocket	1701872193421	1701872193421	OK	 
REQUEST		WebSocket Connect	1701872187419	1701872193437	OK	 
REQUEST		Send Request type in Websocket	1701872193437	1701872193437	OK	 
REQUEST		WebSocket Connect	1701872187465	1701872193443	OK	 
REQUEST		Send Request type in Websocket	1701872193444	1701872193444	OK	 
REQUEST		WebSocket Connect	1701872187480	1701872193461	OK	 
REQUEST		Send Request type in Websocket	1701872193462	1701872193462	OK	 
REQUEST		WebSocket Connect	1701872187511	1701872193467	OK	 
REQUEST		Send Request type in Websocket	1701872193468	1701872193468	OK	 
REQUEST		WebSocket Connect	1701872187480	1701872193473	OK	 
REQUEST		Send Request type in Websocket	1701872193474	1701872193474	OK	 
REQUEST		WebSocket Connect	1701872187403	1701872193495	OK	 
REQUEST		Send Request type in Websocket	1701872193495	1701872193495	OK	 
REQUEST		WebSocket Connect	1701872187387	1701872193527	OK	 
REQUEST		WebSocket Connect	1701872187449	1701872193527	OK	 
REQUEST		Send Request type in Websocket	1701872193528	1701872193528	OK	 
REQUEST		Send Request type in Websocket	1701872193528	1701872193528	OK	 
REQUEST		WebSocket Connect	1701872187449	1701872193533	OK	 
REQUEST		Send Request type in Websocket	1701872193533	1701872193533	OK	 
REQUEST		WebSocket Connect	1701872187512	1701872193545	OK	 
REQUEST		Send Request type in Websocket	1701872193545	1701872193545	OK	 
REQUEST		WebSocket Connect	1701872187434	1701872193555	OK	 
REQUEST		Send Request type in Websocket	1701872193556	1701872193556	OK	 
REQUEST		WebSocket Connect	1701872187527	1701872193565	OK	 
REQUEST		WebSocket Connect	1701872187419	1701872193565	OK	 
REQUEST		Send Request type in Websocket	1701872193566	1701872193566	OK	 
REQUEST		Send Request type in Websocket	1701872193566	1701872193566	OK	 
REQUEST		WebSocket Connect	1701872187496	1701872193577	OK	 
REQUEST		Send Request type in Websocket	1701872193578	1701872193578	OK	 
USER	WebSocket Scenario	END	1701872194160
USER	WebSocket Scenario	END	1701872194164
REQUEST		WebSocket Connect	1701872187557	1701872194257	OK	 
REQUEST		Send Request type in Websocket	1701872194258	1701872194258	OK	 
REQUEST		WebSocket Connect	1701872187543	1701872194270	OK	 
REQUEST		Send Request type in Websocket	1701872194270	1701872194270	OK	 
REQUEST		WebSocket Connect	1701872187526	1701872194285	OK	 
REQUEST		Send Request type in Websocket	1701872194285	1701872194285	OK	 
REQUEST		WebSocket Connect	1701872187618	1701872194289	OK	 
REQUEST		Send Request type in Websocket	1701872194290	1701872194290	OK	 
REQUEST		WebSocket Connect	1701872187557	1701872194298	OK	 
REQUEST		Send Request type in Websocket	1701872194298	1701872194298	OK	 
REQUEST		WebSocket Connect	1701872187602	1701872194309	OK	 
REQUEST		Send Request type in Websocket	1701872194310	1701872194310	OK	 
REQUEST		WebSocket Connect	1701872187588	1701872194328	OK	 
REQUEST		Send Request type in Websocket	1701872194328	1701872194328	OK	 
REQUEST		WebSocket Connect	1701872187618	1701872194339	OK	 
REQUEST		Send Request type in Websocket	1701872194340	1701872194340	OK	 
REQUEST		WebSocket Connect	1701872187572	1701872194346	OK	 
REQUEST		Send Request type in Websocket	1701872194346	1701872194346	OK	 
REQUEST		WebSocket Connect	1701872187634	1701872194351	OK	 
REQUEST		Send Request type in Websocket	1701872194352	1701872194352	OK	 
REQUEST		WebSocket Connect	1701872187588	1701872194385	OK	 
REQUEST		Send Request type in Websocket	1701872194385	1701872194385	OK	 
REQUEST		WebSocket Connect	1701872187681	1701872194389	OK	 
REQUEST		Send Request type in Websocket	1701872194389	1701872194389	OK	 
REQUEST		WebSocket Connect	1701872187681	1701872194402	OK	 
REQUEST		Send Request type in Websocket	1701872194402	1701872194402	OK	 
REQUEST		WebSocket Connect	1701872187649	1701872194415	OK	 
REQUEST		Send Request type in Websocket	1701872194415	1701872194415	OK	 
REQUEST		WebSocket Connect	1701872187649	1701872194419	OK	 
REQUEST		Send Request type in Websocket	1701872194420	1701872194420	OK	 
REQUEST		WebSocket Connect	1701872187712	1701872194431	OK	 
REQUEST		Send Request type in Websocket	1701872194432	1701872194432	OK	 
REQUEST		WebSocket Connect	1701872187727	1701872194437	OK	 
REQUEST		Send Request type in Websocket	1701872194438	1701872194438	OK	 
REQUEST		WebSocket Connect	1701872187727	1701872194449	OK	 
REQUEST		Send Request type in Websocket	1701872194449	1701872194449	OK	 
REQUEST		WebSocket Connect	1701872187712	1701872194462	OK	 
REQUEST		Send Request type in Websocket	1701872194462	1701872194462	OK	 
REQUEST		WebSocket Connect	1701872187696	1701872194490	OK	 
REQUEST		Send Request type in Websocket	1701872194490	1701872194490	OK	 
REQUEST		WebSocket Connect	1701872187666	1701872194495	OK	 
REQUEST		Send Request type in Websocket	1701872194495	1701872194495	OK	 
REQUEST		WebSocket Connect	1701872187759	1701872194507	OK	 
REQUEST		Send Request type in Websocket	1701872194508	1701872194508	OK	 
REQUEST		WebSocket Connect	1701872187790	1701872194514	OK	 
REQUEST		Send Request type in Websocket	1701872194515	1701872194515	OK	 
REQUEST		WebSocket Connect	1701872187775	1701872194519	OK	 
REQUEST		Send Request type in Websocket	1701872194520	1701872194520	OK	 
REQUEST		WebSocket Connect	1701872187759	1701872194539	OK	 
REQUEST		Send Request type in Websocket	1701872194540	1701872194540	OK	 
REQUEST		WebSocket Connect	1701872187790	1701872194551	OK	 
REQUEST		Send Request type in Websocket	1701872194552	1701872194552	OK	 
REQUEST		WebSocket Connect	1701872187743	1701872194557	OK	 
REQUEST		Send Request type in Websocket	1701872194558	1701872194558	OK	 
USER	WebSocket Scenario	END	1701872195141
USER	WebSocket Scenario	END	1701872195156
USER	WebSocket Scenario	END	1701872195156
USER	WebSocket Scenario	END	1701872195172
USER	WebSocket Scenario	END	1701872196143
USER	WebSocket Scenario	END	1701872196158
USER	WebSocket Scenario	END	1701872196173
USER	WebSocket Scenario	END	1701872196189
USER	WebSocket Scenario	END	1701872196204
USER	WebSocket Scenario	END	1701872196221
USER	WebSocket Scenario	END	1701872196221
USER	WebSocket Scenario	END	1701872196236
USER	WebSocket Scenario	END	1701872197125
USER	WebSocket Scenario	END	1701872197298
USER	WebSocket Scenario	END	1701872197298
USER	WebSocket Scenario	END	1701872197298
USER	WebSocket Scenario	END	1701872197313
USER	WebSocket Scenario	END	1701872197313
USER	WebSocket Scenario	END	1701872197314
USER	WebSocket Scenario	END	1701872197329
USER	WebSocket Scenario	END	1701872197345
USER	WebSocket Scenario	END	1701872197345
USER	WebSocket Scenario	END	1701872197361
USER	WebSocket Scenario	END	1701872197361
USER	WebSocket Scenario	END	1701872197376
USER	WebSocket Scenario	END	1701872197377
USER	WebSocket Scenario	END	1701872197408
USER	WebSocket Scenario	END	1701872197408
USER	WebSocket Scenario	END	1701872198264
USER	WebSocket Scenario	END	1701872198264
USER	WebSocket Scenario	END	1701872198279
USER	WebSocket Scenario	END	1701872198279
USER	WebSocket Scenario	END	1701872198310
USER	WebSocket Scenario	END	1701872198310
USER	WebSocket Scenario	END	1701872198325
USER	WebSocket Scenario	END	1701872198341
USER	WebSocket Scenario	END	1701872198341
USER	WebSocket Scenario	END	1701872198357
USER	WebSocket Scenario	END	1701872198372
USER	WebSocket Scenario	END	1701872198388
USER	WebSocket Scenario	END	1701872198388
USER	WebSocket Scenario	END	1701872198388
USER	WebSocket Scenario	END	1701872198403
USER	WebSocket Scenario	END	1701872198403
USER	WebSocket Scenario	END	1701872198418
USER	WebSocket Scenario	END	1701872198433
USER	WebSocket Scenario	END	1701872198448
USER	WebSocket Scenario	END	1701872198449
USER	WebSocket Scenario	END	1701872198465
USER	WebSocket Scenario	END	1701872198481
USER	WebSocket Scenario	END	1701872198481
USER	WebSocket Scenario	END	1701872198496
USER	WebSocket Scenario	END	1701872198543
USER	WebSocket Scenario	END	1701872198544
USER	WebSocket Scenario	END	1701872198544
USER	WebSocket Scenario	END	1701872198560
USER	WebSocket Scenario	END	1701872198560
USER	WebSocket Scenario	END	1701872198575
USER	WebSocket Scenario	END	1701872198575
USER	WebSocket Scenario	END	1701872198591
USER	WebSocket Scenario	END	1701872199263
USER	WebSocket Scenario	END	1701872199279
USER	WebSocket Scenario	END	1701872199294
USER	WebSocket Scenario	END	1701872199294
USER	WebSocket Scenario	END	1701872199309
USER	WebSocket Scenario	END	1701872199325
USER	WebSocket Scenario	END	1701872199341
USER	WebSocket Scenario	END	1701872199356
USER	WebSocket Scenario	END	1701872199356
USER	WebSocket Scenario	END	1701872199356
USER	WebSocket Scenario	END	1701872199388
USER	WebSocket Scenario	END	1701872199403
USER	WebSocket Scenario	END	1701872199403
USER	WebSocket Scenario	END	1701872199419
USER	WebSocket Scenario	END	1701872199434
USER	WebSocket Scenario	END	1701872199434
USER	WebSocket Scenario	END	1701872199450
USER	WebSocket Scenario	END	1701872199465
USER	WebSocket Scenario	END	1701872199465
USER	WebSocket Scenario	END	1701872199496
USER	WebSocket Scenario	END	1701872199511
USER	WebSocket Scenario	END	1701872199511
USER	WebSocket Scenario	END	1701872199526
USER	WebSocket Scenario	END	1701872199526
USER	WebSocket Scenario	END	1701872199542
USER	WebSocket Scenario	END	1701872199557
USER	WebSocket Scenario	END	1701872199573
