RUN	computerdatabase.ComputerDatabaseSimulation	computerdatabasesimulation	1700815003853	Socket connection	3.9.5
USER	WebSocket Scenario	START	1700815005586
USER	WebSocket Scenario	START	1700815005586
USER	WebSocket Scenario	START	1700815005587
USER	WebSocket Scenario	START	1700815005588
USER	WebSocket Scenario	START	1700815005588
USER	WebSocket Scenario	START	1700815005588
USER	WebSocket Scenario	START	1700815005588
USER	WebSocket Scenario	START	1700815005588
USER	WebSocket Scenario	START	1700815005586
USER	WebSocket Scenario	START	1700815005588
REQUEST		WebSocket Connect	1700815005642	1700815005798	OK	 
REQUEST		WebSocket Connect	1700815005641	1700815005815	OK	 
REQUEST		WebSocket Connect	1700815005641	1700815005823	OK	 
REQUEST		WebSocket Connect	1700815005641	1700815005833	OK	 
REQUEST		WebSocket Connect	1700815005641	1700815005843	OK	 
REQUEST		WebSocket Connect	1700815005643	1700815005851	OK	 
REQUEST		WebSocket Connect	1700815005641	1700815005862	OK	 
REQUEST		WebSocket Connect	1700815005643	1700815005872	OK	 
REQUEST		WebSocket Connect	1700815005646	1700815005881	OK	 
REQUEST		WebSocket Connect	1700815005641	1700815005882	OK	 
REQUEST		Send Request type in Websocket	1700815015824	1700815015824	OK	 
REQUEST		Send Request type in Websocket	1700815015825	1700815015825	OK	 
REQUEST		Send Request type in Websocket	1700815015835	1700815015835	OK	 
REQUEST		Send Request type in Websocket	1700815015835	1700815015835	OK	 
REQUEST		Send Request type in Websocket	1700815015850	1700815015850	OK	 
REQUEST		Send Request type in Websocket	1700815015866	1700815015866	OK	 
REQUEST		Send Request type in Websocket	1700815015866	1700815015866	OK	 
REQUEST		Send Request type in Websocket	1700815015880	1700815015880	OK	 
REQUEST		Send Request type in Websocket	1700815015895	1700815015895	OK	 
REQUEST		Send Request type in Websocket	1700815015896	1700815015896	OK	 
USER	WebSocket Scenario	END	1700815020836
USER	WebSocket Scenario	END	1700815020837
USER	WebSocket Scenario	END	1700815020847
USER	WebSocket Scenario	END	1700815020847
USER	WebSocket Scenario	END	1700815020862
USER	WebSocket Scenario	END	1700815020878
USER	WebSocket Scenario	END	1700815020878
USER	WebSocket Scenario	END	1700815020893
USER	WebSocket Scenario	END	1700815020908
USER	WebSocket Scenario	END	1700815020908
