RUN	computerdatabase.ComputerDatabaseSimulation	computerdatabasesimulation	1699631946690	Socket load	3.9.5
USER	WebSocket and HTTP Scenario	START	1699631948665
USER	WebSocket and HTTP Scenario	START	1699631948665
USER	WebSocket and HTTP Scenario	START	1699631948665
USER	WebSocket and HTTP Scenario	START	1699631948665
USER	WebSocket and HTTP Scenario	START	1699631948665
USER	WebSocket and HTTP Scenario	START	1699631948666
USER	WebSocket and HTTP Scenario	START	1699631948666
USER	WebSocket and HTTP Scenario	START	1699631948666
USER	WebSocket and HTTP Scenario	START	1699631948666
USER	WebSocket and HTTP Scenario	START	1699631948666
USER	WebSocket and HTTP Scenario	START	1699631948666
USER	WebSocket and HTTP Scenario	START	1699631948665
USER	WebSocket and HTTP Scenario	START	1699631948666
USER	WebSocket and HTTP Scenario	START	1699631948666
USER	WebSocket and HTTP Scenario	START	1699631948666
USER	WebSocket and HTTP Scenario	START	1699631948667
USER	WebSocket and HTTP Scenario	START	1699631948667
USER	WebSocket and HTTP Scenario	START	1699631948667
USER	WebSocket and HTTP Scenario	START	1699631948667
USER	WebSocket and HTTP Scenario	START	1699631948667
USER	WebSocket and HTTP Scenario	START	1699631948667
USER	WebSocket and HTTP Scenario	START	1699631948667
USER	WebSocket and HTTP Scenario	START	1699631948667
USER	WebSocket and HTTP Scenario	START	1699631948667
USER	WebSocket and HTTP Scenario	START	1699631948665
USER	WebSocket and HTTP Scenario	START	1699631948665
USER	WebSocket and HTTP Scenario	START	1699631948667
USER	WebSocket and HTTP Scenario	START	1699631948667
USER	WebSocket and HTTP Scenario	START	1699631948667
USER	WebSocket and HTTP Scenario	START	1699631948667
USER	WebSocket and HTTP Scenario	START	1699631948667
USER	WebSocket and HTTP Scenario	START	1699631948667
USER	WebSocket and HTTP Scenario	START	1699631948667
USER	WebSocket and HTTP Scenario	START	1699631948667
USER	WebSocket and HTTP Scenario	START	1699631948667
USER	WebSocket and HTTP Scenario	START	1699631948668
USER	WebSocket and HTTP Scenario	START	1699631948668
USER	WebSocket and HTTP Scenario	START	1699631948668
USER	WebSocket and HTTP Scenario	START	1699631948668
USER	WebSocket and HTTP Scenario	START	1699631948668
USER	WebSocket and HTTP Scenario	START	1699631948668
USER	WebSocket and HTTP Scenario	START	1699631948668
USER	WebSocket and HTTP Scenario	START	1699631948668
USER	WebSocket and HTTP Scenario	START	1699631948668
USER	WebSocket and HTTP Scenario	START	1699631948668
USER	WebSocket and HTTP Scenario	START	1699631948668
USER	WebSocket and HTTP Scenario	START	1699631948668
USER	WebSocket and HTTP Scenario	START	1699631948668
USER	WebSocket and HTTP Scenario	START	1699631948668
USER	WebSocket and HTTP Scenario	START	1699631948668
REQUEST		HTTP Request	1699631948738	1699631948880	KO	status.find.in([200, 209], 304), found 405
REQUEST		HTTP Request	1699631948738	1699631948865	KO	status.find.in([200, 209], 304), found 405
REQUEST		HTTP Request	1699631948738	1699631948881	KO	status.find.in([200, 209], 304), found 405
REQUEST		HTTP Request	1699631948741	1699631948870	KO	status.find.in([200, 209], 304), found 405
REQUEST		HTTP Request	1699631948742	1699631948879	KO	status.find.in([200, 209], 304), found 405
REQUEST		HTTP Request	1699631948743	1699631948870	KO	status.find.in([200, 209], 304), found 405
REQUEST		HTTP Request	1699631948751	1699631948909	KO	status.find.in([200, 209], 304), found 405
REQUEST		HTTP Request	1699631948744	1699631948910	KO	status.find.in([200, 209], 304), found 405
REQUEST		HTTP Request	1699631948741	1699631948911	KO	status.find.in([200, 209], 304), found 405
REQUEST		HTTP Request	1699631948738	1699631948913	KO	status.find.in([200, 209], 304), found 405
REQUEST		HTTP Request	1699631948746	1699631948951	KO	status.find.in([200, 209], 304), found 405
REQUEST		HTTP Request	1699631948743	1699631948954	KO	status.find.in([200, 209], 304), found 405
REQUEST		HTTP Request	1699631948750	1699631948955	KO	status.find.in([200, 209], 304), found 405
REQUEST		HTTP Request	1699631948749	1699631948963	KO	status.find.in([200, 209], 304), found 405
REQUEST		HTTP Request	1699631948745	1699631948963	KO	status.find.in([200, 209], 304), found 405
REQUEST		HTTP Request	1699631948751	1699631948965	KO	status.find.in([200, 209], 304), found 405
REQUEST		HTTP Request	1699631948749	1699631948988	KO	status.find.in([200, 209], 304), found 405
REQUEST		HTTP Request	1699631948746	1699631948988	KO	status.find.in([200, 209], 304), found 405
REQUEST		HTTP Request	1699631948744	1699631948992	KO	status.find.in([200, 209], 304), found 405
REQUEST		HTTP Request	1699631948739	1699631948995	KO	status.find.in([200, 209], 304), found 405
REQUEST		HTTP Request	1699631948741	1699631949006	KO	status.find.in([200, 209], 304), found 405
REQUEST		HTTP Request	1699631948746	1699631949017	KO	status.find.in([200, 209], 304), found 405
REQUEST		HTTP Request	1699631948751	1699631949018	KO	status.find.in([200, 209], 304), found 405
REQUEST		HTTP Request	1699631948751	1699631949021	KO	status.find.in([200, 209], 304), found 405
REQUEST		HTTP Request	1699631948751	1699631949031	KO	status.find.in([200, 209], 304), found 405
REQUEST		HTTP Request	1699631948747	1699631949037	KO	status.find.in([200, 209], 304), found 405
REQUEST		HTTP Request	1699631948757	1699631949038	KO	status.find.in([200, 209], 304), found 405
REQUEST		HTTP Request	1699631948756	1699631949043	KO	status.find.in([200, 209], 304), found 405
REQUEST		HTTP Request	1699631948758	1699631949049	KO	status.find.in([200, 209], 304), found 405
REQUEST		HTTP Request	1699631948754	1699631949050	KO	status.find.in([200, 209], 304), found 405
REQUEST		HTTP Request	1699631948758	1699631949055	KO	status.find.in([200, 209], 304), found 405
REQUEST		HTTP Request	1699631948745	1699631949059	KO	status.find.in([200, 209], 304), found 405
REQUEST		HTTP Request	1699631948751	1699631949077	KO	status.find.in([200, 209], 304), found 405
REQUEST		HTTP Request	1699631948753	1699631949084	KO	status.find.in([200, 209], 304), found 405
REQUEST		HTTP Request	1699631948757	1699631949083	KO	status.find.in([200, 209], 304), found 405
REQUEST		HTTP Request	1699631948746	1699631949091	KO	status.find.in([200, 209], 304), found 405
REQUEST		HTTP Request	1699631948759	1699631949093	KO	status.find.in([200, 209], 304), found 405
REQUEST		HTTP Request	1699631948753	1699631949094	KO	status.find.in([200, 209], 304), found 405
REQUEST		HTTP Request	1699631948746	1699631949096	KO	status.find.in([200, 209], 304), found 405
REQUEST		HTTP Request	1699631948754	1699631949102	KO	status.find.in([200, 209], 304), found 405
REQUEST		HTTP Request	1699631948738	1699631949112	KO	status.find.in([200, 209], 304), found 405
REQUEST		HTTP Request	1699631948750	1699631949112	KO	status.find.in([200, 209], 304), found 405
REQUEST		HTTP Request	1699631948749	1699631949137	KO	status.find.in([200, 209], 304), found 405
REQUEST		HTTP Request	1699631948748	1699631949140	KO	status.find.in([200, 209], 304), found 405
REQUEST		HTTP Request	1699631948756	1699631949141	KO	status.find.in([200, 209], 304), found 405
REQUEST		HTTP Request	1699631948757	1699631949159	KO	status.find.in([200, 209], 304), found 405
REQUEST		HTTP Request	1699631948738	1699631949159	KO	status.find.in([200, 209], 304), found 405
REQUEST		HTTP Request	1699631948761	1699631949165	KO	status.find.in([200, 209], 304), found 405
REQUEST		HTTP Request	1699631948754	1699631949166	KO	status.find.in([200, 209], 304), found 405
REQUEST		HTTP Request	1699631948759	1699631949170	KO	status.find.in([200, 209], 304), found 405
REQUEST		WebSocket Connect	1699631949945	1699631950116	OK	 
REQUEST		WebSocket Connect	1699631949973	1699631950118	OK	 
REQUEST		WebSocket Connect	1699631949972	1699631950125	OK	 
REQUEST		WebSocket Connect	1699631949943	1699631950127	OK	 
REQUEST		WebSocket Connect	1699631949946	1699631950139	OK	 
REQUEST		WebSocket Connect	1699631949943	1699631950143	OK	 
REQUEST		WebSocket Connect	1699631949972	1699631950150	OK	 
REQUEST		WebSocket Connect	1699631949974	1699631950159	OK	 
REQUEST		WebSocket Connect	1699631949943	1699631950185	OK	 
REQUEST		WebSocket Connect	1699631949972	1699631950185	OK	 
REQUEST		WebSocket Connect	1699631949972	1699631950224	OK	 
REQUEST		WebSocket Connect	1699631949943	1699631951035	OK	 
REQUEST		WebSocket Connect	1699631949973	1699631952054	OK	 
REQUEST		WebSocket Connect	1699631949974	1699631952060	OK	 
REQUEST		WebSocket Connect	1699631950001	1699631953220	OK	 
REQUEST		WebSocket Connect	1699631949974	1699631953282	OK	 
REQUEST		WebSocket Connect	1699631950001	1699631953292	OK	 
REQUEST		WebSocket Connect	1699631949975	1699631953292	OK	 
REQUEST		WebSocket Connect	1699631950014	1699631954113	OK	 
REQUEST		WebSocket Connect	1699631950051	1699631954113	OK	 
REQUEST		WebSocket Connect	1699631950045	1699631954130	OK	 
REQUEST		WebSocket Connect	1699631950001	1699631954141	OK	 
REQUEST		WebSocket Connect	1699631949999	1699631954151	OK	 
REQUEST		WebSocket Connect	1699631950029	1699631954158	OK	 
REQUEST		WebSocket Connect	1699631950030	1699631954168	OK	 
REQUEST		WebSocket Connect	1699631950031	1699631954170	OK	 
REQUEST		WebSocket Connect	1699631950045	1699631955134	OK	 
REQUEST		WebSocket Connect	1699631950091	1699631955157	OK	 
REQUEST		WebSocket Connect	1699631950106	1699631955169	OK	 
REQUEST		WebSocket Connect	1699631950106	1699631955181	OK	 
REQUEST		WebSocket Connect	1699631950046	1699631955183	OK	 
REQUEST		WebSocket Connect	1699631950075	1699631955193	OK	 
REQUEST		WebSocket Connect	1699631950091	1699631955203	OK	 
REQUEST		WebSocket Connect	1699631950106	1699631955213	OK	 
REQUEST		WebSocket Connect	1699631950046	1699631955223	OK	 
REQUEST		WebSocket Connect	1699631950094	1699631955236	OK	 
REQUEST		WebSocket Connect	1699631950122	1699631955247	OK	 
REQUEST		WebSocket Connect	1699631950122	1699631955256	OK	 
REQUEST		WebSocket Connect	1699631950056	1699631955265	OK	 
REQUEST		WebSocket Connect	1699631950052	1699631955276	OK	 
REQUEST		WebSocket Connect	1699631950095	1699631955291	OK	 
REQUEST		WebSocket Connect	1699631950141	1699631955304	OK	 
REQUEST		WebSocket Connect	1699631950093	1699631955304	OK	 
REQUEST		WebSocket Connect	1699631950151	1699631956157	OK	 
REQUEST		WebSocket Connect	1699631950170	1699631956175	OK	 
REQUEST		WebSocket Connect	1699631950168	1699631956183	OK	 
REQUEST		WebSocket Connect	1699631950153	1699631956194	OK	 
REQUEST		WebSocket Connect	1699631950168	1699631956203	OK	 
REQUEST		WebSocket Connect	1699631950170	1699631956211	OK	 
REQUEST		WebSocket Connect	1699631950172	1699631956211	OK	 
USER	WebSocket and HTTP Scenario	END	1699632070129
USER	WebSocket and HTTP Scenario	END	1699632070129
USER	WebSocket and HTTP Scenario	END	1699632070140
USER	WebSocket and HTTP Scenario	END	1699632070140
USER	WebSocket and HTTP Scenario	END	1699632070155
USER	WebSocket and HTTP Scenario	END	1699632070156
USER	WebSocket and HTTP Scenario	END	1699632070156
USER	WebSocket and HTTP Scenario	END	1699632070171
USER	WebSocket and HTTP Scenario	END	1699632070187
USER	WebSocket and HTTP Scenario	END	1699632070187
USER	WebSocket and HTTP Scenario	END	1699632070234
USER	WebSocket and HTTP Scenario	END	1699632071043
USER	WebSocket and HTTP Scenario	END	1699632072060
USER	WebSocket and HTTP Scenario	END	1699632072077
USER	WebSocket and HTTP Scenario	END	1699632073229
USER	WebSocket and HTTP Scenario	END	1699632073292
USER	WebSocket and HTTP Scenario	END	1699632073307
USER	WebSocket and HTTP Scenario	END	1699632073307
USER	WebSocket and HTTP Scenario	END	1699632074127
USER	WebSocket and HTTP Scenario	END	1699632074127
USER	WebSocket and HTTP Scenario	END	1699632074142
USER	WebSocket and HTTP Scenario	END	1699632074157
USER	WebSocket and HTTP Scenario	END	1699632074157
USER	WebSocket and HTTP Scenario	END	1699632074173
USER	WebSocket and HTTP Scenario	END	1699632074173
USER	WebSocket and HTTP Scenario	END	1699632074173
USER	WebSocket and HTTP Scenario	END	1699632075140
USER	WebSocket and HTTP Scenario	END	1699632075171
USER	WebSocket and HTTP Scenario	END	1699632075171
USER	WebSocket and HTTP Scenario	END	1699632075186
USER	WebSocket and HTTP Scenario	END	1699632075186
USER	WebSocket and HTTP Scenario	END	1699632075202
USER	WebSocket and HTTP Scenario	END	1699632075217
USER	WebSocket and HTTP Scenario	END	1699632075217
USER	WebSocket and HTTP Scenario	END	1699632075233
USER	WebSocket and HTTP Scenario	END	1699632075248
USER	WebSocket and HTTP Scenario	END	1699632075248
USER	WebSocket and HTTP Scenario	END	1699632075263
USER	WebSocket and HTTP Scenario	END	1699632075279
USER	WebSocket and HTTP Scenario	END	1699632075279
USER	WebSocket and HTTP Scenario	END	1699632075295
USER	WebSocket and HTTP Scenario	END	1699632075310
USER	WebSocket and HTTP Scenario	END	1699632075310
USER	WebSocket and HTTP Scenario	END	1699632076164
USER	WebSocket and HTTP Scenario	END	1699632076180
USER	WebSocket and HTTP Scenario	END	1699632076195
USER	WebSocket and HTTP Scenario	END	1699632076195
USER	WebSocket and HTTP Scenario	END	1699632076211
USER	WebSocket and HTTP Scenario	END	1699632076226
USER	WebSocket and HTTP Scenario	END	1699632076226
