RUN	computerdatabase.ComputerDatabaseSimulation	computerdatabasesimulation	1701863201131	Socket Connect	3.9.5
USER	WebSocket Scenario	START	1701863203026
USER	WebSocket Scenario	START	1701863203212
REQUEST		WebSocket Connect	1701863203075	1701863203260	OK	 
REQUEST		WebSocket Connect	1701863203213	1701863203331	OK	 
USER	WebSocket Scenario	START	1701863203414
REQUEST		WebSocket Connect	1701863203415	1701863203546	OK	 
USER	WebSocket Scenario	START	1701863203616
REQUEST		WebSocket Connect	1701863203618	1701863203728	OK	 
USER	WebSocket Scenario	START	1701863203804
REQUEST		WebSocket Connect	1701863203805	1701863203907	OK	 
USER	WebSocket Scenario	START	1701863204007
REQUEST		WebSocket Connect	1701863204009	1701863204146	OK	 
USER	WebSocket Scenario	START	1701863204209
REQUEST		WebSocket Connect	1701863204211	1701863204318	OK	 
USER	WebSocket Scenario	START	1701863204411
REQUEST		WebSocket Connect	1701863204413	1701863204512	OK	 
USER	WebSocket Scenario	START	1701863204614
REQUEST		WebSocket Connect	1701863204616	1701863204726	OK	 
USER	WebSocket Scenario	START	1701863204815
REQUEST		WebSocket Connect	1701863204816	1701863204921	OK	 
REQUEST		Send Request type in Websocket	1701863213277	1701863213277	OK	 
REQUEST		Send Request type in Websocket	1701863213335	1701863213335	OK	 
REQUEST		Send Request type in Websocket	1701863213553	1701863213553	OK	 
REQUEST		Send Request type in Websocket	1701863213741	1701863213741	OK	 
REQUEST		Send Request type in Websocket	1701863213912	1701863213912	OK	 
REQUEST		Send Request type in Websocket	1701863214163	1701863214163	OK	 
REQUEST		Send Request type in Websocket	1701863214333	1701863214333	OK	 
REQUEST		Send Request type in Websocket	1701863214519	1701863214519	OK	 
REQUEST		Send Request type in Websocket	1701863214738	1701863214738	OK	 
REQUEST		Send Request type in Websocket	1701863214926	1701863214926	OK	 
USER	WebSocket Scenario	END	1701863218293
USER	WebSocket Scenario	END	1701863218350
USER	WebSocket Scenario	END	1701863218570
USER	WebSocket Scenario	END	1701863218756
USER	WebSocket Scenario	END	1701863218927
USER	WebSocket Scenario	END	1701863219176
USER	WebSocket Scenario	END	1701863219347
USER	WebSocket Scenario	END	1701863219536
USER	WebSocket Scenario	END	1701863219755
USER	WebSocket Scenario	END	1701863219941
