RUN	computerdatabase.ComputerDatabaseSimulation	computerdatabasesimulation	1699629917330	soket load	3.9.5
USER	WebSocket Scenario	START	1699629919145
USER	WebSocket Scenario	START	1699629919145
USER	WebSocket Scenario	START	1699629919145
USER	WebSocket Scenario	START	1699629919145
USER	WebSocket Scenario	START	1699629919145
USER	WebSocket Scenario	START	1699629919147
USER	WebSocket Scenario	START	1699629919147
USER	WebSocket Scenario	START	1699629919147
USER	WebSocket Scenario	START	1699629919147
USER	WebSocket Scenario	START	1699629919147
USER	WebSocket Scenario	START	1699629919147
USER	WebSocket Scenario	START	1699629919147
USER	WebSocket Scenario	START	1699629919147
USER	WebSocket Scenario	START	1699629919147
USER	WebSocket Scenario	START	1699629919147
USER	WebSocket Scenario	START	1699629919147
USER	WebSocket Scenario	START	1699629919147
USER	WebSocket Scenario	START	1699629919147
USER	WebSocket Scenario	START	1699629919147
USER	WebSocket Scenario	START	1699629919147
USER	WebSocket Scenario	START	1699629919148
USER	WebSocket Scenario	START	1699629919148
USER	WebSocket Scenario	START	1699629919145
USER	WebSocket Scenario	START	1699629919148
USER	WebSocket Scenario	START	1699629919145
USER	WebSocket Scenario	START	1699629919148
USER	WebSocket Scenario	START	1699629919148
USER	WebSocket Scenario	START	1699629919148
USER	WebSocket Scenario	START	1699629919148
USER	WebSocket Scenario	START	1699629919148
USER	WebSocket Scenario	START	1699629919148
USER	WebSocket Scenario	START	1699629919148
USER	WebSocket Scenario	START	1699629919148
USER	WebSocket Scenario	START	1699629919149
USER	WebSocket Scenario	START	1699629919149
USER	WebSocket Scenario	START	1699629919149
USER	WebSocket Scenario	START	1699629919149
USER	WebSocket Scenario	START	1699629919149
USER	WebSocket Scenario	START	1699629919149
USER	WebSocket Scenario	START	1699629919150
USER	WebSocket Scenario	START	1699629919150
USER	WebSocket Scenario	START	1699629919150
USER	WebSocket Scenario	START	1699629919150
USER	WebSocket Scenario	START	1699629919151
USER	WebSocket Scenario	START	1699629919151
USER	WebSocket Scenario	START	1699629919151
USER	WebSocket Scenario	START	1699629919145
USER	WebSocket Scenario	START	1699629919151
USER	WebSocket Scenario	START	1699629919151
USER	WebSocket Scenario	START	1699629919165
REQUEST		WebSocket Connect	1699629919213	1699629919451	OK	 
REQUEST		WebSocket Connect	1699629919214	1699629919449	OK	 
REQUEST		WebSocket Connect	1699629919243	1699629919449	OK	 
REQUEST		WebSocket Connect	1699629919216	1699629919459	OK	 
REQUEST		WebSocket Connect	1699629919248	1699629919480	OK	 
REQUEST		WebSocket Connect	1699629919243	1699629919480	OK	 
REQUEST		WebSocket Connect	1699629919245	1699629919490	OK	 
REQUEST		WebSocket Connect	1699629919244	1699629919494	OK	 
REQUEST		WebSocket Connect	1699629919245	1699629919503	OK	 
REQUEST		WebSocket Connect	1699629919245	1699629919503	OK	 
REQUEST		WebSocket Connect	1699629919243	1699629919992	OK	 
REQUEST		WebSocket Connect	1699629919221	1699629920902	OK	 
REQUEST		WebSocket Connect	1699629919222	1699629920910	OK	 
REQUEST		WebSocket Connect	1699629919253	1699629921942	OK	 
REQUEST		WebSocket Connect	1699629919248	1699629921954	OK	 
REQUEST		WebSocket Connect	1699629919250	1699629921963	OK	 
REQUEST		WebSocket Connect	1699629919250	1699629921964	OK	 
REQUEST		WebSocket Connect	1699629919213	1699629922943	OK	 
REQUEST		WebSocket Connect	1699629919253	1699629922960	OK	 
REQUEST		WebSocket Connect	1699629919256	1699629922978	OK	 
REQUEST		WebSocket Connect	1699629919255	1699629922989	OK	 
REQUEST		WebSocket Connect	1699629919219	1699629922999	OK	 
REQUEST		WebSocket Connect	1699629919213	1699629923010	OK	 
REQUEST		WebSocket Connect	1699629919254	1699629923027	OK	 
REQUEST		WebSocket Connect	1699629919253	1699629923037	OK	 
REQUEST		WebSocket Connect	1699629919255	1699629923039	OK	 
REQUEST		WebSocket Connect	1699629919254	1699629923991	OK	 
REQUEST		WebSocket Connect	1699629919245	1699629924002	OK	 
REQUEST		WebSocket Connect	1699629919252	1699629924007	OK	 
REQUEST		WebSocket Connect	1699629919258	1699629924015	OK	 
REQUEST		WebSocket Connect	1699629919219	1699629924034	OK	 
REQUEST		WebSocket Connect	1699629919219	1699629924040	OK	 
REQUEST		WebSocket Connect	1699629919213	1699629924051	OK	 
REQUEST		WebSocket Connect	1699629919256	1699629924054	OK	 
REQUEST		WebSocket Connect	1699629919222	1699629924064	OK	 
REQUEST		WebSocket Connect	1699629919213	1699629924074	OK	 
REQUEST		WebSocket Connect	1699629919249	1699629924080	OK	 
REQUEST		WebSocket Connect	1699629919256	1699629924086	OK	 
REQUEST		WebSocket Connect	1699629919250	1699629924094	OK	 
REQUEST		WebSocket Connect	1699629919216	1699629924104	OK	 
REQUEST		WebSocket Connect	1699629919259	1699629924113	OK	 
REQUEST		WebSocket Connect	1699629919224	1699629924113	OK	 
REQUEST		WebSocket Connect	1699629919216	1699629924134	OK	 
REQUEST		WebSocket Connect	1699629919253	1699629925001	OK	 
REQUEST		WebSocket Connect	1699629919248	1699629925018	OK	 
REQUEST		WebSocket Connect	1699629919258	1699629925028	OK	 
REQUEST		WebSocket Connect	1699629919259	1699629925039	OK	 
REQUEST		WebSocket Connect	1699629919254	1699629925048	OK	 
REQUEST		WebSocket Connect	1699629919250	1699629925059	OK	 
REQUEST		WebSocket Connect	1699629919257	1699629925059	OK	 
REQUEST		Send Hello Message	1699630039482	1699630039482	OK	 
REQUEST		Send Hello Message	1699630039482	1699630039482	OK	 
REQUEST		Send Hello Message	1699630039482	1699630039482	OK	 
REQUEST		Send Hello Message	1699630039483	1699630039483	OK	 
USER	WebSocket Scenario	END	1699630039489
USER	WebSocket Scenario	END	1699630039490
USER	WebSocket Scenario	END	1699630039490
USER	WebSocket Scenario	END	1699630039490
REQUEST		Send Hello Message	1699630039489	1699630039489	OK	 
USER	WebSocket Scenario	END	1699630039490
REQUEST		Send Hello Message	1699630039490	1699630039490	OK	 
USER	WebSocket Scenario	END	1699630039491
REQUEST		Send Hello Message	1699630039505	1699630039505	OK	 
REQUEST		Send Hello Message	1699630039505	1699630039505	OK	 
REQUEST		Send Hello Message	1699630039506	1699630039506	OK	 
REQUEST		Send Hello Message	1699630039506	1699630039506	OK	 
USER	WebSocket Scenario	END	1699630039507
USER	WebSocket Scenario	END	1699630039507
USER	WebSocket Scenario	END	1699630039507
USER	WebSocket Scenario	END	1699630039507
REQUEST		Send Hello Message	1699630040002	1699630040002	OK	 
USER	WebSocket Scenario	END	1699630040003
REQUEST		Send Hello Message	1699630040903	1699630040903	OK	 
USER	WebSocket Scenario	END	1699630040905
REQUEST		Send Hello Message	1699630040918	1699630040918	OK	 
USER	WebSocket Scenario	END	1699630040921
REQUEST		Send Hello Message	1699630041944	1699630041944	OK	 
USER	WebSocket Scenario	END	1699630041946
REQUEST		Send Hello Message	1699630041960	1699630041960	OK	 
USER	WebSocket Scenario	END	1699630041961
REQUEST		Send Hello Message	1699630041975	1699630041975	OK	 
REQUEST		Send Hello Message	1699630041975	1699630041975	OK	 
USER	WebSocket Scenario	END	1699630041976
USER	WebSocket Scenario	END	1699630041977
REQUEST		Send Hello Message	1699630042947	1699630042947	KO	Client issued text frame but server has closed the WebSocket and max reconnects is reached
USER	WebSocket Scenario	END	1699630042950
REQUEST		Send Hello Message	1699630042962	1699630042962	OK	 
USER	WebSocket Scenario	END	1699630042964
REQUEST		Send Hello Message	1699630042993	1699630042993	OK	 
REQUEST		Send Hello Message	1699630042993	1699630042993	OK	 
USER	WebSocket Scenario	END	1699630042994
USER	WebSocket Scenario	END	1699630042994
REQUEST		Send Hello Message	1699630043009	1699630043009	OK	 
USER	WebSocket Scenario	END	1699630043010
REQUEST		Send Hello Message	1699630043025	1699630043025	OK	 
USER	WebSocket Scenario	END	1699630043026
REQUEST		Send Hello Message	1699630043040	1699630043040	OK	 
REQUEST		Send Hello Message	1699630043040	1699630043040	OK	 
USER	WebSocket Scenario	END	1699630043041
USER	WebSocket Scenario	END	1699630043042
REQUEST		Send Hello Message	1699630043041	1699630043041	OK	 
USER	WebSocket Scenario	END	1699630043042
REQUEST		Send Hello Message	1699630044004	1699630044004	OK	 
REQUEST		Send Hello Message	1699630044004	1699630044004	OK	 
USER	WebSocket Scenario	END	1699630044005
USER	WebSocket Scenario	END	1699630044005
REQUEST		Send Hello Message	1699630044020	1699630044020	OK	 
REQUEST		Send Hello Message	1699630044020	1699630044020	OK	 
USER	WebSocket Scenario	END	1699630044021
USER	WebSocket Scenario	END	1699630044021
REQUEST		Send Hello Message	1699630044035	1699630044035	OK	 
USER	WebSocket Scenario	END	1699630044036
REQUEST		Send Hello Message	1699630044051	1699630044051	OK	 
USER	WebSocket Scenario	END	1699630044052
REQUEST		Send Hello Message	1699630044066	1699630044066	KO	Client issued text frame but server has closed the WebSocket and max reconnects is reached
REQUEST		Send Hello Message	1699630044066	1699630044066	OK	 
REQUEST		Send Hello Message	1699630044066	1699630044066	OK	 
USER	WebSocket Scenario	END	1699630044067
USER	WebSocket Scenario	END	1699630044068
USER	WebSocket Scenario	END	1699630044068
REQUEST		Send Hello Message	1699630044083	1699630044083	OK	 
REQUEST		Send Hello Message	1699630044083	1699630044083	OK	 
USER	WebSocket Scenario	END	1699630044084
USER	WebSocket Scenario	END	1699630044084
REQUEST		Send Hello Message	1699630044095	1699630044095	OK	 
USER	WebSocket Scenario	END	1699630044096
REQUEST		Send Hello Message	1699630044098	1699630044098	OK	 
USER	WebSocket Scenario	END	1699630044099
REQUEST		Send Hello Message	1699630044114	1699630044114	OK	 
REQUEST		Send Hello Message	1699630044114	1699630044114	OK	 
USER	WebSocket Scenario	END	1699630044115
USER	WebSocket Scenario	END	1699630044115
REQUEST		Send Hello Message	1699630044129	1699630044129	OK	 
USER	WebSocket Scenario	END	1699630044130
REQUEST		Send Hello Message	1699630044145	1699630044145	OK	 
USER	WebSocket Scenario	END	1699630044146
REQUEST		Send Hello Message	1699630045014	1699630045014	OK	 
USER	WebSocket Scenario	END	1699630045016
REQUEST		Send Hello Message	1699630045030	1699630045030	OK	 
REQUEST		Send Hello Message	1699630045030	1699630045030	OK	 
USER	WebSocket Scenario	END	1699630045032
USER	WebSocket Scenario	END	1699630045032
REQUEST		Send Hello Message	1699630045046	1699630045046	OK	 
USER	WebSocket Scenario	END	1699630045047
REQUEST		Send Hello Message	1699630045060	1699630045060	OK	 
USER	WebSocket Scenario	END	1699630045061
REQUEST		Send Hello Message	1699630045061	1699630045061	OK	 
REQUEST		Send Hello Message	1699630045061	1699630045061	OK	 
USER	WebSocket Scenario	END	1699630045062
USER	WebSocket Scenario	END	1699630045062
