RUN	computerdatabase.ComputerDatabaseSimulation	computerdatabasesimulation	1700814019991	Socket connect	3.9.5
USER	WebSocket Scenario	START	1700814021924
USER	WebSocket Scenario	START	1700814021925
USER	WebSocket Scenario	START	1700814021924
USER	WebSocket Scenario	START	1700814021924
USER	WebSocket Scenario	START	1700814021924
USER	WebSocket Scenario	START	1700814021924
USER	WebSocket Scenario	START	1700814021926
USER	WebSocket Scenario	START	1700814021926
USER	WebSocket Scenario	START	1700814021926
USER	WebSocket Scenario	START	1700814021926
USER	WebSocket Scenario	START	1700814021926
USER	WebSocket Scenario	START	1700814021926
USER	WebSocket Scenario	START	1700814021927
USER	WebSocket Scenario	START	1700814021927
USER	WebSocket Scenario	START	1700814021927
USER	WebSocket Scenario	START	1700814021927
USER	WebSocket Scenario	START	1700814021927
USER	WebSocket Scenario	START	1700814021924
USER	WebSocket Scenario	START	1700814021927
USER	WebSocket Scenario	START	1700814021928
REQUEST		WebSocket Connect	1700814021990	1700814022160	OK	 
REQUEST		WebSocket Connect	1700814021993	1700814022156	OK	 
REQUEST		WebSocket Connect	1700814021981	1700814022168	OK	 
REQUEST		WebSocket Connect	1700814021981	1700814022182	OK	 
REQUEST		WebSocket Connect	1700814021987	1700814022195	OK	 
REQUEST		WebSocket Connect	1700814021987	1700814022200	OK	 
REQUEST		WebSocket Connect	1700814021991	1700814022208	OK	 
REQUEST		WebSocket Connect	1700814021991	1700814022218	OK	 
REQUEST		WebSocket Connect	1700814022015	1700814022228	OK	 
REQUEST		WebSocket Connect	1700814021987	1700814022228	OK	 
REQUEST		WebSocket Connect	1700814021992	1700814022400	OK	 
REQUEST		WebSocket Connect	1700814021982	1700814023437	OK	 
REQUEST		WebSocket Connect	1700814021981	1700814023437	OK	 
REQUEST		WebSocket Connect	1700814021993	1700814024464	OK	 
REQUEST		WebSocket Connect	1700814021981	1700814024484	OK	 
REQUEST		WebSocket Connect	1700814021981	1700814024493	OK	 
REQUEST		WebSocket Connect	1700814021989	1700814024493	OK	 
REQUEST		WebSocket Connect	1700814022016	1700814025570	OK	 
REQUEST		WebSocket Connect	1700814022016	1700814025576	OK	 
REQUEST		WebSocket Connect	1700814022015	1700814025576	OK	 
REQUEST		Send Request type in Websocket	1700814032182	1700814032182	OK	 
REQUEST		Send Request type in Websocket	1700814032185	1700814032185	OK	 
REQUEST		Send Request type in Websocket	1700814032185	1700814032185	OK	 
REQUEST		Send Request type in Websocket	1700814032194	1700814032194	OK	 
REQUEST		Send Request type in Websocket	1700814032204	1700814032204	OK	 
REQUEST		Send Request type in Websocket	1700814032204	1700814032204	OK	 
REQUEST		Send Request type in Websocket	1700814032212	1700814032212	OK	 
REQUEST		Send Request type in Websocket	1700814032221	1700814032221	OK	 
REQUEST		Send Request type in Websocket	1700814032237	1700814032237	OK	 
REQUEST		Send Request type in Websocket	1700814032237	1700814032237	OK	 
REQUEST		Send Request type in Websocket	1700814032407	1700814032407	OK	 
REQUEST		Send Request type in Websocket	1700814033446	1700814033446	OK	 
REQUEST		Send Request type in Websocket	1700814033446	1700814033446	OK	 
REQUEST		Send Request type in Websocket	1700814034470	1700814034470	OK	 
REQUEST		Send Request type in Websocket	1700814034495	1700814034495	OK	 
REQUEST		Send Request type in Websocket	1700814034495	1700814034495	OK	 
REQUEST		Send Request type in Websocket	1700814034496	1700814034496	OK	 
REQUEST		Send Request type in Websocket	1700814035576	1700814035576	OK	 
REQUEST		Send Request type in Websocket	1700814035584	1700814035584	OK	 
REQUEST		Send Request type in Websocket	1700814035584	1700814035584	OK	 
USER	WebSocket Scenario	END	1700814037201
USER	WebSocket Scenario	END	1700814037201
USER	WebSocket Scenario	END	1700814037201
USER	WebSocket Scenario	END	1700814037201
USER	WebSocket Scenario	END	1700814037217
USER	WebSocket Scenario	END	1700814037218
USER	WebSocket Scenario	END	1700814037218
USER	WebSocket Scenario	END	1700814037234
USER	WebSocket Scenario	END	1700814037247
USER	WebSocket Scenario	END	1700814037247
USER	WebSocket Scenario	END	1700814037412
USER	WebSocket Scenario	END	1700814038450
USER	WebSocket Scenario	END	1700814038450
USER	WebSocket Scenario	END	1700814039475
USER	WebSocket Scenario	END	1700814039509
USER	WebSocket Scenario	END	1700814039509
USER	WebSocket Scenario	END	1700814039509
USER	WebSocket Scenario	END	1700814040581
USER	WebSocket Scenario	END	1700814040589
USER	WebSocket Scenario	END	1700814040604
