RUN	computerdatabase.ComputerDatabaseSimulation	computerdatabasesimulation	1700817593914	Websocket connect	3.9.5
USER	WebSocket Scenario	START	1700817595015
USER	WebSocket Scenario	START	1700817595015
USER	WebSocket Scenario	START	1700817595015
USER	WebSocket Scenario	START	1700817595016
USER	WebSocket Scenario	START	1700817595016
USER	WebSocket Scenario	START	1700817595016
USER	WebSocket Scenario	START	1700817595016
USER	WebSocket Scenario	START	1700817595016
USER	WebSocket Scenario	START	1700817595016
USER	WebSocket Scenario	START	1700817595016
USER	WebSocket Scenario	START	1700817595016
USER	WebSocket Scenario	START	1700817595016
USER	WebSocket Scenario	START	1700817595016
USER	WebSocket Scenario	START	1700817595016
USER	WebSocket Scenario	START	1700817595016
USER	WebSocket Scenario	START	1700817595016
USER	WebSocket Scenario	START	1700817595016
USER	WebSocket Scenario	START	1700817595016
USER	WebSocket Scenario	START	1700817595016
USER	WebSocket Scenario	START	1700817595016
USER	WebSocket Scenario	START	1700817595016
USER	WebSocket Scenario	START	1700817595016
USER	WebSocket Scenario	START	1700817595016
USER	WebSocket Scenario	START	1700817595016
USER	WebSocket Scenario	START	1700817595016
USER	WebSocket Scenario	START	1700817595016
USER	WebSocket Scenario	START	1700817595016
USER	WebSocket Scenario	START	1700817595016
USER	WebSocket Scenario	START	1700817595017
USER	WebSocket Scenario	START	1700817595017
USER	WebSocket Scenario	START	1700817595017
USER	WebSocket Scenario	START	1700817595017
USER	WebSocket Scenario	START	1700817595017
USER	WebSocket Scenario	START	1700817595017
USER	WebSocket Scenario	START	1700817595017
USER	WebSocket Scenario	START	1700817595017
USER	WebSocket Scenario	START	1700817595017
USER	WebSocket Scenario	START	1700817595017
USER	WebSocket Scenario	START	1700817595017
USER	WebSocket Scenario	START	1700817595018
USER	WebSocket Scenario	START	1700817595018
USER	WebSocket Scenario	START	1700817595018
USER	WebSocket Scenario	START	1700817595018
USER	WebSocket Scenario	START	1700817595019
USER	WebSocket Scenario	START	1700817595019
USER	WebSocket Scenario	START	1700817595019
USER	WebSocket Scenario	START	1700817595019
USER	WebSocket Scenario	START	1700817595019
USER	WebSocket Scenario	START	1700817595019
USER	WebSocket Scenario	START	1700817595019
USER	WebSocket Scenario	START	1700817595019
USER	WebSocket Scenario	START	1700817595019
USER	WebSocket Scenario	START	1700817595019
USER	WebSocket Scenario	START	1700817595019
USER	WebSocket Scenario	START	1700817595020
USER	WebSocket Scenario	START	1700817595020
USER	WebSocket Scenario	START	1700817595020
USER	WebSocket Scenario	START	1700817595020
USER	WebSocket Scenario	START	1700817595020
USER	WebSocket Scenario	START	1700817595020
USER	WebSocket Scenario	START	1700817595020
USER	WebSocket Scenario	START	1700817595021
USER	WebSocket Scenario	START	1700817595023
USER	WebSocket Scenario	START	1700817595023
USER	WebSocket Scenario	START	1700817595023
USER	WebSocket Scenario	START	1700817595023
USER	WebSocket Scenario	START	1700817595023
USER	WebSocket Scenario	START	1700817595023
USER	WebSocket Scenario	START	1700817595023
USER	WebSocket Scenario	START	1700817595024
REQUEST		WebSocket Connect	1700817595046	1700817595204	OK	 
REQUEST		WebSocket Connect	1700817595043	1700817595211	OK	 
REQUEST		WebSocket Connect	1700817595058	1700817595226	OK	 
REQUEST		WebSocket Connect	1700817595057	1700817595235	OK	 
REQUEST		WebSocket Connect	1700817595058	1700817595245	OK	 
REQUEST		WebSocket Connect	1700817595059	1700817595257	OK	 
REQUEST		WebSocket Connect	1700817595059	1700817595268	OK	 
REQUEST		WebSocket Connect	1700817595058	1700817595280	OK	 
REQUEST		WebSocket Connect	1700817595057	1700817595292	OK	 
REQUEST		WebSocket Connect	1700817595043	1700817595304	OK	 
REQUEST		WebSocket Connect	1700817595047	1700817595312	OK	 
REQUEST		WebSocket Connect	1700817595058	1700817595322	OK	 
REQUEST		WebSocket Connect	1700817595059	1700817595324	OK	 
REQUEST		WebSocket Connect	1700817595043	1700817595555	OK	 
REQUEST		WebSocket Connect	1700817595059	1700817596575	OK	 
REQUEST		WebSocket Connect	1700817595059	1700817596575	OK	 
REQUEST		WebSocket Connect	1700817595059	1700817597583	OK	 
REQUEST		WebSocket Connect	1700817595060	1700817597594	OK	 
REQUEST		WebSocket Connect	1700817595047	1700817597605	OK	 
REQUEST		WebSocket Connect	1700817595040	1700817597605	OK	 
REQUEST		WebSocket Connect	1700817595059	1700817598607	OK	 
REQUEST		WebSocket Connect	1700817595059	1700817598658	OK	 
REQUEST		WebSocket Connect	1700817595059	1700817598668	OK	 
REQUEST		WebSocket Connect	1700817595060	1700817598677	OK	 
REQUEST		WebSocket Connect	1700817595061	1700817598692	OK	 
REQUEST		WebSocket Connect	1700817595057	1700817598700	OK	 
REQUEST		WebSocket Connect	1700817595040	1700817598708	OK	 
REQUEST		WebSocket Connect	1700817595040	1700817598708	OK	 
REQUEST		WebSocket Connect	1700817595062	1700817599627	OK	 
REQUEST		WebSocket Connect	1700817595045	1700817599645	OK	 
REQUEST		WebSocket Connect	1700817595063	1700817599672	OK	 
REQUEST		WebSocket Connect	1700817595057	1700817599688	OK	 
REQUEST		WebSocket Connect	1700817595040	1700817599694	OK	 
REQUEST		WebSocket Connect	1700817595058	1700817599705	OK	 
REQUEST		WebSocket Connect	1700817595060	1700817599712	OK	 
REQUEST		WebSocket Connect	1700817595063	1700817599721	OK	 
REQUEST		WebSocket Connect	1700817595060	1700817599727	OK	 
REQUEST		WebSocket Connect	1700817595044	1700817599736	OK	 
REQUEST		WebSocket Connect	1700817595061	1700817599747	OK	 
REQUEST		WebSocket Connect	1700817595062	1700817599759	OK	 
REQUEST		WebSocket Connect	1700817595062	1700817599770	OK	 
REQUEST		WebSocket Connect	1700817595059	1700817599780	OK	 
REQUEST		WebSocket Connect	1700817595063	1700817599787	OK	 
REQUEST		WebSocket Connect	1700817595061	1700817599787	OK	 
REQUEST		WebSocket Connect	1700817595061	1700817600785	OK	 
REQUEST		WebSocket Connect	1700817595061	1700817600820	OK	 
REQUEST		WebSocket Connect	1700817595062	1700817600857	OK	 
REQUEST		WebSocket Connect	1700817595067	1700817600904	OK	 
REQUEST		WebSocket Connect	1700817595063	1700817600931	OK	 
REQUEST		WebSocket Connect	1700817595061	1700817600957	OK	 
REQUEST		WebSocket Connect	1700817595043	1700817600975	OK	 
REQUEST		WebSocket Connect	1700817595066	1700817600987	OK	 
REQUEST		WebSocket Connect	1700817595062	1700817601009	OK	 
REQUEST		WebSocket Connect	1700817595040	1700817601030	OK	 
REQUEST		WebSocket Connect	1700817595047	1700817601050	OK	 
REQUEST		WebSocket Connect	1700817595066	1700817601068	OK	 
REQUEST		WebSocket Connect	1700817595047	1700817601078	OK	 
REQUEST		WebSocket Connect	1700817595067	1700817601087	OK	 
REQUEST		WebSocket Connect	1700817595067	1700817601096	OK	 
REQUEST		WebSocket Connect	1700817595062	1700817601107	OK	 
REQUEST		WebSocket Connect	1700817595067	1700817601116	OK	 
REQUEST		WebSocket Connect	1700817595063	1700817601125	OK	 
REQUEST		WebSocket Connect	1700817595064	1700817601138	OK	 
REQUEST		WebSocket Connect	1700817595063	1700817601149	OK	 
REQUEST		WebSocket Connect	1700817595068	1700817601162	OK	 
REQUEST		WebSocket Connect	1700817595065	1700817601174	OK	 
REQUEST		WebSocket Connect	1700817595064	1700817601188	OK	 
REQUEST		WebSocket Connect	1700817595069	1700817601197	OK	 
REQUEST		WebSocket Connect	1700817595068	1700817601207	OK	 
REQUEST		WebSocket Connect	1700817595066	1700817601207	OK	 
REQUEST		Send Request type in Websocket	1700817605231	1700817605231	OK	 
REQUEST		Send Request type in Websocket	1700817605231	1700817605231	OK	 
REQUEST		Send Request type in Websocket	1700817605233	1700817605233	OK	 
REQUEST		Send Request type in Websocket	1700817605242	1700817605242	OK	 
REQUEST		Send Request type in Websocket	1700817605258	1700817605258	OK	 
REQUEST		Send Request type in Websocket	1700817605258	1700817605258	OK	 
REQUEST		Send Request type in Websocket	1700817605274	1700817605274	OK	 
REQUEST		Send Request type in Websocket	1700817605289	1700817605289	OK	 
REQUEST		Send Request type in Websocket	1700817605304	1700817605304	OK	 
REQUEST		Send Request type in Websocket	1700817605319	1700817605319	OK	 
REQUEST		Send Request type in Websocket	1700817605319	1700817605319	OK	 
REQUEST		Send Request type in Websocket	1700817605336	1700817605336	OK	 
REQUEST		Send Request type in Websocket	1700817605336	1700817605336	OK	 
REQUEST		Send Request type in Websocket	1700817605567	1700817605567	OK	 
REQUEST		Send Request type in Websocket	1700817606583	1700817606583	OK	 
REQUEST		Send Request type in Websocket	1700817606583	1700817606583	OK	 
REQUEST		Send Request type in Websocket	1700817607598	1700817607598	OK	 
REQUEST		Send Request type in Websocket	1700817607598	1700817607598	OK	 
REQUEST		Send Request type in Websocket	1700817607613	1700817607613	OK	 
REQUEST		Send Request type in Websocket	1700817607613	1700817607613	OK	 
REQUEST		Send Request type in Websocket	1700817608613	1700817608613	OK	 
REQUEST		Send Request type in Websocket	1700817608660	1700817608660	OK	 
REQUEST		Send Request type in Websocket	1700817608675	1700817608675	OK	 
REQUEST		Send Request type in Websocket	1700817608690	1700817608690	OK	 
REQUEST		Send Request type in Websocket	1700817608706	1700817608706	OK	 
REQUEST		Send Request type in Websocket	1700817608707	1700817608707	OK	 
REQUEST		Send Request type in Websocket	1700817608721	1700817608721	OK	 
REQUEST		Send Request type in Websocket	1700817608721	1700817608721	OK	 
REQUEST		Send Request type in Websocket	1700817609632	1700817609632	OK	 
REQUEST		Send Request type in Websocket	1700817609647	1700817609647	OK	 
REQUEST		Send Request type in Websocket	1700817609678	1700817609678	OK	 
REQUEST		Send Request type in Websocket	1700817609694	1700817609694	OK	 
REQUEST		Send Request type in Websocket	1700817609709	1700817609709	OK	 
REQUEST		Send Request type in Websocket	1700817609709	1700817609709	OK	 
REQUEST		Send Request type in Websocket	1700817609725	1700817609725	OK	 
REQUEST		Send Request type in Websocket	1700817609725	1700817609725	OK	 
REQUEST		Send Request type in Websocket	1700817609741	1700817609741	OK	 
REQUEST		Send Request type in Websocket	1700817609741	1700817609741	OK	 
REQUEST		Send Request type in Websocket	1700817609757	1700817609757	OK	 
REQUEST		Send Request type in Websocket	1700817609773	1700817609773	OK	 
REQUEST		Send Request type in Websocket	1700817609773	1700817609773	OK	 
REQUEST		Send Request type in Websocket	1700817609788	1700817609788	OK	 
REQUEST		Send Request type in Websocket	1700817609788	1700817609788	OK	 
REQUEST		Send Request type in Websocket	1700817609788	1700817609788	OK	 
USER	WebSocket Scenario	END	1700817610245
USER	WebSocket Scenario	END	1700817610246
USER	WebSocket Scenario	END	1700817610246
USER	WebSocket Scenario	END	1700817610257
USER	WebSocket Scenario	END	1700817610273
USER	WebSocket Scenario	END	1700817610273
USER	WebSocket Scenario	END	1700817610288
USER	WebSocket Scenario	END	1700817610303
USER	WebSocket Scenario	END	1700817610320
USER	WebSocket Scenario	END	1700817610335
USER	WebSocket Scenario	END	1700817610335
USER	WebSocket Scenario	END	1700817610351
USER	WebSocket Scenario	END	1700817610351
USER	WebSocket Scenario	END	1700817610571
REQUEST		Send Request type in Websocket	1700817610792	1700817610792	OK	 
REQUEST		Send Request type in Websocket	1700817610824	1700817610824	OK	 
REQUEST		Send Request type in Websocket	1700817610872	1700817610872	OK	 
REQUEST		Send Request type in Websocket	1700817610919	1700817610919	OK	 
REQUEST		Send Request type in Websocket	1700817610934	1700817610934	OK	 
REQUEST		Send Request type in Websocket	1700817610966	1700817610966	OK	 
REQUEST		Send Request type in Websocket	1700817610981	1700817610981	OK	 
REQUEST		Send Request type in Websocket	1700817610997	1700817610997	OK	 
REQUEST		Send Request type in Websocket	1700817611013	1700817611013	OK	 
REQUEST		Send Request type in Websocket	1700817611044	1700817611044	OK	 
REQUEST		Send Request type in Websocket	1700817611059	1700817611059	OK	 
REQUEST		Send Request type in Websocket	1700817611076	1700817611076	OK	 
REQUEST		Send Request type in Websocket	1700817611091	1700817611091	OK	 
REQUEST		Send Request type in Websocket	1700817611091	1700817611091	OK	 
REQUEST		Send Request type in Websocket	1700817611106	1700817611106	OK	 
REQUEST		Send Request type in Websocket	1700817611121	1700817611121	OK	 
REQUEST		Send Request type in Websocket	1700817611121	1700817611121	OK	 
REQUEST		Send Request type in Websocket	1700817611137	1700817611137	OK	 
REQUEST		Send Request type in Websocket	1700817611153	1700817611153	OK	 
REQUEST		Send Request type in Websocket	1700817611153	1700817611153	OK	 
REQUEST		Send Request type in Websocket	1700817611169	1700817611169	OK	 
REQUEST		Send Request type in Websocket	1700817611184	1700817611184	OK	 
REQUEST		Send Request type in Websocket	1700817611200	1700817611200	OK	 
REQUEST		Send Request type in Websocket	1700817611200	1700817611200	OK	 
REQUEST		Send Request type in Websocket	1700817611214	1700817611214	OK	 
REQUEST		Send Request type in Websocket	1700817611215	1700817611215	OK	 
USER	WebSocket Scenario	END	1700817611590
USER	WebSocket Scenario	END	1700817611590
USER	WebSocket Scenario	END	1700817612608
USER	WebSocket Scenario	END	1700817612609
USER	WebSocket Scenario	END	1700817612624
USER	WebSocket Scenario	END	1700817612624
USER	WebSocket Scenario	END	1700817613624
USER	WebSocket Scenario	END	1700817613671
USER	WebSocket Scenario	END	1700817613687
USER	WebSocket Scenario	END	1700817613703
USER	WebSocket Scenario	END	1700817613718
USER	WebSocket Scenario	END	1700817613719
USER	WebSocket Scenario	END	1700817613734
USER	WebSocket Scenario	END	1700817613734
USER	WebSocket Scenario	END	1700817614642
USER	WebSocket Scenario	END	1700817614658
USER	WebSocket Scenario	END	1700817614690
USER	WebSocket Scenario	END	1700817614705
USER	WebSocket Scenario	END	1700817614721
USER	WebSocket Scenario	END	1700817614721
USER	WebSocket Scenario	END	1700817614736
USER	WebSocket Scenario	END	1700817614736
USER	WebSocket Scenario	END	1700817614752
USER	WebSocket Scenario	END	1700817614752
USER	WebSocket Scenario	END	1700817614767
USER	WebSocket Scenario	END	1700817614783
USER	WebSocket Scenario	END	1700817614783
USER	WebSocket Scenario	END	1700817614799
USER	WebSocket Scenario	END	1700817614799
USER	WebSocket Scenario	END	1700817614799
USER	WebSocket Scenario	END	1700817615797
USER	WebSocket Scenario	END	1700817615828
USER	WebSocket Scenario	END	1700817615874
USER	WebSocket Scenario	END	1700817615922
USER	WebSocket Scenario	END	1700817615938
USER	WebSocket Scenario	END	1700817615969
USER	WebSocket Scenario	END	1700817615984
USER	WebSocket Scenario	END	1700817616000
USER	WebSocket Scenario	END	1700817616015
USER	WebSocket Scenario	END	1700817616046
USER	WebSocket Scenario	END	1700817616062
USER	WebSocket Scenario	END	1700817616077
USER	WebSocket Scenario	END	1700817616093
USER	WebSocket Scenario	END	1700817616093
USER	WebSocket Scenario	END	1700817616109
USER	WebSocket Scenario	END	1700817616124
USER	WebSocket Scenario	END	1700817616124
USER	WebSocket Scenario	END	1700817616140
USER	WebSocket Scenario	END	1700817616156
USER	WebSocket Scenario	END	1700817616156
USER	WebSocket Scenario	END	1700817616172
USER	WebSocket Scenario	END	1700817616187
USER	WebSocket Scenario	END	1700817616202
USER	WebSocket Scenario	END	1700817616203
USER	WebSocket Scenario	END	1700817616218
USER	WebSocket Scenario	END	1700817616218
