RUN	computerdatabase.ComputerDatabaseSimulation	computerdatabasesimulation	1700809537141	Socket connect	3.9.5
USER	WebSocket Scenario	START	1700809539004
USER	WebSocket Scenario	START	1700809539005
USER	WebSocket Scenario	START	1700809539004
USER	WebSocket Scenario	START	1700809539005
USER	WebSocket Scenario	START	1700809539005
USER	WebSocket Scenario	START	1700809539005
USER	WebSocket Scenario	START	1700809539005
USER	WebSocket Scenario	START	1700809539004
USER	WebSocket Scenario	START	1700809539006
USER	WebSocket Scenario	START	1700809539006
USER	WebSocket Scenario	START	1700809539006
USER	WebSocket Scenario	START	1700809539006
USER	WebSocket Scenario	START	1700809539005
USER	WebSocket Scenario	START	1700809539006
USER	WebSocket Scenario	START	1700809539006
USER	WebSocket Scenario	START	1700809539006
USER	WebSocket Scenario	START	1700809539006
USER	WebSocket Scenario	START	1700809539006
USER	WebSocket Scenario	START	1700809539006
USER	WebSocket Scenario	START	1700809539006
USER	WebSocket Scenario	START	1700809539006
USER	WebSocket Scenario	START	1700809539006
USER	WebSocket Scenario	START	1700809539006
USER	WebSocket Scenario	START	1700809539006
USER	WebSocket Scenario	START	1700809539006
USER	WebSocket Scenario	START	1700809539006
USER	WebSocket Scenario	START	1700809539007
USER	WebSocket Scenario	START	1700809539007
USER	WebSocket Scenario	START	1700809539007
USER	WebSocket Scenario	START	1700809539007
USER	WebSocket Scenario	START	1700809539007
USER	WebSocket Scenario	START	1700809539007
USER	WebSocket Scenario	START	1700809539007
USER	WebSocket Scenario	START	1700809539007
USER	WebSocket Scenario	START	1700809539007
USER	WebSocket Scenario	START	1700809539007
USER	WebSocket Scenario	START	1700809539007
USER	WebSocket Scenario	START	1700809539008
USER	WebSocket Scenario	START	1700809539009
USER	WebSocket Scenario	START	1700809539009
USER	WebSocket Scenario	START	1700809539009
USER	WebSocket Scenario	START	1700809539009
USER	WebSocket Scenario	START	1700809539009
USER	WebSocket Scenario	START	1700809539009
USER	WebSocket Scenario	START	1700809539010
USER	WebSocket Scenario	START	1700809539010
USER	WebSocket Scenario	START	1700809539010
USER	WebSocket Scenario	START	1700809539010
USER	WebSocket Scenario	START	1700809539010
USER	WebSocket Scenario	START	1700809539010
REQUEST		WebSocket Connect	1700809539069	1700809539281	OK	 
REQUEST		WebSocket Connect	1700809539110	1700809539276	OK	 
REQUEST		WebSocket Connect	1700809539069	1700809539276	OK	 
REQUEST		WebSocket Connect	1700809539069	1700809539298	OK	 
REQUEST		WebSocket Connect	1700809539106	1700809539302	OK	 
REQUEST		WebSocket Connect	1700809539069	1700809539312	OK	 
REQUEST		WebSocket Connect	1700809539069	1700809539319	OK	 
REQUEST		WebSocket Connect	1700809539107	1700809539329	OK	 
REQUEST		WebSocket Connect	1700809539106	1700809539338	OK	 
REQUEST		WebSocket Connect	1700809539108	1700809539353	OK	 
REQUEST		WebSocket Connect	1700809539108	1700809539354	OK	 
REQUEST		WebSocket Connect	1700809539114	1700809539906	OK	 
REQUEST		WebSocket Connect	1700809539108	1700809540828	OK	 
REQUEST		WebSocket Connect	1700809539107	1700809540840	OK	 
REQUEST		WebSocket Connect	1700809539111	1700809541859	OK	 
REQUEST		WebSocket Connect	1700809539069	1700809541891	OK	 
REQUEST		WebSocket Connect	1700809539068	1700809541898	OK	 
REQUEST		WebSocket Connect	1700809539111	1700809541899	OK	 
REQUEST		WebSocket Connect	1700809539111	1700809542847	OK	 
REQUEST		WebSocket Connect	1700809539069	1700809542883	OK	 
REQUEST		WebSocket Connect	1700809539112	1700809542897	OK	 
REQUEST		WebSocket Connect	1700809539111	1700809542908	OK	 
REQUEST		WebSocket Connect	1700809539113	1700809542920	OK	 
REQUEST		WebSocket Connect	1700809539112	1700809542931	OK	 
REQUEST		WebSocket Connect	1700809539113	1700809542942	OK	 
REQUEST		WebSocket Connect	1700809539069	1700809542942	OK	 
REQUEST		WebSocket Connect	1700809539119	1700809543909	OK	 
REQUEST		WebSocket Connect	1700809539069	1700809543929	OK	 
REQUEST		WebSocket Connect	1700809539108	1700809543950	OK	 
REQUEST		WebSocket Connect	1700809539118	1700809543951	OK	 
REQUEST		WebSocket Connect	1700809539113	1700809543964	OK	 
REQUEST		WebSocket Connect	1700809539068	1700809543977	OK	 
REQUEST		WebSocket Connect	1700809539069	1700809543984	OK	 
REQUEST		WebSocket Connect	1700809539110	1700809543995	OK	 
REQUEST		WebSocket Connect	1700809539115	1700809544006	OK	 
REQUEST		WebSocket Connect	1700809539114	1700809544018	OK	 
REQUEST		WebSocket Connect	1700809539069	1700809544031	OK	 
REQUEST		WebSocket Connect	1700809539116	1700809544040	OK	 
REQUEST		WebSocket Connect	1700809539068	1700809544054	OK	 
REQUEST		WebSocket Connect	1700809539116	1700809544066	OK	 
REQUEST		WebSocket Connect	1700809539118	1700809544077	OK	 
REQUEST		WebSocket Connect	1700809539117	1700809544077	OK	 
REQUEST		WebSocket Connect	1700809539069	1700809545075	OK	 
REQUEST		WebSocket Connect	1700809539118	1700809545090	OK	 
REQUEST		WebSocket Connect	1700809539069	1700809545102	OK	 
REQUEST		WebSocket Connect	1700809539116	1700809545115	OK	 
REQUEST		WebSocket Connect	1700809539120	1700809545124	OK	 
REQUEST		WebSocket Connect	1700809539117	1700809545136	OK	 
REQUEST		WebSocket Connect	1700809539116	1700809545147	OK	 
REQUEST		WebSocket Connect	1700809539119	1700809545147	OK	 
REQUEST		Send Request type in Websocket	1700809549296	1700809549296	OK	 
REQUEST		Send Request type in Websocket	1700809549297	1700809549297	OK	 
REQUEST		Send Request type in Websocket	1700809549299	1700809549299	OK	 
REQUEST		Send Request type in Websocket	1700809549300	1700809549300	OK	 
USER	WebSocket Scenario	END	1700809549302
USER	WebSocket Scenario	END	1700809549302
USER	WebSocket Scenario	END	1700809549302
USER	WebSocket Scenario	END	1700809549302
REQUEST		Send Request type in Websocket	1700809549318	1700809549318	OK	 
REQUEST		Send Request type in Websocket	1700809549318	1700809549318	OK	 
USER	WebSocket Scenario	END	1700809549319
USER	WebSocket Scenario	END	1700809549319
REQUEST		Send Request type in Websocket	1700809549333	1700809549333	OK	 
USER	WebSocket Scenario	END	1700809549335
REQUEST		Send Request type in Websocket	1700809549335	1700809549335	OK	 
USER	WebSocket Scenario	END	1700809549336
REQUEST		Send Request type in Websocket	1700809549349	1700809549349	OK	 
USER	WebSocket Scenario	END	1700809549350
REQUEST		Send Request type in Websocket	1700809549365	1700809549365	OK	 
REQUEST		Send Request type in Websocket	1700809549365	1700809549365	OK	 
USER	WebSocket Scenario	END	1700809549366
USER	WebSocket Scenario	END	1700809549366
REQUEST		Send Request type in Websocket	1700809549915	1700809549915	OK	 
USER	WebSocket Scenario	END	1700809549916
REQUEST		Send Request type in Websocket	1700809550842	1700809550842	OK	 
REQUEST		Send Request type in Websocket	1700809550842	1700809550842	OK	 
USER	WebSocket Scenario	END	1700809550843
USER	WebSocket Scenario	END	1700809550844
REQUEST		Send Request type in Websocket	1700809551863	1700809551863	OK	 
USER	WebSocket Scenario	END	1700809551865
REQUEST		Send Request type in Websocket	1700809551895	1700809551895	OK	 
USER	WebSocket Scenario	END	1700809551896
REQUEST		Send Request type in Websocket	1700809551911	1700809551911	OK	 
REQUEST		Send Request type in Websocket	1700809551911	1700809551911	OK	 
USER	WebSocket Scenario	END	1700809551912
USER	WebSocket Scenario	END	1700809551912
REQUEST		Send Request type in Websocket	1700809552854	1700809552854	OK	 
USER	WebSocket Scenario	END	1700809552855
REQUEST		Send Request type in Websocket	1700809552885	1700809552885	OK	 
USER	WebSocket Scenario	END	1700809552886
REQUEST		Send Request type in Websocket	1700809552901	1700809552901	OK	 
USER	WebSocket Scenario	END	1700809552903
REQUEST		Send Request type in Websocket	1700809552917	1700809552917	OK	 
USER	WebSocket Scenario	END	1700809552918
REQUEST		Send Request type in Websocket	1700809552933	1700809552933	OK	 
USER	WebSocket Scenario	END	1700809552934
REQUEST		Send Request type in Websocket	1700809552934	1700809552934	OK	 
USER	WebSocket Scenario	END	1700809552935
REQUEST		Send Request type in Websocket	1700809552948	1700809552948	OK	 
USER	WebSocket Scenario	END	1700809552949
REQUEST		Send Request type in Websocket	1700809552949	1700809552949	OK	 
USER	WebSocket Scenario	END	1700809552950
REQUEST		Send Request type in Websocket	1700809553923	1700809553923	OK	 
USER	WebSocket Scenario	END	1700809553925
REQUEST		Send Request type in Websocket	1700809553938	1700809553938	OK	 
USER	WebSocket Scenario	END	1700809553940
REQUEST		Send Request type in Websocket	1700809553954	1700809553954	OK	 
REQUEST		Send Request type in Websocket	1700809553954	1700809553954	OK	 
USER	WebSocket Scenario	END	1700809553955
USER	WebSocket Scenario	END	1700809553955
REQUEST		Send Request type in Websocket	1700809553969	1700809553969	OK	 
USER	WebSocket Scenario	END	1700809553970
REQUEST		Send Request type in Websocket	1700809553985	1700809553985	OK	 
REQUEST		Send Request type in Websocket	1700809553985	1700809553985	OK	 
USER	WebSocket Scenario	END	1700809553986
USER	WebSocket Scenario	END	1700809553986
REQUEST		Send Request type in Websocket	1700809554001	1700809554001	OK	 
USER	WebSocket Scenario	END	1700809554002
REQUEST		Send Request type in Websocket	1700809554017	1700809554017	OK	 
USER	WebSocket Scenario	END	1700809554019
REQUEST		Send Request type in Websocket	1700809554020	1700809554020	OK	 
USER	WebSocket Scenario	END	1700809554021
REQUEST		Send Request type in Websocket	1700809554033	1700809554033	OK	 
USER	WebSocket Scenario	END	1700809554034
REQUEST		Send Request type in Websocket	1700809554048	1700809554048	OK	 
USER	WebSocket Scenario	END	1700809554050
REQUEST		Send Request type in Websocket	1700809554064	1700809554064	OK	 
USER	WebSocket Scenario	END	1700809554065
REQUEST		Send Request type in Websocket	1700809554080	1700809554080	OK	 
REQUEST		Send Request type in Websocket	1700809554080	1700809554080	OK	 
USER	WebSocket Scenario	END	1700809554081
USER	WebSocket Scenario	END	1700809554081
REQUEST		Send Request type in Websocket	1700809554081	1700809554081	OK	 
USER	WebSocket Scenario	END	1700809554082
REQUEST		Send Request type in Websocket	1700809555085	1700809555085	OK	 
USER	WebSocket Scenario	END	1700809555086
REQUEST		Send Request type in Websocket	1700809555101	1700809555101	OK	 
USER	WebSocket Scenario	END	1700809555102
REQUEST		Send Request type in Websocket	1700809555117	1700809555117	OK	 
REQUEST		Send Request type in Websocket	1700809555117	1700809555117	OK	 
USER	WebSocket Scenario	END	1700809555118
USER	WebSocket Scenario	END	1700809555118
REQUEST		Send Request type in Websocket	1700809555132	1700809555132	OK	 
USER	WebSocket Scenario	END	1700809555133
REQUEST		Send Request type in Websocket	1700809555148	1700809555148	OK	 
REQUEST		Send Request type in Websocket	1700809555148	1700809555148	OK	 
USER	WebSocket Scenario	END	1700809555149
USER	WebSocket Scenario	END	1700809555149
REQUEST		Send Request type in Websocket	1700809555149	1700809555149	OK	 
USER	WebSocket Scenario	END	1700809555150
