RUN	computerdatabase.ComputerDatabaseSimulation	computerdatabasesimulation	1700817123343	Socket connection	3.9.5
USER	WebSocket Scenario	START	1700817125140
USER	WebSocket Scenario	START	1700817125140
USER	WebSocket Scenario	START	1700817125141
USER	WebSocket Scenario	START	1700817125140
USER	WebSocket Scenario	START	1700817125141
USER	WebSocket Scenario	START	1700817125141
USER	WebSocket Scenario	START	1700817125141
USER	WebSocket Scenario	START	1700817125141
USER	WebSocket Scenario	START	1700817125140
USER	WebSocket Scenario	START	1700817125141
USER	WebSocket Scenario	START	1700817125141
USER	WebSocket Scenario	START	1700817125142
USER	WebSocket Scenario	START	1700817125141
USER	WebSocket Scenario	START	1700817125142
USER	WebSocket Scenario	START	1700817125142
USER	WebSocket Scenario	START	1700817125142
USER	WebSocket Scenario	START	1700817125142
USER	WebSocket Scenario	START	1700817125142
USER	WebSocket Scenario	START	1700817125142
USER	WebSocket Scenario	START	1700817125142
USER	WebSocket Scenario	START	1700817125142
USER	WebSocket Scenario	START	1700817125142
USER	WebSocket Scenario	START	1700817125142
USER	WebSocket Scenario	START	1700817125142
USER	WebSocket Scenario	START	1700817125142
USER	WebSocket Scenario	START	1700817125143
USER	WebSocket Scenario	START	1700817125143
USER	WebSocket Scenario	START	1700817125143
USER	WebSocket Scenario	START	1700817125143
USER	WebSocket Scenario	START	1700817125143
USER	WebSocket Scenario	START	1700817125143
USER	WebSocket Scenario	START	1700817125143
USER	WebSocket Scenario	START	1700817125143
USER	WebSocket Scenario	START	1700817125146
USER	WebSocket Scenario	START	1700817125146
USER	WebSocket Scenario	START	1700817125146
USER	WebSocket Scenario	START	1700817125147
USER	WebSocket Scenario	START	1700817125148
USER	WebSocket Scenario	START	1700817125149
USER	WebSocket Scenario	START	1700817125149
REQUEST		WebSocket Connect	1700817125196	1700817125386	OK	 
REQUEST		WebSocket Connect	1700817125231	1700817125410	OK	 
REQUEST		WebSocket Connect	1700817125202	1700817125423	OK	 
REQUEST		WebSocket Connect	1700817125199	1700817125434	OK	 
REQUEST		WebSocket Connect	1700817125196	1700817125452	OK	 
REQUEST		WebSocket Connect	1700817125200	1700817125463	OK	 
REQUEST		WebSocket Connect	1700817125231	1700817125478	OK	 
REQUEST		WebSocket Connect	1700817125228	1700817125490	OK	 
REQUEST		WebSocket Connect	1700817125228	1700817125509	OK	 
REQUEST		WebSocket Connect	1700817125199	1700817125509	OK	 
REQUEST		WebSocket Connect	1700817125196	1700817125668	OK	 
REQUEST		WebSocket Connect	1700817125202	1700817126747	OK	 
REQUEST		WebSocket Connect	1700817125202	1700817126759	OK	 
REQUEST		WebSocket Connect	1700817125229	1700817127670	OK	 
REQUEST		WebSocket Connect	1700817125233	1700817127697	OK	 
REQUEST		WebSocket Connect	1700817125228	1700817127716	OK	 
REQUEST		WebSocket Connect	1700817125234	1700817127716	OK	 
REQUEST		WebSocket Connect	1700817125228	1700817128709	OK	 
REQUEST		WebSocket Connect	1700817125234	1700817128733	OK	 
REQUEST		WebSocket Connect	1700817125204	1700817128752	OK	 
REQUEST		WebSocket Connect	1700817125234	1700817128767	OK	 
REQUEST		WebSocket Connect	1700817125228	1700817128780	OK	 
REQUEST		WebSocket Connect	1700817125231	1700817128797	OK	 
REQUEST		WebSocket Connect	1700817125200	1700817128813	OK	 
REQUEST		WebSocket Connect	1700817125203	1700817128814	OK	 
REQUEST		WebSocket Connect	1700817125230	1700817129825	OK	 
REQUEST		WebSocket Connect	1700817125231	1700817129866	OK	 
REQUEST		WebSocket Connect	1700817125196	1700817129881	OK	 
REQUEST		WebSocket Connect	1700817125196	1700817129893	OK	 
REQUEST		WebSocket Connect	1700817125234	1700817129947	OK	 
REQUEST		WebSocket Connect	1700817125231	1700817129962	OK	 
REQUEST		WebSocket Connect	1700817125197	1700817129978	OK	 
REQUEST		WebSocket Connect	1700817125235	1700817129992	OK	 
REQUEST		WebSocket Connect	1700817125236	1700817130004	OK	 
REQUEST		WebSocket Connect	1700817125233	1700817130004	OK	 
REQUEST		WebSocket Connect	1700817125234	1700817130143	OK	 
REQUEST		WebSocket Connect	1700817125199	1700817130215	OK	 
REQUEST		WebSocket Connect	1700817125233	1700817130230	OK	 
REQUEST		WebSocket Connect	1700817125234	1700817130258	OK	 
REQUEST		WebSocket Connect	1700817125232	1700817130258	OK	 
REQUEST		Send Request type in Websocket	1700817135408	1700817135408	OK	 
REQUEST		Send Request type in Websocket	1700817135418	1700817135418	OK	 
REQUEST		Send Request type in Websocket	1700817135434	1700817135434	OK	 
REQUEST		Send Request type in Websocket	1700817135450	1700817135450	OK	 
REQUEST		Send Request type in Websocket	1700817135465	1700817135465	OK	 
REQUEST		Send Request type in Websocket	1700817135465	1700817135465	OK	 
REQUEST		Send Request type in Websocket	1700817135481	1700817135481	OK	 
REQUEST		Send Request type in Websocket	1700817135496	1700817135496	OK	 
REQUEST		Send Request type in Websocket	1700817135511	1700817135511	OK	 
REQUEST		Send Request type in Websocket	1700817135511	1700817135511	OK	 
REQUEST		Send Request type in Websocket	1700817135683	1700817135683	OK	 
REQUEST		Send Request type in Websocket	1700817136759	1700817136759	OK	 
REQUEST		Send Request type in Websocket	1700817136774	1700817136774	OK	 
REQUEST		Send Request type in Websocket	1700817137687	1700817137687	OK	 
REQUEST		Send Request type in Websocket	1700817137702	1700817137702	OK	 
REQUEST		Send Request type in Websocket	1700817137718	1700817137718	OK	 
REQUEST		Send Request type in Websocket	1700817137718	1700817137718	OK	 
REQUEST		Send Request type in Websocket	1700817138719	1700817138719	OK	 
REQUEST		Send Request type in Websocket	1700817138734	1700817138734	OK	 
REQUEST		Send Request type in Websocket	1700817138766	1700817138766	OK	 
REQUEST		Send Request type in Websocket	1700817138782	1700817138782	OK	 
REQUEST		Send Request type in Websocket	1700817138782	1700817138782	OK	 
REQUEST		Send Request type in Websocket	1700817138798	1700817138798	OK	 
REQUEST		Send Request type in Websocket	1700817138818	1700817138818	OK	 
REQUEST		Send Request type in Websocket	1700817138829	1700817138829	OK	 
REQUEST		Send Request type in Websocket	1700817139834	1700817139834	OK	 
REQUEST		Send Request type in Websocket	1700817139880	1700817139880	OK	 
REQUEST		Send Request type in Websocket	1700817139896	1700817139896	OK	 
REQUEST		Send Request type in Websocket	1700817139896	1700817139896	OK	 
REQUEST		Send Request type in Websocket	1700817139958	1700817139958	OK	 
REQUEST		Send Request type in Websocket	1700817139974	1700817139974	OK	 
REQUEST		Send Request type in Websocket	1700817139989	1700817139989	OK	 
REQUEST		Send Request type in Websocket	1700817140004	1700817140004	OK	 
REQUEST		Send Request type in Websocket	1700817140019	1700817140019	OK	 
REQUEST		Send Request type in Websocket	1700817140019	1700817140019	OK	 
REQUEST		Send Request type in Websocket	1700817140157	1700817140157	OK	 
REQUEST		Send Request type in Websocket	1700817140219	1700817140219	OK	 
REQUEST		Send Request type in Websocket	1700817140236	1700817140236	OK	 
REQUEST		Send Request type in Websocket	1700817140266	1700817140266	OK	 
REQUEST		Send Request type in Websocket	1700817140266	1700817140266	OK	 
USER	WebSocket Scenario	END	1700817140427
USER	WebSocket Scenario	END	1700817140427
USER	WebSocket Scenario	END	1700817140439
USER	WebSocket Scenario	END	1700817140454
USER	WebSocket Scenario	END	1700817140470
USER	WebSocket Scenario	END	1700817140470
USER	WebSocket Scenario	END	1700817140486
USER	WebSocket Scenario	END	1700817140502
USER	WebSocket Scenario	END	1700817140518
USER	WebSocket Scenario	END	1700817140518
USER	WebSocket Scenario	END	1700817140688
USER	WebSocket Scenario	END	1700817141771
USER	WebSocket Scenario	END	1700817141787
USER	WebSocket Scenario	END	1700817142695
USER	WebSocket Scenario	END	1700817142710
USER	WebSocket Scenario	END	1700817142726
USER	WebSocket Scenario	END	1700817142726
USER	WebSocket Scenario	END	1700817143727
USER	WebSocket Scenario	END	1700817143743
USER	WebSocket Scenario	END	1700817143773
USER	WebSocket Scenario	END	1700817143788
USER	WebSocket Scenario	END	1700817143788
USER	WebSocket Scenario	END	1700817143803
USER	WebSocket Scenario	END	1700817143834
USER	WebSocket Scenario	END	1700817143835
USER	WebSocket Scenario	END	1700817144836
USER	WebSocket Scenario	END	1700817144884
USER	WebSocket Scenario	END	1700817144899
USER	WebSocket Scenario	END	1700817144900
USER	WebSocket Scenario	END	1700817144962
USER	WebSocket Scenario	END	1700817144977
USER	WebSocket Scenario	END	1700817144993
USER	WebSocket Scenario	END	1700817145009
USER	WebSocket Scenario	END	1700817145025
USER	WebSocket Scenario	END	1700817145025
USER	WebSocket Scenario	END	1700817145166
USER	WebSocket Scenario	END	1700817145229
USER	WebSocket Scenario	END	1700817145244
USER	WebSocket Scenario	END	1700817145275
USER	WebSocket Scenario	END	1700817145275
