RUN	computerdatabase.ComputerDatabaseSimulation	computerdatabasesimulation	1701863613343	Socket Connect	3.9.5
USER	WebSocket Scenario	START	1701863614471
USER	WebSocket Scenario	START	1701863614571
REQUEST		WebSocket Connect	1701863614492	1701863614618	OK	 
USER	WebSocket Scenario	START	1701863614666
REQUEST		WebSocket Connect	1701863614572	1701863614674	OK	 
USER	WebSocket Scenario	START	1701863614775
REQUEST		WebSocket Connect	1701863614666	1701863614775	OK	 
USER	WebSocket Scenario	START	1701863614867
REQUEST		WebSocket Connect	1701863614775	1701863614878	OK	 
REQUEST		WebSocket Connect	1701863614868	1701863614971	OK	 
USER	WebSocket Scenario	START	1701863614974
USER	WebSocket Scenario	START	1701863615068
REQUEST		WebSocket Connect	1701863614975	1701863615068	OK	 
USER	WebSocket Scenario	START	1701863615161
REQUEST		WebSocket Connect	1701863615068	1701863615164	OK	 
USER	WebSocket Scenario	START	1701863615271
REQUEST		WebSocket Connect	1701863615162	1701863615272	OK	 
USER	WebSocket Scenario	START	1701863615364
REQUEST		WebSocket Connect	1701863615272	1701863615381	OK	 
REQUEST		WebSocket Connect	1701863615365	1701863615461	OK	 
USER	WebSocket Scenario	START	1701863615472
USER	WebSocket Scenario	START	1701863615567
USER	WebSocket Scenario	START	1701863615676
USER	WebSocket Scenario	START	1701863615771
USER	WebSocket Scenario	START	1701863615865
REQUEST		WebSocket Connect	1701863615473	1701863615871	OK	 
USER	WebSocket Scenario	START	1701863615976
USER	WebSocket Scenario	START	1701863616069
USER	WebSocket Scenario	START	1701863616177
USER	WebSocket Scenario	START	1701863616271
USER	WebSocket Scenario	START	1701863616364
REQUEST		WebSocket Connect	1701863615568	1701863616873	OK	 
REQUEST		WebSocket Connect	1701863615678	1701863616879	OK	 
REQUEST		WebSocket Connect	1701863615772	1701863617872	OK	 
REQUEST		WebSocket Connect	1701863615866	1701863617889	OK	 
REQUEST		WebSocket Connect	1701863615977	1701863617896	OK	 
REQUEST		WebSocket Connect	1701863616070	1701863617897	OK	 
REQUEST		WebSocket Connect	1701863616178	1701863618879	OK	 
REQUEST		WebSocket Connect	1701863616272	1701863618909	OK	 
REQUEST		WebSocket Connect	1701863616365	1701863618909	OK	 
REQUEST		Send Request type in Websocket	1701863624642	1701863624642	OK	 
REQUEST		Send Request type in Websocket	1701863624683	1701863624683	OK	 
REQUEST		Send Request type in Websocket	1701863624779	1701863624779	OK	 
REQUEST		Send Request type in Websocket	1701863624890	1701863624890	OK	 
REQUEST		Send Request type in Websocket	1701863624982	1701863624982	OK	 
REQUEST		Send Request type in Websocket	1701863625077	1701863625077	OK	 
REQUEST		Send Request type in Websocket	1701863625170	1701863625170	OK	 
REQUEST		Send Request type in Websocket	1701863625279	1701863625279	OK	 
REQUEST		Send Request type in Websocket	1701863625390	1701863625390	OK	 
REQUEST		Send Request type in Websocket	1701863625467	1701863625467	OK	 
REQUEST		Send Request type in Websocket	1701863625887	1701863625887	OK	 
REQUEST		Send Request type in Websocket	1701863626889	1701863626889	OK	 
REQUEST		Send Request type in Websocket	1701863626889	1701863626889	OK	 
REQUEST		Send Request type in Websocket	1701863627886	1701863627886	OK	 
REQUEST		Send Request type in Websocket	1701863627902	1701863627902	OK	 
REQUEST		Send Request type in Websocket	1701863627902	1701863627902	OK	 
REQUEST		Send Request type in Websocket	1701863627902	1701863627902	OK	 
REQUEST		Send Request type in Websocket	1701863628883	1701863628883	OK	 
REQUEST		Send Request type in Websocket	1701863628914	1701863628914	OK	 
REQUEST		Send Request type in Websocket	1701863628914	1701863628914	OK	 
USER	WebSocket Scenario	END	1701863629667
USER	WebSocket Scenario	END	1701863629695
USER	WebSocket Scenario	END	1701863629789
USER	WebSocket Scenario	END	1701863629897
USER	WebSocket Scenario	END	1701863629989
USER	WebSocket Scenario	END	1701863630083
USER	WebSocket Scenario	END	1701863630177
USER	WebSocket Scenario	END	1701863630285
USER	WebSocket Scenario	END	1701863630395
USER	WebSocket Scenario	END	1701863630473
USER	WebSocket Scenario	END	1701863630893
USER	WebSocket Scenario	END	1701863631904
USER	WebSocket Scenario	END	1701863631905
USER	WebSocket Scenario	END	1701863632902
USER	WebSocket Scenario	END	1701863632917
USER	WebSocket Scenario	END	1701863632917
USER	WebSocket Scenario	END	1701863632917
USER	WebSocket Scenario	END	1701863633885
USER	WebSocket Scenario	END	1701863633931
USER	WebSocket Scenario	END	1701863633931
