RUN	computerdatabase.ComputerDatabaseSimulation	computerdatabasesimulation	1700742058068	Socket Connected	3.9.5
USER	WebSocket Scenario	START	1700742060107
USER	WebSocket Scenario	START	1700742060107
USER	WebSocket Scenario	START	1700742060107
USER	WebSocket Scenario	START	1700742060107
USER	WebSocket Scenario	START	1700742060109
USER	WebSocket Scenario	START	1700742060109
USER	WebSocket Scenario	START	1700742060109
USER	WebSocket Scenario	START	1700742060109
USER	WebSocket Scenario	START	1700742060109
USER	WebSocket Scenario	START	1700742060109
USER	WebSocket Scenario	START	1700742060109
USER	WebSocket Scenario	START	1700742060109
USER	WebSocket Scenario	START	1700742060108
USER	WebSocket Scenario	START	1700742060109
USER	WebSocket Scenario	START	1700742060109
USER	WebSocket Scenario	START	1700742060109
USER	WebSocket Scenario	START	1700742060109
USER	WebSocket Scenario	START	1700742060109
USER	WebSocket Scenario	START	1700742060110
USER	WebSocket Scenario	START	1700742060110
USER	WebSocket Scenario	START	1700742060110
USER	WebSocket Scenario	START	1700742060110
USER	WebSocket Scenario	START	1700742060110
USER	WebSocket Scenario	START	1700742060110
USER	WebSocket Scenario	START	1700742060110
USER	WebSocket Scenario	START	1700742060110
USER	WebSocket Scenario	START	1700742060110
USER	WebSocket Scenario	START	1700742060110
USER	WebSocket Scenario	START	1700742060110
USER	WebSocket Scenario	START	1700742060110
USER	WebSocket Scenario	START	1700742060110
USER	WebSocket Scenario	START	1700742060110
USER	WebSocket Scenario	START	1700742060110
USER	WebSocket Scenario	START	1700742060110
USER	WebSocket Scenario	START	1700742060110
USER	WebSocket Scenario	START	1700742060110
USER	WebSocket Scenario	START	1700742060110
USER	WebSocket Scenario	START	1700742060110
USER	WebSocket Scenario	START	1700742060110
USER	WebSocket Scenario	START	1700742060110
USER	WebSocket Scenario	START	1700742060110
USER	WebSocket Scenario	START	1700742060111
USER	WebSocket Scenario	START	1700742060111
USER	WebSocket Scenario	START	1700742060111
USER	WebSocket Scenario	START	1700742060111
USER	WebSocket Scenario	START	1700742060112
USER	WebSocket Scenario	START	1700742060113
USER	WebSocket Scenario	START	1700742060113
USER	WebSocket Scenario	START	1700742060114
USER	WebSocket Scenario	START	1700742060114
REQUEST		WebSocket Connect	1700742060164	1700742060509	OK	 
REQUEST		WebSocket Connect	1700742060164	1700742060505	OK	 
REQUEST		WebSocket Connect	1700742060191	1700742060521	OK	 
REQUEST		WebSocket Connect	1700742060160	1700742060531	OK	 
REQUEST		WebSocket Connect	1700742060168	1700742060543	OK	 
REQUEST		WebSocket Connect	1700742060190	1700742060548	OK	 
REQUEST		WebSocket Connect	1700742060190	1700742060556	OK	 
REQUEST		WebSocket Connect	1700742060191	1700742060569	OK	 
REQUEST		WebSocket Connect	1700742060159	1700742060575	OK	 
REQUEST		WebSocket Connect	1700742060159	1700742061277	OK	 
REQUEST		WebSocket Connect	1700742060190	1700742062204	OK	 
REQUEST		WebSocket Connect	1700742060190	1700742062204	OK	 
REQUEST		WebSocket Connect	1700742060192	1700742065283	OK	 
REQUEST		WebSocket Connect	1700742060192	1700742065304	OK	 
REQUEST		WebSocket Connect	1700742060191	1700742065325	OK	 
REQUEST		WebSocket Connect	1700742060193	1700742065325	OK	 
REQUEST		WebSocket Connect	1700742060195	1700742065330	OK	 
REQUEST		WebSocket Connect	1700742060197	1700742065343	OK	 
REQUEST		WebSocket Connect	1700742060196	1700742065350	OK	 
REQUEST		WebSocket Connect	1700742060204	1700742065360	OK	 
REQUEST		WebSocket Connect	1700742060167	1700742065368	OK	 
REQUEST		WebSocket Connect	1700742060198	1700742065374	OK	 
REQUEST		WebSocket Connect	1700742060167	1700742065388	OK	 
REQUEST		WebSocket Connect	1700742060159	1700742065400	OK	 
REQUEST		WebSocket Connect	1700742060197	1700742065407	OK	 
REQUEST		WebSocket Connect	1700742060201	1700742065413	OK	 
REQUEST		WebSocket Connect	1700742060196	1700742065426	OK	 
REQUEST		WebSocket Connect	1700742060200	1700742065432	OK	 
REQUEST		WebSocket Connect	1700742060159	1700742065439	OK	 
REQUEST		WebSocket Connect	1700742060165	1700742065452	OK	 
REQUEST		WebSocket Connect	1700742060195	1700742065466	OK	 
REQUEST		WebSocket Connect	1700742060166	1700742065471	OK	 
REQUEST		WebSocket Connect	1700742060194	1700742065481	OK	 
REQUEST		WebSocket Connect	1700742060166	1700742065488	OK	 
REQUEST		WebSocket Connect	1700742060205	1700742065502	OK	 
REQUEST		WebSocket Connect	1700742060199	1700742065533	OK	 
REQUEST		WebSocket Connect	1700742060203	1700742065550	OK	 
REQUEST		WebSocket Connect	1700742060199	1700742065550	OK	 
REQUEST		WebSocket Connect	1700742060201	1700742065571	OK	 
REQUEST		WebSocket Connect	1700742060201	1700742065571	OK	 
REQUEST		WebSocket Connect	1700742060159	1700742066391	OK	 
REQUEST		WebSocket Connect	1700742060201	1700742066426	OK	 
REQUEST		WebSocket Connect	1700742060194	1700742066443	OK	 
REQUEST		WebSocket Connect	1700742060204	1700742066452	OK	 
REQUEST		WebSocket Connect	1700742060161	1700742066452	OK	 
REQUEST		WebSocket Connect	1700742060200	1700742066457	OK	 
REQUEST		WebSocket Connect	1700742060196	1700742066763	OK	 
REQUEST		WebSocket Connect	1700742060195	1700742066805	OK	 
REQUEST		WebSocket Connect	1700742060169	1700742066844	OK	 
REQUEST		WebSocket Connect	1700742060201	1700742066844	OK	 
REQUEST		Send WebSocket Request	1700743060529	1700743060529	OK	 
REQUEST		Send WebSocket Request	1700743060529	1700743060529	OK	 
USER	WebSocket Scenario	END	1700743060536
USER	WebSocket Scenario	END	1700743060537
REQUEST		Send WebSocket Request	1700743060538	1700743060538	OK	 
REQUEST		Send WebSocket Request	1700743060537	1700743060537	OK	 
USER	WebSocket Scenario	END	1700743060539
USER	WebSocket Scenario	END	1700743060539
REQUEST		Send WebSocket Request	1700743060554	1700743060554	OK	 
REQUEST		Send WebSocket Request	1700743060554	1700743060554	OK	 
USER	WebSocket Scenario	END	1700743060554
USER	WebSocket Scenario	END	1700743060554
REQUEST		Send WebSocket Request	1700743060568	1700743060568	OK	 
USER	WebSocket Scenario	END	1700743060569
REQUEST		Send WebSocket Request	1700743060584	1700743060584	OK	 
REQUEST		Send WebSocket Request	1700743060584	1700743060584	OK	 
USER	WebSocket Scenario	END	1700743060584
USER	WebSocket Scenario	END	1700743060584
REQUEST		Send WebSocket Request	1700743061283	1700743061283	OK	 
USER	WebSocket Scenario	END	1700743061283
REQUEST		Send WebSocket Request	1700743062218	1700743062218	OK	 
REQUEST		Send WebSocket Request	1700743062218	1700743062218	OK	 
USER	WebSocket Scenario	END	1700743062219
USER	WebSocket Scenario	END	1700743062219
REQUEST		Send WebSocket Request	1700743065294	1700743065294	OK	 
USER	WebSocket Scenario	END	1700743065295
REQUEST		Send WebSocket Request	1700743065310	1700743065310	OK	 
USER	WebSocket Scenario	END	1700743065311
REQUEST		Send WebSocket Request	1700743065337	1700743065337	OK	 
USER	WebSocket Scenario	END	1700743065338
REQUEST		Send WebSocket Request	1700743065341	1700743065341	OK	 
USER	WebSocket Scenario	END	1700743065342
REQUEST		Send WebSocket Request	1700743065343	1700743065343	KO	Client issued text frame but server has closed the WebSocket and max reconnects is reached
USER	WebSocket Scenario	END	1700743065345
REQUEST		Send WebSocket Request	1700743065357	1700743065357	OK	 
REQUEST		Send WebSocket Request	1700743065357	1700743065357	OK	 
USER	WebSocket Scenario	END	1700743065358
USER	WebSocket Scenario	END	1700743065358
REQUEST		Send WebSocket Request	1700743065373	1700743065373	OK	 
REQUEST		Send WebSocket Request	1700743065373	1700743065373	OK	 
USER	WebSocket Scenario	END	1700743065373
USER	WebSocket Scenario	END	1700743065373
REQUEST		Send WebSocket Request	1700743065388	1700743065388	OK	 
USER	WebSocket Scenario	END	1700743065389
REQUEST		Send WebSocket Request	1700743065403	1700743065403	OK	 
REQUEST		Send WebSocket Request	1700743065403	1700743065403	OK	 
USER	WebSocket Scenario	END	1700743065404
USER	WebSocket Scenario	END	1700743065404
REQUEST		Send WebSocket Request	1700743065419	1700743065419	OK	 
REQUEST		Send WebSocket Request	1700743065419	1700743065419	OK	 
USER	WebSocket Scenario	END	1700743065420
USER	WebSocket Scenario	END	1700743065420
REQUEST		Send WebSocket Request	1700743065434	1700743065434	OK	 
REQUEST		Send WebSocket Request	1700743065434	1700743065434	OK	 
USER	WebSocket Scenario	END	1700743065435
USER	WebSocket Scenario	END	1700743065435
REQUEST		Send WebSocket Request	1700743065450	1700743065450	OK	 
USER	WebSocket Scenario	END	1700743065450
REQUEST		Send WebSocket Request	1700743065466	1700743065466	OK	 
USER	WebSocket Scenario	END	1700743065466
REQUEST		Send WebSocket Request	1700743065481	1700743065481	OK	 
REQUEST		Send WebSocket Request	1700743065481	1700743065481	OK	 
USER	WebSocket Scenario	END	1700743065482
USER	WebSocket Scenario	END	1700743065482
REQUEST		Send WebSocket Request	1700743065497	1700743065497	OK	 
REQUEST		Send WebSocket Request	1700743065497	1700743065497	OK	 
USER	WebSocket Scenario	END	1700743065497
USER	WebSocket Scenario	END	1700743065497
REQUEST		Send WebSocket Request	1700743065512	1700743065512	OK	 
USER	WebSocket Scenario	END	1700743065513
REQUEST		Send WebSocket Request	1700743065544	1700743065544	OK	 
USER	WebSocket Scenario	END	1700743065545
REQUEST		Send WebSocket Request	1700743065560	1700743065560	OK	 
REQUEST		Send WebSocket Request	1700743065560	1700743065560	OK	 
USER	WebSocket Scenario	END	1700743065560
USER	WebSocket Scenario	END	1700743065561
REQUEST		Send WebSocket Request	1700743065575	1700743065575	OK	 
REQUEST		Send WebSocket Request	1700743065575	1700743065575	OK	 
USER	WebSocket Scenario	END	1700743065576
USER	WebSocket Scenario	END	1700743065576
REQUEST		Send WebSocket Request	1700743066399	1700743066399	OK	 
USER	WebSocket Scenario	END	1700743066399
REQUEST		Send WebSocket Request	1700743066430	1700743066430	OK	 
USER	WebSocket Scenario	END	1700743066430
REQUEST		Send WebSocket Request	1700743066445	1700743066445	OK	 
USER	WebSocket Scenario	END	1700743066446
REQUEST		Send WebSocket Request	1700743066461	1700743066461	OK	 
REQUEST		Send WebSocket Request	1700743066461	1700743066461	OK	 
REQUEST		Send WebSocket Request	1700743066462	1700743066462	OK	 
USER	WebSocket Scenario	END	1700743066462
USER	WebSocket Scenario	END	1700743066463
USER	WebSocket Scenario	END	1700743066463
REQUEST		Send WebSocket Request	1700743066773	1700743066773	OK	 
USER	WebSocket Scenario	END	1700743066773
REQUEST		Send WebSocket Request	1700743066819	1700743066819	OK	 
USER	WebSocket Scenario	END	1700743066820
REQUEST		Send WebSocket Request	1700743066850	1700743066850	OK	 
REQUEST		Send WebSocket Request	1700743066850	1700743066850	OK	 
USER	WebSocket Scenario	END	1700743066851
USER	WebSocket Scenario	END	1700743066851
