RUN	computerdatabase.ComputerDatabaseSimulation	computerdatabasesimulation	1700809049065	Socket connection	3.9.5
USER	WebSocket Scenario	START	1700809050921
USER	WebSocket Scenario	START	1700809050921
USER	WebSocket Scenario	START	1700809050921
USER	WebSocket Scenario	START	1700809050921
USER	WebSocket Scenario	START	1700809050922
USER	WebSocket Scenario	START	1700809050922
USER	WebSocket Scenario	START	1700809050922
USER	WebSocket Scenario	START	1700809050922
USER	WebSocket Scenario	START	1700809050923
USER	WebSocket Scenario	START	1700809050923
USER	WebSocket Scenario	START	1700809050923
USER	WebSocket Scenario	START	1700809050923
USER	WebSocket Scenario	START	1700809050923
USER	WebSocket Scenario	START	1700809050923
USER	WebSocket Scenario	START	1700809050923
USER	WebSocket Scenario	START	1700809050923
USER	WebSocket Scenario	START	1700809050923
USER	WebSocket Scenario	START	1700809050923
USER	WebSocket Scenario	START	1700809050923
USER	WebSocket Scenario	START	1700809050923
USER	WebSocket Scenario	START	1700809050923
USER	WebSocket Scenario	START	1700809050923
USER	WebSocket Scenario	START	1700809050924
USER	WebSocket Scenario	START	1700809050924
USER	WebSocket Scenario	START	1700809050924
USER	WebSocket Scenario	START	1700809050924
USER	WebSocket Scenario	START	1700809050924
USER	WebSocket Scenario	START	1700809050924
USER	WebSocket Scenario	START	1700809050924
USER	WebSocket Scenario	START	1700809050924
USER	WebSocket Scenario	START	1700809050924
USER	WebSocket Scenario	START	1700809050924
USER	WebSocket Scenario	START	1700809050924
USER	WebSocket Scenario	START	1700809050924
USER	WebSocket Scenario	START	1700809050924
USER	WebSocket Scenario	START	1700809050925
USER	WebSocket Scenario	START	1700809050925
USER	WebSocket Scenario	START	1700809050925
USER	WebSocket Scenario	START	1700809050926
USER	WebSocket Scenario	START	1700809050926
USER	WebSocket Scenario	START	1700809050926
USER	WebSocket Scenario	START	1700809050926
USER	WebSocket Scenario	START	1700809050927
USER	WebSocket Scenario	START	1700809050927
USER	WebSocket Scenario	START	1700809050927
USER	WebSocket Scenario	START	1700809050927
USER	WebSocket Scenario	START	1700809050927
USER	WebSocket Scenario	START	1700809050927
USER	WebSocket Scenario	START	1700809050927
USER	WebSocket Scenario	START	1700809050927
USER	WebSocket Scenario	START	1700809050927
USER	WebSocket Scenario	START	1700809050927
USER	WebSocket Scenario	START	1700809050928
USER	WebSocket Scenario	START	1700809050928
USER	WebSocket Scenario	START	1700809050928
USER	WebSocket Scenario	START	1700809050928
USER	WebSocket Scenario	START	1700809050931
USER	WebSocket Scenario	START	1700809050931
USER	WebSocket Scenario	START	1700809050932
USER	WebSocket Scenario	START	1700809050932
REQUEST		WebSocket Connect	1700809051033	1700809051297	OK	 
REQUEST		WebSocket Connect	1700809051032	1700809051291	OK	 
REQUEST		WebSocket Connect	1700809051036	1700809051291	OK	 
REQUEST		WebSocket Connect	1700809050988	1700809051300	OK	 
REQUEST		WebSocket Connect	1700809050988	1700809051311	OK	 
REQUEST		WebSocket Connect	1700809051038	1700809051331	OK	 
REQUEST		WebSocket Connect	1700809051040	1700809051338	OK	 
REQUEST		WebSocket Connect	1700809051033	1700809051359	OK	 
REQUEST		WebSocket Connect	1700809051035	1700809051361	OK	 
REQUEST		WebSocket Connect	1700809051034	1700809052191	OK	 
REQUEST		WebSocket Connect	1700809051032	1700809053212	OK	 
REQUEST		WebSocket Connect	1700809051044	1700809053224	OK	 
REQUEST		WebSocket Connect	1700809051035	1700809054225	OK	 
REQUEST		WebSocket Connect	1700809050999	1700809054261	OK	 
REQUEST		WebSocket Connect	1700809050991	1700809054280	OK	 
REQUEST		WebSocket Connect	1700809050996	1700809054280	OK	 
REQUEST		WebSocket Connect	1700809051031	1700809055262	OK	 
REQUEST		WebSocket Connect	1700809051038	1700809055285	OK	 
REQUEST		WebSocket Connect	1700809050999	1700809055311	OK	 
REQUEST		WebSocket Connect	1700809051041	1700809055315	OK	 
REQUEST		WebSocket Connect	1700809051038	1700809055324	OK	 
REQUEST		WebSocket Connect	1700809051040	1700809055484	OK	 
REQUEST		WebSocket Connect	1700809051039	1700809055507	OK	 
REQUEST		WebSocket Connect	1700809050991	1700809055533	OK	 
REQUEST		WebSocket Connect	1700809051032	1700809056383	OK	 
REQUEST		WebSocket Connect	1700809051001	1700809056417	OK	 
REQUEST		WebSocket Connect	1700809050992	1700809056433	OK	 
REQUEST		WebSocket Connect	1700809051041	1700809056435	OK	 
REQUEST		WebSocket Connect	1700809051031	1700809056445	OK	 
REQUEST		WebSocket Connect	1700809051038	1700809056445	OK	 
REQUEST		WebSocket Connect	1700809051040	1700809056533	OK	 
REQUEST		WebSocket Connect	1700809050999	1700809056749	OK	 
REQUEST		WebSocket Connect	1700809051008	1700809056767	OK	 
REQUEST		WebSocket Connect	1700809051006	1700809056768	OK	 
REQUEST		WebSocket Connect	1700809051039	1700809056825	OK	 
REQUEST		WebSocket Connect	1700809051044	1700809056825	OK	 
REQUEST		WebSocket Connect	1700809051033	1700809056829	OK	 
REQUEST		WebSocket Connect	1700809050988	1700809056829	OK	 
REQUEST		WebSocket Connect	1700809051032	1700809056855	OK	 
REQUEST		WebSocket Connect	1700809051040	1700809056857	OK	 
REQUEST		WebSocket Connect	1700809051010	1700809057335	OK	 
REQUEST		WebSocket Connect	1700809051041	1700809057340	OK	 
REQUEST		WebSocket Connect	1700809051033	1700809057377	OK	 
REQUEST		WebSocket Connect	1700809051040	1700809057400	OK	 
REQUEST		WebSocket Connect	1700809051031	1700809057410	OK	 
REQUEST		WebSocket Connect	1700809051003	1700809057418	OK	 
REQUEST		WebSocket Connect	1700809051041	1700809057439	OK	 
REQUEST		WebSocket Connect	1700809051045	1700809057445	OK	 
REQUEST		WebSocket Connect	1700809051043	1700809057455	OK	 
REQUEST		WebSocket Connect	1700809051039	1700809057463	OK	 
REQUEST		WebSocket Connect	1700809051037	1700809057479	OK	 
REQUEST		WebSocket Connect	1700809051041	1700809057480	OK	 
REQUEST		WebSocket Connect	1700809051045	1700809057497	OK	 
REQUEST		WebSocket Connect	1700809051044	1700809057511	OK	 
REQUEST		WebSocket Connect	1700809051033	1700809057523	OK	 
REQUEST		WebSocket Connect	1700809051039	1700809057532	OK	 
REQUEST		WebSocket Connect	1700809051040	1700809057553	OK	 
REQUEST		WebSocket Connect	1700809051045	1700809057558	OK	 
REQUEST		WebSocket Connect	1700809051038	1700809057574	OK	 
REQUEST		WebSocket Connect	1700809051009	1700809057576	OK	 
REQUEST		Send Request type in Websocket	1700809071322	1700809071322	OK	 
REQUEST		Send Request type in Websocket	1700809071322	1700809071322	OK	 
REQUEST		Send Request type in Websocket	1700809071325	1700809071325	OK	 
REQUEST		Send Request type in Websocket	1700809071325	1700809071325	OK	 
REQUEST		Send Request type in Websocket	1700809071326	1700809071326	OK	 
USER	WebSocket Scenario	END	1700809071328
USER	WebSocket Scenario	END	1700809071329
USER	WebSocket Scenario	END	1700809071329
USER	WebSocket Scenario	END	1700809071329
USER	WebSocket Scenario	END	1700809071329
REQUEST		Send Request type in Websocket	1700809071343	1700809071343	OK	 
REQUEST		Send Request type in Websocket	1700809071344	1700809071344	OK	 
USER	WebSocket Scenario	END	1700809071345
USER	WebSocket Scenario	END	1700809071345
REQUEST		Send Request type in Websocket	1700809071369	1700809071369	OK	 
USER	WebSocket Scenario	END	1700809071370
REQUEST		Send Request type in Websocket	1700809071370	1700809071370	OK	 
USER	WebSocket Scenario	END	1700809071371
REQUEST		Send Request type in Websocket	1700809072194	1700809072194	OK	 
USER	WebSocket Scenario	END	1700809072197
REQUEST		Send Request type in Websocket	1700809073216	1700809073216	OK	 
USER	WebSocket Scenario	END	1700809073217
REQUEST		Send Request type in Websocket	1700809073232	1700809073232	OK	 
USER	WebSocket Scenario	END	1700809073234
REQUEST		Send Request type in Websocket	1700809074236	1700809074236	OK	 
USER	WebSocket Scenario	END	1700809074238
REQUEST		Send Request type in Websocket	1700809074267	1700809074267	OK	 
USER	WebSocket Scenario	END	1700809074269
REQUEST		Send Request type in Websocket	1700809074284	1700809074284	OK	 
REQUEST		Send Request type in Websocket	1700809074284	1700809074284	OK	 
USER	WebSocket Scenario	END	1700809074285
USER	WebSocket Scenario	END	1700809074285
REQUEST		Send Request type in Websocket	1700809075274	1700809075274	OK	 
USER	WebSocket Scenario	END	1700809075276
REQUEST		Send Request type in Websocket	1700809075289	1700809075289	OK	 
USER	WebSocket Scenario	END	1700809075291
REQUEST		Send Request type in Websocket	1700809075321	1700809075321	OK	 
USER	WebSocket Scenario	END	1700809075322
REQUEST		Send Request type in Websocket	1700809075321	1700809075321	OK	 
USER	WebSocket Scenario	END	1700809075328
REQUEST		Send Request type in Websocket	1700809075337	1700809075337	OK	 
USER	WebSocket Scenario	END	1700809075338
REQUEST		Send Request type in Websocket	1700809075495	1700809075495	OK	 
USER	WebSocket Scenario	END	1700809075496
REQUEST		Send Request type in Websocket	1700809075511	1700809075511	OK	 
USER	WebSocket Scenario	END	1700809075513
REQUEST		Send Request type in Websocket	1700809075542	1700809075542	OK	 
USER	WebSocket Scenario	END	1700809075543
REQUEST		Send Request type in Websocket	1700809076390	1700809076390	OK	 
USER	WebSocket Scenario	END	1700809076392
REQUEST		Send Request type in Websocket	1700809076422	1700809076422	OK	 
USER	WebSocket Scenario	END	1700809076423
REQUEST		Send Request type in Websocket	1700809076438	1700809076438	OK	 
REQUEST		Send Request type in Websocket	1700809076438	1700809076438	OK	 
USER	WebSocket Scenario	END	1700809076439
USER	WebSocket Scenario	END	1700809076439
REQUEST		Send Request type in Websocket	1700809076453	1700809076453	OK	 
REQUEST		Send Request type in Websocket	1700809076453	1700809076453	OK	 
USER	WebSocket Scenario	END	1700809076454
USER	WebSocket Scenario	END	1700809076455
REQUEST		Send Request type in Websocket	1700809076535	1700809076535	OK	 
USER	WebSocket Scenario	END	1700809076536
REQUEST		Send Request type in Websocket	1700809076752	1700809076752	OK	 
USER	WebSocket Scenario	END	1700809076753
REQUEST		Send Request type in Websocket	1700809076783	1700809076783	OK	 
REQUEST		Send Request type in Websocket	1700809076783	1700809076783	OK	 
USER	WebSocket Scenario	END	1700809076785
USER	WebSocket Scenario	END	1700809076785
REQUEST		Send Request type in Websocket	1700809076830	1700809076830	OK	 
REQUEST		Send Request type in Websocket	1700809076830	1700809076830	OK	 
REQUEST		Send Request type in Websocket	1700809076830	1700809076830	OK	 
REQUEST		Send Request type in Websocket	1700809076830	1700809076830	OK	 
USER	WebSocket Scenario	END	1700809076831
USER	WebSocket Scenario	END	1700809076831
USER	WebSocket Scenario	END	1700809076831
USER	WebSocket Scenario	END	1700809076831
REQUEST		Send Request type in Websocket	1700809076861	1700809076861	OK	 
REQUEST		Send Request type in Websocket	1700809076861	1700809076861	OK	 
USER	WebSocket Scenario	END	1700809076862
USER	WebSocket Scenario	END	1700809076863
REQUEST		Send Request type in Websocket	1700809077349	1700809077349	OK	 
REQUEST		Send Request type in Websocket	1700809077349	1700809077349	OK	 
USER	WebSocket Scenario	END	1700809077350
USER	WebSocket Scenario	END	1700809077351
REQUEST		Send Request type in Websocket	1700809077380	1700809077380	OK	 
USER	WebSocket Scenario	END	1700809077381
REQUEST		Send Request type in Websocket	1700809077411	1700809077411	OK	 
USER	WebSocket Scenario	END	1700809077412
REQUEST		Send Request type in Websocket	1700809077427	1700809077427	OK	 
REQUEST		Send Request type in Websocket	1700809077427	1700809077427	OK	 
USER	WebSocket Scenario	END	1700809077428
USER	WebSocket Scenario	END	1700809077428
REQUEST		Send Request type in Websocket	1700809077442	1700809077442	OK	 
USER	WebSocket Scenario	END	1700809077443
REQUEST		Send Request type in Websocket	1700809077458	1700809077458	OK	 
REQUEST		Send Request type in Websocket	1700809077458	1700809077458	OK	 
USER	WebSocket Scenario	END	1700809077459
USER	WebSocket Scenario	END	1700809077459
REQUEST		Send Request type in Websocket	1700809077473	1700809077473	OK	 
USER	WebSocket Scenario	END	1700809077475
REQUEST		Send Request type in Websocket	1700809077489	1700809077489	OK	 
REQUEST		Send Request type in Websocket	1700809077489	1700809077489	OK	 
USER	WebSocket Scenario	END	1700809077490
USER	WebSocket Scenario	END	1700809077490
REQUEST		Send Request type in Websocket	1700809077505	1700809077505	OK	 
USER	WebSocket Scenario	END	1700809077506
REQUEST		Send Request type in Websocket	1700809077521	1700809077521	OK	 
USER	WebSocket Scenario	END	1700809077521
REQUEST		Send Request type in Websocket	1700809077536	1700809077536	OK	 
REQUEST		Send Request type in Websocket	1700809077536	1700809077536	OK	 
USER	WebSocket Scenario	END	1700809077537
USER	WebSocket Scenario	END	1700809077538
REQUEST		Send Request type in Websocket	1700809077568	1700809077568	OK	 
REQUEST		Send Request type in Websocket	1700809077568	1700809077568	OK	 
USER	WebSocket Scenario	END	1700809077569
USER	WebSocket Scenario	END	1700809077569
REQUEST		Send Request type in Websocket	1700809077583	1700809077583	OK	 
USER	WebSocket Scenario	END	1700809077584
REQUEST		Send Request type in Websocket	1700809077584	1700809077584	OK	 
USER	WebSocket Scenario	END	1700809077585
