RUN	computerdatabase.ComputerDatabaseSimulation	computerdatabasesimulation	1701864105598	Socket Connect	3.9.5
USER	WebSocket Scenario	START	1701864106822
USER	WebSocket Scenario	START	1701864106854
USER	WebSocket Scenario	START	1701864106902
USER	WebSocket Scenario	START	1701864106933
USER	WebSocket Scenario	START	1701864106980
REQUEST		WebSocket Connect	1701864106838	1701864107007	OK	 
USER	WebSocket Scenario	START	1701864107010
REQUEST		WebSocket Connect	1701864106855	1701864107020	OK	 
REQUEST		WebSocket Connect	1701864106902	1701864107020	OK	 
REQUEST		WebSocket Connect	1701864106934	1701864107041	OK	 
USER	WebSocket Scenario	START	1701864107057
REQUEST		WebSocket Connect	1701864106981	1701864107076	OK	 
USER	WebSocket Scenario	START	1701864107104
REQUEST		WebSocket Connect	1701864107011	1701864107104	OK	 
USER	WebSocket Scenario	START	1701864107134
REQUEST		WebSocket Connect	1701864107058	1701864107162	OK	 
USER	WebSocket Scenario	START	1701864107181
REQUEST		WebSocket Connect	1701864107105	1701864107209	OK	 
USER	WebSocket Scenario	START	1701864107212
REQUEST		WebSocket Connect	1701864107139	1701864107231	OK	 
USER	WebSocket Scenario	START	1701864107259
REQUEST		WebSocket Connect	1701864107182	1701864107277	OK	 
USER	WebSocket Scenario	START	1701864107306
USER	WebSocket Scenario	START	1701864107337
USER	WebSocket Scenario	START	1701864107384
USER	WebSocket Scenario	START	1701864107415
USER	WebSocket Scenario	START	1701864107462
USER	WebSocket Scenario	START	1701864107493
USER	WebSocket Scenario	START	1701864107540
USER	WebSocket Scenario	START	1701864107586
USER	WebSocket Scenario	START	1701864107617
USER	WebSocket Scenario	START	1701864107664
REQUEST		WebSocket Connect	1701864107213	1701864107674	OK	 
USER	WebSocket Scenario	START	1701864107695
USER	WebSocket Scenario	START	1701864107742
USER	WebSocket Scenario	START	1701864107774
USER	WebSocket Scenario	START	1701864107820
USER	WebSocket Scenario	START	1701864107867
USER	WebSocket Scenario	START	1701864107899
USER	WebSocket Scenario	START	1701864107946
USER	WebSocket Scenario	START	1701864107977
USER	WebSocket Scenario	START	1701864108024
USER	WebSocket Scenario	START	1701864108056
USER	WebSocket Scenario	START	1701864108102
USER	WebSocket Scenario	START	1701864108148
USER	WebSocket Scenario	START	1701864108179
USER	WebSocket Scenario	START	1701864108226
USER	WebSocket Scenario	START	1701864108258
USER	WebSocket Scenario	START	1701864108306
USER	WebSocket Scenario	START	1701864108338
USER	WebSocket Scenario	START	1701864108385
USER	WebSocket Scenario	START	1701864108416
USER	WebSocket Scenario	START	1701864108462
USER	WebSocket Scenario	START	1701864108494
USER	WebSocket Scenario	START	1701864108541
USER	WebSocket Scenario	START	1701864108589
USER	WebSocket Scenario	START	1701864108621
USER	WebSocket Scenario	START	1701864108667
REQUEST		WebSocket Connect	1701864107307	1701864108676	OK	 
REQUEST		WebSocket Connect	1701864107260	1701864108681	OK	 
USER	WebSocket Scenario	START	1701864108698
USER	WebSocket Scenario	START	1701864108745
USER	WebSocket Scenario	START	1701864108776
REQUEST		WebSocket Connect	1701864107415	1701864109675	OK	 
REQUEST		WebSocket Connect	1701864107384	1701864109691	OK	 
REQUEST		WebSocket Connect	1701864107338	1701864109699	OK	 
REQUEST		WebSocket Connect	1701864107463	1701864109699	OK	 
REQUEST		WebSocket Connect	1701864107541	1701864110690	OK	 
REQUEST		WebSocket Connect	1701864107618	1701864110705	OK	 
REQUEST		WebSocket Connect	1701864107494	1701864110713	OK	 
REQUEST		WebSocket Connect	1701864107586	1701864110722	OK	 
REQUEST		WebSocket Connect	1701864107696	1701864110729	OK	 
REQUEST		WebSocket Connect	1701864107666	1701864110737	OK	 
REQUEST		WebSocket Connect	1701864107775	1701864110745	OK	 
REQUEST		WebSocket Connect	1701864107743	1701864110745	OK	 
REQUEST		WebSocket Connect	1701864107822	1701864111705	OK	 
REQUEST		WebSocket Connect	1701864108025	1701864111717	OK	 
REQUEST		WebSocket Connect	1701864107868	1701864111732	OK	 
REQUEST		WebSocket Connect	1701864107899	1701864111741	OK	 
REQUEST		WebSocket Connect	1701864107947	1701864111747	OK	 
REQUEST		WebSocket Connect	1701864108103	1701864111755	OK	 
REQUEST		WebSocket Connect	1701864108179	1701864111763	OK	 
REQUEST		WebSocket Connect	1701864108057	1701864111770	OK	 
REQUEST		WebSocket Connect	1701864107978	1701864111777	OK	 
REQUEST		WebSocket Connect	1701864108226	1701864111786	OK	 
REQUEST		WebSocket Connect	1701864108149	1701864111792	OK	 
REQUEST		WebSocket Connect	1701864108258	1701864111800	OK	 
REQUEST		WebSocket Connect	1701864108307	1701864111835	OK	 
REQUEST		WebSocket Connect	1701864108339	1701864111842	OK	 
REQUEST		WebSocket Connect	1701864108417	1701864111850	OK	 
REQUEST		WebSocket Connect	1701864108386	1701864111850	OK	 
REQUEST		WebSocket Connect	1701864108463	1701864112776	OK	 
REQUEST		WebSocket Connect	1701864108590	1701864112792	OK	 
REQUEST		WebSocket Connect	1701864108622	1701864112800	OK	 
REQUEST		WebSocket Connect	1701864108746	1701864112807	OK	 
REQUEST		WebSocket Connect	1701864108699	1701864112813	OK	 
REQUEST		WebSocket Connect	1701864108777	1701864112820	OK	 
REQUEST		WebSocket Connect	1701864108668	1701864112828	OK	 
REQUEST		WebSocket Connect	1701864108542	1701864112835	OK	 
REQUEST		WebSocket Connect	1701864108495	1701864112835	OK	 
REQUEST		Send Request type in Websocket	1701864117025	1701864117025	OK	 
REQUEST		Send Request type in Websocket	1701864117036	1701864117036	OK	 
REQUEST		Send Request type in Websocket	1701864117036	1701864117036	OK	 
REQUEST		Send Request type in Websocket	1701864117051	1701864117051	OK	 
REQUEST		Send Request type in Websocket	1701864117082	1701864117082	OK	 
REQUEST		Send Request type in Websocket	1701864117113	1701864117113	OK	 
REQUEST		Send Request type in Websocket	1701864117176	1701864117176	OK	 
REQUEST		Send Request type in Websocket	1701864117222	1701864117222	OK	 
REQUEST		Send Request type in Websocket	1701864117237	1701864117237	OK	 
REQUEST		Send Request type in Websocket	1701864117283	1701864117283	OK	 
REQUEST		Send Request type in Websocket	1701864117688	1701864117688	OK	 
REQUEST		Send Request type in Websocket	1701864118687	1701864118687	OK	 
REQUEST		Send Request type in Websocket	1701864118687	1701864118687	OK	 
REQUEST		Send Request type in Websocket	1701864119689	1701864119689	OK	 
REQUEST		Send Request type in Websocket	1701864119704	1701864119704	OK	 
REQUEST		Send Request type in Websocket	1701864119704	1701864119704	OK	 
REQUEST		Send Request type in Websocket	1701864119704	1701864119704	OK	 
REQUEST		Send Request type in Websocket	1701864120703	1701864120703	OK	 
REQUEST		Send Request type in Websocket	1701864120719	1701864120719	OK	 
REQUEST		Send Request type in Websocket	1701864120719	1701864120719	OK	 
REQUEST		Send Request type in Websocket	1701864120734	1701864120734	OK	 
REQUEST		Send Request type in Websocket	1701864120734	1701864120734	OK	 
REQUEST		Send Request type in Websocket	1701864120750	1701864120750	OK	 
REQUEST		Send Request type in Websocket	1701864120750	1701864120750	OK	 
REQUEST		Send Request type in Websocket	1701864120750	1701864120750	OK	 
REQUEST		Send Request type in Websocket	1701864121713	1701864121713	OK	 
REQUEST		Send Request type in Websocket	1701864121729	1701864121729	OK	 
REQUEST		Send Request type in Websocket	1701864121744	1701864121744	OK	 
REQUEST		Send Request type in Websocket	1701864121744	1701864121744	OK	 
REQUEST		Send Request type in Websocket	1701864121759	1701864121759	OK	 
REQUEST		Send Request type in Websocket	1701864121759	1701864121759	OK	 
REQUEST		Send Request type in Websocket	1701864121775	1701864121775	OK	 
REQUEST		Send Request type in Websocket	1701864121775	1701864121775	OK	 
REQUEST		Send Request type in Websocket	1701864121790	1701864121790	OK	 
REQUEST		Send Request type in Websocket	1701864121790	1701864121790	OK	 
REQUEST		Send Request type in Websocket	1701864121807	1701864121807	OK	 
REQUEST		Send Request type in Websocket	1701864121807	1701864121807	OK	 
REQUEST		Send Request type in Websocket	1701864121838	1701864121838	OK	 
REQUEST		Send Request type in Websocket	1701864121853	1701864121853	OK	 
REQUEST		Send Request type in Websocket	1701864121853	1701864121853	OK	 
REQUEST		Send Request type in Websocket	1701864121853	1701864121853	OK	 
USER	WebSocket Scenario	END	1701864122044
USER	WebSocket Scenario	END	1701864122044
USER	WebSocket Scenario	END	1701864122044
USER	WebSocket Scenario	END	1701864122057
USER	WebSocket Scenario	END	1701864122088
USER	WebSocket Scenario	END	1701864122118
USER	WebSocket Scenario	END	1701864122181
USER	WebSocket Scenario	END	1701864122227
USER	WebSocket Scenario	END	1701864122243
USER	WebSocket Scenario	END	1701864122289
USER	WebSocket Scenario	END	1701864122696
REQUEST		Send Request type in Websocket	1701864122789	1701864122789	OK	 
REQUEST		Send Request type in Websocket	1701864122804	1701864122804	OK	 
REQUEST		Send Request type in Websocket	1701864122804	1701864122804	OK	 
REQUEST		Send Request type in Websocket	1701864122819	1701864122819	OK	 
REQUEST		Send Request type in Websocket	1701864122819	1701864122819	OK	 
REQUEST		Send Request type in Websocket	1701864122835	1701864122835	OK	 
REQUEST		Send Request type in Websocket	1701864122835	1701864122835	OK	 
REQUEST		Send Request type in Websocket	1701864122850	1701864122850	OK	 
REQUEST		Send Request type in Websocket	1701864122850	1701864122850	OK	 
USER	WebSocket Scenario	END	1701864123694
USER	WebSocket Scenario	END	1701864123694
USER	WebSocket Scenario	END	1701864124693
USER	WebSocket Scenario	END	1701864124709
USER	WebSocket Scenario	END	1701864124709
USER	WebSocket Scenario	END	1701864124709
USER	WebSocket Scenario	END	1701864125718
USER	WebSocket Scenario	END	1701864125734
USER	WebSocket Scenario	END	1701864125734
USER	WebSocket Scenario	END	1701864125749
USER	WebSocket Scenario	END	1701864125749
USER	WebSocket Scenario	END	1701864125765
USER	WebSocket Scenario	END	1701864125765
USER	WebSocket Scenario	END	1701864125765
USER	WebSocket Scenario	END	1701864126718
USER	WebSocket Scenario	END	1701864126734
USER	WebSocket Scenario	END	1701864126749
USER	WebSocket Scenario	END	1701864126749
USER	WebSocket Scenario	END	1701864126765
USER	WebSocket Scenario	END	1701864126765
USER	WebSocket Scenario	END	1701864126780
USER	WebSocket Scenario	END	1701864126781
USER	WebSocket Scenario	END	1701864126796
USER	WebSocket Scenario	END	1701864126796
USER	WebSocket Scenario	END	1701864126812
USER	WebSocket Scenario	END	1701864126812
USER	WebSocket Scenario	END	1701864126843
USER	WebSocket Scenario	END	1701864126859
USER	WebSocket Scenario	END	1701864126859
USER	WebSocket Scenario	END	1701864126859
USER	WebSocket Scenario	END	1701864127797
USER	WebSocket Scenario	END	1701864127813
USER	WebSocket Scenario	END	1701864127813
USER	WebSocket Scenario	END	1701864127828
USER	WebSocket Scenario	END	1701864127828
USER	WebSocket Scenario	END	1701864127845
USER	WebSocket Scenario	END	1701864127845
USER	WebSocket Scenario	END	1701864127861
USER	WebSocket Scenario	END	1701864127861
