RUN	computerdatabase.ComputerDatabaseSimulation	computerdatabasesimulation	1700817712075	Websocket connect	3.9.5
USER	WebSocket Scenario	START	1700817713280
USER	WebSocket Scenario	START	1700817713280
USER	WebSocket Scenario	START	1700817713280
USER	WebSocket Scenario	START	1700817713280
USER	WebSocket Scenario	START	1700817713281
USER	WebSocket Scenario	START	1700817713281
USER	WebSocket Scenario	START	1700817713281
USER	WebSocket Scenario	START	1700817713281
USER	WebSocket Scenario	START	1700817713281
USER	WebSocket Scenario	START	1700817713281
USER	WebSocket Scenario	START	1700817713281
USER	WebSocket Scenario	START	1700817713281
USER	WebSocket Scenario	START	1700817713281
USER	WebSocket Scenario	START	1700817713281
USER	WebSocket Scenario	START	1700817713281
USER	WebSocket Scenario	START	1700817713281
USER	WebSocket Scenario	START	1700817713281
USER	WebSocket Scenario	START	1700817713281
USER	WebSocket Scenario	START	1700817713281
USER	WebSocket Scenario	START	1700817713281
USER	WebSocket Scenario	START	1700817713281
USER	WebSocket Scenario	START	1700817713281
USER	WebSocket Scenario	START	1700817713281
USER	WebSocket Scenario	START	1700817713281
USER	WebSocket Scenario	START	1700817713281
USER	WebSocket Scenario	START	1700817713281
USER	WebSocket Scenario	START	1700817713281
USER	WebSocket Scenario	START	1700817713281
USER	WebSocket Scenario	START	1700817713282
USER	WebSocket Scenario	START	1700817713282
USER	WebSocket Scenario	START	1700817713282
USER	WebSocket Scenario	START	1700817713282
USER	WebSocket Scenario	START	1700817713282
USER	WebSocket Scenario	START	1700817713282
USER	WebSocket Scenario	START	1700817713282
USER	WebSocket Scenario	START	1700817713282
USER	WebSocket Scenario	START	1700817713282
USER	WebSocket Scenario	START	1700817713282
USER	WebSocket Scenario	START	1700817713282
USER	WebSocket Scenario	START	1700817713282
USER	WebSocket Scenario	START	1700817713282
USER	WebSocket Scenario	START	1700817713282
USER	WebSocket Scenario	START	1700817713282
USER	WebSocket Scenario	START	1700817713282
USER	WebSocket Scenario	START	1700817713282
USER	WebSocket Scenario	START	1700817713282
USER	WebSocket Scenario	START	1700817713282
USER	WebSocket Scenario	START	1700817713282
USER	WebSocket Scenario	START	1700817713282
USER	WebSocket Scenario	START	1700817713282
USER	WebSocket Scenario	START	1700817713283
USER	WebSocket Scenario	START	1700817713283
USER	WebSocket Scenario	START	1700817713283
USER	WebSocket Scenario	START	1700817713283
USER	WebSocket Scenario	START	1700817713283
USER	WebSocket Scenario	START	1700817713283
USER	WebSocket Scenario	START	1700817713283
USER	WebSocket Scenario	START	1700817713283
USER	WebSocket Scenario	START	1700817713283
USER	WebSocket Scenario	START	1700817713283
USER	WebSocket Scenario	START	1700817713283
USER	WebSocket Scenario	START	1700817713284
USER	WebSocket Scenario	START	1700817713284
USER	WebSocket Scenario	START	1700817713284
USER	WebSocket Scenario	START	1700817713284
USER	WebSocket Scenario	START	1700817713284
USER	WebSocket Scenario	START	1700817713284
USER	WebSocket Scenario	START	1700817713284
USER	WebSocket Scenario	START	1700817713284
USER	WebSocket Scenario	START	1700817713284
USER	WebSocket Scenario	START	1700817713284
USER	WebSocket Scenario	START	1700817713285
USER	WebSocket Scenario	START	1700817713285
USER	WebSocket Scenario	START	1700817713285
USER	WebSocket Scenario	START	1700817713285
USER	WebSocket Scenario	START	1700817713285
USER	WebSocket Scenario	START	1700817713285
USER	WebSocket Scenario	START	1700817713285
USER	WebSocket Scenario	START	1700817713285
USER	WebSocket Scenario	START	1700817713285
REQUEST		WebSocket Connect	1700817713304	1700817713435	OK	 
REQUEST		WebSocket Connect	1700817713316	1700817713450	OK	 
REQUEST		WebSocket Connect	1700817713307	1700817713458	OK	 
REQUEST		WebSocket Connect	1700817713318	1700817713467	OK	 
REQUEST		WebSocket Connect	1700817713316	1700817713477	OK	 
REQUEST		WebSocket Connect	1700817713304	1700817713485	OK	 
REQUEST		WebSocket Connect	1700817713316	1700817713495	OK	 
REQUEST		WebSocket Connect	1700817713317	1700817713503	OK	 
REQUEST		WebSocket Connect	1700817713317	1700817713514	OK	 
REQUEST		WebSocket Connect	1700817713317	1700817713514	OK	 
REQUEST		WebSocket Connect	1700817713318	1700817714226	OK	 
REQUEST		WebSocket Connect	1700817713319	1700817715233	OK	 
REQUEST		WebSocket Connect	1700817713318	1700817715241	OK	 
REQUEST		WebSocket Connect	1700817713305	1700817716241	OK	 
REQUEST		WebSocket Connect	1700817713317	1700817716255	OK	 
REQUEST		WebSocket Connect	1700817713317	1700817716278	OK	 
REQUEST		WebSocket Connect	1700817713320	1700817716278	OK	 
REQUEST		WebSocket Connect	1700817713321	1700817717261	OK	 
REQUEST		WebSocket Connect	1700817713321	1700817717287	OK	 
REQUEST		WebSocket Connect	1700817713321	1700817717312	OK	 
REQUEST		WebSocket Connect	1700817713307	1700817717325	OK	 
REQUEST		WebSocket Connect	1700817713320	1700817717341	OK	 
REQUEST		WebSocket Connect	1700817713318	1700817717352	OK	 
REQUEST		WebSocket Connect	1700817713307	1700817717362	OK	 
REQUEST		WebSocket Connect	1700817713317	1700817717362	OK	 
REQUEST		WebSocket Connect	1700817713305	1700817718308	OK	 
REQUEST		WebSocket Connect	1700817713321	1700817718316	OK	 
REQUEST		WebSocket Connect	1700817713321	1700817718342	OK	 
REQUEST		WebSocket Connect	1700817713322	1700817718358	OK	 
REQUEST		WebSocket Connect	1700817713316	1700817718376	OK	 
REQUEST		WebSocket Connect	1700817713322	1700817718383	OK	 
REQUEST		WebSocket Connect	1700817713304	1700817718391	OK	 
REQUEST		WebSocket Connect	1700817713322	1700817718448	OK	 
REQUEST		WebSocket Connect	1700817713320	1700817718458	OK	 
REQUEST		WebSocket Connect	1700817713323	1700817718467	OK	 
REQUEST		WebSocket Connect	1700817713307	1700817718476	OK	 
REQUEST		WebSocket Connect	1700817713321	1700817718493	OK	 
REQUEST		WebSocket Connect	1700817713320	1700817718496	OK	 
REQUEST		WebSocket Connect	1700817713322	1700817718507	OK	 
REQUEST		WebSocket Connect	1700817713322	1700817718517	OK	 
REQUEST		WebSocket Connect	1700817713307	1700817718525	OK	 
REQUEST		WebSocket Connect	1700817713323	1700817719439	OK	 
REQUEST		WebSocket Connect	1700817713305	1700817719476	OK	 
REQUEST		WebSocket Connect	1700817713322	1700817719481	OK	 
REQUEST		WebSocket Connect	1700817713304	1700817719502	OK	 
REQUEST		WebSocket Connect	1700817713323	1700817719516	OK	 
REQUEST		WebSocket Connect	1700817713317	1700817719534	OK	 
REQUEST		WebSocket Connect	1700817713323	1700817719535	OK	 
REQUEST		WebSocket Connect	1700817713323	1700817719559	OK	 
REQUEST		WebSocket Connect	1700817713304	1700817719566	OK	 
REQUEST		WebSocket Connect	1700817713323	1700817719588	OK	 
REQUEST		WebSocket Connect	1700817713319	1700817719602	OK	 
REQUEST		WebSocket Connect	1700817713322	1700817719606	OK	 
REQUEST		WebSocket Connect	1700817713306	1700817719622	OK	 
REQUEST		WebSocket Connect	1700817713322	1700817719634	OK	 
REQUEST		WebSocket Connect	1700817713324	1700817719643	OK	 
REQUEST		WebSocket Connect	1700817713324	1700817719656	OK	 
REQUEST		WebSocket Connect	1700817713318	1700817719675	OK	 
REQUEST		WebSocket Connect	1700817713321	1700817719684	OK	 
REQUEST		WebSocket Connect	1700817713328	1700817719698	OK	 
REQUEST		WebSocket Connect	1700817713318	1700817719730	OK	 
REQUEST		WebSocket Connect	1700817713328	1700817719737	OK	 
REQUEST		WebSocket Connect	1700817713328	1700817719748	OK	 
REQUEST		WebSocket Connect	1700817713304	1700817719767	OK	 
REQUEST		WebSocket Connect	1700817713328	1700817719777	OK	 
REQUEST		WebSocket Connect	1700817713324	1700817719789	OK	 
REQUEST		WebSocket Connect	1700817713322	1700817719801	OK	 
REQUEST		WebSocket Connect	1700817713324	1700817719822	OK	 
REQUEST		WebSocket Connect	1700817713322	1700817719837	OK	 
REQUEST		WebSocket Connect	1700817713322	1700817719841	OK	 
REQUEST		WebSocket Connect	1700817713329	1700817719854	OK	 
REQUEST		WebSocket Connect	1700817713319	1700817719871	OK	 
REQUEST		WebSocket Connect	1700817713320	1700817719872	OK	 
REQUEST		WebSocket Connect	1700817713328	1700817720667	OK	 
REQUEST		WebSocket Connect	1700817713324	1700817720698	OK	 
REQUEST		WebSocket Connect	1700817713304	1700817720761	OK	 
REQUEST		WebSocket Connect	1700817713317	1700817720778	OK	 
REQUEST		WebSocket Connect	1700817713324	1700817720788	OK	 
REQUEST		WebSocket Connect	1700817713329	1700817720789	OK	 
REQUEST		WebSocket Connect	1700817713328	1700817720790	OK	 
REQUEST		Send Request type in Websocket	1700817723460	1700817723460	OK	 
REQUEST		Send Request type in Websocket	1700817723466	1700817723466	OK	 
REQUEST		Send Request type in Websocket	1700817723466	1700817723466	OK	 
REQUEST		Send Request type in Websocket	1700817723481	1700817723481	OK	 
REQUEST		Send Request type in Websocket	1700817723481	1700817723481	OK	 
REQUEST		Send Request type in Websocket	1700817723498	1700817723498	OK	 
REQUEST		Send Request type in Websocket	1700817723498	1700817723498	OK	 
REQUEST		Send Request type in Websocket	1700817723504	1700817723504	OK	 
REQUEST		Send Request type in Websocket	1700817723514	1700817723514	OK	 
REQUEST		Send Request type in Websocket	1700817723523	1700817723523	OK	 
REQUEST		Send Request type in Websocket	1700817724229	1700817724229	OK	 
REQUEST		Send Request type in Websocket	1700817725244	1700817725244	OK	 
REQUEST		Send Request type in Websocket	1700817725244	1700817725244	OK	 
REQUEST		Send Request type in Websocket	1700817726255	1700817726255	OK	 
REQUEST		Send Request type in Websocket	1700817726271	1700817726271	OK	 
REQUEST		Send Request type in Websocket	1700817726286	1700817726286	OK	 
REQUEST		Send Request type in Websocket	1700817726286	1700817726286	OK	 
REQUEST		Send Request type in Websocket	1700817727273	1700817727273	OK	 
REQUEST		Send Request type in Websocket	1700817727304	1700817727304	OK	 
REQUEST		Send Request type in Websocket	1700817727320	1700817727320	OK	 
REQUEST		Send Request type in Websocket	1700817727335	1700817727335	OK	 
REQUEST		Send Request type in Websocket	1700817727351	1700817727351	OK	 
REQUEST		Send Request type in Websocket	1700817727366	1700817727366	OK	 
REQUEST		Send Request type in Websocket	1700817727366	1700817727366	OK	 
REQUEST		Send Request type in Websocket	1700817727367	1700817727367	OK	 
REQUEST		Send Request type in Websocket	1700817728319	1700817728319	OK	 
REQUEST		Send Request type in Websocket	1700817728320	1700817728320	OK	 
REQUEST		Send Request type in Websocket	1700817728350	1700817728350	OK	 
REQUEST		Send Request type in Websocket	1700817728366	1700817728366	OK	 
REQUEST		Send Request type in Websocket	1700817728383	1700817728383	OK	 
REQUEST		Send Request type in Websocket	1700817728398	1700817728398	OK	 
REQUEST		Send Request type in Websocket	1700817728398	1700817728398	OK	 
REQUEST		Send Request type in Websocket	1700817728461	1700817728461	OK	 
REQUEST		Send Request type in Websocket	1700817728461	1700817728461	OK	 
REQUEST		Send Request type in Websocket	1700817728477	1700817728477	OK	 
USER	WebSocket Scenario	END	1700817728480
USER	WebSocket Scenario	END	1700817728480
USER	WebSocket Scenario	END	1700817728480
USER	WebSocket Scenario	END	1700817728493
USER	WebSocket Scenario	END	1700817728493
REQUEST		Send Request type in Websocket	1700817728493	1700817728493	OK	 
USER	WebSocket Scenario	END	1700817728506
USER	WebSocket Scenario	END	1700817728508
USER	WebSocket Scenario	END	1700817728508
REQUEST		Send Request type in Websocket	1700817728508	1700817728508	OK	 
REQUEST		Send Request type in Websocket	1700817728508	1700817728508	OK	 
REQUEST		Send Request type in Websocket	1700817728523	1700817728523	OK	 
USER	WebSocket Scenario	END	1700817728523
REQUEST		Send Request type in Websocket	1700817728523	1700817728523	OK	 
USER	WebSocket Scenario	END	1700817728538
REQUEST		Send Request type in Websocket	1700817728538	1700817728538	OK	 
USER	WebSocket Scenario	END	1700817729241
REQUEST		Send Request type in Websocket	1700817729442	1700817729442	OK	 
REQUEST		Send Request type in Websocket	1700817729489	1700817729489	OK	 
REQUEST		Send Request type in Websocket	1700817729489	1700817729489	OK	 
REQUEST		Send Request type in Websocket	1700817729504	1700817729504	OK	 
REQUEST		Send Request type in Websocket	1700817729520	1700817729520	OK	 
REQUEST		Send Request type in Websocket	1700817729536	1700817729536	OK	 
REQUEST		Send Request type in Websocket	1700817729552	1700817729552	OK	 
REQUEST		Send Request type in Websocket	1700817729567	1700817729567	OK	 
REQUEST		Send Request type in Websocket	1700817729567	1700817729567	OK	 
REQUEST		Send Request type in Websocket	1700817729598	1700817729598	OK	 
REQUEST		Send Request type in Websocket	1700817729613	1700817729613	OK	 
REQUEST		Send Request type in Websocket	1700817729613	1700817729613	OK	 
REQUEST		Send Request type in Websocket	1700817729629	1700817729629	OK	 
REQUEST		Send Request type in Websocket	1700817729644	1700817729644	OK	 
REQUEST		Send Request type in Websocket	1700817729644	1700817729644	OK	 
REQUEST		Send Request type in Websocket	1700817729659	1700817729659	OK	 
REQUEST		Send Request type in Websocket	1700817729691	1700817729691	OK	 
REQUEST		Send Request type in Websocket	1700817729691	1700817729691	OK	 
REQUEST		Send Request type in Websocket	1700817729707	1700817729707	OK	 
REQUEST		Send Request type in Websocket	1700817729738	1700817729738	OK	 
REQUEST		Send Request type in Websocket	1700817729740	1700817729740	OK	 
REQUEST		Send Request type in Websocket	1700817729753	1700817729753	OK	 
REQUEST		Send Request type in Websocket	1700817729769	1700817729769	OK	 
REQUEST		Send Request type in Websocket	1700817729785	1700817729785	OK	 
REQUEST		Send Request type in Websocket	1700817729800	1700817729800	OK	 
REQUEST		Send Request type in Websocket	1700817729816	1700817729816	OK	 
REQUEST		Send Request type in Websocket	1700817729832	1700817729832	OK	 
REQUEST		Send Request type in Websocket	1700817729847	1700817729847	OK	 
REQUEST		Send Request type in Websocket	1700817729847	1700817729847	OK	 
REQUEST		Send Request type in Websocket	1700817729862	1700817729862	OK	 
REQUEST		Send Request type in Websocket	1700817729878	1700817729878	OK	 
REQUEST		Send Request type in Websocket	1700817729879	1700817729879	OK	 
USER	WebSocket Scenario	END	1700817730252
USER	WebSocket Scenario	END	1700817730252
REQUEST		Send Request type in Websocket	1700817730673	1700817730673	OK	 
REQUEST		Send Request type in Websocket	1700817730704	1700817730704	OK	 
REQUEST		Send Request type in Websocket	1700817730767	1700817730767	OK	 
REQUEST		Send Request type in Websocket	1700817730783	1700817730783	OK	 
REQUEST		Send Request type in Websocket	1700817730799	1700817730799	OK	 
REQUEST		Send Request type in Websocket	1700817730799	1700817730799	OK	 
REQUEST		Send Request type in Websocket	1700817730800	1700817730800	OK	 
USER	WebSocket Scenario	END	1700817731268
USER	WebSocket Scenario	END	1700817731283
USER	WebSocket Scenario	END	1700817731299
USER	WebSocket Scenario	END	1700817731299
USER	WebSocket Scenario	END	1700817732281
USER	WebSocket Scenario	END	1700817732312
USER	WebSocket Scenario	END	1700817732328
USER	WebSocket Scenario	END	1700817732343
USER	WebSocket Scenario	END	1700817732359
USER	WebSocket Scenario	END	1700817732375
USER	WebSocket Scenario	END	1700817732375
USER	WebSocket Scenario	END	1700817732375
USER	WebSocket Scenario	END	1700817733331
USER	WebSocket Scenario	END	1700817733331
USER	WebSocket Scenario	END	1700817733363
USER	WebSocket Scenario	END	1700817733378
USER	WebSocket Scenario	END	1700817733393
USER	WebSocket Scenario	END	1700817733410
USER	WebSocket Scenario	END	1700817733410
USER	WebSocket Scenario	END	1700817733472
USER	WebSocket Scenario	END	1700817733472
USER	WebSocket Scenario	END	1700817733488
USER	WebSocket Scenario	END	1700817733503
USER	WebSocket Scenario	END	1700817733519
USER	WebSocket Scenario	END	1700817733519
USER	WebSocket Scenario	END	1700817733534
USER	WebSocket Scenario	END	1700817733534
USER	WebSocket Scenario	END	1700817733551
USER	WebSocket Scenario	END	1700817734456
USER	WebSocket Scenario	END	1700817734503
USER	WebSocket Scenario	END	1700817734503
USER	WebSocket Scenario	END	1700817734518
USER	WebSocket Scenario	END	1700817734534
USER	WebSocket Scenario	END	1700817734549
USER	WebSocket Scenario	END	1700817734565
USER	WebSocket Scenario	END	1700817734580
USER	WebSocket Scenario	END	1700817734580
USER	WebSocket Scenario	END	1700817734611
USER	WebSocket Scenario	END	1700817734627
USER	WebSocket Scenario	END	1700817734627
USER	WebSocket Scenario	END	1700817734643
USER	WebSocket Scenario	END	1700817734659
USER	WebSocket Scenario	END	1700817734659
USER	WebSocket Scenario	END	1700817734674
USER	WebSocket Scenario	END	1700817734705
USER	WebSocket Scenario	END	1700817734705
USER	WebSocket Scenario	END	1700817734721
USER	WebSocket Scenario	END	1700817734752
USER	WebSocket Scenario	END	1700817734752
USER	WebSocket Scenario	END	1700817734768
USER	WebSocket Scenario	END	1700817734784
USER	WebSocket Scenario	END	1700817734799
USER	WebSocket Scenario	END	1700817734816
USER	WebSocket Scenario	END	1700817734831
USER	WebSocket Scenario	END	1700817734847
USER	WebSocket Scenario	END	1700817734862
USER	WebSocket Scenario	END	1700817734862
USER	WebSocket Scenario	END	1700817734878
USER	WebSocket Scenario	END	1700817734894
USER	WebSocket Scenario	END	1700817734894
USER	WebSocket Scenario	END	1700817735677
USER	WebSocket Scenario	END	1700817735708
USER	WebSocket Scenario	END	1700817735771
USER	WebSocket Scenario	END	1700817735787
USER	WebSocket Scenario	END	1700817735803
USER	WebSocket Scenario	END	1700817735803
USER	WebSocket Scenario	END	1700817735803
