RUN	computerdatabase.ComputerDatabaseSimulation	computerdatabasesimulation	1699697175079	Socket Load	3.9.5
USER	Sending Chat	START	1699697176979
USER	Sending Chat	START	1699697176979
USER	WebSocket Scenario	START	1699697176979
USER	WebSocket Scenario	START	1699697176979
USER	WebSocket Scenario	START	1699697176979
USER	Sending Chat	START	1699697176980
USER	Sending Chat	START	1699697176980
USER	Sending Chat	START	1699697176980
USER	Sending Chat	START	1699697176980
USER	Sending Chat	START	1699697176980
USER	Sending Chat	START	1699697176981
USER	WebSocket Scenario	START	1699697176979
USER	WebSocket Scenario	START	1699697176981
USER	WebSocket Scenario	START	1699697176981
USER	WebSocket Scenario	START	1699697176981
USER	WebSocket Scenario	START	1699697176981
USER	WebSocket Scenario	START	1699697176981
USER	WebSocket Scenario	START	1699697176981
USER	Sending Chat	START	1699697176981
USER	Sending Chat	START	1699697176981
REQUEST		WebSocket Connect	1699697177044	1699697177237	OK	 
REQUEST		WebSocket Connect	1699697177037	1699697177242	OK	 
REQUEST		WebSocket Connect	1699697177045	1699697177237	OK	 
REQUEST		WebSocket Connect	1699697177038	1699697177251	OK	 
REQUEST		HTTP Request	1699697177049	1699697177295	OK	 
REQUEST		HTTP Request	1699697177051	1699697177273	OK	 
REQUEST		HTTP Request	1699697177049	1699697177295	OK	 
REQUEST		HTTP Request	1699697177052	1699697177303	OK	 
REQUEST		HTTP Request	1699697177049	1699697177296	OK	 
REQUEST		HTTP Request	1699697177049	1699697177462	OK	 
REQUEST		WebSocket Connect	1699697177037	1699697178437	OK	 
REQUEST		WebSocket Connect	1699697177044	1699697178437	OK	 
REQUEST		WebSocket Connect	1699697177042	1699697179421	OK	 
REQUEST		WebSocket Connect	1699697177037	1699697179434	OK	 
REQUEST		WebSocket Connect	1699697177038	1699697179447	OK	 
REQUEST		WebSocket Connect	1699697177037	1699697179448	OK	 
REQUEST		HTTP Request	1699697177077	1699697179517	OK	 
REQUEST		HTTP Request	1699697177077	1699697179537	OK	 
REQUEST		HTTP Request	1699697177077	1699697180526	OK	 
REQUEST		HTTP Request	1699697177077	1699697180530	OK	 
USER	Sending Chat	END	1699697182332
USER	Sending Chat	END	1699697182332
USER	Sending Chat	END	1699697182338
USER	Sending Chat	END	1699697182338
USER	Sending Chat	END	1699697182339
USER	Sending Chat	END	1699697182484
USER	Sending Chat	END	1699697184535
USER	Sending Chat	END	1699697184543
USER	Sending Chat	END	1699697185544
USER	Sending Chat	END	1699697185545
USER	WebSocket Scenario	END	1699697377257
USER	WebSocket Scenario	END	1699697377257
USER	WebSocket Scenario	END	1699697377258
USER	WebSocket Scenario	END	1699697377258
USER	WebSocket Scenario	END	1699697378451
USER	WebSocket Scenario	END	1699697378452
USER	WebSocket Scenario	END	1699697379432
USER	WebSocket Scenario	END	1699697379447
USER	WebSocket Scenario	END	1699697379463
USER	WebSocket Scenario	END	1699697379463
