RUN	computerdatabase.ComputerDatabaseSimulation	computerdatabasesimulation	1699596628362	Socket Load Testing	3.9.5
USER	WebSocket Scenario	START	1699596630202
USER	WebSocket Scenario	START	1699596630202
USER	WebSocket Scenario	START	1699596630202
USER	WebSocket Scenario	START	1699596630203
USER	WebSocket Scenario	START	1699596630204
USER	WebSocket Scenario	START	1699596630204
USER	WebSocket Scenario	START	1699596630203
USER	WebSocket Scenario	START	1699596630204
USER	WebSocket Scenario	START	1699596630204
USER	WebSocket Scenario	START	1699596630204
USER	WebSocket Scenario	START	1699596630204
USER	WebSocket Scenario	START	1699596630204
USER	WebSocket Scenario	START	1699596630204
USER	WebSocket Scenario	START	1699596630204
USER	WebSocket Scenario	START	1699596630204
USER	WebSocket Scenario	START	1699596630204
USER	WebSocket Scenario	START	1699596630205
USER	WebSocket Scenario	START	1699596630202
USER	WebSocket Scenario	START	1699596630205
USER	WebSocket Scenario	START	1699596630205
USER	WebSocket Scenario	START	1699596630205
USER	WebSocket Scenario	START	1699596630205
USER	WebSocket Scenario	START	1699596630205
USER	WebSocket Scenario	START	1699596630205
USER	WebSocket Scenario	START	1699596630205
USER	WebSocket Scenario	START	1699596630205
USER	WebSocket Scenario	START	1699596630205
USER	WebSocket Scenario	START	1699596630205
USER	WebSocket Scenario	START	1699596630205
USER	WebSocket Scenario	START	1699596630205
USER	WebSocket Scenario	START	1699596630205
USER	WebSocket Scenario	START	1699596630205
USER	WebSocket Scenario	START	1699596630205
USER	WebSocket Scenario	START	1699596630205
USER	WebSocket Scenario	START	1699596630205
USER	WebSocket Scenario	START	1699596630205
USER	WebSocket Scenario	START	1699596630205
USER	WebSocket Scenario	START	1699596630206
USER	WebSocket Scenario	START	1699596630205
USER	WebSocket Scenario	START	1699596630206
USER	WebSocket Scenario	START	1699596630206
USER	WebSocket Scenario	START	1699596630202
USER	WebSocket Scenario	START	1699596630206
USER	WebSocket Scenario	START	1699596630206
USER	WebSocket Scenario	START	1699596630206
USER	WebSocket Scenario	START	1699596630206
USER	WebSocket Scenario	START	1699596630206
USER	WebSocket Scenario	START	1699596630206
USER	WebSocket Scenario	START	1699596630202
USER	WebSocket Scenario	START	1699596630206
USER	WebSocket Scenario	START	1699596630206
USER	WebSocket Scenario	START	1699596630207
USER	WebSocket Scenario	START	1699596630207
USER	WebSocket Scenario	START	1699596630207
USER	WebSocket Scenario	START	1699596630207
USER	WebSocket Scenario	START	1699596630207
USER	WebSocket Scenario	START	1699596630207
USER	WebSocket Scenario	START	1699596630207
USER	WebSocket Scenario	START	1699596630207
USER	WebSocket Scenario	START	1699596630207
USER	WebSocket Scenario	START	1699596630207
USER	WebSocket Scenario	START	1699596630207
USER	WebSocket Scenario	START	1699596630207
USER	WebSocket Scenario	START	1699596630208
USER	WebSocket Scenario	START	1699596630209
USER	WebSocket Scenario	START	1699596630209
USER	WebSocket Scenario	START	1699596630209
USER	WebSocket Scenario	START	1699596630209
USER	WebSocket Scenario	START	1699596630210
USER	WebSocket Scenario	START	1699596630210
USER	WebSocket Scenario	START	1699596630210
USER	WebSocket Scenario	START	1699596630211
USER	WebSocket Scenario	START	1699596630204
USER	WebSocket Scenario	START	1699596630214
USER	WebSocket Scenario	START	1699596630214
USER	WebSocket Scenario	START	1699596630214
USER	WebSocket Scenario	START	1699596630214
USER	WebSocket Scenario	START	1699596630215
USER	WebSocket Scenario	START	1699596630215
USER	WebSocket Scenario	START	1699596630217
USER	WebSocket Scenario	START	1699596630217
USER	WebSocket Scenario	START	1699596630217
USER	WebSocket Scenario	START	1699596630217
USER	WebSocket Scenario	START	1699596630218
USER	WebSocket Scenario	START	1699596630218
USER	WebSocket Scenario	START	1699596630218
USER	WebSocket Scenario	START	1699596630218
USER	WebSocket Scenario	START	1699596630218
USER	WebSocket Scenario	START	1699596630218
USER	WebSocket Scenario	START	1699596630218
USER	WebSocket Scenario	START	1699596630219
USER	WebSocket Scenario	START	1699596630219
USER	WebSocket Scenario	START	1699596630219
USER	WebSocket Scenario	START	1699596630219
USER	WebSocket Scenario	START	1699596630219
USER	WebSocket Scenario	START	1699596630219
USER	WebSocket Scenario	START	1699596630219
USER	WebSocket Scenario	START	1699596630219
USER	WebSocket Scenario	START	1699596630219
USER	WebSocket Scenario	START	1699596630219
USER	WebSocket Scenario	START	1699596630219
USER	WebSocket Scenario	START	1699596630219
USER	WebSocket Scenario	START	1699596630220
USER	WebSocket Scenario	START	1699596630221
USER	WebSocket Scenario	START	1699596630221
USER	WebSocket Scenario	START	1699596630221
USER	WebSocket Scenario	START	1699596630221
USER	WebSocket Scenario	START	1699596630221
USER	WebSocket Scenario	START	1699596630222
USER	WebSocket Scenario	START	1699596630222
USER	WebSocket Scenario	START	1699596630226
USER	WebSocket Scenario	START	1699596630226
USER	WebSocket Scenario	START	1699596630227
USER	WebSocket Scenario	START	1699596630227
USER	WebSocket Scenario	START	1699596630227
USER	WebSocket Scenario	START	1699596630227
USER	WebSocket Scenario	START	1699596630228
USER	WebSocket Scenario	START	1699596630228
USER	WebSocket Scenario	START	1699596630292
USER	WebSocket Scenario	START	1699596630292
USER	WebSocket Scenario	START	1699596630292
USER	WebSocket Scenario	START	1699596630292
USER	WebSocket Scenario	START	1699596630292
USER	WebSocket Scenario	START	1699596630292
USER	WebSocket Scenario	START	1699596630292
USER	WebSocket Scenario	START	1699596630292
USER	WebSocket Scenario	START	1699596630292
USER	WebSocket Scenario	START	1699596630293
USER	WebSocket Scenario	START	1699596630293
USER	WebSocket Scenario	START	1699596630293
USER	WebSocket Scenario	START	1699596630293
USER	WebSocket Scenario	START	1699596630293
USER	WebSocket Scenario	START	1699596630293
USER	WebSocket Scenario	START	1699596630293
USER	WebSocket Scenario	START	1699596630293
USER	WebSocket Scenario	START	1699596630294
USER	WebSocket Scenario	START	1699596630294
USER	WebSocket Scenario	START	1699596630295
USER	WebSocket Scenario	START	1699596630296
USER	WebSocket Scenario	START	1699596630297
USER	WebSocket Scenario	START	1699596630298
USER	WebSocket Scenario	START	1699596630299
USER	WebSocket Scenario	START	1699596630300
USER	WebSocket Scenario	START	1699596630301
USER	WebSocket Scenario	START	1699596630301
USER	WebSocket Scenario	START	1699596630302
USER	WebSocket Scenario	START	1699596630302
USER	WebSocket Scenario	START	1699596630303
USER	WebSocket Scenario	START	1699596630303
USER	WebSocket Scenario	START	1699596630305
USER	WebSocket Scenario	START	1699596630305
USER	WebSocket Scenario	START	1699596630305
USER	WebSocket Scenario	START	1699596630306
USER	WebSocket Scenario	START	1699596630306
USER	WebSocket Scenario	START	1699596630306
USER	WebSocket Scenario	START	1699596630306
USER	WebSocket Scenario	START	1699596630306
USER	WebSocket Scenario	START	1699596630306
USER	WebSocket Scenario	START	1699596630306
USER	WebSocket Scenario	START	1699596630307
USER	WebSocket Scenario	START	1699596630307
USER	WebSocket Scenario	START	1699596630306
USER	WebSocket Scenario	START	1699596630307
USER	WebSocket Scenario	START	1699596630309
USER	WebSocket Scenario	START	1699596630309
USER	WebSocket Scenario	START	1699596630307
USER	WebSocket Scenario	START	1699596630310
USER	WebSocket Scenario	START	1699596630311
USER	WebSocket Scenario	START	1699596630311
USER	WebSocket Scenario	START	1699596630311
USER	WebSocket Scenario	START	1699596630312
USER	WebSocket Scenario	START	1699596630312
USER	WebSocket Scenario	START	1699596630312
USER	WebSocket Scenario	START	1699596630315
USER	WebSocket Scenario	START	1699596630315
USER	WebSocket Scenario	START	1699596630315
USER	WebSocket Scenario	START	1699596630317
USER	WebSocket Scenario	START	1699596630331
USER	WebSocket Scenario	START	1699596630332
USER	WebSocket Scenario	START	1699596630332
USER	WebSocket Scenario	START	1699596630332
USER	WebSocket Scenario	START	1699596630332
USER	WebSocket Scenario	START	1699596630333
USER	WebSocket Scenario	START	1699596630333
USER	WebSocket Scenario	START	1699596630335
USER	WebSocket Scenario	START	1699596630337
USER	WebSocket Scenario	START	1699596630339
USER	WebSocket Scenario	START	1699596630348
USER	WebSocket Scenario	START	1699596630348
USER	WebSocket Scenario	START	1699596630348
USER	WebSocket Scenario	START	1699596630348
USER	WebSocket Scenario	START	1699596630349
USER	WebSocket Scenario	START	1699596630352
USER	WebSocket Scenario	START	1699596630352
USER	WebSocket Scenario	START	1699596630352
USER	WebSocket Scenario	START	1699596630352
USER	WebSocket Scenario	START	1699596630352
USER	WebSocket Scenario	START	1699596630305
USER	WebSocket Scenario	START	1699596630370
USER	WebSocket Scenario	START	1699596630370
REQUEST		WebSocket Connect	1699596630339	1699596630589	OK	 
REQUEST		WebSocket Connect	1699596630299	1699596630641	OK	 
REQUEST		WebSocket Connect	1699596630264	1699596630651	OK	 
REQUEST		WebSocket Connect	1699596630257	1699596630664	OK	 
REQUEST		WebSocket Connect	1699596630266	1699596630674	OK	 
REQUEST		WebSocket Connect	1699596630257	1699596630682	OK	 
REQUEST		WebSocket Connect	1699596630300	1699596630683	OK	 
REQUEST		WebSocket Connect	1699596630294	1699596630687	OK	 
REQUEST		WebSocket Connect	1699596630333	1699596630695	OK	 
REQUEST		WebSocket Connect	1699596630331	1699596630705	OK	 
REQUEST		WebSocket Connect	1699596630257	1699596630710	OK	 
REQUEST		WebSocket Connect	1699596630312	1699596630714	OK	 
REQUEST		WebSocket Connect	1699596630257	1699596630724	OK	 
REQUEST		WebSocket Connect	1699596630335	1699596630738	OK	 
REQUEST		WebSocket Connect	1699596630294	1699596630749	OK	 
REQUEST		WebSocket Connect	1699596630302	1699596630762	OK	 
REQUEST		WebSocket Connect	1699596630337	1699596630972	OK	 
REQUEST		WebSocket Connect	1699596630292	1699596630987	OK	 
REQUEST		WebSocket Connect	1699596630304	1699596631073	OK	 
REQUEST		WebSocket Connect	1699596630294	1699596631084	OK	 
REQUEST		WebSocket Connect	1699596630295	1699596631091	OK	 
REQUEST		WebSocket Connect	1699596630266	1699596631104	OK	 
REQUEST		WebSocket Connect	1699596630296	1699596631114	OK	 
REQUEST		WebSocket Connect	1699596630297	1699596631124	OK	 
REQUEST		WebSocket Connect	1699596630295	1699596631134	OK	 
REQUEST		WebSocket Connect	1699596630306	1699596631147	OK	 
REQUEST		WebSocket Connect	1699596630300	1699596631155	OK	 
REQUEST		WebSocket Connect	1699596630298	1699596631168	OK	 
REQUEST		WebSocket Connect	1699596630297	1699596631177	OK	 
REQUEST		WebSocket Connect	1699596630313	1699596631189	OK	 
REQUEST		WebSocket Connect	1699596630298	1699596631197	OK	 
REQUEST		WebSocket Connect	1699596630307	1699596631209	OK	 
REQUEST		WebSocket Connect	1699596630299	1699596631219	OK	 
REQUEST		WebSocket Connect	1699596630296	1699596631235	OK	 
REQUEST		WebSocket Connect	1699596630333	1699596631243	OK	 
REQUEST		WebSocket Connect	1699596630301	1699596631252	OK	 
REQUEST		WebSocket Connect	1699596630265	1699596631269	OK	 
REQUEST		WebSocket Connect	1699596630297	1699596631278	OK	 
REQUEST		WebSocket Connect	1699596630298	1699596631289	OK	 
REQUEST		WebSocket Connect	1699596630320	1699596631303	OK	 
REQUEST		WebSocket Connect	1699596630300	1699596631315	OK	 
REQUEST		WebSocket Connect	1699596630321	1699596631331	OK	 
REQUEST		WebSocket Connect	1699596630324	1699596631342	OK	 
REQUEST		WebSocket Connect	1699596630322	1699596631354	OK	 
REQUEST		WebSocket Connect	1699596630331	1699596631372	OK	 
REQUEST		WebSocket Connect	1699596630333	1699596631383	OK	 
REQUEST		WebSocket Connect	1699596630314	1699596631392	OK	 
REQUEST		WebSocket Connect	1699596630335	1699596631416	OK	 
REQUEST		WebSocket Connect	1699596630315	1699596631436	OK	 
REQUEST		WebSocket Connect	1699596630337	1699596631440	OK	 
REQUEST		WebSocket Connect	1699596630310	1699596632349	OK	 
REQUEST		WebSocket Connect	1699596630334	1699596632359	OK	 
REQUEST		WebSocket Connect	1699596630312	1699596633386	OK	 
REQUEST		WebSocket Connect	1699596630317	1699596633412	OK	 
REQUEST		WebSocket Connect	1699596630317	1699596633425	OK	 
REQUEST		WebSocket Connect	1699596630336	1699596633425	OK	 
REQUEST		WebSocket Connect	1699596630341	1699596634352	OK	 
REQUEST		WebSocket Connect	1699596630314	1699596634376	OK	 
REQUEST		WebSocket Connect	1699596630351	1699596634386	OK	 
REQUEST		WebSocket Connect	1699596630316	1699596634397	OK	 
REQUEST		WebSocket Connect	1699596630263	1699596634411	OK	 
REQUEST		WebSocket Connect	1699596630337	1699596634423	OK	 
REQUEST		WebSocket Connect	1699596630364	1699596634429	OK	 
REQUEST		WebSocket Connect	1699596630360	1699596634430	OK	 
REQUEST		WebSocket Connect	1699596630361	1699596635418	OK	 
REQUEST		WebSocket Connect	1699596630352	1699596635435	OK	 
REQUEST		WebSocket Connect	1699596630262	1699596635442	OK	 
REQUEST		WebSocket Connect	1699596630367	1699596635442	OK	 
REQUEST		WebSocket Connect	1699596630386	1699596635760	OK	 
REQUEST		WebSocket Connect	1699596630387	1699596635794	OK	 
REQUEST		WebSocket Connect	1699596630349	1699596635809	OK	 
REQUEST		WebSocket Connect	1699596630311	1699596635831	OK	 
REQUEST		WebSocket Connect	1699596630353	1699596635848	OK	 
REQUEST		WebSocket Connect	1699596630294	1699596635862	OK	 
REQUEST		WebSocket Connect	1699596630264	1699596635978	OK	 
REQUEST		WebSocket Connect	1699596630257	1699596636004	OK	 
REQUEST		WebSocket Connect	1699596630257	1699596636013	OK	 
REQUEST		WebSocket Connect	1699596630306	1699596636030	OK	 
REQUEST		WebSocket Connect	1699596630315	1699596636045	OK	 
REQUEST		WebSocket Connect	1699596630317	1699596636047	OK	 
REQUEST		WebSocket Connect	1699596630309	1699596636062	OK	 
REQUEST		WebSocket Connect	1699596630307	1699596636070	OK	 
REQUEST		WebSocket Connect	1699596630388	1699596636446	OK	 
REQUEST		WebSocket Connect	1699596630316	1699596636477	OK	 
REQUEST		WebSocket Connect	1699596630323	1699596636485	OK	 
REQUEST		WebSocket Connect	1699596630313	1699596636501	OK	 
REQUEST		WebSocket Connect	1699596630317	1699596636503	OK	 
REQUEST		WebSocket Connect	1699596630391	1699596636518	OK	 
REQUEST		WebSocket Connect	1699596630323	1699596636527	OK	 
REQUEST		WebSocket Connect	1699596630314	1699596636544	OK	 
REQUEST		WebSocket Connect	1699596630324	1699596636553	OK	 
REQUEST		WebSocket Connect	1699596630350	1699596636559	OK	 
REQUEST		WebSocket Connect	1699596630371	1699596636575	OK	 
REQUEST		WebSocket Connect	1699596630319	1699596636580	OK	 
REQUEST		WebSocket Connect	1699596630353	1699596636583	OK	 
REQUEST		WebSocket Connect	1699596630339	1699596636592	OK	 
REQUEST		WebSocket Connect	1699596630324	1699596636599	OK	 
REQUEST		WebSocket Connect	1699596630299	1699596636608	OK	 
REQUEST		WebSocket Connect	1699596630406	1699596636616	OK	 
REQUEST		WebSocket Connect	1699596630371	1699596636623	OK	 
REQUEST		WebSocket Connect	1699596630318	1699596636624	OK	 
REQUEST		WebSocket Connect	1699596630412	1699596636628	OK	 
REQUEST		WebSocket Connect	1699596630349	1699596636634	OK	 
REQUEST		WebSocket Connect	1699596630301	1699596636635	OK	 
REQUEST		WebSocket Connect	1699596630419	1699596636642	OK	 
REQUEST		WebSocket Connect	1699596630375	1699596636653	OK	 
REQUEST		WebSocket Connect	1699596630302	1699596636659	OK	 
REQUEST		WebSocket Connect	1699596630377	1699596636671	OK	 
REQUEST		WebSocket Connect	1699596630317	1699596636682	OK	 
REQUEST		WebSocket Connect	1699596630320	1699596636683	OK	 
REQUEST		WebSocket Connect	1699596630386	1699596636692	OK	 
REQUEST		WebSocket Connect	1699596630306	1699596636703	OK	 
REQUEST		WebSocket Connect	1699596630307	1699596636712	OK	 
REQUEST		WebSocket Connect	1699596630263	1699596636761	OK	 
REQUEST		WebSocket Connect	1699596630321	1699596636796	OK	 
REQUEST		WebSocket Connect	1699596630320	1699596636824	OK	 
REQUEST		WebSocket Connect	1699596630336	1699596636872	OK	 
REQUEST		WebSocket Connect	1699596630312	1699596637083	OK	 
REQUEST		WebSocket Connect	1699596630318	1699596637109	OK	 
REQUEST		WebSocket Connect	1699596630389	1699596637378	OK	 
REQUEST		WebSocket Connect	1699596630387	1699596637440	OK	 
REQUEST		WebSocket Connect	1699596630388	1699596637501	OK	 
REQUEST		WebSocket Connect	1699596630308	1699596637560	OK	 
REQUEST		WebSocket Connect	1699596630371	1699596637573	OK	 
REQUEST		WebSocket Connect	1699596630370	1699596637598	OK	 
REQUEST		WebSocket Connect	1699596630368	1699596637607	OK	 
REQUEST		WebSocket Connect	1699596630373	1699596637657	OK	 
REQUEST		WebSocket Connect	1699596630379	1699596637663	OK	 
REQUEST		WebSocket Connect	1699596630370	1699596637664	OK	 
REQUEST		WebSocket Connect	1699596630389	1699596637681	OK	 
REQUEST		WebSocket Connect	1699596630410	1699596637683	OK	 
REQUEST		WebSocket Connect	1699596630391	1699596637691	OK	 
REQUEST		WebSocket Connect	1699596630424	1699596637701	OK	 
REQUEST		WebSocket Connect	1699596630428	1699596637710	OK	 
REQUEST		WebSocket Connect	1699596630412	1699596637720	OK	 
REQUEST		WebSocket Connect	1699596630380	1699596637729	OK	 
REQUEST		WebSocket Connect	1699596630260	1699596637731	OK	 
REQUEST		WebSocket Connect	1699596630386	1699596637741	OK	 
REQUEST		WebSocket Connect	1699596630441	1699596637752	OK	 
REQUEST		WebSocket Connect	1699596630416	1699596637753	OK	 
REQUEST		WebSocket Connect	1699596630387	1699596637764	OK	 
REQUEST		WebSocket Connect	1699596630333	1699596637774	OK	 
REQUEST		WebSocket Connect	1699596630417	1699596637785	OK	 
REQUEST		WebSocket Connect	1699596630444	1699596637787	OK	 
REQUEST		WebSocket Connect	1699596630389	1699596637789	OK	 
REQUEST		WebSocket Connect	1699596630390	1699596637799	OK	 
REQUEST		WebSocket Connect	1699596630257	1699596637809	OK	 
REQUEST		WebSocket Connect	1699596630446	1699596637819	OK	 
REQUEST		WebSocket Connect	1699596630309	1699596637828	OK	 
REQUEST		WebSocket Connect	1699596630303	1699596637829	OK	 
REQUEST		WebSocket Connect	1699596630448	1699596637830	OK	 
REQUEST		WebSocket Connect	1699596630391	1699596637841	OK	 
REQUEST		WebSocket Connect	1699596630304	1699596637843	OK	 
REQUEST		WebSocket Connect	1699596630448	1699596637851	OK	 
REQUEST		WebSocket Connect	1699596630310	1699596637862	OK	 
REQUEST		WebSocket Connect	1699596630403	1699596637880	OK	 
REQUEST		WebSocket Connect	1699596630305	1699596637887	OK	 
REQUEST		WebSocket Connect	1699596630410	1699596637898	OK	 
REQUEST		WebSocket Connect	1699596630310	1699596637902	OK	 
REQUEST		WebSocket Connect	1699596630412	1699596637915	OK	 
REQUEST		WebSocket Connect	1699596630347	1699596637926	OK	 
REQUEST		WebSocket Connect	1699596630311	1699596637937	OK	 
REQUEST		WebSocket Connect	1699596630308	1699596637946	OK	 
REQUEST		WebSocket Connect	1699596630310	1699596637947	OK	 
REQUEST		WebSocket Connect	1699596630413	1699596637986	OK	 
REQUEST		WebSocket Connect	1699596630414	1699596638814	OK	 
REQUEST		WebSocket Connect	1699596630318	1699596638824	OK	 
REQUEST		WebSocket Connect	1699596630325	1699596638834	OK	 
REQUEST		WebSocket Connect	1699596630458	1699596638843	OK	 
REQUEST		WebSocket Connect	1699596630459	1699596638844	OK	 
REQUEST		WebSocket Connect	1699596630461	1699596639232	OK	 
REQUEST		WebSocket Connect	1699596630349	1699596639664	OK	 
REQUEST		WebSocket Connect	1699596630350	1699596640538	KO	i.n.h.s.SslHandshakeTimeoutException: handshake timed out after 10000ms
REQUEST		WebSocket Connect	1699596630470	1699596640538	KO	i.n.h.s.SslHandshakeTimeoutException: handshake timed out after 10000ms
REQUEST		WebSocket Connect	1699596630472	1699596640544	KO	i.n.h.s.SslHandshakeTimeoutException: handshake timed out after 10000ms
REQUEST		WebSocket Connect	1699596630356	1699596640544	KO	i.n.h.s.SslHandshakeTimeoutException: handshake timed out after 10000ms
REQUEST		WebSocket Connect	1699596630473	1699596640544	KO	i.n.h.s.SslHandshakeTimeoutException: handshake timed out after 10000ms
REQUEST		WebSocket Connect	1699596630362	1699596640544	KO	i.n.h.s.SslHandshakeTimeoutException: handshake timed out after 10000ms
REQUEST		WebSocket Connect	1699596630474	1699596640545	KO	i.n.h.s.SslHandshakeTimeoutException: handshake timed out after 10000ms
REQUEST		WebSocket Connect	1699596630476	1699596640545	KO	i.n.h.s.SslHandshakeTimeoutException: handshake timed out after 10000ms
REQUEST		WebSocket Connect	1699596630362	1699596640554	KO	i.n.h.s.SslHandshakeTimeoutException: handshake timed out after 10000ms
REQUEST		WebSocket Connect	1699596630402	1699596640586	KO	i.n.h.s.SslHandshakeTimeoutException: handshake timed out after 10000ms
REQUEST		WebSocket Connect	1699596630404	1699596640587	KO	i.n.h.s.SslHandshakeTimeoutException: handshake timed out after 10000ms
REQUEST		WebSocket Connect	1699596630408	1699596640602	KO	i.n.h.s.SslHandshakeTimeoutException: handshake timed out after 10000ms
REQUEST		WebSocket Connect	1699596630398	1699596640602	KO	i.n.h.s.SslHandshakeTimeoutException: handshake timed out after 10000ms
REQUEST		WebSocket Connect	1699596630400	1699596640603	KO	i.n.h.s.SslHandshakeTimeoutException: handshake timed out after 10000ms
REQUEST		WebSocket Connect	1699596630460	1699596640603	KO	i.n.h.s.SslHandshakeTimeoutException: handshake timed out after 10000ms
REQUEST		WebSocket Connect	1699596630460	1699596640604	KO	i.n.h.s.SslHandshakeTimeoutException: handshake timed out after 10000ms
REQUEST		WebSocket Connect	1699596630414	1699596640634	KO	i.n.h.s.SslHandshakeTimeoutException: handshake timed out after 10000ms
REQUEST		WebSocket Connect	1699596630321	1699596640634	KO	i.n.h.s.SslHandshakeTimeoutException: handshake timed out after 10000ms
REQUEST		WebSocket Connect	1699596630415	1699596640635	KO	i.n.h.s.SslHandshakeTimeoutException: handshake timed out after 10000ms
REQUEST		WebSocket Connect	1699596630323	1699596640635	KO	i.n.h.s.SslHandshakeTimeoutException: handshake timed out after 10000ms
REQUEST		WebSocket Connect	1699596630324	1699596640649	KO	i.n.h.s.SslHandshakeTimeoutException: handshake timed out after 10000ms
REQUEST		WebSocket Connect	1699596630416	1699596640649	KO	i.n.h.s.SslHandshakeTimeoutException: handshake timed out after 10000ms
REQUEST		WebSocket Connect	1699596630336	1699596640665	KO	i.n.h.s.SslHandshakeTimeoutException: handshake timed out after 10000ms
REQUEST		WebSocket Connect	1699596630337	1699596640667	KO	i.n.h.s.SslHandshakeTimeoutException: handshake timed out after 10000ms
REQUEST		WebSocket Connect	1699596630339	1699596640667	KO	i.n.h.s.SslHandshakeTimeoutException: handshake timed out after 10000ms
REQUEST		WebSocket Connect	1699596630340	1699596640669	KO	i.n.h.s.SslHandshakeTimeoutException: handshake timed out after 10000ms
REQUEST		WebSocket Connect	1699596630341	1699596640680	KO	i.n.h.s.SslHandshakeTimeoutException: handshake timed out after 10000ms
REQUEST		WebSocket Connect	1699596630461	1699596640680	KO	i.n.h.s.SslHandshakeTimeoutException: handshake timed out after 10000ms
USER	WebSocket Scenario	END	1699596750646
USER	WebSocket Scenario	END	1699596750656
USER	WebSocket Scenario	END	1699596750657
USER	WebSocket Scenario	END	1699596750672
USER	WebSocket Scenario	END	1699596750688
USER	WebSocket Scenario	END	1699596750688
USER	WebSocket Scenario	END	1699596750688
USER	WebSocket Scenario	END	1699596750688
USER	WebSocket Scenario	END	1699596750704
USER	WebSocket Scenario	END	1699596750720
USER	WebSocket Scenario	END	1699596750720
USER	WebSocket Scenario	END	1699596750720
USER	WebSocket Scenario	END	1699596750736
USER	WebSocket Scenario	END	1699596750752
USER	WebSocket Scenario	END	1699596750752
USER	WebSocket Scenario	END	1699596750768
USER	WebSocket Scenario	END	1699596750985
USER	WebSocket Scenario	END	1699596751000
USER	WebSocket Scenario	END	1699596751078
USER	WebSocket Scenario	END	1699596751093
USER	WebSocket Scenario	END	1699596751093
USER	WebSocket Scenario	END	1699596751108
USER	WebSocket Scenario	END	1699596751124
USER	WebSocket Scenario	END	1699596751139
USER	WebSocket Scenario	END	1699596751139
USER	WebSocket Scenario	END	1699596751155
USER	WebSocket Scenario	END	1699596751170
USER	WebSocket Scenario	END	1699596751170
USER	WebSocket Scenario	END	1699596751186
USER	WebSocket Scenario	END	1699596751202
USER	WebSocket Scenario	END	1699596751202
USER	WebSocket Scenario	END	1699596751217
USER	WebSocket Scenario	END	1699596751232
USER	WebSocket Scenario	END	1699596751248
USER	WebSocket Scenario	END	1699596751248
USER	WebSocket Scenario	END	1699596751263
USER	WebSocket Scenario	END	1699596751279
USER	WebSocket Scenario	END	1699596751295
USER	WebSocket Scenario	END	1699596751295
USER	WebSocket Scenario	END	1699596751310
USER	WebSocket Scenario	END	1699596751325
USER	WebSocket Scenario	END	1699596751341
USER	WebSocket Scenario	END	1699596751357
USER	WebSocket Scenario	END	1699596751357
USER	WebSocket Scenario	END	1699596751386
USER	WebSocket Scenario	END	1699596751386
USER	WebSocket Scenario	END	1699596751402
USER	WebSocket Scenario	END	1699596751432
USER	WebSocket Scenario	END	1699596751447
USER	WebSocket Scenario	END	1699596751448
USER	WebSocket Scenario	END	1699596752363
USER	WebSocket Scenario	END	1699596752363
USER	WebSocket Scenario	END	1699596753393
USER	WebSocket Scenario	END	1699596753424
USER	WebSocket Scenario	END	1699596753440
USER	WebSocket Scenario	END	1699596753440
USER	WebSocket Scenario	END	1699596754363
USER	WebSocket Scenario	END	1699596754378
USER	WebSocket Scenario	END	1699596754393
USER	WebSocket Scenario	END	1699596754409
USER	WebSocket Scenario	END	1699596754424
USER	WebSocket Scenario	END	1699596754424
USER	WebSocket Scenario	END	1699596754440
USER	WebSocket Scenario	END	1699596754440
USER	WebSocket Scenario	END	1699596755426
USER	WebSocket Scenario	END	1699596755441
USER	WebSocket Scenario	END	1699596755456
USER	WebSocket Scenario	END	1699596755457
USER	WebSocket Scenario	END	1699596755767
USER	WebSocket Scenario	END	1699596755798
USER	WebSocket Scenario	END	1699596755814
USER	WebSocket Scenario	END	1699596755845
USER	WebSocket Scenario	END	1699596755860
USER	WebSocket Scenario	END	1699596755876
USER	WebSocket Scenario	END	1699596755984
USER	WebSocket Scenario	END	1699596756015
USER	WebSocket Scenario	END	1699596756015
USER	WebSocket Scenario	END	1699596756031
USER	WebSocket Scenario	END	1699596756047
USER	WebSocket Scenario	END	1699596756062
USER	WebSocket Scenario	END	1699596756077
USER	WebSocket Scenario	END	1699596756077
USER	WebSocket Scenario	END	1699596756456
USER	WebSocket Scenario	END	1699596756489
USER	WebSocket Scenario	END	1699596756489
USER	WebSocket Scenario	END	1699596756503
USER	WebSocket Scenario	END	1699596756519
USER	WebSocket Scenario	END	1699596756519
USER	WebSocket Scenario	END	1699596756534
USER	WebSocket Scenario	END	1699596756549
USER	WebSocket Scenario	END	1699596756564
USER	WebSocket Scenario	END	1699596756564
USER	WebSocket Scenario	END	1699596756580
USER	WebSocket Scenario	END	1699596756595
USER	WebSocket Scenario	END	1699596756595
USER	WebSocket Scenario	END	1699596756595
USER	WebSocket Scenario	END	1699596756611
USER	WebSocket Scenario	END	1699596756611
USER	WebSocket Scenario	END	1699596756626
USER	WebSocket Scenario	END	1699596756626
USER	WebSocket Scenario	END	1699596756626
USER	WebSocket Scenario	END	1699596756642
USER	WebSocket Scenario	END	1699596756642
USER	WebSocket Scenario	END	1699596756642
USER	WebSocket Scenario	END	1699596756657
USER	WebSocket Scenario	END	1699596756657
USER	WebSocket Scenario	END	1699596756673
USER	WebSocket Scenario	END	1699596756673
USER	WebSocket Scenario	END	1699596756685
USER	WebSocket Scenario	END	1699596756685
USER	WebSocket Scenario	END	1699596756701
USER	WebSocket Scenario	END	1699596756717
USER	WebSocket Scenario	END	1699596756717
USER	WebSocket Scenario	END	1699596756764
USER	WebSocket Scenario	END	1699596756809
USER	WebSocket Scenario	END	1699596756825
USER	WebSocket Scenario	END	1699596756885
USER	WebSocket Scenario	END	1699596757085
USER	WebSocket Scenario	END	1699596757116
USER	WebSocket Scenario	END	1699596757382
USER	WebSocket Scenario	END	1699596757444
USER	WebSocket Scenario	END	1699596757507
USER	WebSocket Scenario	END	1699596757570
USER	WebSocket Scenario	END	1699596757585
USER	WebSocket Scenario	END	1699596757600
USER	WebSocket Scenario	END	1699596757616
USER	WebSocket Scenario	END	1699596757663
USER	WebSocket Scenario	END	1699596757663
USER	WebSocket Scenario	END	1699596757679
USER	WebSocket Scenario	END	1699596757685
USER	WebSocket Scenario	END	1699596757685
USER	WebSocket Scenario	END	1699596757701
USER	WebSocket Scenario	END	1699596757716
USER	WebSocket Scenario	END	1699596757717
USER	WebSocket Scenario	END	1699596757732
USER	WebSocket Scenario	END	1699596757732
USER	WebSocket Scenario	END	1699596757732
USER	WebSocket Scenario	END	1699596757747
USER	WebSocket Scenario	END	1699596757763
USER	WebSocket Scenario	END	1699596757763
USER	WebSocket Scenario	END	1699596757778
USER	WebSocket Scenario	END	1699596757779
USER	WebSocket Scenario	END	1699596757794
USER	WebSocket Scenario	END	1699596757794
USER	WebSocket Scenario	END	1699596757794
USER	WebSocket Scenario	END	1699596757809
USER	WebSocket Scenario	END	1699596757824
USER	WebSocket Scenario	END	1699596757824
USER	WebSocket Scenario	END	1699596757839
USER	WebSocket Scenario	END	1699596757840
USER	WebSocket Scenario	END	1699596757840
USER	WebSocket Scenario	END	1699596757855
USER	WebSocket Scenario	END	1699596757855
USER	WebSocket Scenario	END	1699596757855
USER	WebSocket Scenario	END	1699596757871
USER	WebSocket Scenario	END	1699596757886
USER	WebSocket Scenario	END	1699596757901
USER	WebSocket Scenario	END	1699596757901
USER	WebSocket Scenario	END	1699596757917
USER	WebSocket Scenario	END	1699596757917
USER	WebSocket Scenario	END	1699596757932
USER	WebSocket Scenario	END	1699596757947
USER	WebSocket Scenario	END	1699596757948
USER	WebSocket Scenario	END	1699596757948
USER	WebSocket Scenario	END	1699596757993
USER	WebSocket Scenario	END	1699596758829
USER	WebSocket Scenario	END	1699596758829
USER	WebSocket Scenario	END	1699596758844
USER	WebSocket Scenario	END	1699596758844
USER	WebSocket Scenario	END	1699596758860
USER	WebSocket Scenario	END	1699596759236
USER	WebSocket Scenario	END	1699596759679
USER	WebSocket Scenario	END	1699596760552
USER	WebSocket Scenario	END	1699596760552
USER	WebSocket Scenario	END	1699596760552
USER	WebSocket Scenario	END	1699596760552
USER	WebSocket Scenario	END	1699596760552
USER	WebSocket Scenario	END	1699596760552
USER	WebSocket Scenario	END	1699596760552
USER	WebSocket Scenario	END	1699596760552
USER	WebSocket Scenario	END	1699596760568
USER	WebSocket Scenario	END	1699596760588
USER	WebSocket Scenario	END	1699596760588
USER	WebSocket Scenario	END	1699596760614
USER	WebSocket Scenario	END	1699596760614
USER	WebSocket Scenario	END	1699596760614
USER	WebSocket Scenario	END	1699596760614
USER	WebSocket Scenario	END	1699596760614
USER	WebSocket Scenario	END	1699596760645
USER	WebSocket Scenario	END	1699596760646
USER	WebSocket Scenario	END	1699596760646
USER	WebSocket Scenario	END	1699596760646
USER	WebSocket Scenario	END	1699596760661
USER	WebSocket Scenario	END	1699596760661
USER	WebSocket Scenario	END	1699596760677
USER	WebSocket Scenario	END	1699596760677
USER	WebSocket Scenario	END	1699596760677
USER	WebSocket Scenario	END	1699596760677
USER	WebSocket Scenario	END	1699596760692
USER	WebSocket Scenario	END	1699596760692
